[ 2017-04-15T08:49:45+08:00 ] ::1 /wenda/admin.php/Type/getdata
INFO: [ app_begin ] --START--
INFO: Run Behavior\ReadHtmlCacheBehavior [ RunTime:0.001001s ]
INFO: [ app_begin ] --END-- [ RunTime:0.001001s ]
SQL: SHOW COLUMNS FROM `wenda_type` [ RunTime:0.0020s ]
SQL: SELECT * FROM `wenda_type` WHERE ( tid = 12 ) LIMIT 1   [ RunTime:0.0000s ]
INFO: [ app_end ] --START--
INFO: Run Behavior\ShowPageTraceBehavior [ RunTime:0.001000s ]
INFO: [ app_end ] --END-- [ RunTime:0.002000s ]

[ 2017-04-15T08:49:47+08:00 ] ::1 /wenda/admin.php/Type/getdata
INFO: [ app_begin ] --START--
INFO: Run Behavior\ReadHtmlCacheBehavior [ RunTime:0.001000s ]
INFO: [ app_begin ] --END-- [ RunTime:0.001000s ]
SQL: SHOW COLUMNS FROM `wenda_type` [ RunTime:0.0010s ]
SQL: SELECT * FROM `wenda_type` WHERE ( tid = 12 ) LIMIT 1   [ RunTime:0.0000s ]
INFO: [ app_end ] --START--
INFO: Run Behavior\ShowPageTraceBehavior [ RunTime:0.001001s ]
INFO: [ app_end ] --END-- [ RunTime:0.001001s ]

[ 2017-04-15T09:46:23+08:00 ] ::1 /wenda/admin.php/Announce/updatestate?aid=17
INFO: [ app_begin ] --START--
INFO: Run Behavior\ReadHtmlCacheBehavior [ RunTime:0.001000s ]
INFO: [ app_begin ] --END-- [ RunTime:0.002000s ]
SQL: SHOW COLUMNS FROM `wenda_announce` [ RunTime:0.0010s ]
SQL: SELECT `state` FROM `wenda_announce` WHERE ( aid=17 ) LIMIT 1   [ RunTime:0.0000s ]
SQL: UPDATE `wenda_announce` SET `state`='1' WHERE ( aid=17 ) [ RunTime:0.0000s ]
SQL: SELECT `state` FROM `wenda_announce` WHERE ( aid=17 ) LIMIT 1   [ RunTime:0.0000s ]
NOTIC: [2] Illegal string offset 'state' D:\wamp64\www\wenda\Application\Admin\Controller\AnnounceController.class.php 第 58 行.

[ 2017-04-15T09:46:27+08:00 ] ::1 /wenda/admin.php/Announce/updatestate?aid=17
INFO: [ app_begin ] --START--
INFO: Run Behavior\ReadHtmlCacheBehavior [ RunTime:0.000000s ]
INFO: [ app_begin ] --END-- [ RunTime:0.002000s ]
SQL: SHOW COLUMNS FROM `wenda_announce` [ RunTime:0.0010s ]
SQL: SELECT `state` FROM `wenda_announce` WHERE ( aid=17 ) LIMIT 1   [ RunTime:0.0010s ]
SQL: UPDATE `wenda_announce` SET `state`='0' WHERE ( aid=17 ) [ RunTime:0.0000s ]
SQL: SELECT `state` FROM `wenda_announce` WHERE ( aid=17 ) LIMIT 1   [ RunTime:0.0010s ]
NOTIC: [2] Illegal string offset 'state' D:\wamp64\www\wenda\Application\Admin\Controller\AnnounceController.class.php 第 43 行.

[ 2017-04-15T09:46:32+08:00 ] ::1 /wenda/admin.php/Announce/updatestate?aid=17
INFO: [ app_begin ] --START--
INFO: Run Behavior\ReadHtmlCacheBehavior [ RunTime:0.001000s ]
INFO: [ app_begin ] --END-- [ RunTime:0.002000s ]
SQL: SHOW COLUMNS FROM `wenda_announce` [ RunTime:0.0010s ]
SQL: SELECT `state` FROM `wenda_announce` WHERE ( aid=17 ) LIMIT 1   [ RunTime:0.0000s ]
SQL: UPDATE `wenda_announce` SET `state`='1' WHERE ( aid=17 ) [ RunTime:0.0000s ]
SQL: SELECT `state` FROM `wenda_announce` WHERE ( aid=17 ) LIMIT 1   [ RunTime:0.0000s ]
NOTIC: [2] Illegal string offset 'state' D:\wamp64\www\wenda\Application\Admin\Controller\AnnounceController.class.php 第 58 行.

[ 2017-04-15T09:48:49+08:00 ] ::1 /wenda/admin.php/Announce/updatestate?aid=17
INFO: [ app_begin ] --START--
INFO: Run Behavior\ReadHtmlCacheBehavior [ RunTime:0.001000s ]
INFO: [ app_begin ] --END-- [ RunTime:0.002000s ]
SQL: SHOW COLUMNS FROM `wenda_announce` [ RunTime:0.0000s ]
SQL: SELECT `state` FROM `wenda_announce` WHERE ( aid=17 ) LIMIT 1   [ RunTime:0.0000s ]
SQL: UPDATE `wenda_announce` SET `state`='0' WHERE ( aid=17 ) [ RunTime:0.0000s ]
SQL: SELECT `state` FROM `wenda_announce` WHERE ( aid=17 ) LIMIT 1   [ RunTime:0.0000s ]
NOTIC: [2] Illegal string offset 'state' D:\wamp64\www\wenda\Application\Admin\Controller\AnnounceController.class.php 第 43 行.

[ 2017-04-15T10:00:20+08:00 ] ::1 /wenda/admin.php/Announce/updatestate?aid=17
INFO: [ app_begin ] --START--
INFO: Run Behavior\ReadHtmlCacheBehavior [ RunTime:0.001000s ]
INFO: [ app_begin ] --END-- [ RunTime:0.001000s ]
SQL: SHOW COLUMNS FROM `wenda_announce` [ RunTime:0.0010s ]
SQL: SELECT `state` FROM `wenda_announce` WHERE ( aid=17 ) LIMIT 1   [ RunTime:0.0000s ]
SQL: UPDATE `wenda_announce` SET `state`='1' WHERE ( aid=17 ) [ RunTime:0.0010s ]
SQL: SELECT `state` FROM `wenda_announce` WHERE ( aid=17 ) LIMIT 1   [ RunTime:0.0010s ]
NOTIC: [2] Illegal string offset 'state' D:\wamp64\www\wenda\Application\Admin\Controller\AnnounceController.class.php 第 58 行.

[ 2017-04-15T10:00:30+08:00 ] ::1 /wenda/admin.php/Announce/updatestate?aid=17
INFO: [ app_begin ] --START--
INFO: Run Behavior\ReadHtmlCacheBehavior [ RunTime:0.001000s ]
INFO: [ app_begin ] --END-- [ RunTime:0.001000s ]
SQL: SHOW COLUMNS FROM `wenda_announce` [ RunTime:0.0020s ]
SQL: SELECT `state` FROM `wenda_announce` WHERE ( aid=17 ) LIMIT 1   [ RunTime:0.0010s ]
SQL: UPDATE `wenda_announce` SET `state`='0' WHERE ( aid=17 ) [ RunTime:0.0000s ]
SQL: SELECT `state` FROM `wenda_announce` WHERE ( aid=17 ) LIMIT 1   [ RunTime:0.0010s ]
NOTIC: [2] Illegal string offset 'state' D:\wamp64\www\wenda\Application\Admin\Controller\AnnounceController.class.php 第 43 行.

[ 2017-04-15T10:00:40+08:00 ] ::1 /wenda/admin.php/Announce/updatestate?aid=17
INFO: [ app_begin ] --START--
INFO: Run Behavior\ReadHtmlCacheBehavior [ RunTime:0.001001s ]
INFO: [ app_begin ] --END-- [ RunTime:0.002001s ]
SQL: SHOW COLUMNS FROM `wenda_announce` [ RunTime:0.0010s ]
SQL: SELECT `state` FROM `wenda_announce` WHERE ( aid=17 ) LIMIT 1   [ RunTime:0.0000s ]
SQL: UPDATE `wenda_announce` SET `state`='1' WHERE ( aid=17 ) [ RunTime:0.0000s ]
SQL: SELECT `state` FROM `wenda_announce` WHERE ( aid=17 ) LIMIT 1   [ RunTime:0.0010s ]
NOTIC: [2] Illegal string offset 'state' D:\wamp64\www\wenda\Application\Admin\Controller\AnnounceController.class.php 第 58 行.

[ 2017-04-15T10:00:45+08:00 ] ::1 /wenda/admin.php/Announce/updatestate?aid=17
INFO: [ app_begin ] --START--
INFO: Run Behavior\ReadHtmlCacheBehavior [ RunTime:0.000000s ]
INFO: [ app_begin ] --END-- [ RunTime:0.002000s ]
SQL: SHOW COLUMNS FROM `wenda_announce` [ RunTime:0.0020s ]
SQL: SELECT `state` FROM `wenda_announce` WHERE ( aid=17 ) LIMIT 1   [ RunTime:0.0000s ]
SQL: UPDATE `wenda_announce` SET `state`='0' WHERE ( aid=17 ) [ RunTime:0.0000s ]
SQL: SELECT `state` FROM `wenda_announce` WHERE ( aid=17 ) LIMIT 1   [ RunTime:0.0000s ]
NOTIC: [2] Illegal string offset 'state' D:\wamp64\www\wenda\Application\Admin\Controller\AnnounceController.class.php 第 43 行.

[ 2017-04-15T10:01:24+08:00 ] ::1 /wenda/admin.php/Announce/updatestate?aid=17
INFO: [ app_begin ] --START--
INFO: Run Behavior\ReadHtmlCacheBehavior [ RunTime:0.001000s ]
INFO: [ app_begin ] --END-- [ RunTime:0.002000s ]
SQL: SHOW COLUMNS FROM `wenda_announce` [ RunTime:0.0010s ]
SQL: SELECT `state` FROM `wenda_announce` WHERE ( aid=17 ) LIMIT 1   [ RunTime:0.0010s ]
SQL: UPDATE `wenda_announce` SET `state`='1' WHERE ( aid=17 ) [ RunTime:0.0010s ]
SQL: SELECT `state` FROM `wenda_announce` WHERE ( aid=17 ) LIMIT 1   [ RunTime:0.0010s ]
NOTIC: [2] Illegal string offset 'state' D:\wamp64\www\wenda\Application\Admin\Controller\AnnounceController.class.php 第 58 行.

[ 2017-04-15T10:01:28+08:00 ] ::1 /wenda/admin.php/Announce/updatestate?aid=17
INFO: [ app_begin ] --START--
INFO: Run Behavior\ReadHtmlCacheBehavior [ RunTime:0.001000s ]
INFO: [ app_begin ] --END-- [ RunTime:0.001000s ]
SQL: SHOW COLUMNS FROM `wenda_announce` [ RunTime:0.0020s ]
SQL: SELECT `state` FROM `wenda_announce` WHERE ( aid=17 ) LIMIT 1   [ RunTime:0.0010s ]
SQL: UPDATE `wenda_announce` SET `state`='0' WHERE ( aid=17 ) [ RunTime:0.0010s ]
SQL: SELECT `state` FROM `wenda_announce` WHERE ( aid=17 ) LIMIT 1   [ RunTime:0.0010s ]
NOTIC: [2] Illegal string offset 'state' D:\wamp64\www\wenda\Application\Admin\Controller\AnnounceController.class.php 第 43 行.

[ 2017-04-15T10:01:51+08:00 ] ::1 /wenda/admin.php/Announce/updatestate?aid=17
INFO: [ app_begin ] --START--
INFO: Run Behavior\ReadHtmlCacheBehavior [ RunTime:0.001000s ]
INFO: [ app_begin ] --END-- [ RunTime:0.002000s ]
SQL: SHOW COLUMNS FROM `wenda_announce` [ RunTime:0.0010s ]
SQL: SELECT `state` FROM `wenda_announce` WHERE ( aid=17 ) LIMIT 1   [ RunTime:0.0010s ]
SQL: UPDATE `wenda_announce` SET `state`='1' WHERE ( aid=17 ) [ RunTime:0.0010s ]
SQL: SELECT `state` FROM `wenda_announce` WHERE ( aid=17 ) LIMIT 1   [ RunTime:0.0000s ]
NOTIC: [2] Illegal string offset 'state' D:\wamp64\www\wenda\Application\Admin\Controller\AnnounceController.class.php 第 58 行.

[ 2017-04-15T10:01:57+08:00 ] ::1 /wenda/admin.php/Announce/updatestate?aid=17
INFO: [ app_begin ] --START--
INFO: Run Behavior\ReadHtmlCacheBehavior [ RunTime:0.001000s ]
INFO: [ app_begin ] --END-- [ RunTime:0.001000s ]
SQL: SHOW COLUMNS FROM `wenda_announce` [ RunTime:0.0010s ]
SQL: SELECT `state` FROM `wenda_announce` WHERE ( aid=17 ) LIMIT 1   [ RunTime:0.0010s ]
SQL: UPDATE `wenda_announce` SET `state`='0' WHERE ( aid=17 ) [ RunTime:0.0010s ]
SQL: SELECT `state` FROM `wenda_announce` WHERE ( aid=17 ) LIMIT 1   [ RunTime:0.0010s ]
NOTIC: [2] Illegal string offset 'state' D:\wamp64\www\wenda\Application\Admin\Controller\AnnounceController.class.php 第 43 行.

[ 2017-04-15T10:01:59+08:00 ] ::1 /wenda/admin.php/Announce/updatestate?aid=17
INFO: [ app_begin ] --START--
INFO: Run Behavior\ReadHtmlCacheBehavior [ RunTime:0.000000s ]
INFO: [ app_begin ] --END-- [ RunTime:0.001000s ]
SQL: SHOW COLUMNS FROM `wenda_announce` [ RunTime:0.0010s ]
SQL: SELECT `state` FROM `wenda_announce` WHERE ( aid=17 ) LIMIT 1   [ RunTime:0.0010s ]
SQL: UPDATE `wenda_announce` SET `state`='1' WHERE ( aid=17 ) [ RunTime:0.0010s ]
SQL: SELECT `state` FROM `wenda_announce` WHERE ( aid=17 ) LIMIT 1   [ RunTime:0.0010s ]
NOTIC: [2] Illegal string offset 'state' D:\wamp64\www\wenda\Application\Admin\Controller\AnnounceController.class.php 第 58 行.

[ 2017-04-15T10:02:02+08:00 ] ::1 /wenda/admin.php/Announce/updatestate?aid=17
INFO: [ app_begin ] --START--
INFO: Run Behavior\ReadHtmlCacheBehavior [ RunTime:0.001000s ]
INFO: [ app_begin ] --END-- [ RunTime:0.002000s ]
SQL: SHOW COLUMNS FROM `wenda_announce` [ RunTime:0.0010s ]
SQL: SELECT `state` FROM `wenda_announce` WHERE ( aid=17 ) LIMIT 1   [ RunTime:0.0000s ]
SQL: UPDATE `wenda_announce` SET `state`='0' WHERE ( aid=17 ) [ RunTime:0.0000s ]
SQL: SELECT `state` FROM `wenda_announce` WHERE ( aid=17 ) LIMIT 1   [ RunTime:0.0010s ]
NOTIC: [2] Illegal string offset 'state' D:\wamp64\www\wenda\Application\Admin\Controller\AnnounceController.class.php 第 43 行.

[ 2017-04-15T10:02:04+08:00 ] ::1 /wenda/admin.php/Announce/updatestate?aid=17
INFO: [ app_begin ] --START--
INFO: Run Behavior\ReadHtmlCacheBehavior [ RunTime:0.001000s ]
INFO: [ app_begin ] --END-- [ RunTime:0.002000s ]
SQL: SHOW COLUMNS FROM `wenda_announce` [ RunTime:0.0010s ]
SQL: SELECT `state` FROM `wenda_announce` WHERE ( aid=17 ) LIMIT 1   [ RunTime:0.0010s ]
SQL: UPDATE `wenda_announce` SET `state`='1' WHERE ( aid=17 ) [ RunTime:0.0010s ]
SQL: SELECT `state` FROM `wenda_announce` WHERE ( aid=17 ) LIMIT 1   [ RunTime:0.0010s ]
NOTIC: [2] Illegal string offset 'state' D:\wamp64\www\wenda\Application\Admin\Controller\AnnounceController.class.php 第 58 行.

[ 2017-04-15T10:28:44+08:00 ] ::1 /wenda/admin.php/Announce/updatestate?aid=17
INFO: [ app_begin ] --START--
INFO: Run Behavior\ReadHtmlCacheBehavior [ RunTime:0.000000s ]
INFO: [ app_begin ] --END-- [ RunTime:0.001000s ]
SQL: SHOW COLUMNS FROM `wenda_announce` [ RunTime:0.0010s ]
SQL: SELECT `state` FROM `wenda_announce` WHERE ( aid=17 ) LIMIT 1   [ RunTime:0.0000s ]
SQL: UPDATE `wenda_announce` SET `state`='1' WHERE ( aid=17 ) [ RunTime:0.0000s ]
SQL: SELECT `state` FROM `wenda_announce` WHERE ( aid=17 ) LIMIT 1   [ RunTime:0.0000s ]
NOTIC: [2] Illegal string offset 'state' D:\wamp64\www\wenda\Application\Admin\Controller\AnnounceController.class.php 第 43 行.

[ 2017-04-15T10:28:49+08:00 ] ::1 /wenda/admin.php/Announce/updatestate?aid=17
INFO: [ app_begin ] --START--
INFO: Run Behavior\ReadHtmlCacheBehavior [ RunTime:0.001000s ]
INFO: [ app_begin ] --END-- [ RunTime:0.002000s ]
SQL: SHOW COLUMNS FROM `wenda_announce` [ RunTime:0.0020s ]
SQL: SELECT `state` FROM `wenda_announce` WHERE ( aid=17 ) LIMIT 1   [ RunTime:0.0010s ]
SQL: UPDATE `wenda_announce` SET `state`='0' WHERE ( aid=17 ) [ RunTime:0.0000s ]
SQL: SELECT `state` FROM `wenda_announce` WHERE ( aid=17 ) LIMIT 1   [ RunTime:0.0000s ]
NOTIC: [2] Illegal string offset 'state' D:\wamp64\www\wenda\Application\Admin\Controller\AnnounceController.class.php 第 56 行.

[ 2017-04-15T10:28:51+08:00 ] ::1 /wenda/admin.php/Announce/updatestate?aid=17
INFO: [ app_begin ] --START--
INFO: Run Behavior\ReadHtmlCacheBehavior [ RunTime:0.001000s ]
INFO: [ app_begin ] --END-- [ RunTime:0.002000s ]
SQL: SHOW COLUMNS FROM `wenda_announce` [ RunTime:0.0010s ]
SQL: SELECT `state` FROM `wenda_announce` WHERE ( aid=17 ) LIMIT 1   [ RunTime:0.0000s ]
SQL: UPDATE `wenda_announce` SET `state`='1' WHERE ( aid=17 ) [ RunTime:0.0000s ]
SQL: SELECT `state` FROM `wenda_announce` WHERE ( aid=17 ) LIMIT 1   [ RunTime:0.0000s ]
NOTIC: [2] Illegal string offset 'state' D:\wamp64\www\wenda\Application\Admin\Controller\AnnounceController.class.php 第 43 行.

[ 2017-04-15T10:28:53+08:00 ] ::1 /wenda/admin.php/Announce/updatestate?aid=17
INFO: [ app_begin ] --START--
INFO: Run Behavior\ReadHtmlCacheBehavior [ RunTime:0.001000s ]
INFO: [ app_begin ] --END-- [ RunTime:0.002000s ]
SQL: SHOW COLUMNS FROM `wenda_announce` [ RunTime:0.0010s ]
SQL: SELECT `state` FROM `wenda_announce` WHERE ( aid=17 ) LIMIT 1   [ RunTime:0.0000s ]
SQL: UPDATE `wenda_announce` SET `state`='0' WHERE ( aid=17 ) [ RunTime:0.0010s ]
SQL: SELECT `state` FROM `wenda_announce` WHERE ( aid=17 ) LIMIT 1   [ RunTime:0.0000s ]
NOTIC: [2] Illegal string offset 'state' D:\wamp64\www\wenda\Application\Admin\Controller\AnnounceController.class.php 第 56 行.

[ 2017-04-15T10:28:55+08:00 ] ::1 /wenda/admin.php/Announce/updatestate?aid=17
INFO: [ app_begin ] --START--
INFO: Run Behavior\ReadHtmlCacheBehavior [ RunTime:0.001000s ]
INFO: [ app_begin ] --END-- [ RunTime:0.002000s ]
SQL: SHOW COLUMNS FROM `wenda_announce` [ RunTime:0.0010s ]
SQL: SELECT `state` FROM `wenda_announce` WHERE ( aid=17 ) LIMIT 1   [ RunTime:0.0010s ]
SQL: UPDATE `wenda_announce` SET `state`='1' WHERE ( aid=17 ) [ RunTime:0.0010s ]
SQL: SELECT `state` FROM `wenda_announce` WHERE ( aid=17 ) LIMIT 1   [ RunTime:0.0000s ]
NOTIC: [2] Illegal string offset 'state' D:\wamp64\www\wenda\Application\Admin\Controller\AnnounceController.class.php 第 43 行.

[ 2017-04-15T10:28:56+08:00 ] ::1 /wenda/admin.php/Announce/updatestate?aid=17
INFO: [ app_begin ] --START--
INFO: Run Behavior\ReadHtmlCacheBehavior [ RunTime:0.000000s ]
INFO: [ app_begin ] --END-- [ RunTime:0.001000s ]
SQL: SHOW COLUMNS FROM `wenda_announce` [ RunTime:0.0000s ]
SQL: SELECT `state` FROM `wenda_announce` WHERE ( aid=17 ) LIMIT 1   [ RunTime:0.0010s ]
SQL: UPDATE `wenda_announce` SET `state`='0' WHERE ( aid=17 ) [ RunTime:0.0000s ]
SQL: SELECT `state` FROM `wenda_announce` WHERE ( aid=17 ) LIMIT 1   [ RunTime:0.0000s ]
NOTIC: [2] Illegal string offset 'state' D:\wamp64\www\wenda\Application\Admin\Controller\AnnounceController.class.php 第 56 行.

[ 2017-04-15T10:28:58+08:00 ] ::1 /wenda/admin.php/Announce/updatestate?aid=17
INFO: [ app_begin ] --START--
INFO: Run Behavior\ReadHtmlCacheBehavior [ RunTime:0.000000s ]
INFO: [ app_begin ] --END-- [ RunTime:0.001000s ]
SQL: SHOW COLUMNS FROM `wenda_announce` [ RunTime:0.0010s ]
SQL: SELECT `state` FROM `wenda_announce` WHERE ( aid=17 ) LIMIT 1   [ RunTime:0.0000s ]
SQL: UPDATE `wenda_announce` SET `state`='1' WHERE ( aid=17 ) [ RunTime:0.0000s ]
SQL: SELECT `state` FROM `wenda_announce` WHERE ( aid=17 ) LIMIT 1   [ RunTime:0.0000s ]
NOTIC: [2] Illegal string offset 'state' D:\wamp64\www\wenda\Application\Admin\Controller\AnnounceController.class.php 第 43 行.

[ 2017-04-15T10:31:17+08:00 ] ::1 /wenda/admin.php/Announce/updatestate?aid=17
INFO: [ app_begin ] --START--
INFO: Run Behavior\ReadHtmlCacheBehavior [ RunTime:0.001000s ]
INFO: [ app_begin ] --END-- [ RunTime:0.002001s ]
SQL: SHOW COLUMNS FROM `wenda_announce` [ RunTime:0.0010s ]
SQL: SELECT `state` FROM `wenda_announce` WHERE ( aid=17 ) LIMIT 1   [ RunTime:0.0000s ]
SQL: UPDATE `wenda_announce` SET `state`='0' WHERE ( aid=17 ) [ RunTime:0.0000s ]
SQL: SELECT `state` FROM `wenda_announce` WHERE ( aid=17 ) LIMIT 1   [ RunTime:0.0000s ]
NOTIC: [2] Illegal string offset 'state' D:\wamp64\www\wenda\Application\Admin\Controller\AnnounceController.class.php 第 58 行.

[ 2017-04-15T10:32:33+08:00 ] ::1 /wenda/admin.php/Announce/updatestate?aid=13
INFO: [ app_begin ] --START--
INFO: Run Behavior\ReadHtmlCacheBehavior [ RunTime:0.001000s ]
INFO: [ app_begin ] --END-- [ RunTime:0.002000s ]
SQL: SHOW COLUMNS FROM `wenda_announce` [ RunTime:0.0000s ]
SQL: SELECT `state` FROM `wenda_announce` WHERE ( aid=13 ) LIMIT 1   [ RunTime:0.0010s ]
SQL: UPDATE `wenda_announce` SET `state`='0' WHERE ( aid=13 ) [ RunTime:0.0000s ]
SQL: SELECT `state` FROM `wenda_announce` WHERE ( aid=13 ) LIMIT 1   [ RunTime:0.0000s ]
NOTIC: [2] Illegal string offset 'state' D:\wamp64\www\wenda\Application\Admin\Controller\AnnounceController.class.php 第 58 行.

[ 2017-04-15T10:32:36+08:00 ] ::1 /wenda/admin.php/Announce/updatestate?aid=13
INFO: [ app_begin ] --START--
INFO: Run Behavior\ReadHtmlCacheBehavior [ RunTime:0.001000s ]
INFO: [ app_begin ] --END-- [ RunTime:0.002000s ]
SQL: SHOW COLUMNS FROM `wenda_announce` [ RunTime:0.0010s ]
SQL: SELECT `state` FROM `wenda_announce` WHERE ( aid=13 ) LIMIT 1   [ RunTime:0.0000s ]
SQL: UPDATE `wenda_announce` SET `state`='1' WHERE ( aid=13 ) [ RunTime:0.0000s ]
SQL: SELECT `state` FROM `wenda_announce` WHERE ( aid=13 ) LIMIT 1   [ RunTime:0.0000s ]
NOTIC: [2] Illegal string offset 'state' D:\wamp64\www\wenda\Application\Admin\Controller\AnnounceController.class.php 第 45 行.

[ 2017-04-15T10:32:38+08:00 ] ::1 /wenda/admin.php/Announce/updatestate?aid=13
INFO: [ app_begin ] --START--
INFO: Run Behavior\ReadHtmlCacheBehavior [ RunTime:0.001000s ]
INFO: [ app_begin ] --END-- [ RunTime:0.001000s ]
SQL: SHOW COLUMNS FROM `wenda_announce` [ RunTime:0.0000s ]
SQL: SELECT `state` FROM `wenda_announce` WHERE ( aid=13 ) LIMIT 1   [ RunTime:0.0010s ]
SQL: UPDATE `wenda_announce` SET `state`='0' WHERE ( aid=13 ) [ RunTime:0.0020s ]
SQL: SELECT `state` FROM `wenda_announce` WHERE ( aid=13 ) LIMIT 1   [ RunTime:0.0000s ]
NOTIC: [2] Illegal string offset 'state' D:\wamp64\www\wenda\Application\Admin\Controller\AnnounceController.class.php 第 58 行.

[ 2017-04-15T10:34:41+08:00 ] ::1 /wenda/admin.php/Users/reset?uid=15
INFO: [ app_begin ] --START--
INFO: Run Behavior\ReadHtmlCacheBehavior [ RunTime:0.002000s ]
INFO: [ app_begin ] --END-- [ RunTime:0.003000s ]
SQL: SHOW COLUMNS FROM `wenda_users` [ RunTime:0.0030s ]
SQL: UPDATE `wenda_users` SET `pwd`='e10adc3949ba59abbe56e057f20f883e' WHERE ( uid=15 ) [ RunTime:0.1050s ]

[ 2017-04-15T10:34:56+08:00 ] ::1 /wenda/admin.php/Type/getdata
INFO: [ app_begin ] --START--
INFO: Run Behavior\ReadHtmlCacheBehavior [ RunTime:0.000000s ]
INFO: [ app_begin ] --END-- [ RunTime:0.002000s ]
SQL: SHOW COLUMNS FROM `wenda_type` [ RunTime:0.0010s ]
SQL: SELECT * FROM `wenda_type` WHERE ( tid = 12 ) LIMIT 1   [ RunTime:0.0010s ]
INFO: [ app_end ] --START--
INFO: Run Behavior\ShowPageTraceBehavior [ RunTime:0.001000s ]
INFO: [ app_end ] --END-- [ RunTime:0.001000s ]

[ 2017-04-15T10:34:57+08:00 ] ::1 /wenda/admin.php/Type/getdata
INFO: [ app_begin ] --START--
INFO: Run Behavior\ReadHtmlCacheBehavior [ RunTime:0.001000s ]
INFO: [ app_begin ] --END-- [ RunTime:0.002000s ]
SQL: SHOW COLUMNS FROM `wenda_type` [ RunTime:0.0020s ]
SQL: SELECT * FROM `wenda_type` WHERE ( tid = 12 ) LIMIT 1   [ RunTime:0.0000s ]
INFO: [ app_end ] --START--
INFO: Run Behavior\ShowPageTraceBehavior [ RunTime:0.001001s ]
INFO: [ app_end ] --END-- [ RunTime:0.001001s ]

[ 2017-04-15T10:34:58+08:00 ] ::1 /wenda/admin.php/Type/getdata
INFO: [ app_begin ] --START--
INFO: Run Behavior\ReadHtmlCacheBehavior [ RunTime:0.000000s ]
INFO: [ app_begin ] --END-- [ RunTime:0.001000s ]
SQL: SHOW COLUMNS FROM `wenda_type` [ RunTime:0.0020s ]
SQL: SELECT * FROM `wenda_type` WHERE ( tid = 12 ) LIMIT 1   [ RunTime:0.0010s ]
INFO: [ app_end ] --START--
INFO: Run Behavior\ShowPageTraceBehavior [ RunTime:0.001000s ]
INFO: [ app_end ] --END-- [ RunTime:0.001000s ]

[ 2017-04-15T10:34:59+08:00 ] ::1 /wenda/admin.php/Type/getdata
INFO: [ app_begin ] --START--
INFO: Run Behavior\ReadHtmlCacheBehavior [ RunTime:0.000000s ]
INFO: [ app_begin ] --END-- [ RunTime:0.001000s ]
SQL: SHOW COLUMNS FROM `wenda_type` [ RunTime:0.0020s ]
SQL: SELECT * FROM `wenda_type` WHERE ( tid = 12 ) LIMIT 1   [ RunTime:0.0010s ]
INFO: [ app_end ] --START--
INFO: Run Behavior\ShowPageTraceBehavior [ RunTime:0.001000s ]
INFO: [ app_end ] --END-- [ RunTime:0.001000s ]

[ 2017-04-15T10:34:59+08:00 ] ::1 /wenda/admin.php/Type/getdata
INFO: [ app_begin ] --START--
INFO: Run Behavior\ReadHtmlCacheBehavior [ RunTime:0.001000s ]
INFO: [ app_begin ] --END-- [ RunTime:0.002000s ]
SQL: SHOW COLUMNS FROM `wenda_type` [ RunTime:0.0010s ]
SQL: SELECT * FROM `wenda_type` WHERE ( tid = 12 ) LIMIT 1   [ RunTime:0.0000s ]
INFO: [ app_end ] --START--
INFO: Run Behavior\ShowPageTraceBehavior [ RunTime:0.000000s ]
INFO: [ app_end ] --END-- [ RunTime:0.002000s ]

[ 2017-04-15T10:35:15+08:00 ] ::1 /wenda/admin.php/Type/doingadd
INFO: [ app_begin ] --START--
INFO: Run Behavior\ReadHtmlCacheBehavior [ RunTime:0.002000s ]
INFO: [ app_begin ] --END-- [ RunTime:0.003000s ]
SQL: SHOW COLUMNS FROM `wenda_type` [ RunTime:0.0040s ]
SQL: INSERT INTO `wenda_type` (`typename`,`createtime`) VALUES ('1222312',now()) [ RunTime:0.1200s ]
INFO: [ app_end ] --START--
INFO: Run Behavior\ShowPageTraceBehavior [ RunTime:0.001000s ]
INFO: [ app_end ] --END-- [ RunTime:0.003001s ]

[ 2017-04-15T10:35:24+08:00 ] ::1 /wenda/admin.php/Type/deltype?tid=13
INFO: [ app_begin ] --START--
INFO: Run Behavior\ReadHtmlCacheBehavior [ RunTime:0.000000s ]
INFO: [ app_begin ] --END-- [ RunTime:0.001000s ]
SQL: SHOW COLUMNS FROM `wenda_type` [ RunTime:0.0030s ]
SQL: DELETE FROM `wenda_type` WHERE ( tid = 13 ) [ RunTime:0.0960s ]

[ 2017-04-15T11:34:47+08:00 ] ::1 /wenda/admin.php/Announce/updatestate?aid=17
INFO: [ app_begin ] --START--
INFO: Run Behavior\ReadHtmlCacheBehavior [ RunTime:0.001000s ]
INFO: [ app_begin ] --END-- [ RunTime:0.001000s ]
SQL: SHOW COLUMNS FROM `wenda_announce` [ RunTime:0.0010s ]
SQL: SELECT `state` FROM `wenda_announce` WHERE ( aid=17 ) LIMIT 1   [ RunTime:0.0000s ]
SQL: UPDATE `wenda_announce` SET `state`='1' WHERE ( aid=17 ) [ RunTime:0.0010s ]
SQL: SELECT `state` FROM `wenda_announce` WHERE ( aid=17 ) LIMIT 1   [ RunTime:0.0010s ]
NOTIC: [2] Illegal string offset 'state' D:\wamp64\www\wenda\Application\Admin\Controller\AnnounceController.class.php 第 45 行.

[ 2017-04-15T11:34:49+08:00 ] ::1 /wenda/admin.php/Announce/updatestate?aid=17
INFO: [ app_begin ] --START--
INFO: Run Behavior\ReadHtmlCacheBehavior [ RunTime:0.000000s ]
INFO: [ app_begin ] --END-- [ RunTime:0.001000s ]
SQL: SHOW COLUMNS FROM `wenda_announce` [ RunTime:0.0010s ]
SQL: SELECT `state` FROM `wenda_announce` WHERE ( aid=17 ) LIMIT 1   [ RunTime:0.0000s ]
SQL: UPDATE `wenda_announce` SET `state`='0' WHERE ( aid=17 ) [ RunTime:0.0010s ]
SQL: SELECT `state` FROM `wenda_announce` WHERE ( aid=17 ) LIMIT 1   [ RunTime:0.0000s ]
NOTIC: [2] Illegal string offset 'state' D:\wamp64\www\wenda\Application\Admin\Controller\AnnounceController.class.php 第 58 行.

[ 2017-04-15T11:46:10+08:00 ] ::1 /wenda/admin.php/Users/reset?uid=15
INFO: [ app_begin ] --START--
INFO: Run Behavior\ReadHtmlCacheBehavior [ RunTime:0.001000s ]
INFO: [ app_begin ] --END-- [ RunTime:0.002000s ]
SQL: SHOW COLUMNS FROM `wenda_users` [ RunTime:0.0010s ]
SQL: UPDATE `wenda_users` SET `pwd`='e10adc3949ba59abbe56e057f20f883e' WHERE ( uid=15 ) [ RunTime:0.0930s ]

[ 2017-04-15T11:47:26+08:00 ] ::1 /wenda/admin.php/Users/search
INFO: [ app_begin ] --START--
INFO: Run Behavior\ReadHtmlCacheBehavior [ RunTime:0.001000s ]
INFO: [ app_begin ] --END-- [ RunTime:0.002000s ]
SQL: SHOW COLUMNS FROM `wenda_users` [ RunTime:0.0000s ]
SQL: SELECT * FROM `wenda_users` WHERE ( `username` LIKE '%12%' OR `email` LIKE '%12%' OR `tel` LIKE '%12%' )  [ RunTime:0.0010s ]
INFO: [ app_end ] --START--
INFO: Run Behavior\ShowPageTraceBehavior [ RunTime:0.001000s ]
INFO: [ app_end ] --END-- [ RunTime:0.001000s ]

[ 2017-04-15T11:47:34+08:00 ] ::1 /wenda/admin.php/Users/search
INFO: [ app_begin ] --START--
INFO: Run Behavior\ReadHtmlCacheBehavior [ RunTime:0.000000s ]
INFO: [ app_begin ] --END-- [ RunTime:0.001001s ]
SQL: SHOW COLUMNS FROM `wenda_users` [ RunTime:0.0020s ]
SQL: SELECT * FROM `wenda_users` WHERE ( `username` LIKE '%12%' OR `email` LIKE '%12%' OR `tel` LIKE '%12%' )  [ RunTime:0.0000s ]
INFO: [ app_end ] --START--
INFO: Run Behavior\ShowPageTraceBehavior [ RunTime:0.001000s ]
INFO: [ app_end ] --END-- [ RunTime:0.002000s ]

[ 2017-04-15T11:47:37+08:00 ] ::1 /wenda/admin.php/Users/reset?uid=9
INFO: [ app_begin ] --START--
INFO: Run Behavior\ReadHtmlCacheBehavior [ RunTime:0.001000s ]
INFO: [ app_begin ] --END-- [ RunTime:0.002000s ]
SQL: SHOW COLUMNS FROM `wenda_users` [ RunTime:0.0010s ]
SQL: UPDATE `wenda_users` SET `pwd`='e10adc3949ba59abbe56e057f20f883e' WHERE ( uid=9 ) [ RunTime:0.1120s ]

[ 2017-04-15T11:49:07+08:00 ] ::1 /wenda/admin.php/Type/getdata
INFO: [ app_begin ] --START--
INFO: Run Behavior\ReadHtmlCacheBehavior [ RunTime:0.001000s ]
INFO: [ app_begin ] --END-- [ RunTime:0.002000s ]
SQL: SHOW COLUMNS FROM `wenda_type` [ RunTime:0.0010s ]
SQL: SELECT * FROM `wenda_type` WHERE ( tid = 12 ) LIMIT 1   [ RunTime:0.0010s ]
INFO: [ app_end ] --START--
INFO: Run Behavior\ShowPageTraceBehavior [ RunTime:0.001000s ]
INFO: [ app_end ] --END-- [ RunTime:0.001000s ]

[ 2017-04-15T11:49:13+08:00 ] ::1 /wenda/admin.php/Type/doingedit
INFO: [ app_begin ] --START--
INFO: Run Behavior\ReadHtmlCacheBehavior [ RunTime:0.001000s ]
INFO: [ app_begin ] --END-- [ RunTime:0.001000s ]
SQL: SHOW COLUMNS FROM `wenda_type` [ RunTime:0.0030s ]
SQL: UPDATE `wenda_type` SET `typename`='一元微积分1' WHERE ( tid = 12 ) [ RunTime:0.1090s ]
INFO: [ app_end ] --START--
INFO: Run Behavior\ShowPageTraceBehavior [ RunTime:0.001000s ]
INFO: [ app_end ] --END-- [ RunTime:0.002000s ]

[ 2017-04-15T11:49:15+08:00 ] ::1 /wenda/admin.php/Type/getdata
INFO: [ app_begin ] --START--
INFO: Run Behavior\ReadHtmlCacheBehavior [ RunTime:0.001000s ]
INFO: [ app_begin ] --END-- [ RunTime:0.001000s ]
SQL: SHOW COLUMNS FROM `wenda_type` [ RunTime:0.0010s ]
SQL: SELECT * FROM `wenda_type` WHERE ( tid = 12 ) LIMIT 1   [ RunTime:0.0000s ]
INFO: [ app_end ] --START--
INFO: Run Behavior\ShowPageTraceBehavior [ RunTime:0.001000s ]
INFO: [ app_end ] --END-- [ RunTime:0.001000s ]

[ 2017-04-15T11:49:20+08:00 ] ::1 /wenda/admin.php/Type/doingedit
INFO: [ app_begin ] --START--
INFO: Run Behavior\ReadHtmlCacheBehavior [ RunTime:0.001000s ]
INFO: [ app_begin ] --END-- [ RunTime:0.001000s ]
SQL: SHOW COLUMNS FROM `wenda_type` [ RunTime:0.0010s ]
SQL: UPDATE `wenda_type` SET `typename`='一元微积分' WHERE ( tid = 12 ) [ RunTime:0.0940s ]
INFO: [ app_end ] --START--
INFO: Run Behavior\ShowPageTraceBehavior [ RunTime:0.001000s ]
INFO: [ app_end ] --END-- [ RunTime:0.001000s ]

[ 2017-04-15T11:50:41+08:00 ] ::1 /wenda/admin.php/Announce/updatestate?aid=17
INFO: [ app_begin ] --START--
INFO: Run Behavior\ReadHtmlCacheBehavior [ RunTime:0.001000s ]
INFO: [ app_begin ] --END-- [ RunTime:0.002000s ]
SQL: SHOW COLUMNS FROM `wenda_announce` [ RunTime:0.0010s ]
SQL: SELECT `state` FROM `wenda_announce` WHERE ( aid=17 ) LIMIT 1   [ RunTime:0.0020s ]
SQL: UPDATE `wenda_announce` SET `state`='1' WHERE ( aid=17 ) [ RunTime:0.0010s ]
SQL: SELECT `state` FROM `wenda_announce` WHERE ( aid=17 ) LIMIT 1   [ RunTime:0.0010s ]
NOTIC: [2] Illegal string offset 'state' D:\wamp64\www\wenda\Application\Admin\Controller\AnnounceController.class.php 第 45 行.

[ 2017-04-15T11:50:46+08:00 ] ::1 /wenda/admin.php/Announce/updatestate?aid=17
INFO: [ app_begin ] --START--
INFO: Run Behavior\ReadHtmlCacheBehavior [ RunTime:0.000000s ]
INFO: [ app_begin ] --END-- [ RunTime:0.002001s ]
SQL: SHOW COLUMNS FROM `wenda_announce` [ RunTime:0.0010s ]
SQL: SELECT `state` FROM `wenda_announce` WHERE ( aid=17 ) LIMIT 1   [ RunTime:0.0010s ]
SQL: UPDATE `wenda_announce` SET `state`='0' WHERE ( aid=17 ) [ RunTime:0.0010s ]
SQL: SELECT `state` FROM `wenda_announce` WHERE ( aid=17 ) LIMIT 1   [ RunTime:0.0010s ]
NOTIC: [2] Illegal string offset 'state' D:\wamp64\www\wenda\Application\Admin\Controller\AnnounceController.class.php 第 58 行.

[ 2017-04-15T11:50:52+08:00 ] ::1 /wenda/admin.php/Announce/updatestate?aid=17
INFO: [ app_begin ] --START--
INFO: Run Behavior\ReadHtmlCacheBehavior [ RunTime:0.002000s ]
INFO: [ app_begin ] --END-- [ RunTime:0.002000s ]
SQL: SHOW COLUMNS FROM `wenda_announce` [ RunTime:0.0010s ]
SQL: SELECT `state` FROM `wenda_announce` WHERE ( aid=17 ) LIMIT 1   [ RunTime:0.0010s ]
SQL: UPDATE `wenda_announce` SET `state`='1' WHERE ( aid=17 ) [ RunTime:0.0010s ]
SQL: SELECT `state` FROM `wenda_announce` WHERE ( aid=17 ) LIMIT 1   [ RunTime:0.0010s ]
NOTIC: [2] Illegal string offset 'state' D:\wamp64\www\wenda\Application\Admin\Controller\AnnounceController.class.php 第 45 行.

[ 2017-04-15T11:50:55+08:00 ] ::1 /wenda/admin.php/Announce/updatestate?aid=17
INFO: [ app_begin ] --START--
INFO: Run Behavior\ReadHtmlCacheBehavior [ RunTime:0.001000s ]
INFO: [ app_begin ] --END-- [ RunTime:0.001000s ]
SQL: SHOW COLUMNS FROM `wenda_announce` [ RunTime:0.0000s ]
SQL: SELECT `state` FROM `wenda_announce` WHERE ( aid=17 ) LIMIT 1   [ RunTime:0.0010s ]
SQL: UPDATE `wenda_announce` SET `state`='0' WHERE ( aid=17 ) [ RunTime:0.0000s ]
SQL: SELECT `state` FROM `wenda_announce` WHERE ( aid=17 ) LIMIT 1   [ RunTime:0.0010s ]
NOTIC: [2] Illegal string offset 'state' D:\wamp64\www\wenda\Application\Admin\Controller\AnnounceController.class.php 第 58 行.

[ 2017-04-15T11:50:58+08:00 ] ::1 /wenda/admin.php/Announce/updatestate?aid=17
INFO: [ app_begin ] --START--
INFO: Run Behavior\ReadHtmlCacheBehavior [ RunTime:0.001000s ]
INFO: [ app_begin ] --END-- [ RunTime:0.002000s ]
SQL: SHOW COLUMNS FROM `wenda_announce` [ RunTime:0.0010s ]
SQL: SELECT `state` FROM `wenda_announce` WHERE ( aid=17 ) LIMIT 1   [ RunTime:0.0000s ]
SQL: UPDATE `wenda_announce` SET `state`='1' WHERE ( aid=17 ) [ RunTime:0.0000s ]
SQL: SELECT `state` FROM `wenda_announce` WHERE ( aid=17 ) LIMIT 1   [ RunTime:0.0000s ]
NOTIC: [2] Illegal string offset 'state' D:\wamp64\www\wenda\Application\Admin\Controller\AnnounceController.class.php 第 45 行.

[ 2017-04-15T11:51:01+08:00 ] ::1 /wenda/admin.php/Announce/updatestate?aid=17
INFO: [ app_begin ] --START--
INFO: Run Behavior\ReadHtmlCacheBehavior [ RunTime:0.001000s ]
INFO: [ app_begin ] --END-- [ RunTime:0.002000s ]
SQL: SHOW COLUMNS FROM `wenda_announce` [ RunTime:0.0020s ]
SQL: SELECT `state` FROM `wenda_announce` WHERE ( aid=17 ) LIMIT 1   [ RunTime:0.0000s ]
SQL: UPDATE `wenda_announce` SET `state`='0' WHERE ( aid=17 ) [ RunTime:0.0000s ]
SQL: SELECT `state` FROM `wenda_announce` WHERE ( aid=17 ) LIMIT 1   [ RunTime:0.0010s ]
NOTIC: [2] Illegal string offset 'state' D:\wamp64\www\wenda\Application\Admin\Controller\AnnounceController.class.php 第 58 行.

[ 2017-04-15T11:51:16+08:00 ] ::1 /wenda/admin.php/Announce/updatestate?aid=17
INFO: [ app_begin ] --START--
INFO: Run Behavior\ReadHtmlCacheBehavior [ RunTime:0.001000s ]
INFO: [ app_begin ] --END-- [ RunTime:0.002000s ]
SQL: SHOW COLUMNS FROM `wenda_announce` [ RunTime:0.0010s ]
SQL: SELECT `state` FROM `wenda_announce` WHERE ( aid=17 ) LIMIT 1   [ RunTime:0.0000s ]
SQL: UPDATE `wenda_announce` SET `state`='1' WHERE ( aid=17 ) [ RunTime:0.0000s ]
SQL: SELECT `state` FROM `wenda_announce` WHERE ( aid=17 ) LIMIT 1   [ RunTime:0.0010s ]
NOTIC: [2] Illegal string offset 'state' D:\wamp64\www\wenda\Application\Admin\Controller\AnnounceController.class.php 第 45 行.

