[ 2017-04-02T10:38:15+08:00 ] ::1 /wenda/admin.php/Users/delusers?uid=15
INFO: [ app_begin ] --START--
INFO: Run Behavior\ReadHtmlCacheBehavior [ RunTime:0.001000s ]
INFO: [ app_begin ] --END-- [ RunTime:0.002000s ]
SQL: SHOW COLUMNS FROM `wenda_users` [ RunTime:0.0030s ]
ERR: 1054:Unknown column 'pic' in 'field list'
 [ SQL语句 ] : SELECT `pic` FROM `wenda_users` WHERE ( uid=15 ) LIMIT 1  
ERR: 1054:Unknown column 'pic' in 'field list'
 [ SQL语句 ] : SELECT `pic` FROM `wenda_users` WHERE ( uid=15 ) LIMIT 1  

[ 2017-04-02T10:39:42+08:00 ] ::1 /wenda/admin.php/Users/delusers?uid=15
INFO: [ app_begin ] --START--
INFO: Run Behavior\ReadHtmlCacheBehavior [ RunTime:0.001000s ]
INFO: [ app_begin ] --END-- [ RunTime:0.002001s ]
SQL: SHOW COLUMNS FROM `wenda_users` [ RunTime:0.0030s ]
ERR: 1054:Unknown column 'pic' in 'field list'
 [ SQL语句 ] : SELECT `pic` FROM `wenda_users` WHERE ( uid=15 ) LIMIT 1  
ERR: 1054:Unknown column 'pic' in 'field list'
 [ SQL语句 ] : SELECT `pic` FROM `wenda_users` WHERE ( uid=15 ) LIMIT 1  

[ 2017-04-02T10:40:02+08:00 ] ::1 /wenda/admin.php/Users/delusers?uid=15
INFO: [ app_begin ] --START--
INFO: Run Behavior\ReadHtmlCacheBehavior [ RunTime:0.001000s ]
INFO: [ app_begin ] --END-- [ RunTime:0.002000s ]
SQL: SHOW COLUMNS FROM `wenda_users` [ RunTime:0.0010s ]
ERR: 1054:Unknown column 'pic' in 'field list'
 [ SQL语句 ] : SELECT `pic` FROM `wenda_users` WHERE ( uid=15 ) LIMIT 1  
ERR: 1054:Unknown column 'pic' in 'field list'
 [ SQL语句 ] : SELECT `pic` FROM `wenda_users` WHERE ( uid=15 ) LIMIT 1  

[ 2017-04-02T10:40:27+08:00 ] ::1 /wenda/admin.php/Users/delusers?uid=15
INFO: [ app_begin ] --START--
INFO: Run Behavior\ReadHtmlCacheBehavior [ RunTime:0.001000s ]
INFO: [ app_begin ] --END-- [ RunTime:0.002000s ]
SQL: SHOW COLUMNS FROM `wenda_users` [ RunTime:0.0010s ]
SQL: SELECT `upic` FROM `wenda_users` WHERE ( uid=15 ) LIMIT 1   [ RunTime:0.0010s ]
INFO: [ app_end ] --START--
INFO: Run Behavior\ShowPageTraceBehavior [ RunTime:0.001000s ]
INFO: [ app_end ] --END-- [ RunTime:0.001000s ]

[ 2017-04-02T10:40:45+08:00 ] ::1 /wenda/admin.php/Users/delusers?uid=15
INFO: [ app_begin ] --START--
INFO: Run Behavior\ReadHtmlCacheBehavior [ RunTime:0.001000s ]
INFO: [ app_begin ] --END-- [ RunTime:0.002000s ]
SQL: SHOW COLUMNS FROM `wenda_users` [ RunTime:0.0020s ]
SQL: SELECT `upic` FROM `wenda_users` WHERE ( uid=15 ) LIMIT 1   [ RunTime:0.0010s ]
INFO: [ app_end ] --START--
INFO: Run Behavior\ShowPageTraceBehavior [ RunTime:0.001000s ]
INFO: [ app_end ] --END-- [ RunTime:0.001000s ]

[ 2017-04-02T10:41:06+08:00 ] ::1 /wenda/admin.php/Users/delusers?uid=15
INFO: [ app_begin ] --START--
INFO: Run Behavior\ReadHtmlCacheBehavior [ RunTime:0.002000s ]
INFO: [ app_begin ] --END-- [ RunTime:0.002000s ]
SQL: SHOW COLUMNS FROM `wenda_users` [ RunTime:0.0020s ]
SQL: SELECT `upic` FROM `wenda_users` WHERE ( uid=15 ) LIMIT 1   [ RunTime:0.0010s ]

[ 2017-04-02T10:42:57+08:00 ] ::1 /wenda/admin.php/Users/delusers?uid=15
INFO: [ app_begin ] --START--
INFO: Run Behavior\ReadHtmlCacheBehavior [ RunTime:0.001000s ]
INFO: [ app_begin ] --END-- [ RunTime:0.002000s ]
SQL: SHOW COLUMNS FROM `wenda_users` [ RunTime:0.0010s ]
SQL: SELECT `upic` FROM `wenda_users` WHERE ( uid=15 ) LIMIT 1   [ RunTime:0.0000s ]
INFO: [ app_end ] --START--
INFO: Run Behavior\ShowPageTraceBehavior [ RunTime:0.000000s ]
INFO: [ app_end ] --END-- [ RunTime:0.002000s ]

[ 2017-04-02T10:43:03+08:00 ] ::1 /wenda/admin.php/Users/delusers?uid=15
INFO: [ app_begin ] --START--
INFO: Run Behavior\ReadHtmlCacheBehavior [ RunTime:0.000000s ]
INFO: [ app_begin ] --END-- [ RunTime:0.002000s ]
SQL: SHOW COLUMNS FROM `wenda_users` [ RunTime:0.0020s ]
SQL: SELECT `upic` FROM `wenda_users` WHERE ( uid=15 ) LIMIT 1   [ RunTime:0.0000s ]
INFO: [ app_end ] --START--
INFO: Run Behavior\ShowPageTraceBehavior [ RunTime:0.001000s ]
INFO: [ app_end ] --END-- [ RunTime:0.002000s ]

[ 2017-04-02T10:43:27+08:00 ] ::1 /wenda/admin.php/Users/delusers?uid=15
INFO: [ app_begin ] --START--
INFO: Run Behavior\ReadHtmlCacheBehavior [ RunTime:0.002000s ]
INFO: [ app_begin ] --END-- [ RunTime:0.003000s ]
SQL: SHOW COLUMNS FROM `wenda_users` [ RunTime:0.0030s ]
SQL: SELECT `upic` FROM `wenda_users` WHERE ( uid=15 ) LIMIT 1   [ RunTime:0.0010s ]

[ 2017-04-02T10:44:01+08:00 ] ::1 /wenda/admin.php/Users/delusers?uid=15
INFO: [ app_begin ] --START--
INFO: Run Behavior\ReadHtmlCacheBehavior [ RunTime:0.001000s ]
INFO: [ app_begin ] --END-- [ RunTime:0.002000s ]
SQL: SHOW COLUMNS FROM `wenda_users` [ RunTime:0.0010s ]
SQL: SELECT `upic` FROM `wenda_users` WHERE ( uid=15 ) LIMIT 1   [ RunTime:0.0010s ]
INFO: [ app_end ] --START--
INFO: Run Behavior\ShowPageTraceBehavior [ RunTime:0.001000s ]
INFO: [ app_end ] --END-- [ RunTime:0.001000s ]

[ 2017-04-02T10:44:52+08:00 ] ::1 /wenda/admin.php/Users/delusers?uid=15
INFO: [ app_begin ] --START--
INFO: Run Behavior\ReadHtmlCacheBehavior [ RunTime:0.001000s ]
INFO: [ app_begin ] --END-- [ RunTime:0.001000s ]
SQL: SHOW COLUMNS FROM `wenda_users` [ RunTime:0.0010s ]
SQL: SELECT `upic` FROM `wenda_users` WHERE ( uid=15 ) LIMIT 1   [ RunTime:0.0010s ]
INFO: [ app_end ] --START--
INFO: Run Behavior\ShowPageTraceBehavior [ RunTime:0.001000s ]
INFO: [ app_end ] --END-- [ RunTime:0.001000s ]

[ 2017-04-02T10:46:15+08:00 ] ::1 /wenda/admin.php/Users/delusers?uid=15
INFO: [ app_begin ] --START--
INFO: Run Behavior\ReadHtmlCacheBehavior [ RunTime:0.000000s ]
INFO: [ app_begin ] --END-- [ RunTime:0.002000s ]
SQL: SHOW COLUMNS FROM `wenda_users` [ RunTime:0.0020s ]
SQL: SELECT `upic` FROM `wenda_users` WHERE ( uid=15 ) LIMIT 1   [ RunTime:0.0010s ]
INFO: [ app_end ] --START--
INFO: Run Behavior\ShowPageTraceBehavior [ RunTime:0.001000s ]
INFO: [ app_end ] --END-- [ RunTime:0.001000s ]

[ 2017-04-02T10:46:49+08:00 ] ::1 /wenda/admin.php/Users/delusers?uid=15
INFO: [ app_begin ] --START--
INFO: Run Behavior\ReadHtmlCacheBehavior [ RunTime:0.001000s ]
INFO: [ app_begin ] --END-- [ RunTime:0.002000s ]
SQL: SHOW COLUMNS FROM `wenda_users` [ RunTime:0.0020s ]
SQL: SELECT `upic` FROM `wenda_users` WHERE ( uid=15 ) LIMIT 1   [ RunTime:0.0010s ]

[ 2017-04-02T10:47:19+08:00 ] ::1 /wenda/admin.php/Users/delusers?uid=15
INFO: [ app_begin ] --START--
INFO: Run Behavior\ReadHtmlCacheBehavior [ RunTime:0.001001s ]
INFO: [ app_begin ] --END-- [ RunTime:0.001001s ]
SQL: SHOW COLUMNS FROM `wenda_users` [ RunTime:0.0020s ]
SQL: SELECT `upic` FROM `wenda_users` WHERE ( uid=15 ) LIMIT 1   [ RunTime:0.0000s ]

[ 2017-04-02T10:47:35+08:00 ] ::1 /wenda/admin.php/Users/delusers?uid=15
INFO: [ app_begin ] --START--
INFO: Run Behavior\ReadHtmlCacheBehavior [ RunTime:0.001000s ]
INFO: [ app_begin ] --END-- [ RunTime:0.002000s ]
SQL: SHOW COLUMNS FROM `wenda_users` [ RunTime:0.0000s ]
SQL: SELECT `upic` FROM `wenda_users` WHERE ( uid=15 ) LIMIT 1   [ RunTime:0.0000s ]

[ 2017-04-02T11:27:00+08:00 ] ::1 /wenda/admin.php/Users/delusers?uid=15
INFO: [ app_begin ] --START--
INFO: Run Behavior\ReadHtmlCacheBehavior [ RunTime:0.000000s ]
INFO: [ app_begin ] --END-- [ RunTime:0.001000s ]
SQL: SHOW COLUMNS FROM `wenda_users` [ RunTime:0.0020s ]
SQL: SELECT `upic` FROM `wenda_users` WHERE ( uid=15 ) LIMIT 1   [ RunTime:0.0010s ]

[ 2017-04-02T11:31:44+08:00 ] ::1 /wenda/admin.php/Users/delusers?uid=15
INFO: [ app_begin ] --START--
INFO: Run Behavior\ReadHtmlCacheBehavior [ RunTime:0.000000s ]
INFO: [ app_begin ] --END-- [ RunTime:0.002000s ]
SQL: SHOW COLUMNS FROM `wenda_users` [ RunTime:0.0010s ]
SQL: SELECT `upic` FROM `wenda_users` WHERE ( uid=15 ) LIMIT 1   [ RunTime:0.0000s ]
NOTIC: [8] Array to string conversion D:\wamp64\www\wenda\Application\Admin\Controller\UsersController.class.php 第 21 行.
NOTIC: [2] unlink(./Public/userphoto/Array): No such file or directory D:\wamp64\www\wenda\Application\Admin\Controller\UsersController.class.php 第 22 行.
INFO: [ app_end ] --START--
INFO: Run Behavior\ShowPageTraceBehavior [ RunTime:0.001000s ]
INFO: [ app_end ] --END-- [ RunTime:0.001000s ]

[ 2017-04-02T11:32:11+08:00 ] ::1 /wenda/admin.php/Users/delusers?uid=15
INFO: [ app_begin ] --START--
INFO: Run Behavior\ReadHtmlCacheBehavior [ RunTime:0.001000s ]
INFO: [ app_begin ] --END-- [ RunTime:0.002000s ]
SQL: SHOW COLUMNS FROM `wenda_users` [ RunTime:0.0010s ]
SQL: SELECT `upic` FROM `wenda_users` WHERE ( uid=15 ) LIMIT 1   [ RunTime:0.0000s ]
NOTIC: [8] Array to string conversion D:\wamp64\www\wenda\Application\Admin\Controller\UsersController.class.php 第 21 行.
NOTIC: [2] unlink(./Public/userphoto/Array): No such file or directory D:\wamp64\www\wenda\Application\Admin\Controller\UsersController.class.php 第 22 行.

[ 2017-04-02T11:32:37+08:00 ] ::1 /wenda/admin.php/Users/delusers?uid=15
INFO: [ app_begin ] --START--
INFO: Run Behavior\ReadHtmlCacheBehavior [ RunTime:0.001000s ]
INFO: [ app_begin ] --END-- [ RunTime:0.001000s ]
SQL: SHOW COLUMNS FROM `wenda_users` [ RunTime:0.0010s ]
SQL: SELECT `upic` FROM `wenda_users` WHERE ( uid=15 ) LIMIT 1   [ RunTime:0.0000s ]
INFO: [ app_end ] --START--
INFO: Run Behavior\ShowPageTraceBehavior [ RunTime:0.001000s ]
INFO: [ app_end ] --END-- [ RunTime:0.001000s ]

[ 2017-04-02T11:33:09+08:00 ] ::1 /wenda/admin.php/Users/delusers?uid=15
INFO: [ app_begin ] --START--
INFO: Run Behavior\ReadHtmlCacheBehavior [ RunTime:0.001000s ]
INFO: [ app_begin ] --END-- [ RunTime:0.001000s ]
SQL: SHOW COLUMNS FROM `wenda_users` [ RunTime:0.0010s ]
SQL: SELECT `upic` FROM `wenda_users` WHERE ( uid=15 ) LIMIT 1   [ RunTime:0.0010s ]
NOTIC: [8] Array to string conversion D:\wamp64\www\wenda\Application\Admin\Controller\UsersController.class.php 第 23 行.
NOTIC: [2] unlink(./Public/userphoto/Array): No such file or directory D:\wamp64\www\wenda\Application\Admin\Controller\UsersController.class.php 第 24 行.

[ 2017-04-02T11:33:59+08:00 ] ::1 /wenda/admin.php/Users/delusers?uid=15
INFO: [ app_begin ] --START--
INFO: Run Behavior\ReadHtmlCacheBehavior [ RunTime:0.001000s ]
INFO: [ app_begin ] --END-- [ RunTime:0.002000s ]
SQL: SHOW COLUMNS FROM `wenda_users` [ RunTime:0.0010s ]
SQL: SELECT `upic` FROM `wenda_users` WHERE ( uid=15 ) LIMIT 1   [ RunTime:0.0000s ]

[ 2017-04-02T11:38:16+08:00 ] ::1 /wenda/admin.php/Users/delusers?uid=15
INFO: [ app_begin ] --START--
INFO: Run Behavior\ReadHtmlCacheBehavior [ RunTime:0.001000s ]
INFO: [ app_begin ] --END-- [ RunTime:0.003000s ]
SQL: SHOW COLUMNS FROM `wenda_users` [ RunTime:0.0010s ]
SQL: SELECT `upic` FROM `wenda_users` WHERE ( uid=15 ) LIMIT 1   [ RunTime:0.0010s ]
NOTIC: [8] Array to string conversion D:\wamp64\www\wenda\Application\Admin\Controller\UsersController.class.php 第 21 行.
NOTIC: [2] unlink(./Public/userphoto/Array): No such file or directory D:\wamp64\www\wenda\Application\Admin\Controller\UsersController.class.php 第 22 行.

[ 2017-04-02T11:39:02+08:00 ] ::1 /wenda/admin.php/Users/delusers?uid=15
INFO: [ app_begin ] --START--
INFO: Run Behavior\ReadHtmlCacheBehavior [ RunTime:0.001000s ]
INFO: [ app_begin ] --END-- [ RunTime:0.002000s ]
SQL: SHOW COLUMNS FROM `wenda_users` [ RunTime:0.0010s ]
SQL: SELECT `upic` FROM `wenda_users` WHERE ( uid=15 ) LIMIT 1   [ RunTime:0.0000s ]
NOTIC: [8] Array to string conversion D:\wamp64\www\wenda\Application\Admin\Controller\UsersController.class.php 第 21 行.
NOTIC: [2] unlink(./Public/userphoto/Array): No such file or directory D:\wamp64\www\wenda\Application\Admin\Controller\UsersController.class.php 第 22 行.

[ 2017-04-02T11:40:22+08:00 ] ::1 /wenda/admin.php/Users/delusers?uid=15
INFO: [ app_begin ] --START--
INFO: Run Behavior\ReadHtmlCacheBehavior [ RunTime:0.001000s ]
INFO: [ app_begin ] --END-- [ RunTime:0.001000s ]
SQL: SHOW COLUMNS FROM `wenda_users` [ RunTime:0.0020s ]
SQL: SELECT `upic` FROM `wenda_users` WHERE ( uid=15 ) LIMIT 1   [ RunTime:0.0020s ]
NOTIC: [8] Array to string conversion D:\wamp64\www\wenda\Application\Admin\Controller\UsersController.class.php 第 21 行.
NOTIC: [8] Undefined variable: file D:\wamp64\www\wenda\Application\Admin\Controller\UsersController.class.php 第 22 行.
NOTIC: [2] unlink(): Invalid argument D:\wamp64\www\wenda\Application\Admin\Controller\UsersController.class.php 第 22 行.

[ 2017-04-02T11:41:30+08:00 ] ::1 /wenda/admin.php/Users/delusers?uid=15
INFO: [ app_begin ] --START--
INFO: Run Behavior\ReadHtmlCacheBehavior [ RunTime:0.001000s ]
INFO: [ app_begin ] --END-- [ RunTime:0.002000s ]
SQL: SHOW COLUMNS FROM `wenda_users` [ RunTime:0.0030s ]
SQL: SELECT `upic` FROM `wenda_users` WHERE ( uid=15 ) LIMIT 1   [ RunTime:0.0020s ]
NOTIC: [8] Array to string conversion D:\wamp64\www\wenda\Application\Admin\Controller\UsersController.class.php 第 21 行.
NOTIC: [8] Undefined variable: file D:\wamp64\www\wenda\Application\Admin\Controller\UsersController.class.php 第 22 行.
NOTIC: [2] unlink(): Invalid argument D:\wamp64\www\wenda\Application\Admin\Controller\UsersController.class.php 第 22 行.

[ 2017-04-02T11:42:39+08:00 ] ::1 /wenda/admin.php/Users/delusers?uid=15
INFO: [ app_begin ] --START--
INFO: Run Behavior\ReadHtmlCacheBehavior [ RunTime:0.001000s ]
INFO: [ app_begin ] --END-- [ RunTime:0.001000s ]
SQL: SHOW COLUMNS FROM `wenda_users` [ RunTime:0.0020s ]
SQL: SELECT `upic` FROM `wenda_users` WHERE ( uid=15 ) LIMIT 1   [ RunTime:0.0000s ]
NOTIC: [8] Array to string conversion D:\wamp64\www\wenda\Application\Admin\Controller\UsersController.class.php 第 21 行.
NOTIC: [2] unlink(./Public/userphoto/Array): No such file or directory D:\wamp64\www\wenda\Application\Admin\Controller\UsersController.class.php 第 22 行.

[ 2017-04-02T11:53:05+08:00 ] ::1 /wenda/admin.php/Users/delusers?uid=15
INFO: [ app_begin ] --START--
INFO: Run Behavior\ReadHtmlCacheBehavior [ RunTime:0.001000s ]
INFO: [ app_begin ] --END-- [ RunTime:0.002000s ]
SQL: SHOW COLUMNS FROM `wenda_users` [ RunTime:0.0010s ]
SQL: SELECT `upic` FROM `wenda_users` WHERE ( uid=15 ) LIMIT 1   [ RunTime:0.0010s ]

[ 2017-04-02T12:09:18+08:00 ] ::1 /wenda/admin.php/Users/delusers?uid=14
INFO: [ app_begin ] --START--
INFO: Run Behavior\ReadHtmlCacheBehavior [ RunTime:0.001000s ]
INFO: [ app_begin ] --END-- [ RunTime:0.002000s ]
SQL: SHOW COLUMNS FROM `wenda_users` [ RunTime:0.0010s ]
SQL: SELECT `upic` FROM `wenda_users` WHERE ( uid=14 ) LIMIT 1   [ RunTime:0.0000s ]
NOTIC: [2] unlink(./Public/userphoto/default.png): No such file or directory D:\wamp64\www\wenda\Application\Admin\Controller\UsersController.class.php 第 22 行.
SQL: DELETE FROM `wenda_users` WHERE ( uid=14 ) [ RunTime:0.1450s ]

[ 2017-04-02T13:55:49+08:00 ] ::1 /wenda/admin.php/Users/delusers?uid=17
INFO: [ app_begin ] --START--
INFO: Run Behavior\ReadHtmlCacheBehavior [ RunTime:0.000000s ]
INFO: [ app_begin ] --END-- [ RunTime:0.001000s ]
SQL: SHOW COLUMNS FROM `wenda_users` [ RunTime:0.0010s ]
SQL: SELECT `upic` FROM `wenda_users` WHERE ( uid=17 ) LIMIT 1   [ RunTime:0.0000s ]
NOTIC: [2] unlink(./Public/userphoto/default.png): No such file or directory D:\wamp64\www\wenda\Application\Admin\Controller\UsersController.class.php 第 22 行.
SQL: DELETE FROM `wenda_users` WHERE ( uid=17 ) [ RunTime:0.0570s ]

[ 2017-04-02T15:01:56+08:00 ] ::1 /wenda/admin.php/Users/reset?uid=16
INFO: [ app_begin ] --START--
INFO: Run Behavior\ReadHtmlCacheBehavior [ RunTime:0.001000s ]
INFO: [ app_begin ] --END-- [ RunTime:0.001000s ]
SQL: SHOW COLUMNS FROM `wenda_users` [ RunTime:0.0000s ]
SQL: UPDATE `wenda_users` SET `pwd`='e10adc3949ba59abbe56e057f20f883e' WHERE ( uid=16 ) [ RunTime:0.1060s ]

[ 2017-04-02T15:06:55+08:00 ] ::1 /wenda/admin.php/Users/reset?uid=16
INFO: [ app_begin ] --START--
INFO: Run Behavior\ReadHtmlCacheBehavior [ RunTime:0.001000s ]
INFO: [ app_begin ] --END-- [ RunTime:0.001000s ]
SQL: SHOW COLUMNS FROM `wenda_users` [ RunTime:0.0010s ]
SQL: UPDATE `wenda_users` SET `pwd`='e10adc3949ba59abbe56e057f20f883e' WHERE ( uid=16 ) [ RunTime:0.0950s ]

[ 2017-04-02T15:17:11+08:00 ] ::1 /wenda/admin.php/Users/reset?uid=16
INFO: [ app_begin ] --START--
INFO: Run Behavior\ReadHtmlCacheBehavior [ RunTime:0.000000s ]
INFO: [ app_begin ] --END-- [ RunTime:0.002000s ]
SQL: SHOW COLUMNS FROM `wenda_users` [ RunTime:0.0010s ]
SQL: UPDATE `wenda_users` SET `pwd`='e10adc3949ba59abbe56e057f20f883e' WHERE ( uid=16 ) [ RunTime:0.1370s ]

[ 2017-04-02T15:32:46+08:00 ] ::1 /wenda/admin.php/Users/select/id/
ERR: 非法操作:select

[ 2017-04-02T15:32:55+08:00 ] ::1 /wenda/admin.php/Users/reset?uid=16
INFO: [ app_begin ] --START--
INFO: Run Behavior\ReadHtmlCacheBehavior [ RunTime:0.001000s ]
INFO: [ app_begin ] --END-- [ RunTime:0.002000s ]
SQL: SHOW COLUMNS FROM `wenda_users` [ RunTime:0.0010s ]
SQL: UPDATE `wenda_users` SET `pwd`='e10adc3949ba59abbe56e057f20f883e' WHERE ( uid=16 ) [ RunTime:0.0930s ]

[ 2017-04-02T15:33:00+08:00 ] ::1 /wenda/admin.php/Users/detail/id/
ERR: 1064:You have an error in your SQL syntax; check the manual that corresponds to your MySQL server version for the right syntax to use near ') LIMIT 1' at line 1
 [ SQL语句 ] : SELECT * FROM `wenda_users` WHERE ( uid =  ) LIMIT 1  

[ 2017-04-02T20:06:37+08:00 ] ::1 /wenda/admin.php/User/add.html
ERR: 无法加载控制器:User

[ 2017-04-02T20:58:14+08:00 ] ::1 /wenda/admin.php/Users/search
INFO: [ app_begin ] --START--
INFO: Run Behavior\ReadHtmlCacheBehavior [ RunTime:0.002000s ]
INFO: [ app_begin ] --END-- [ RunTime:0.003000s ]
SQL: SHOW COLUMNS FROM `wenda_users` [ RunTime:0.0010s ]
SQL: SELECT * FROM `wenda_users` WHERE ( `username` LIKE '%$search%' OR `tel` LIKE '%$search%' OR `email` LIKE '%$search%' )  [ RunTime:0.0000s ]
INFO: [ app_end ] --START--
INFO: Run Behavior\ShowPageTraceBehavior [ RunTime:0.001001s ]
INFO: [ app_end ] --END-- [ RunTime:0.003001s ]

[ 2017-04-02T20:58:17+08:00 ] ::1 /wenda/admin.php/Users/search
INFO: [ app_begin ] --START--
INFO: Run Behavior\ReadHtmlCacheBehavior [ RunTime:0.001000s ]
INFO: [ app_begin ] --END-- [ RunTime:0.001000s ]
SQL: SHOW COLUMNS FROM `wenda_users` [ RunTime:0.0010s ]
SQL: SELECT * FROM `wenda_users` WHERE ( `username` LIKE '%$search%' OR `tel` LIKE '%$search%' OR `email` LIKE '%$search%' )  [ RunTime:0.0000s ]
INFO: [ app_end ] --START--
INFO: Run Behavior\ShowPageTraceBehavior [ RunTime:0.001001s ]
INFO: [ app_end ] --END-- [ RunTime:0.001001s ]

[ 2017-04-02T20:58:18+08:00 ] ::1 /wenda/admin.php/Users/search
INFO: [ app_begin ] --START--
INFO: Run Behavior\ReadHtmlCacheBehavior [ RunTime:0.000000s ]
INFO: [ app_begin ] --END-- [ RunTime:0.002000s ]
SQL: SHOW COLUMNS FROM `wenda_users` [ RunTime:0.0010s ]
SQL: SELECT * FROM `wenda_users` WHERE ( `username` LIKE '%$search%' OR `tel` LIKE '%$search%' OR `email` LIKE '%$search%' )  [ RunTime:0.0000s ]
INFO: [ app_end ] --START--
INFO: Run Behavior\ShowPageTraceBehavior [ RunTime:0.001000s ]
INFO: [ app_end ] --END-- [ RunTime:0.002000s ]

[ 2017-04-02T20:58:18+08:00 ] ::1 /wenda/admin.php/Users/search
INFO: [ app_begin ] --START--
INFO: Run Behavior\ReadHtmlCacheBehavior [ RunTime:0.001000s ]
INFO: [ app_begin ] --END-- [ RunTime:0.002001s ]
SQL: SHOW COLUMNS FROM `wenda_users` [ RunTime:0.0000s ]
SQL: SELECT * FROM `wenda_users` WHERE ( `username` LIKE '%$search%' OR `tel` LIKE '%$search%' OR `email` LIKE '%$search%' )  [ RunTime:0.0010s ]
INFO: [ app_end ] --START--
INFO: Run Behavior\ShowPageTraceBehavior [ RunTime:0.003000s ]
INFO: [ app_end ] --END-- [ RunTime:0.003000s ]

[ 2017-04-02T20:58:18+08:00 ] ::1 /wenda/admin.php/Users/search
INFO: [ app_begin ] --START--
INFO: Run Behavior\ReadHtmlCacheBehavior [ RunTime:0.001000s ]
INFO: [ app_begin ] --END-- [ RunTime:0.002000s ]
SQL: SHOW COLUMNS FROM `wenda_users` [ RunTime:0.0010s ]
SQL: SELECT * FROM `wenda_users` WHERE ( `username` LIKE '%$search%' OR `tel` LIKE '%$search%' OR `email` LIKE '%$search%' )  [ RunTime:0.0010s ]
INFO: [ app_end ] --START--
INFO: Run Behavior\ShowPageTraceBehavior [ RunTime:0.001001s ]
INFO: [ app_end ] --END-- [ RunTime:0.001001s ]

[ 2017-04-02T20:58:59+08:00 ] ::1 /wenda/admin.php/Users/search
INFO: [ app_begin ] --START--
INFO: Run Behavior\ReadHtmlCacheBehavior [ RunTime:0.001000s ]
INFO: [ app_begin ] --END-- [ RunTime:0.002000s ]
SQL: SHOW COLUMNS FROM `wenda_users` [ RunTime:0.0010s ]
SQL: SELECT * FROM `wenda_users` WHERE ( `username` LIKE '%$search%' OR `tel` LIKE '%$search%' OR `email` LIKE '%$search%' )  [ RunTime:0.0000s ]
INFO: [ app_end ] --START--
INFO: Run Behavior\ShowPageTraceBehavior [ RunTime:0.001000s ]
INFO: [ app_end ] --END-- [ RunTime:0.001000s ]

[ 2017-04-02T21:02:39+08:00 ] ::1 /wenda/admin.php/Users/search
INFO: [ app_begin ] --START--
INFO: Run Behavior\ReadHtmlCacheBehavior [ RunTime:0.001000s ]
INFO: [ app_begin ] --END-- [ RunTime:0.002000s ]
SQL: SHOW COLUMNS FROM `wenda_users` [ RunTime:0.0010s ]
SQL: SELECT * FROM `wenda_users` WHERE ( `username` LIKE '%$search%' OR `tel` LIKE '%$search%' OR `email` LIKE '%$search%' )  [ RunTime:0.0000s ]
INFO: [ app_end ] --START--
INFO: Run Behavior\ShowPageTraceBehavior [ RunTime:0.001000s ]
INFO: [ app_end ] --END-- [ RunTime:0.001000s ]

[ 2017-04-02T21:02:44+08:00 ] ::1 /wenda/admin.php/Users/search
INFO: [ app_begin ] --START--
INFO: Run Behavior\ReadHtmlCacheBehavior [ RunTime:0.000000s ]
INFO: [ app_begin ] --END-- [ RunTime:0.002000s ]
SQL: SHOW COLUMNS FROM `wenda_users` [ RunTime:0.0020s ]
SQL: SELECT * FROM `wenda_users` WHERE ( `username` LIKE '%$search%' OR `tel` LIKE '%$search%' OR `email` LIKE '%$search%' )  [ RunTime:0.0010s ]
INFO: [ app_end ] --START--
INFO: Run Behavior\ShowPageTraceBehavior [ RunTime:0.001000s ]
INFO: [ app_end ] --END-- [ RunTime:0.001000s ]

[ 2017-04-02T21:02:53+08:00 ] ::1 /wenda/admin.php/Users/search
INFO: [ app_begin ] --START--
INFO: Run Behavior\ReadHtmlCacheBehavior [ RunTime:0.001000s ]
INFO: [ app_begin ] --END-- [ RunTime:0.001000s ]
SQL: SHOW COLUMNS FROM `wenda_users` [ RunTime:0.0010s ]
SQL: SELECT * FROM `wenda_users` WHERE ( `username` LIKE '%$search%' OR `tel` LIKE '%$search%' OR `email` LIKE '%$search%' )  [ RunTime:0.0010s ]
INFO: [ app_end ] --START--
INFO: Run Behavior\ShowPageTraceBehavior [ RunTime:0.001000s ]
INFO: [ app_end ] --END-- [ RunTime:0.001000s ]

[ 2017-04-02T21:05:09+08:00 ] ::1 /wenda/admin.php/Users/search
INFO: [ app_begin ] --START--
INFO: Run Behavior\ReadHtmlCacheBehavior [ RunTime:0.000000s ]
INFO: [ app_begin ] --END-- [ RunTime:0.002000s ]
SQL: SHOW COLUMNS FROM `wenda_users` [ RunTime:0.0010s ]
SQL: SELECT * FROM `wenda_users` WHERE ( `username` LIKE '%$search%' OR `tel` LIKE '%$search%' OR `email` LIKE '%$search%' )  [ RunTime:0.0010s ]
INFO: [ app_end ] --START--
INFO: Run Behavior\ShowPageTraceBehavior [ RunTime:0.001000s ]
INFO: [ app_end ] --END-- [ RunTime:0.001000s ]

[ 2017-04-02T21:06:23+08:00 ] ::1 /wenda/admin.php/Users/search
INFO: [ app_begin ] --START--
INFO: Run Behavior\ReadHtmlCacheBehavior [ RunTime:0.001000s ]
INFO: [ app_begin ] --END-- [ RunTime:0.002000s ]
SQL: SHOW COLUMNS FROM `wenda_users` [ RunTime:0.0020s ]
SQL: SELECT * FROM `wenda_users` WHERE ( `username` LIKE '%$search%' OR `tel` LIKE '%$search%' OR `email` LIKE '%$search%' )  [ RunTime:0.0010s ]
INFO: [ app_end ] --START--
INFO: Run Behavior\ShowPageTraceBehavior [ RunTime:0.002001s ]
INFO: [ app_end ] --END-- [ RunTime:0.002001s ]

[ 2017-04-02T21:06:31+08:00 ] ::1 /wenda/admin.php/Users/search
INFO: [ app_begin ] --START--
INFO: Run Behavior\ReadHtmlCacheBehavior [ RunTime:0.000000s ]
INFO: [ app_begin ] --END-- [ RunTime:0.002000s ]
SQL: SHOW COLUMNS FROM `wenda_users` [ RunTime:0.0010s ]
SQL: SELECT * FROM `wenda_users` WHERE ( `username` LIKE '%$search%' OR `tel` LIKE '%$search%' OR `email` LIKE '%$search%' )  [ RunTime:0.0010s ]
INFO: [ app_end ] --START--
INFO: Run Behavior\ShowPageTraceBehavior [ RunTime:0.001000s ]
INFO: [ app_end ] --END-- [ RunTime:0.001000s ]

[ 2017-04-02T21:06:32+08:00 ] ::1 /wenda/admin.php/Users/search
INFO: [ app_begin ] --START--
INFO: Run Behavior\ReadHtmlCacheBehavior [ RunTime:0.000000s ]
INFO: [ app_begin ] --END-- [ RunTime:0.002000s ]
SQL: SHOW COLUMNS FROM `wenda_users` [ RunTime:0.0010s ]
SQL: SELECT * FROM `wenda_users` WHERE ( `username` LIKE '%$search%' OR `tel` LIKE '%$search%' OR `email` LIKE '%$search%' )  [ RunTime:0.0000s ]
INFO: [ app_end ] --START--
INFO: Run Behavior\ShowPageTraceBehavior [ RunTime:0.001000s ]
INFO: [ app_end ] --END-- [ RunTime:0.002000s ]

[ 2017-04-02T21:06:59+08:00 ] ::1 /wenda/admin.php/Users/search
INFO: [ app_begin ] --START--
INFO: Run Behavior\ReadHtmlCacheBehavior [ RunTime:0.001000s ]
INFO: [ app_begin ] --END-- [ RunTime:0.002000s ]
SQL: SHOW COLUMNS FROM `wenda_users` [ RunTime:0.0010s ]
SQL: SELECT * FROM `wenda_users` WHERE ( `username` LIKE '%$search%' OR `tel` LIKE '%$search%' OR `email` LIKE '%$search%' )  [ RunTime:0.0020s ]
INFO: [ app_end ] --START--
INFO: Run Behavior\ShowPageTraceBehavior [ RunTime:0.002000s ]
INFO: [ app_end ] --END-- [ RunTime:0.002000s ]

[ 2017-04-02T21:09:33+08:00 ] ::1 /wenda/admin.php/Users/search
INFO: [ app_begin ] --START--
INFO: Run Behavior\ReadHtmlCacheBehavior [ RunTime:0.001000s ]
INFO: [ app_begin ] --END-- [ RunTime:0.002000s ]
SQL: SHOW COLUMNS FROM `wenda_users` [ RunTime:0.0010s ]
SQL: SELECT * FROM `wenda_users` WHERE ( `username` LIKE '%$search%' OR `tel` LIKE '%$search%' OR `email` LIKE '%$search%' )  [ RunTime:0.0000s ]
INFO: [ app_end ] --START--
INFO: Run Behavior\ShowPageTraceBehavior [ RunTime:0.001000s ]
INFO: [ app_end ] --END-- [ RunTime:0.002000s ]

[ 2017-04-02T21:10:32+08:00 ] ::1 /wenda/admin.php/Users/search
INFO: [ app_begin ] --START--
INFO: Run Behavior\ReadHtmlCacheBehavior [ RunTime:0.001000s ]
INFO: [ app_begin ] --END-- [ RunTime:0.003000s ]
SQL: SHOW COLUMNS FROM `wenda_users` [ RunTime:0.0010s ]
SQL: SELECT * FROM `wenda_users` WHERE ( `username` LIKE '%$search%' OR `tel` LIKE '%$search%' OR `email` LIKE '%$search%' )  [ RunTime:0.0010s ]
INFO: [ app_end ] --START--
INFO: Run Behavior\ShowPageTraceBehavior [ RunTime:0.001000s ]
INFO: [ app_end ] --END-- [ RunTime:0.001000s ]

[ 2017-04-02T21:11:06+08:00 ] ::1 /wenda/admin.php/Users/search
INFO: [ app_begin ] --START--
INFO: Run Behavior\ReadHtmlCacheBehavior [ RunTime:0.002000s ]
INFO: [ app_begin ] --END-- [ RunTime:0.003000s ]
SQL: SHOW COLUMNS FROM `wenda_users` [ RunTime:0.0010s ]
SQL: SELECT * FROM `wenda_users` WHERE ( `username` LIKE '%$search' OR `tel` LIKE '%$search' OR `email` LIKE '%$search' )  [ RunTime:0.0010s ]
INFO: [ app_end ] --START--
INFO: Run Behavior\ShowPageTraceBehavior [ RunTime:0.001000s ]
INFO: [ app_end ] --END-- [ RunTime:0.001000s ]

[ 2017-04-02T21:11:29+08:00 ] ::1 /wenda/admin.php/Users/search
INFO: [ app_begin ] --START--
INFO: Run Behavior\ReadHtmlCacheBehavior [ RunTime:0.001000s ]
INFO: [ app_begin ] --END-- [ RunTime:0.002000s ]
SQL: SHOW COLUMNS FROM `wenda_users` [ RunTime:0.0010s ]
SQL: SELECT * FROM `wenda_users` WHERE ( `username` LIKE '%$search' OR `tel` LIKE '%$search' OR `email` LIKE '%$search' )  [ RunTime:0.0010s ]
INFO: [ app_end ] --START--
INFO: Run Behavior\ShowPageTraceBehavior [ RunTime:0.002001s ]
INFO: [ app_end ] --END-- [ RunTime:0.002001s ]

[ 2017-04-02T21:12:02+08:00 ] ::1 /wenda/admin.php/Users/search
INFO: [ app_begin ] --START--
INFO: Run Behavior\ReadHtmlCacheBehavior [ RunTime:0.001000s ]
INFO: [ app_begin ] --END-- [ RunTime:0.001000s ]
SQL: SHOW COLUMNS FROM `wenda_users` [ RunTime:0.0010s ]
SQL: SELECT * FROM `wenda_users` WHERE ( `username` LIKE '%$search' OR `tel` LIKE '%$search' OR `email` LIKE '%$search' )  [ RunTime:0.0010s ]
INFO: [ app_end ] --START--
INFO: Run Behavior\ShowPageTraceBehavior [ RunTime:0.001000s ]
INFO: [ app_end ] --END-- [ RunTime:0.002000s ]

[ 2017-04-02T21:12:16+08:00 ] ::1 /wenda/admin.php/Users/search
INFO: [ app_begin ] --START--
INFO: Run Behavior\ReadHtmlCacheBehavior [ RunTime:0.001000s ]
INFO: [ app_begin ] --END-- [ RunTime:0.002000s ]
SQL: SHOW COLUMNS FROM `wenda_users` [ RunTime:0.0010s ]
SQL: SELECT * FROM `wenda_users` WHERE ( `username` LIKE '%$search' OR `tel` LIKE '%$search' OR `email` LIKE '%$search' )  [ RunTime:0.0000s ]
INFO: [ app_end ] --START--
INFO: Run Behavior\ShowPageTraceBehavior [ RunTime:0.001000s ]
INFO: [ app_end ] --END-- [ RunTime:0.001000s ]

[ 2017-04-02T21:12:44+08:00 ] ::1 /wenda/admin.php/Users/search
INFO: [ app_begin ] --START--
INFO: Run Behavior\ReadHtmlCacheBehavior [ RunTime:0.000000s ]
INFO: [ app_begin ] --END-- [ RunTime:0.001000s ]
SQL: SHOW COLUMNS FROM `wenda_users` [ RunTime:0.0010s ]
SQL: SELECT * FROM `wenda_users` WHERE ( `username` LIKE '%$search' OR `tel` LIKE '%$search' OR `email` LIKE '%$search' )  [ RunTime:0.0010s ]
INFO: [ app_end ] --START--
INFO: Run Behavior\ShowPageTraceBehavior [ RunTime:0.001000s ]
INFO: [ app_end ] --END-- [ RunTime:0.001000s ]

[ 2017-04-02T21:13:05+08:00 ] ::1 /wenda/admin.php/Users/search
INFO: [ app_begin ] --START--
INFO: Run Behavior\ReadHtmlCacheBehavior [ RunTime:0.001000s ]
INFO: [ app_begin ] --END-- [ RunTime:0.002001s ]
SQL: SHOW COLUMNS FROM `wenda_users` [ RunTime:0.0000s ]
SQL: SELECT * FROM `wenda_users` WHERE ( `username` LIKE '%$search' OR `email` LIKE '%$search' )  [ RunTime:0.0010s ]
INFO: [ app_end ] --START--
INFO: Run Behavior\ShowPageTraceBehavior [ RunTime:0.001000s ]
INFO: [ app_end ] --END-- [ RunTime:0.001000s ]

[ 2017-04-02T21:13:23+08:00 ] ::1 /wenda/admin.php/Users/search
INFO: [ app_begin ] --START--
INFO: Run Behavior\ReadHtmlCacheBehavior [ RunTime:0.001000s ]
INFO: [ app_begin ] --END-- [ RunTime:0.002001s ]
SQL: SHOW COLUMNS FROM `wenda_users` [ RunTime:0.0010s ]
SQL: SELECT * FROM `wenda_users` WHERE ( `username` LIKE '%$search' OR `email` LIKE '%$search' )  [ RunTime:0.0010s ]
INFO: [ app_end ] --START--
INFO: Run Behavior\ShowPageTraceBehavior [ RunTime:0.001000s ]
INFO: [ app_end ] --END-- [ RunTime:0.001000s ]

[ 2017-04-02T21:19:38+08:00 ] ::1 /wenda/admin.php/Users/search
INFO: [ app_begin ] --START--
INFO: Run Behavior\ReadHtmlCacheBehavior [ RunTime:0.000000s ]
INFO: [ app_begin ] --END-- [ RunTime:0.001000s ]
NOTIC: [8] Undefined index: search D:\wamp64\www\wenda\Application\Admin\Controller\UsersController.class.php 第 50 行.

[ 2017-04-02T21:20:24+08:00 ] ::1 /wenda/admin.php/Users/search
INFO: [ app_begin ] --START--
INFO: Run Behavior\ReadHtmlCacheBehavior [ RunTime:0.001000s ]
INFO: [ app_begin ] --END-- [ RunTime:0.002000s ]
NOTIC: [8] Undefined index: search D:\wamp64\www\wenda\Application\Admin\Controller\UsersController.class.php 第 50 行.

[ 2017-04-02T21:20:47+08:00 ] ::1 /wenda/admin.php/Users/search
INFO: [ app_begin ] --START--
INFO: Run Behavior\ReadHtmlCacheBehavior [ RunTime:0.000000s ]
INFO: [ app_begin ] --END-- [ RunTime:0.001000s ]

[ 2017-04-02T21:28:03+08:00 ] ::1 /wenda/admin.php/Users/search
INFO: [ app_begin ] --START--
INFO: Run Behavior\ReadHtmlCacheBehavior [ RunTime:0.001000s ]
INFO: [ app_begin ] --END-- [ RunTime:0.001000s ]
SQL: SHOW COLUMNS FROM `wenda_users` [ RunTime:0.0010s ]
SQL: SELECT * FROM `wenda_users` WHERE ( `username` LIKE '%小%' OR `email` LIKE '%小%' OR `tel` LIKE '%小%' )  [ RunTime:0.0010s ]
INFO: [ app_end ] --START--
INFO: Run Behavior\ShowPageTraceBehavior [ RunTime:0.001000s ]
INFO: [ app_end ] --END-- [ RunTime:0.001000s ]

[ 2017-04-02T21:28:09+08:00 ] ::1 /wenda/admin.php/Users/search
INFO: [ app_begin ] --START--
INFO: Run Behavior\ReadHtmlCacheBehavior [ RunTime:0.001000s ]
INFO: [ app_begin ] --END-- [ RunTime:0.002000s ]
SQL: SHOW COLUMNS FROM `wenda_users` [ RunTime:0.0010s ]
SQL: SELECT * FROM `wenda_users` WHERE ( `username` LIKE '%微微%' OR `email` LIKE '%微微%' OR `tel` LIKE '%微微%' )  [ RunTime:0.0010s ]
INFO: [ app_end ] --START--
INFO: Run Behavior\ShowPageTraceBehavior [ RunTime:0.001000s ]
INFO: [ app_end ] --END-- [ RunTime:0.001000s ]

[ 2017-04-02T21:29:35+08:00 ] ::1 /wenda/admin.php/Users/search
INFO: [ app_begin ] --START--
INFO: Run Behavior\ReadHtmlCacheBehavior [ RunTime:0.001000s ]
INFO: [ app_begin ] --END-- [ RunTime:0.001000s ]
SQL: SHOW COLUMNS FROM `wenda_users` [ RunTime:0.0010s ]
SQL: SELECT * FROM `wenda_users` WHERE ( `username` LIKE '%微微%' OR `email` LIKE '%微微%' OR `tel` LIKE '%微微%' )  [ RunTime:0.0010s ]
INFO: [ app_end ] --START--
INFO: Run Behavior\ShowPageTraceBehavior [ RunTime:0.001001s ]
INFO: [ app_end ] --END-- [ RunTime:0.001001s ]

[ 2017-04-02T21:30:21+08:00 ] ::1 /wenda/admin.php/Users/search
INFO: [ app_begin ] --START--
INFO: Run Behavior\ReadHtmlCacheBehavior [ RunTime:0.001000s ]
INFO: [ app_begin ] --END-- [ RunTime:0.001000s ]
SQL: SHOW COLUMNS FROM `wenda_users` [ RunTime:0.0010s ]
SQL: SELECT * FROM `wenda_users` WHERE ( `username` LIKE '%儿微微%' OR `email` LIKE '%儿微微%' OR `tel` LIKE '%儿微微%' )  [ RunTime:0.0010s ]
INFO: [ app_end ] --START--
INFO: Run Behavior\ShowPageTraceBehavior [ RunTime:0.001000s ]
INFO: [ app_end ] --END-- [ RunTime:0.001000s ]

[ 2017-04-02T21:30:35+08:00 ] ::1 /wenda/admin.php/Users/search
INFO: [ app_begin ] --START--
INFO: Run Behavior\ReadHtmlCacheBehavior [ RunTime:0.001000s ]
INFO: [ app_begin ] --END-- [ RunTime:0.002000s ]
SQL: SHOW COLUMNS FROM `wenda_users` [ RunTime:0.0000s ]
SQL: SELECT * FROM `wenda_users` WHERE ( `username` LIKE '%小强%' OR `email` LIKE '%小强%' OR `tel` LIKE '%小强%' )  [ RunTime:0.0010s ]
INFO: [ app_end ] --START--
INFO: Run Behavior\ShowPageTraceBehavior [ RunTime:0.001000s ]
INFO: [ app_end ] --END-- [ RunTime:0.002000s ]

[ 2017-04-02T21:32:12+08:00 ] ::1 /wenda/admin.php/Users/search
INFO: [ app_begin ] --START--
INFO: Run Behavior\ReadHtmlCacheBehavior [ RunTime:0.001000s ]
INFO: [ app_begin ] --END-- [ RunTime:0.002000s ]
SQL: SHOW COLUMNS FROM `wenda_users` [ RunTime:0.0010s ]
SQL: SELECT * FROM `wenda_users` WHERE ( `username` LIKE '%微微%' OR `email` LIKE '%微微%' OR `tel` LIKE '%微微%' )  [ RunTime:0.0010s ]
INFO: [ app_end ] --START--
INFO: Run Behavior\ShowPageTraceBehavior [ RunTime:0.002000s ]
INFO: [ app_end ] --END-- [ RunTime:0.003000s ]

[ 2017-04-02T21:33:42+08:00 ] ::1 /wenda/admin.php/Users/search
INFO: [ app_begin ] --START--
INFO: Run Behavior\ReadHtmlCacheBehavior [ RunTime:0.001000s ]
INFO: [ app_begin ] --END-- [ RunTime:0.001000s ]
SQL: SHOW COLUMNS FROM `wenda_users` [ RunTime:0.0040s ]
SQL: SELECT * FROM `wenda_users` WHERE ( `username` LIKE '%weiwie%' OR `email` LIKE '%weiwie%' OR `tel` LIKE '%weiwie%' )  [ RunTime:0.0010s ]
INFO: [ app_end ] --START--
INFO: Run Behavior\ShowPageTraceBehavior [ RunTime:0.001000s ]
INFO: [ app_end ] --END-- [ RunTime:0.001000s ]

[ 2017-04-02T21:34:03+08:00 ] ::1 /wenda/admin.php/Users/search
INFO: [ app_begin ] --START--
INFO: Run Behavior\ReadHtmlCacheBehavior [ RunTime:0.006000s ]
INFO: [ app_begin ] --END-- [ RunTime:0.008000s ]
SQL: SHOW COLUMNS FROM `wenda_users` [ RunTime:0.0020s ]
SQL: SELECT * FROM `wenda_users` WHERE ( `username` LIKE '%小%' OR `email` LIKE '%小%' OR `tel` LIKE '%小%' )  [ RunTime:0.0010s ]
INFO: [ app_end ] --START--
INFO: Run Behavior\ShowPageTraceBehavior [ RunTime:0.002000s ]
INFO: [ app_end ] --END-- [ RunTime:0.002000s ]

[ 2017-04-02T21:34:20+08:00 ] ::1 /wenda/admin.php/Users/search
INFO: [ app_begin ] --START--
INFO: Run Behavior\ReadHtmlCacheBehavior [ RunTime:0.000000s ]
INFO: [ app_begin ] --END-- [ RunTime:0.002000s ]
SQL: SHOW COLUMNS FROM `wenda_users` [ RunTime:0.0030s ]
SQL: SELECT * FROM `wenda_users` WHERE ( `username` LIKE '%小强%' OR `email` LIKE '%小强%' OR `tel` LIKE '%小强%' )  [ RunTime:0.0000s ]
INFO: [ app_end ] --START--
INFO: Run Behavior\ShowPageTraceBehavior [ RunTime:0.001000s ]
INFO: [ app_end ] --END-- [ RunTime:0.001000s ]

[ 2017-04-02T21:34:21+08:00 ] ::1 /wenda/admin.php/Users/search
INFO: [ app_begin ] --START--
INFO: Run Behavior\ReadHtmlCacheBehavior [ RunTime:0.000000s ]
INFO: [ app_begin ] --END-- [ RunTime:0.001000s ]
SQL: SHOW COLUMNS FROM `wenda_users` [ RunTime:0.0010s ]
SQL: SELECT * FROM `wenda_users` WHERE ( `username` LIKE '%小强%' OR `email` LIKE '%小强%' OR `tel` LIKE '%小强%' )  [ RunTime:0.0000s ]
INFO: [ app_end ] --START--
INFO: Run Behavior\ShowPageTraceBehavior [ RunTime:0.001000s ]
INFO: [ app_end ] --END-- [ RunTime:0.002000s ]

[ 2017-04-02T21:34:22+08:00 ] ::1 /wenda/admin.php/Users/search
INFO: [ app_begin ] --START--
INFO: Run Behavior\ReadHtmlCacheBehavior [ RunTime:0.000000s ]
INFO: [ app_begin ] --END-- [ RunTime:0.002000s ]
SQL: SHOW COLUMNS FROM `wenda_users` [ RunTime:0.0010s ]
SQL: SELECT * FROM `wenda_users` WHERE ( `username` LIKE '%小强%' OR `email` LIKE '%小强%' OR `tel` LIKE '%小强%' )  [ RunTime:0.0010s ]
INFO: [ app_end ] --START--
INFO: Run Behavior\ShowPageTraceBehavior [ RunTime:0.001000s ]
INFO: [ app_end ] --END-- [ RunTime:0.001000s ]

[ 2017-04-02T21:34:22+08:00 ] ::1 /wenda/admin.php/Users/search
INFO: [ app_begin ] --START--
INFO: Run Behavior\ReadHtmlCacheBehavior [ RunTime:0.001000s ]
INFO: [ app_begin ] --END-- [ RunTime:0.002000s ]
SQL: SHOW COLUMNS FROM `wenda_users` [ RunTime:0.0010s ]
SQL: SELECT * FROM `wenda_users` WHERE ( `username` LIKE '%小强%' OR `email` LIKE '%小强%' OR `tel` LIKE '%小强%' )  [ RunTime:0.0010s ]
INFO: [ app_end ] --START--
INFO: Run Behavior\ShowPageTraceBehavior [ RunTime:0.001000s ]
INFO: [ app_end ] --END-- [ RunTime:0.001000s ]

[ 2017-04-02T21:36:59+08:00 ] ::1 /wenda/admin.php/Users/search
INFO: [ app_begin ] --START--
INFO: Run Behavior\ReadHtmlCacheBehavior [ RunTime:0.001000s ]
INFO: [ app_begin ] --END-- [ RunTime:0.001000s ]
SQL: SHOW COLUMNS FROM `wenda_users` [ RunTime:0.0010s ]
SQL: SELECT * FROM `wenda_users` WHERE ( `username` LIKE '%小强%' OR `email` LIKE '%小强%' OR `tel` LIKE '%小强%' )  [ RunTime:0.0010s ]
INFO: [ app_end ] --START--
INFO: Run Behavior\ShowPageTraceBehavior [ RunTime:0.001000s ]
INFO: [ app_end ] --END-- [ RunTime:0.001000s ]

[ 2017-04-02T21:37:09+08:00 ] ::1 /wenda/admin.php/Users/search
INFO: [ app_begin ] --START--
INFO: Run Behavior\ReadHtmlCacheBehavior [ RunTime:0.001000s ]
INFO: [ app_begin ] --END-- [ RunTime:0.002001s ]
SQL: SHOW COLUMNS FROM `wenda_users` [ RunTime:0.0010s ]
SQL: SELECT * FROM `wenda_users` WHERE ( `username` LIKE '%微微%' OR `email` LIKE '%微微%' OR `tel` LIKE '%微微%' )  [ RunTime:0.0010s ]
INFO: [ app_end ] --START--
INFO: Run Behavior\ShowPageTraceBehavior [ RunTime:0.001000s ]
INFO: [ app_end ] --END-- [ RunTime:0.001000s ]

[ 2017-04-02T21:44:00+08:00 ] ::1 /wenda/admin.php/Users/search
INFO: [ app_begin ] --START--
INFO: Run Behavior\ReadHtmlCacheBehavior [ RunTime:0.001000s ]
INFO: [ app_begin ] --END-- [ RunTime:0.002000s ]
SQL: SHOW COLUMNS FROM `wenda_users` [ RunTime:0.0000s ]
SQL: SELECT * FROM `wenda_users` WHERE ( `username` LIKE '%微微%' OR `email` LIKE '%微微%' OR `tel` LIKE '%微微%' )  [ RunTime:0.0000s ]
INFO: [ app_end ] --START--
INFO: Run Behavior\ShowPageTraceBehavior [ RunTime:0.001000s ]
INFO: [ app_end ] --END-- [ RunTime:0.002000s ]

[ 2017-04-02T21:50:06+08:00 ] ::1 /wenda/admin.php/Users/search
INFO: [ app_begin ] --START--
INFO: Run Behavior\ReadHtmlCacheBehavior [ RunTime:0.004001s ]
INFO: [ app_begin ] --END-- [ RunTime:0.004001s ]
NOTIC: [8] Undefined index: s D:\wamp64\www\wenda\Application\Admin\Controller\UsersController.class.php 第 51 行.
SQL: SHOW COLUMNS FROM `wenda_users` [ RunTime:0.0030s ]
SQL: SELECT * FROM `wenda_users` WHERE ( `username` LIKE '%%' OR `email` LIKE '%%' OR `tel` LIKE '%%' )  [ RunTime:0.0010s ]
INFO: [ app_end ] --START--
INFO: Run Behavior\ShowPageTraceBehavior [ RunTime:0.001000s ]
INFO: [ app_end ] --END-- [ RunTime:0.001000s ]

[ 2017-04-02T21:50:17+08:00 ] ::1 /wenda/admin.php/Users/search
INFO: [ app_begin ] --START--
INFO: Run Behavior\ReadHtmlCacheBehavior [ RunTime:0.001000s ]
INFO: [ app_begin ] --END-- [ RunTime:0.002000s ]
NOTIC: [8] Undefined index: s D:\wamp64\www\wenda\Application\Admin\Controller\UsersController.class.php 第 51 行.
SQL: SHOW COLUMNS FROM `wenda_users` [ RunTime:0.0010s ]
SQL: SELECT * FROM `wenda_users` WHERE ( `username` LIKE '%%' OR `email` LIKE '%%' OR `tel` LIKE '%%' )  [ RunTime:0.0010s ]
INFO: [ app_end ] --START--
INFO: Run Behavior\ShowPageTraceBehavior [ RunTime:0.001000s ]
INFO: [ app_end ] --END-- [ RunTime:0.001000s ]

[ 2017-04-02T21:50:18+08:00 ] ::1 /wenda/admin.php/Users/search
INFO: [ app_begin ] --START--
INFO: Run Behavior\ReadHtmlCacheBehavior [ RunTime:0.001000s ]
INFO: [ app_begin ] --END-- [ RunTime:0.002000s ]
NOTIC: [8] Undefined index: s D:\wamp64\www\wenda\Application\Admin\Controller\UsersController.class.php 第 51 行.
SQL: SHOW COLUMNS FROM `wenda_users` [ RunTime:0.0000s ]
SQL: SELECT * FROM `wenda_users` WHERE ( `username` LIKE '%%' OR `email` LIKE '%%' OR `tel` LIKE '%%' )  [ RunTime:0.0000s ]
INFO: [ app_end ] --START--
INFO: Run Behavior\ShowPageTraceBehavior [ RunTime:0.001000s ]
INFO: [ app_end ] --END-- [ RunTime:0.001000s ]

[ 2017-04-02T21:50:42+08:00 ] ::1 /wenda/admin.php/Users/search
INFO: [ app_begin ] --START--
INFO: Run Behavior\ReadHtmlCacheBehavior [ RunTime:0.001000s ]
INFO: [ app_begin ] --END-- [ RunTime:0.002000s ]
NOTIC: [8] Undefined index: s D:\wamp64\www\wenda\Application\Admin\Controller\UsersController.class.php 第 51 行.
SQL: SHOW COLUMNS FROM `wenda_users` [ RunTime:0.0010s ]
SQL: SELECT * FROM `wenda_users` WHERE ( `username` LIKE '%%' OR `email` LIKE '%%' OR `tel` LIKE '%%' )  [ RunTime:0.0000s ]
INFO: [ app_end ] --START--
INFO: Run Behavior\ShowPageTraceBehavior [ RunTime:0.001000s ]
INFO: [ app_end ] --END-- [ RunTime:0.001000s ]

[ 2017-04-02T21:51:15+08:00 ] ::1 /wenda/admin.php/Users/search
INFO: [ app_begin ] --START--
INFO: Run Behavior\ReadHtmlCacheBehavior [ RunTime:0.002000s ]
INFO: [ app_begin ] --END-- [ RunTime:0.005001s ]
NOTIC: [8] Undefined index: s D:\wamp64\www\wenda\Application\Admin\Controller\UsersController.class.php 第 51 行.
SQL: SHOW COLUMNS FROM `wenda_users` [ RunTime:0.0010s ]
SQL: SELECT * FROM `wenda_users` WHERE ( `username` LIKE '%%' OR `email` LIKE '%%' OR `tel` LIKE '%%' )  [ RunTime:0.0000s ]
INFO: [ app_end ] --START--
INFO: Run Behavior\ShowPageTraceBehavior [ RunTime:0.001000s ]
INFO: [ app_end ] --END-- [ RunTime:0.001000s ]

[ 2017-04-02T21:54:28+08:00 ] ::1 /wenda/admin.php/Users/search
INFO: [ app_begin ] --START--
INFO: Run Behavior\ReadHtmlCacheBehavior [ RunTime:0.001001s ]
INFO: [ app_begin ] --END-- [ RunTime:0.002001s ]
NOTIC: [8] Undefined index: s D:\wamp64\www\wenda\Application\Admin\Controller\UsersController.class.php 第 51 行.
SQL: SHOW COLUMNS FROM `wenda_users` [ RunTime:0.0010s ]
SQL: SELECT * FROM `wenda_users` WHERE ( `username` LIKE '%%' OR `email` LIKE '%%' OR `tel` LIKE '%%' )  [ RunTime:0.0010s ]
INFO: [ app_end ] --START--
INFO: Run Behavior\ShowPageTraceBehavior [ RunTime:0.001000s ]
INFO: [ app_end ] --END-- [ RunTime:0.002000s ]

[ 2017-04-02T21:54:34+08:00 ] ::1 /wenda/admin.php/Users/search
INFO: [ app_begin ] --START--
INFO: Run Behavior\ReadHtmlCacheBehavior [ RunTime:0.003000s ]
INFO: [ app_begin ] --END-- [ RunTime:0.004000s ]
NOTIC: [8] Undefined index: s D:\wamp64\www\wenda\Application\Admin\Controller\UsersController.class.php 第 51 行.
SQL: SHOW COLUMNS FROM `wenda_users` [ RunTime:0.0010s ]
SQL: SELECT * FROM `wenda_users` WHERE ( `username` LIKE '%%' OR `email` LIKE '%%' OR `tel` LIKE '%%' )  [ RunTime:0.0000s ]
INFO: [ app_end ] --START--
INFO: Run Behavior\ShowPageTraceBehavior [ RunTime:0.001000s ]
INFO: [ app_end ] --END-- [ RunTime:0.001000s ]

[ 2017-04-02T21:56:26+08:00 ] ::1 /wenda/admin.php/Users/search
INFO: [ app_begin ] --START--
INFO: Run Behavior\ReadHtmlCacheBehavior [ RunTime:0.002001s ]
INFO: [ app_begin ] --END-- [ RunTime:0.003001s ]
NOTIC: [8] Undefined index: s D:\wamp64\www\wenda\Application\Admin\Controller\UsersController.class.php 第 51 行.
SQL: SHOW COLUMNS FROM `wenda_users` [ RunTime:0.0010s ]
SQL: SELECT * FROM `wenda_users` WHERE ( `username` LIKE '%%' OR `email` LIKE '%%' OR `tel` LIKE '%%' )  [ RunTime:0.0010s ]
INFO: [ app_end ] --START--
INFO: Run Behavior\ShowPageTraceBehavior [ RunTime:0.002000s ]
INFO: [ app_end ] --END-- [ RunTime:0.002000s ]

[ 2017-04-02T21:56:35+08:00 ] ::1 /wenda/admin.php/Users/search
INFO: [ app_begin ] --START--
INFO: Run Behavior\ReadHtmlCacheBehavior [ RunTime:0.001001s ]
INFO: [ app_begin ] --END-- [ RunTime:0.001001s ]
NOTIC: [8] Undefined index: s D:\wamp64\www\wenda\Application\Admin\Controller\UsersController.class.php 第 51 行.
SQL: SHOW COLUMNS FROM `wenda_users` [ RunTime:0.0010s ]
SQL: SELECT * FROM `wenda_users` WHERE ( `username` LIKE '%%' OR `email` LIKE '%%' OR `tel` LIKE '%%' )  [ RunTime:0.0010s ]
INFO: [ app_end ] --START--
INFO: Run Behavior\ShowPageTraceBehavior [ RunTime:0.001000s ]
INFO: [ app_end ] --END-- [ RunTime:0.001000s ]

[ 2017-04-02T21:57:38+08:00 ] ::1 /wenda/admin.php/Users/search
INFO: [ app_begin ] --START--
INFO: Run Behavior\ReadHtmlCacheBehavior [ RunTime:0.000000s ]
INFO: [ app_begin ] --END-- [ RunTime:0.001000s ]
NOTIC: [8] Undefined index: s D:\wamp64\www\wenda\Application\Admin\Controller\UsersController.class.php 第 51 行.
SQL: SHOW COLUMNS FROM `wenda_users` [ RunTime:0.0010s ]
SQL: SELECT * FROM `wenda_users` WHERE ( `username` LIKE '%%' OR `email` LIKE '%%' OR `tel` LIKE '%%' )  [ RunTime:0.0010s ]
INFO: [ app_end ] --START--
INFO: Run Behavior\ShowPageTraceBehavior [ RunTime:0.001000s ]
INFO: [ app_end ] --END-- [ RunTime:0.001000s ]

[ 2017-04-02T21:57:51+08:00 ] ::1 /wenda/admin.php/Users/search
INFO: [ app_begin ] --START--
INFO: Run Behavior\ReadHtmlCacheBehavior [ RunTime:0.001000s ]
INFO: [ app_begin ] --END-- [ RunTime:0.002000s ]
NOTIC: [8] Undefined index: s D:\wamp64\www\wenda\Application\Admin\Controller\UsersController.class.php 第 51 行.
SQL: SHOW COLUMNS FROM `wenda_users` [ RunTime:0.0010s ]
SQL: SELECT * FROM `wenda_users` WHERE ( `username` LIKE '%%' OR `email` LIKE '%%' OR `tel` LIKE '%%' )  [ RunTime:0.0010s ]
INFO: [ app_end ] --START--
INFO: Run Behavior\ShowPageTraceBehavior [ RunTime:0.001000s ]
INFO: [ app_end ] --END-- [ RunTime:0.001000s ]

[ 2017-04-02T21:58:24+08:00 ] ::1 /wenda/admin.php/Users/search
INFO: [ app_begin ] --START--
INFO: Run Behavior\ReadHtmlCacheBehavior [ RunTime:0.001000s ]
INFO: [ app_begin ] --END-- [ RunTime:0.001000s ]
NOTIC: [8] Undefined index: s D:\wamp64\www\wenda\Application\Admin\Controller\UsersController.class.php 第 51 行.
SQL: SHOW COLUMNS FROM `wenda_users` [ RunTime:0.0010s ]
SQL: SELECT * FROM `wenda_users` WHERE ( `username` LIKE '%%' OR `email` LIKE '%%' OR `tel` LIKE '%%' )  [ RunTime:0.0000s ]
INFO: [ app_end ] --START--
INFO: Run Behavior\ShowPageTraceBehavior [ RunTime:0.002000s ]
INFO: [ app_end ] --END-- [ RunTime:0.002000s ]

[ 2017-04-02T21:59:27+08:00 ] ::1 /wenda/admin.php/Users/search
INFO: [ app_begin ] --START--
INFO: Run Behavior\ReadHtmlCacheBehavior [ RunTime:0.001000s ]
INFO: [ app_begin ] --END-- [ RunTime:0.002001s ]
NOTIC: [8] Undefined index: s D:\wamp64\www\wenda\Application\Admin\Controller\UsersController.class.php 第 51 行.
SQL: SHOW COLUMNS FROM `wenda_users` [ RunTime:0.0010s ]
SQL: SELECT * FROM `wenda_users` WHERE ( `username` LIKE '%%' OR `email` LIKE '%%' OR `tel` LIKE '%%' )  [ RunTime:0.0010s ]
INFO: [ app_end ] --START--
INFO: Run Behavior\ShowPageTraceBehavior [ RunTime:0.001000s ]
INFO: [ app_end ] --END-- [ RunTime:0.002000s ]

[ 2017-04-02T21:59:38+08:00 ] ::1 /wenda/admin.php/Users/search
INFO: [ app_begin ] --START--
INFO: Run Behavior\ReadHtmlCacheBehavior [ RunTime:0.002000s ]
INFO: [ app_begin ] --END-- [ RunTime:0.002000s ]
NOTIC: [8] Undefined index: s D:\wamp64\www\wenda\Application\Admin\Controller\UsersController.class.php 第 51 行.
SQL: SHOW COLUMNS FROM `wenda_users` [ RunTime:0.0010s ]
SQL: SELECT * FROM `wenda_users` WHERE ( `username` LIKE '%%' OR `email` LIKE '%%' OR `tel` LIKE '%%' )  [ RunTime:0.0010s ]
INFO: [ app_end ] --START--
INFO: Run Behavior\ShowPageTraceBehavior [ RunTime:0.001000s ]
INFO: [ app_end ] --END-- [ RunTime:0.001000s ]

[ 2017-04-02T21:59:59+08:00 ] ::1 /wenda/admin.php/Users/search
INFO: [ app_begin ] --START--
INFO: Run Behavior\ReadHtmlCacheBehavior [ RunTime:0.000000s ]
INFO: [ app_begin ] --END-- [ RunTime:0.001000s ]
NOTIC: [8] Undefined index: s D:\wamp64\www\wenda\Application\Admin\Controller\UsersController.class.php 第 51 行.
SQL: SHOW COLUMNS FROM `wenda_users` [ RunTime:0.0010s ]
SQL: SELECT * FROM `wenda_users` WHERE ( `username` LIKE '%%' OR `email` LIKE '%%' OR `tel` LIKE '%%' )  [ RunTime:0.0000s ]
INFO: [ app_end ] --START--
INFO: Run Behavior\ShowPageTraceBehavior [ RunTime:0.001000s ]
INFO: [ app_end ] --END-- [ RunTime:0.001000s ]

[ 2017-04-02T22:00:08+08:00 ] ::1 /wenda/admin.php/Users/search
INFO: [ app_begin ] --START--
INFO: Run Behavior\ReadHtmlCacheBehavior [ RunTime:0.005001s ]
INFO: [ app_begin ] --END-- [ RunTime:0.006001s ]
NOTIC: [8] Undefined index: s D:\wamp64\www\wenda\Application\Admin\Controller\UsersController.class.php 第 51 行.
SQL: SHOW COLUMNS FROM `wenda_users` [ RunTime:0.0010s ]
SQL: SELECT * FROM `wenda_users` WHERE ( `username` LIKE '%%' OR `email` LIKE '%%' OR `tel` LIKE '%%' )  [ RunTime:0.0010s ]
INFO: [ app_end ] --START--
INFO: Run Behavior\ShowPageTraceBehavior [ RunTime:0.002000s ]
INFO: [ app_end ] --END-- [ RunTime:0.002000s ]

[ 2017-04-02T22:02:20+08:00 ] ::1 /wenda/admin.php/Users/search
INFO: [ app_begin ] --START--
INFO: Run Behavior\ReadHtmlCacheBehavior [ RunTime:0.001001s ]
INFO: [ app_begin ] --END-- [ RunTime:0.002001s ]
SQL: SHOW COLUMNS FROM `wenda_users` [ RunTime:0.0020s ]
SQL: SELECT * FROM `wenda_users` WHERE ( `username` LIKE '%小强%' OR `email` LIKE '%小强%' OR `tel` LIKE '%小强%' )  [ RunTime:0.0020s ]
INFO: [ app_end ] --START--
INFO: Run Behavior\ShowPageTraceBehavior [ RunTime:0.002001s ]
INFO: [ app_end ] --END-- [ RunTime:0.002001s ]

[ 2017-04-02T22:02:22+08:00 ] ::1 /wenda/admin.php/Users/search
INFO: [ app_begin ] --START--
INFO: Run Behavior\ReadHtmlCacheBehavior [ RunTime:0.001000s ]
INFO: [ app_begin ] --END-- [ RunTime:0.001000s ]
SQL: SHOW COLUMNS FROM `wenda_users` [ RunTime:0.0030s ]
SQL: SELECT * FROM `wenda_users` WHERE ( `username` LIKE '%小强%' OR `email` LIKE '%小强%' OR `tel` LIKE '%小强%' )  [ RunTime:0.0010s ]
INFO: [ app_end ] --START--
INFO: Run Behavior\ShowPageTraceBehavior [ RunTime:0.001001s ]
INFO: [ app_end ] --END-- [ RunTime:0.002001s ]

[ 2017-04-02T22:02:29+08:00 ] ::1 /wenda/admin.php/Users/search
INFO: [ app_begin ] --START--
INFO: Run Behavior\ReadHtmlCacheBehavior [ RunTime:0.001000s ]
INFO: [ app_begin ] --END-- [ RunTime:0.005001s ]
SQL: SHOW COLUMNS FROM `wenda_users` [ RunTime:0.0010s ]
SQL: SELECT * FROM `wenda_users` WHERE ( `username` LIKE '%微微%' OR `email` LIKE '%微微%' OR `tel` LIKE '%微微%' )  [ RunTime:0.0000s ]
INFO: [ app_end ] --START--
INFO: Run Behavior\ShowPageTraceBehavior [ RunTime:0.004001s ]
INFO: [ app_end ] --END-- [ RunTime:0.004001s ]

[ 2017-04-02T22:03:05+08:00 ] ::1 /wenda/admin.php/Users/search
INFO: [ app_begin ] --START--
INFO: Run Behavior\ReadHtmlCacheBehavior [ RunTime:0.002000s ]
INFO: [ app_begin ] --END-- [ RunTime:0.002000s ]
SQL: SHOW COLUMNS FROM `wenda_users` [ RunTime:0.0010s ]
SQL: SELECT * FROM `wenda_users` WHERE ( `username` LIKE '%小强%' OR `email` LIKE '%小强%' OR `tel` LIKE '%小强%' )  [ RunTime:0.0000s ]
INFO: [ app_end ] --START--
INFO: Run Behavior\ShowPageTraceBehavior [ RunTime:0.001000s ]
INFO: [ app_end ] --END-- [ RunTime:0.001000s ]

[ 2017-04-02T22:03:07+08:00 ] ::1 /wenda/admin.php/Users/search
INFO: [ app_begin ] --START--
INFO: Run Behavior\ReadHtmlCacheBehavior [ RunTime:0.001000s ]
INFO: [ app_begin ] --END-- [ RunTime:0.002000s ]
SQL: SHOW COLUMNS FROM `wenda_users` [ RunTime:0.0010s ]
SQL: SELECT * FROM `wenda_users` WHERE ( `username` LIKE '%小强%' OR `email` LIKE '%小强%' OR `tel` LIKE '%小强%' )  [ RunTime:0.0020s ]
INFO: [ app_end ] --START--
INFO: Run Behavior\ShowPageTraceBehavior [ RunTime:0.001000s ]
INFO: [ app_end ] --END-- [ RunTime:0.001000s ]

[ 2017-04-02T22:04:30+08:00 ] ::1 /wenda/admin.php/Users/search
INFO: [ app_begin ] --START--
INFO: Run Behavior\ReadHtmlCacheBehavior [ RunTime:0.001000s ]
INFO: [ app_begin ] --END-- [ RunTime:0.001000s ]
SQL: SHOW COLUMNS FROM `wenda_users` [ RunTime:0.0010s ]
SQL: SELECT * FROM `wenda_users` WHERE ( `username` LIKE '%小强%' OR `email` LIKE '%小强%' OR `tel` LIKE '%小强%' )  [ RunTime:0.0000s ]
INFO: [ app_end ] --START--
INFO: Run Behavior\ShowPageTraceBehavior [ RunTime:0.002000s ]
INFO: [ app_end ] --END-- [ RunTime:0.002000s ]

[ 2017-04-02T22:04:31+08:00 ] ::1 /wenda/admin.php/Users/search
INFO: [ app_begin ] --START--
INFO: Run Behavior\ReadHtmlCacheBehavior [ RunTime:0.001000s ]
INFO: [ app_begin ] --END-- [ RunTime:0.002000s ]
SQL: SHOW COLUMNS FROM `wenda_users` [ RunTime:0.0020s ]
SQL: SELECT * FROM `wenda_users` WHERE ( `username` LIKE '%小强%' OR `email` LIKE '%小强%' OR `tel` LIKE '%小强%' )  [ RunTime:0.0010s ]
INFO: [ app_end ] --START--
INFO: Run Behavior\ShowPageTraceBehavior [ RunTime:0.001000s ]
INFO: [ app_end ] --END-- [ RunTime:0.002000s ]

[ 2017-04-02T22:04:54+08:00 ] ::1 /wenda/admin.php/Users/search
INFO: [ app_begin ] --START--
INFO: Run Behavior\ReadHtmlCacheBehavior [ RunTime:0.001000s ]
INFO: [ app_begin ] --END-- [ RunTime:0.002000s ]
SQL: SHOW COLUMNS FROM `wenda_users` [ RunTime:0.0010s ]
SQL: SELECT * FROM `wenda_users` WHERE ( `username` LIKE '%小强%' OR `email` LIKE '%小强%' OR `tel` LIKE '%小强%' )  [ RunTime:0.0000s ]
INFO: [ app_end ] --START--
INFO: Run Behavior\ShowPageTraceBehavior [ RunTime:0.000000s ]
INFO: [ app_end ] --END-- [ RunTime:0.002000s ]

[ 2017-04-02T22:06:08+08:00 ] ::1 /wenda/admin.php/Users/search
INFO: [ app_begin ] --START--
INFO: Run Behavior\ReadHtmlCacheBehavior [ RunTime:0.001000s ]
INFO: [ app_begin ] --END-- [ RunTime:0.002000s ]
SQL: SHOW COLUMNS FROM `wenda_users` [ RunTime:0.0030s ]
SQL: SELECT * FROM `wenda_users` WHERE ( `username` LIKE '%小强%' OR `email` LIKE '%小强%' OR `tel` LIKE '%小强%' )  [ RunTime:0.0010s ]
INFO: [ app_end ] --START--
INFO: Run Behavior\ShowPageTraceBehavior [ RunTime:0.001000s ]
INFO: [ app_end ] --END-- [ RunTime:0.001000s ]

[ 2017-04-02T22:06:09+08:00 ] ::1 /wenda/admin.php/Users/search
INFO: [ app_begin ] --START--
INFO: Run Behavior\ReadHtmlCacheBehavior [ RunTime:0.001000s ]
INFO: [ app_begin ] --END-- [ RunTime:0.002001s ]
SQL: SHOW COLUMNS FROM `wenda_users` [ RunTime:0.0020s ]
SQL: SELECT * FROM `wenda_users` WHERE ( `username` LIKE '%小强%' OR `email` LIKE '%小强%' OR `tel` LIKE '%小强%' )  [ RunTime:0.0000s ]
INFO: [ app_end ] --START--
INFO: Run Behavior\ShowPageTraceBehavior [ RunTime:0.001000s ]
INFO: [ app_end ] --END-- [ RunTime:0.002000s ]

[ 2017-04-02T22:06:18+08:00 ] ::1 /wenda/admin.php/Users/search
INFO: [ app_begin ] --START--
INFO: Run Behavior\ReadHtmlCacheBehavior [ RunTime:0.001000s ]
INFO: [ app_begin ] --END-- [ RunTime:0.002000s ]
SQL: SHOW COLUMNS FROM `wenda_users` [ RunTime:0.0010s ]
SQL: SELECT * FROM `wenda_users` WHERE ( `username` LIKE '%小强%' OR `email` LIKE '%小强%' OR `tel` LIKE '%小强%' )  [ RunTime:0.0000s ]
INFO: [ app_end ] --START--
INFO: Run Behavior\ShowPageTraceBehavior [ RunTime:0.001000s ]
INFO: [ app_end ] --END-- [ RunTime:0.001000s ]

[ 2017-04-02T22:09:19+08:00 ] ::1 /wenda/admin.php/Users/search
INFO: [ app_begin ] --START--
INFO: Run Behavior\ReadHtmlCacheBehavior [ RunTime:0.001000s ]
INFO: [ app_begin ] --END-- [ RunTime:0.003000s ]
SQL: SHOW COLUMNS FROM `wenda_users` [ RunTime:0.0010s ]
SQL: SELECT * FROM `wenda_users` WHERE ( `username` LIKE '%小强%' OR `email` LIKE '%小强%' OR `tel` LIKE '%小强%' )  [ RunTime:0.0020s ]
INFO: [ app_end ] --START--
INFO: Run Behavior\ShowPageTraceBehavior [ RunTime:0.001000s ]
INFO: [ app_end ] --END-- [ RunTime:0.001000s ]

[ 2017-04-02T22:13:35+08:00 ] ::1 /wenda/admin.php/Users/search
INFO: [ app_begin ] --START--
INFO: Run Behavior\ReadHtmlCacheBehavior [ RunTime:0.001000s ]
INFO: [ app_begin ] --END-- [ RunTime:0.002000s ]
SQL: SHOW COLUMNS FROM `wenda_users` [ RunTime:0.0000s ]
SQL: SELECT * FROM `wenda_users` WHERE ( `username` LIKE '%小强%' OR `email` LIKE '%小强%' OR `tel` LIKE '%小强%' )  [ RunTime:0.0010s ]
INFO: [ app_end ] --START--
INFO: Run Behavior\ShowPageTraceBehavior [ RunTime:0.002000s ]
INFO: [ app_end ] --END-- [ RunTime:0.003000s ]

[ 2017-04-02T22:14:10+08:00 ] ::1 /wenda/admin.php/Users/search
INFO: [ app_begin ] --START--
INFO: Run Behavior\ReadHtmlCacheBehavior [ RunTime:0.001000s ]
INFO: [ app_begin ] --END-- [ RunTime:0.002001s ]
SQL: SHOW COLUMNS FROM `wenda_users` [ RunTime:0.0010s ]
SQL: SELECT * FROM `wenda_users` WHERE ( `username` LIKE '%小强%' OR `email` LIKE '%小强%' OR `tel` LIKE '%小强%' )  [ RunTime:0.0010s ]
INFO: [ app_end ] --START--
INFO: Run Behavior\ShowPageTraceBehavior [ RunTime:0.001000s ]
INFO: [ app_end ] --END-- [ RunTime:0.001000s ]

[ 2017-04-02T22:14:25+08:00 ] ::1 /wenda/admin.php/Users/search
INFO: [ app_begin ] --START--
INFO: Run Behavior\ReadHtmlCacheBehavior [ RunTime:0.000000s ]
INFO: [ app_begin ] --END-- [ RunTime:0.002000s ]
SQL: SHOW COLUMNS FROM `wenda_users` [ RunTime:0.0010s ]
SQL: SELECT * FROM `wenda_users` WHERE ( `username` LIKE '%小强%' OR `email` LIKE '%小强%' OR `tel` LIKE '%小强%' )  [ RunTime:0.0000s ]
INFO: [ app_end ] --START--
INFO: Run Behavior\ShowPageTraceBehavior [ RunTime:0.001000s ]
INFO: [ app_end ] --END-- [ RunTime:0.002000s ]

[ 2017-04-02T22:15:09+08:00 ] ::1 /wenda/admin.php/Users/search
INFO: [ app_begin ] --START--
INFO: Run Behavior\ReadHtmlCacheBehavior [ RunTime:0.001000s ]
INFO: [ app_begin ] --END-- [ RunTime:0.002000s ]
SQL: SHOW COLUMNS FROM `wenda_users` [ RunTime:0.0040s ]
SQL: SELECT * FROM `wenda_users` WHERE ( `username` LIKE '%小强%' OR `email` LIKE '%小强%' OR `tel` LIKE '%小强%' )  [ RunTime:0.0010s ]
INFO: [ app_end ] --START--
INFO: Run Behavior\ShowPageTraceBehavior [ RunTime:0.002000s ]
INFO: [ app_end ] --END-- [ RunTime:0.002000s ]

[ 2017-04-02T22:15:39+08:00 ] ::1 /wenda/admin.php/Users/search
INFO: [ app_begin ] --START--
INFO: Run Behavior\ReadHtmlCacheBehavior [ RunTime:0.001000s ]
INFO: [ app_begin ] --END-- [ RunTime:0.001000s ]
SQL: SHOW COLUMNS FROM `wenda_users` [ RunTime:0.0020s ]
SQL: SELECT * FROM `wenda_users` WHERE ( `username` LIKE '%小强%' OR `email` LIKE '%小强%' OR `tel` LIKE '%小强%' )  [ RunTime:0.0000s ]
INFO: [ app_end ] --START--
INFO: Run Behavior\ShowPageTraceBehavior [ RunTime:0.001000s ]
INFO: [ app_end ] --END-- [ RunTime:0.001000s ]

[ 2017-04-02T22:16:00+08:00 ] ::1 /wenda/admin.php/Users/search
INFO: [ app_begin ] --START--
INFO: Run Behavior\ReadHtmlCacheBehavior [ RunTime:0.001000s ]
INFO: [ app_begin ] --END-- [ RunTime:0.001000s ]
SQL: SHOW COLUMNS FROM `wenda_users` [ RunTime:0.0000s ]
SQL: SELECT * FROM `wenda_users` WHERE ( `username` LIKE '%小强%' OR `email` LIKE '%小强%' OR `tel` LIKE '%小强%' )  [ RunTime:0.0010s ]
INFO: [ app_end ] --START--
INFO: Run Behavior\ShowPageTraceBehavior [ RunTime:0.001000s ]
INFO: [ app_end ] --END-- [ RunTime:0.002000s ]

[ 2017-04-02T22:16:54+08:00 ] ::1 /wenda/admin.php/Users/search
INFO: [ app_begin ] --START--
INFO: Run Behavior\ReadHtmlCacheBehavior [ RunTime:0.001000s ]
INFO: [ app_begin ] --END-- [ RunTime:0.002000s ]
SQL: SHOW COLUMNS FROM `wenda_users` [ RunTime:0.0010s ]
SQL: SELECT * FROM `wenda_users` WHERE ( `username` LIKE '%小强%' OR `email` LIKE '%小强%' OR `tel` LIKE '%小强%' )  [ RunTime:0.0000s ]
INFO: [ app_end ] --START--
INFO: Run Behavior\ShowPageTraceBehavior [ RunTime:0.001000s ]
INFO: [ app_end ] --END-- [ RunTime:0.002000s ]

[ 2017-04-02T22:17:30+08:00 ] ::1 /wenda/admin.php/Users/search
INFO: [ app_begin ] --START--
INFO: Run Behavior\ReadHtmlCacheBehavior [ RunTime:0.001000s ]
INFO: [ app_begin ] --END-- [ RunTime:0.002001s ]
SQL: SHOW COLUMNS FROM `wenda_users` [ RunTime:0.0010s ]
SQL: SELECT * FROM `wenda_users` WHERE ( `username` LIKE '%微微%' OR `email` LIKE '%微微%' OR `tel` LIKE '%微微%' )  [ RunTime:0.0030s ]
INFO: [ app_end ] --START--
INFO: Run Behavior\ShowPageTraceBehavior [ RunTime:0.002000s ]
INFO: [ app_end ] --END-- [ RunTime:0.002000s ]

[ 2017-04-02T22:17:34+08:00 ] ::1 /wenda/admin.php/Users/search
INFO: [ app_begin ] --START--
INFO: Run Behavior\ReadHtmlCacheBehavior [ RunTime:0.001000s ]
INFO: [ app_begin ] --END-- [ RunTime:0.002001s ]
SQL: SHOW COLUMNS FROM `wenda_users` [ RunTime:0.0010s ]
SQL: SELECT * FROM `wenda_users` WHERE ( `username` LIKE '%微微%' OR `email` LIKE '%微微%' OR `tel` LIKE '%微微%' )  [ RunTime:0.0000s ]
INFO: [ app_end ] --START--
INFO: Run Behavior\ShowPageTraceBehavior [ RunTime:0.001000s ]
INFO: [ app_end ] --END-- [ RunTime:0.001000s ]

[ 2017-04-02T22:17:34+08:00 ] ::1 /wenda/admin.php/Users/search
INFO: [ app_begin ] --START--
INFO: Run Behavior\ReadHtmlCacheBehavior [ RunTime:0.001000s ]
INFO: [ app_begin ] --END-- [ RunTime:0.001000s ]
SQL: SHOW COLUMNS FROM `wenda_users` [ RunTime:0.0010s ]
SQL: SELECT * FROM `wenda_users` WHERE ( `username` LIKE '%微微%' OR `email` LIKE '%微微%' OR `tel` LIKE '%微微%' )  [ RunTime:0.0010s ]
INFO: [ app_end ] --START--
INFO: Run Behavior\ShowPageTraceBehavior [ RunTime:0.002000s ]
INFO: [ app_end ] --END-- [ RunTime:0.002000s ]

[ 2017-04-02T22:17:34+08:00 ] ::1 /wenda/admin.php/Users/search
INFO: [ app_begin ] --START--
INFO: Run Behavior\ReadHtmlCacheBehavior [ RunTime:0.001001s ]
INFO: [ app_begin ] --END-- [ RunTime:0.002001s ]
SQL: SHOW COLUMNS FROM `wenda_users` [ RunTime:0.0010s ]
SQL: SELECT * FROM `wenda_users` WHERE ( `username` LIKE '%微微%' OR `email` LIKE '%微微%' OR `tel` LIKE '%微微%' )  [ RunTime:0.0000s ]
INFO: [ app_end ] --START--
INFO: Run Behavior\ShowPageTraceBehavior [ RunTime:0.002000s ]
INFO: [ app_end ] --END-- [ RunTime:0.002000s ]

[ 2017-04-02T22:23:38+08:00 ] ::1 /wenda/admin.php/Users/search
INFO: [ app_begin ] --START--
INFO: Run Behavior\ReadHtmlCacheBehavior [ RunTime:0.001000s ]
INFO: [ app_begin ] --END-- [ RunTime:0.002000s ]
SQL: SHOW COLUMNS FROM `wenda_users` [ RunTime:0.0010s ]
SQL: SELECT * FROM `wenda_users` WHERE ( `username` LIKE '%小强%' OR `email` LIKE '%小强%' OR `tel` LIKE '%小强%' )  [ RunTime:0.0010s ]
INFO: [ app_end ] --START--
INFO: Run Behavior\ShowPageTraceBehavior [ RunTime:0.001000s ]
INFO: [ app_end ] --END-- [ RunTime:0.002000s ]

[ 2017-04-02T22:23:44+08:00 ] ::1 /wenda/admin.php/Users/search
INFO: [ app_begin ] --START--
INFO: Run Behavior\ReadHtmlCacheBehavior [ RunTime:0.001000s ]
INFO: [ app_begin ] --END-- [ RunTime:0.002000s ]
SQL: SHOW COLUMNS FROM `wenda_users` [ RunTime:0.0010s ]
SQL: SELECT * FROM `wenda_users` WHERE ( `username` LIKE '%微微%' OR `email` LIKE '%微微%' OR `tel` LIKE '%微微%' )  [ RunTime:0.0000s ]
INFO: [ app_end ] --START--
INFO: Run Behavior\ShowPageTraceBehavior [ RunTime:0.001000s ]
INFO: [ app_end ] --END-- [ RunTime:0.001000s ]

[ 2017-04-02T22:23:46+08:00 ] ::1 /wenda/admin.php/Users/search
INFO: [ app_begin ] --START--
INFO: Run Behavior\ReadHtmlCacheBehavior [ RunTime:0.001000s ]
INFO: [ app_begin ] --END-- [ RunTime:0.001000s ]
SQL: SHOW COLUMNS FROM `wenda_users` [ RunTime:0.0020s ]
SQL: SELECT * FROM `wenda_users` WHERE ( `username` LIKE '%微微%' OR `email` LIKE '%微微%' OR `tel` LIKE '%微微%' )  [ RunTime:0.0010s ]
INFO: [ app_end ] --START--
INFO: Run Behavior\ShowPageTraceBehavior [ RunTime:0.001000s ]
INFO: [ app_end ] --END-- [ RunTime:0.001000s ]

[ 2017-04-02T22:25:01+08:00 ] ::1 /wenda/admin.php/Users/search
INFO: [ app_begin ] --START--
INFO: Run Behavior\ReadHtmlCacheBehavior [ RunTime:0.001000s ]
INFO: [ app_begin ] --END-- [ RunTime:0.002000s ]
SQL: SHOW COLUMNS FROM `wenda_users` [ RunTime:0.0000s ]
SQL: SELECT * FROM `wenda_users` WHERE ( `username` LIKE '%小强%' OR `email` LIKE '%小强%' OR `tel` LIKE '%小强%' )  [ RunTime:0.0010s ]
INFO: [ app_end ] --START--
INFO: Run Behavior\ShowPageTraceBehavior [ RunTime:0.001000s ]
INFO: [ app_end ] --END-- [ RunTime:0.001000s ]

[ 2017-04-02T22:25:08+08:00 ] ::1 /wenda/admin.php/Users/search
INFO: [ app_begin ] --START--
INFO: Run Behavior\ReadHtmlCacheBehavior [ RunTime:0.002000s ]
INFO: [ app_begin ] --END-- [ RunTime:0.003000s ]
SQL: SHOW COLUMNS FROM `wenda_users` [ RunTime:0.0010s ]
SQL: SELECT * FROM `wenda_users` WHERE ( `username` LIKE '%微微%' OR `email` LIKE '%微微%' OR `tel` LIKE '%微微%' )  [ RunTime:0.0020s ]
INFO: [ app_end ] --START--
INFO: Run Behavior\ShowPageTraceBehavior [ RunTime:0.002000s ]
INFO: [ app_end ] --END-- [ RunTime:0.002000s ]

[ 2017-04-02T22:25:09+08:00 ] ::1 /wenda/admin.php/Users/search
INFO: [ app_begin ] --START--
INFO: Run Behavior\ReadHtmlCacheBehavior [ RunTime:0.001000s ]
INFO: [ app_begin ] --END-- [ RunTime:0.002000s ]
SQL: SHOW COLUMNS FROM `wenda_users` [ RunTime:0.0010s ]
SQL: SELECT * FROM `wenda_users` WHERE ( `username` LIKE '%微微%' OR `email` LIKE '%微微%' OR `tel` LIKE '%微微%' )  [ RunTime:0.0010s ]
INFO: [ app_end ] --START--
INFO: Run Behavior\ShowPageTraceBehavior [ RunTime:0.003000s ]
INFO: [ app_end ] --END-- [ RunTime:0.003000s ]

[ 2017-04-02T22:25:33+08:00 ] ::1 /wenda/admin.php/Users/search
INFO: [ app_begin ] --START--
INFO: Run Behavior\ReadHtmlCacheBehavior [ RunTime:0.001000s ]
INFO: [ app_begin ] --END-- [ RunTime:0.002000s ]
SQL: SHOW COLUMNS FROM `wenda_users` [ RunTime:0.0010s ]
SQL: SELECT * FROM `wenda_users` WHERE ( `username` LIKE '%小强%' OR `email` LIKE '%小强%' OR `tel` LIKE '%小强%' )  [ RunTime:0.0000s ]
INFO: [ app_end ] --START--
INFO: Run Behavior\ShowPageTraceBehavior [ RunTime:0.001000s ]
INFO: [ app_end ] --END-- [ RunTime:0.001000s ]

[ 2017-04-02T22:25:39+08:00 ] ::1 /wenda/admin.php/Users/search
INFO: [ app_begin ] --START--
INFO: Run Behavior\ReadHtmlCacheBehavior [ RunTime:0.001000s ]
INFO: [ app_begin ] --END-- [ RunTime:0.001000s ]
SQL: SHOW COLUMNS FROM `wenda_users` [ RunTime:0.0050s ]
SQL: SELECT * FROM `wenda_users` WHERE ( `username` LIKE '%微微%' OR `email` LIKE '%微微%' OR `tel` LIKE '%微微%' )  [ RunTime:0.0010s ]
INFO: [ app_end ] --START--
INFO: Run Behavior\ShowPageTraceBehavior [ RunTime:0.002000s ]
INFO: [ app_end ] --END-- [ RunTime:0.002000s ]

[ 2017-04-02T22:25:40+08:00 ] ::1 /wenda/admin.php/Users/search
INFO: [ app_begin ] --START--
INFO: Run Behavior\ReadHtmlCacheBehavior [ RunTime:0.001000s ]
INFO: [ app_begin ] --END-- [ RunTime:0.002000s ]
SQL: SHOW COLUMNS FROM `wenda_users` [ RunTime:0.0010s ]
SQL: SELECT * FROM `wenda_users` WHERE ( `username` LIKE '%微微%' OR `email` LIKE '%微微%' OR `tel` LIKE '%微微%' )  [ RunTime:0.0000s ]
INFO: [ app_end ] --START--
INFO: Run Behavior\ShowPageTraceBehavior [ RunTime:0.001000s ]
INFO: [ app_end ] --END-- [ RunTime:0.002000s ]

[ 2017-04-02T22:25:41+08:00 ] ::1 /wenda/admin.php/Users/search
INFO: [ app_begin ] --START--
INFO: Run Behavior\ReadHtmlCacheBehavior [ RunTime:0.000000s ]
INFO: [ app_begin ] --END-- [ RunTime:0.001000s ]
SQL: SHOW COLUMNS FROM `wenda_users` [ RunTime:0.0010s ]
SQL: SELECT * FROM `wenda_users` WHERE ( `username` LIKE '%微微%' OR `email` LIKE '%微微%' OR `tel` LIKE '%微微%' )  [ RunTime:0.0010s ]
INFO: [ app_end ] --START--
INFO: Run Behavior\ShowPageTraceBehavior [ RunTime:0.001000s ]
INFO: [ app_end ] --END-- [ RunTime:0.001000s ]

[ 2017-04-02T22:25:41+08:00 ] ::1 /wenda/admin.php/Users/search
INFO: [ app_begin ] --START--
INFO: Run Behavior\ReadHtmlCacheBehavior [ RunTime:0.001000s ]
INFO: [ app_begin ] --END-- [ RunTime:0.001000s ]
SQL: SHOW COLUMNS FROM `wenda_users` [ RunTime:0.0010s ]
SQL: SELECT * FROM `wenda_users` WHERE ( `username` LIKE '%微微%' OR `email` LIKE '%微微%' OR `tel` LIKE '%微微%' )  [ RunTime:0.0000s ]
INFO: [ app_end ] --START--
INFO: Run Behavior\ShowPageTraceBehavior [ RunTime:0.001000s ]
INFO: [ app_end ] --END-- [ RunTime:0.001000s ]

[ 2017-04-02T22:26:46+08:00 ] ::1 /wenda/admin.php/Users/search
INFO: [ app_begin ] --START--
INFO: Run Behavior\ReadHtmlCacheBehavior [ RunTime:0.001000s ]
INFO: [ app_begin ] --END-- [ RunTime:0.002000s ]
SQL: SHOW COLUMNS FROM `wenda_users` [ RunTime:0.0010s ]
SQL: SELECT * FROM `wenda_users` WHERE ( `username` LIKE '%微微%' OR `email` LIKE '%微微%' OR `tel` LIKE '%微微%' )  [ RunTime:0.0000s ]
INFO: [ app_end ] --START--
INFO: Run Behavior\ShowPageTraceBehavior [ RunTime:0.001000s ]
INFO: [ app_end ] --END-- [ RunTime:0.001000s ]

[ 2017-04-02T22:26:47+08:00 ] ::1 /wenda/admin.php/Users/search
INFO: [ app_begin ] --START--
INFO: Run Behavior\ReadHtmlCacheBehavior [ RunTime:0.001000s ]
INFO: [ app_begin ] --END-- [ RunTime:0.002000s ]
SQL: SHOW COLUMNS FROM `wenda_users` [ RunTime:0.0010s ]
SQL: SELECT * FROM `wenda_users` WHERE ( `username` LIKE '%微微%' OR `email` LIKE '%微微%' OR `tel` LIKE '%微微%' )  [ RunTime:0.0000s ]
INFO: [ app_end ] --START--
INFO: Run Behavior\ShowPageTraceBehavior [ RunTime:0.001000s ]
INFO: [ app_end ] --END-- [ RunTime:0.002000s ]

[ 2017-04-02T22:27:07+08:00 ] ::1 /wenda/admin.php/Users/search
INFO: [ app_begin ] --START--
INFO: Run Behavior\ReadHtmlCacheBehavior [ RunTime:0.001000s ]
INFO: [ app_begin ] --END-- [ RunTime:0.002000s ]
SQL: SHOW COLUMNS FROM `wenda_users` [ RunTime:0.0020s ]
SQL: SELECT * FROM `wenda_users` WHERE ( `username` LIKE '%微微%' OR `email` LIKE '%微微%' OR `tel` LIKE '%微微%' )  [ RunTime:0.0000s ]
INFO: [ app_end ] --START--
INFO: Run Behavior\ShowPageTraceBehavior [ RunTime:0.001000s ]
INFO: [ app_end ] --END-- [ RunTime:0.001000s ]

[ 2017-04-02T22:27:24+08:00 ] ::1 /wenda/admin.php/Users/search
INFO: [ app_begin ] --START--
INFO: Run Behavior\ReadHtmlCacheBehavior [ RunTime:0.001000s ]
INFO: [ app_begin ] --END-- [ RunTime:0.002000s ]
SQL: SHOW COLUMNS FROM `wenda_users` [ RunTime:0.0010s ]
SQL: SELECT * FROM `wenda_users` WHERE ( `username` LIKE '%为诶我%' OR `email` LIKE '%为诶我%' OR `tel` LIKE '%为诶我%' )  [ RunTime:0.0010s ]
INFO: [ app_end ] --START--
INFO: Run Behavior\ShowPageTraceBehavior [ RunTime:0.002000s ]
INFO: [ app_end ] --END-- [ RunTime:0.002000s ]

[ 2017-04-02T22:28:20+08:00 ] ::1 /wenda/admin.php/Users/search
INFO: [ app_begin ] --START--
INFO: Run Behavior\ReadHtmlCacheBehavior [ RunTime:0.003001s ]
INFO: [ app_begin ] --END-- [ RunTime:0.004001s ]
SQL: SHOW COLUMNS FROM `wenda_users` [ RunTime:0.0010s ]
SQL: SELECT * FROM `wenda_users` WHERE ( `username` LIKE '%微微%' OR `email` LIKE '%微微%' OR `tel` LIKE '%微微%' )  [ RunTime:0.0000s ]
INFO: [ app_end ] --START--
INFO: Run Behavior\ShowPageTraceBehavior [ RunTime:0.001000s ]
INFO: [ app_end ] --END-- [ RunTime:0.001000s ]

[ 2017-04-02T22:28:53+08:00 ] ::1 /wenda/admin.php/Users/search
INFO: [ app_begin ] --START--
INFO: Run Behavior\ReadHtmlCacheBehavior [ RunTime:0.001000s ]
INFO: [ app_begin ] --END-- [ RunTime:0.002000s ]
SQL: SHOW COLUMNS FROM `wenda_users` [ RunTime:0.0010s ]
SQL: SELECT * FROM `wenda_users` WHERE ( `username` LIKE '%微微%' OR `email` LIKE '%微微%' OR `tel` LIKE '%微微%' )  [ RunTime:0.0010s ]
INFO: [ app_end ] --START--
INFO: Run Behavior\ShowPageTraceBehavior [ RunTime:0.001000s ]
INFO: [ app_end ] --END-- [ RunTime:0.001000s ]

[ 2017-04-02T22:29:01+08:00 ] ::1 /wenda/admin.php/Users/search
INFO: [ app_begin ] --START--
INFO: Run Behavior\ReadHtmlCacheBehavior [ RunTime:0.001000s ]
INFO: [ app_begin ] --END-- [ RunTime:0.002000s ]
SQL: SHOW COLUMNS FROM `wenda_users` [ RunTime:0.0010s ]
SQL: SELECT * FROM `wenda_users` WHERE ( `username` LIKE '%小强%' OR `email` LIKE '%小强%' OR `tel` LIKE '%小强%' )  [ RunTime:0.0000s ]
INFO: [ app_end ] --START--
INFO: Run Behavior\ShowPageTraceBehavior [ RunTime:0.002000s ]
INFO: [ app_end ] --END-- [ RunTime:0.002000s ]

[ 2017-04-02T22:29:19+08:00 ] ::1 /wenda/admin.php/Users/search
INFO: [ app_begin ] --START--
INFO: Run Behavior\ReadHtmlCacheBehavior [ RunTime:0.001000s ]
INFO: [ app_begin ] --END-- [ RunTime:0.001000s ]
SQL: SHOW COLUMNS FROM `wenda_users` [ RunTime:0.0000s ]
SQL: SELECT * FROM `wenda_users` WHERE ( `username` LIKE '%小强%' OR `email` LIKE '%小强%' OR `tel` LIKE '%小强%' )  [ RunTime:0.0010s ]
INFO: [ app_end ] --START--
INFO: Run Behavior\ShowPageTraceBehavior [ RunTime:0.001000s ]
INFO: [ app_end ] --END-- [ RunTime:0.002000s ]

[ 2017-04-02T22:29:35+08:00 ] ::1 /wenda/admin.php/Users/search
INFO: [ app_begin ] --START--
INFO: Run Behavior\ReadHtmlCacheBehavior [ RunTime:0.001000s ]
INFO: [ app_begin ] --END-- [ RunTime:0.003000s ]
SQL: SHOW COLUMNS FROM `wenda_users` [ RunTime:0.0020s ]
SQL: SELECT * FROM `wenda_users` WHERE ( `username` LIKE '%小强%' OR `email` LIKE '%小强%' OR `tel` LIKE '%小强%' )  [ RunTime:0.0010s ]
INFO: [ app_end ] --START--
INFO: Run Behavior\ShowPageTraceBehavior [ RunTime:0.001000s ]
INFO: [ app_end ] --END-- [ RunTime:0.001000s ]

[ 2017-04-02T22:30:44+08:00 ] ::1 /wenda/admin.php/Users/search
INFO: [ app_begin ] --START--
INFO: Run Behavior\ReadHtmlCacheBehavior [ RunTime:0.002001s ]
INFO: [ app_begin ] --END-- [ RunTime:0.003001s ]
SQL: SHOW COLUMNS FROM `wenda_users` [ RunTime:0.0020s ]
SQL: SELECT * FROM `wenda_users` WHERE ( `username` LIKE '%小强%' OR `email` LIKE '%小强%' OR `tel` LIKE '%小强%' )  [ RunTime:0.0010s ]
INFO: [ app_end ] --START--
INFO: Run Behavior\ShowPageTraceBehavior [ RunTime:0.002001s ]
INFO: [ app_end ] --END-- [ RunTime:0.003001s ]

[ 2017-04-02T22:31:03+08:00 ] ::1 /wenda/admin.php/Users/search
INFO: [ app_begin ] --START--
INFO: Run Behavior\ReadHtmlCacheBehavior [ RunTime:0.002000s ]
INFO: [ app_begin ] --END-- [ RunTime:0.006000s ]
SQL: SHOW COLUMNS FROM `wenda_users` [ RunTime:0.0010s ]
SQL: SELECT * FROM `wenda_users` WHERE ( `username` LIKE '%小强%' OR `email` LIKE '%小强%' OR `tel` LIKE '%小强%' )  [ RunTime:0.0010s ]
INFO: [ app_end ] --START--
INFO: Run Behavior\ShowPageTraceBehavior [ RunTime:0.002000s ]
INFO: [ app_end ] --END-- [ RunTime:0.002000s ]

[ 2017-04-02T22:31:32+08:00 ] ::1 /wenda/admin.php/Users/search
INFO: [ app_begin ] --START--
INFO: Run Behavior\ReadHtmlCacheBehavior [ RunTime:0.002001s ]
INFO: [ app_begin ] --END-- [ RunTime:0.003001s ]
SQL: SHOW COLUMNS FROM `wenda_users` [ RunTime:0.0010s ]
SQL: SELECT * FROM `wenda_users` WHERE ( `username` LIKE '%微微%' OR `email` LIKE '%微微%' OR `tel` LIKE '%微微%' )  [ RunTime:0.0010s ]
INFO: [ app_end ] --START--
INFO: Run Behavior\ShowPageTraceBehavior [ RunTime:0.001000s ]
INFO: [ app_end ] --END-- [ RunTime:0.002000s ]

[ 2017-04-02T22:32:17+08:00 ] ::1 /wenda/admin.php/Users/search
INFO: [ app_begin ] --START--
INFO: Run Behavior\ReadHtmlCacheBehavior [ RunTime:0.001000s ]
INFO: [ app_begin ] --END-- [ RunTime:0.002000s ]
SQL: SHOW COLUMNS FROM `wenda_users` [ RunTime:0.0010s ]
SQL: SELECT * FROM `wenda_users` WHERE ( `username` LIKE '%微微%' OR `email` LIKE '%微微%' OR `tel` LIKE '%微微%' )  [ RunTime:0.0010s ]
INFO: [ app_end ] --START--
INFO: Run Behavior\ShowPageTraceBehavior [ RunTime:0.002001s ]
INFO: [ app_end ] --END-- [ RunTime:0.002001s ]

[ 2017-04-02T22:32:40+08:00 ] ::1 /wenda/admin.php/Users/search
INFO: [ app_begin ] --START--
INFO: Run Behavior\ReadHtmlCacheBehavior [ RunTime:0.001000s ]
INFO: [ app_begin ] --END-- [ RunTime:0.002000s ]
SQL: SHOW COLUMNS FROM `wenda_users` [ RunTime:0.0020s ]
SQL: SELECT * FROM `wenda_users` WHERE ( `username` LIKE '%小强%' OR `email` LIKE '%小强%' OR `tel` LIKE '%小强%' )  [ RunTime:0.0000s ]
INFO: [ app_end ] --START--
INFO: Run Behavior\ShowPageTraceBehavior [ RunTime:0.001000s ]
INFO: [ app_end ] --END-- [ RunTime:0.001000s ]

[ 2017-04-02T22:33:40+08:00 ] ::1 /wenda/admin.php/Users/search
INFO: [ app_begin ] --START--
INFO: Run Behavior\ReadHtmlCacheBehavior [ RunTime:0.001000s ]
INFO: [ app_begin ] --END-- [ RunTime:0.003000s ]
SQL: SHOW COLUMNS FROM `wenda_users` [ RunTime:0.0010s ]
SQL: SELECT * FROM `wenda_users` WHERE ( `username` LIKE '%小强1%' OR `email` LIKE '%小强1%' OR `tel` LIKE '%小强1%' )  [ RunTime:0.0010s ]
INFO: [ app_end ] --START--
INFO: Run Behavior\ShowPageTraceBehavior [ RunTime:0.002000s ]
INFO: [ app_end ] --END-- [ RunTime:0.003000s ]

[ 2017-04-02T22:33:42+08:00 ] ::1 /wenda/admin.php/Users/search
INFO: [ app_begin ] --START--
INFO: Run Behavior\ReadHtmlCacheBehavior [ RunTime:0.003000s ]
INFO: [ app_begin ] --END-- [ RunTime:0.004000s ]
SQL: SHOW COLUMNS FROM `wenda_users` [ RunTime:0.0020s ]
SQL: SELECT * FROM `wenda_users` WHERE ( `username` LIKE '%小强1%' OR `email` LIKE '%小强1%' OR `tel` LIKE '%小强1%' )  [ RunTime:0.0010s ]
INFO: [ app_end ] --START--
INFO: Run Behavior\ShowPageTraceBehavior [ RunTime:0.002001s ]
INFO: [ app_end ] --END-- [ RunTime:0.002001s ]

[ 2017-04-02T22:33:42+08:00 ] ::1 /wenda/admin.php/Users/search
INFO: [ app_begin ] --START--
INFO: Run Behavior\ReadHtmlCacheBehavior [ RunTime:0.003001s ]
INFO: [ app_begin ] --END-- [ RunTime:0.006001s ]
SQL: SHOW COLUMNS FROM `wenda_users` [ RunTime:0.0020s ]
SQL: SELECT * FROM `wenda_users` WHERE ( `username` LIKE '%小强1%' OR `email` LIKE '%小强1%' OR `tel` LIKE '%小强1%' )  [ RunTime:0.0510s ]
INFO: [ app_end ] --START--
INFO: Run Behavior\ShowPageTraceBehavior [ RunTime:0.002000s ]
INFO: [ app_end ] --END-- [ RunTime:0.002000s ]

[ 2017-04-02T22:33:42+08:00 ] ::1 /wenda/admin.php/Users/search
INFO: [ app_begin ] --START--
INFO: Run Behavior\ReadHtmlCacheBehavior [ RunTime:0.002000s ]
INFO: [ app_begin ] --END-- [ RunTime:0.003000s ]
SQL: SHOW COLUMNS FROM `wenda_users` [ RunTime:0.0010s ]
SQL: SELECT * FROM `wenda_users` WHERE ( `username` LIKE '%小强1%' OR `email` LIKE '%小强1%' OR `tel` LIKE '%小强1%' )  [ RunTime:0.0010s ]
INFO: [ app_end ] --START--
INFO: Run Behavior\ShowPageTraceBehavior [ RunTime:0.001000s ]
INFO: [ app_end ] --END-- [ RunTime:0.002000s ]

[ 2017-04-02T22:34:04+08:00 ] ::1 /wenda/admin.php/Users/search
INFO: [ app_begin ] --START--
INFO: Run Behavior\ReadHtmlCacheBehavior [ RunTime:0.003000s ]
INFO: [ app_begin ] --END-- [ RunTime:0.005001s ]
SQL: SHOW COLUMNS FROM `wenda_users` [ RunTime:0.0010s ]
SQL: SELECT * FROM `wenda_users` WHERE ( `username` LIKE '%小强1%' OR `email` LIKE '%小强1%' OR `tel` LIKE '%小强1%' )  [ RunTime:0.0010s ]
INFO: [ app_end ] --START--
INFO: Run Behavior\ShowPageTraceBehavior [ RunTime:0.002000s ]
INFO: [ app_end ] --END-- [ RunTime:0.002000s ]

[ 2017-04-02T22:34:17+08:00 ] ::1 /wenda/admin.php/Users/search
INFO: [ app_begin ] --START--
INFO: Run Behavior\ReadHtmlCacheBehavior [ RunTime:0.002000s ]
INFO: [ app_begin ] --END-- [ RunTime:0.004000s ]
SQL: SHOW COLUMNS FROM `wenda_users` [ RunTime:0.0010s ]
SQL: SELECT * FROM `wenda_users` WHERE ( `username` LIKE '%小强1%' OR `email` LIKE '%小强1%' OR `tel` LIKE '%小强1%' )  [ RunTime:0.0000s ]
INFO: [ app_end ] --START--
INFO: Run Behavior\ShowPageTraceBehavior [ RunTime:0.001000s ]
INFO: [ app_end ] --END-- [ RunTime:0.004001s ]

[ 2017-04-02T22:34:46+08:00 ] ::1 /wenda/admin.php/Users/search
INFO: [ app_begin ] --START--
INFO: Run Behavior\ReadHtmlCacheBehavior [ RunTime:0.002000s ]
INFO: [ app_begin ] --END-- [ RunTime:0.003000s ]
SQL: SHOW COLUMNS FROM `wenda_users` [ RunTime:0.0020s ]
SQL: SELECT * FROM `wenda_users` WHERE ( `username` LIKE '%小强1%' OR `email` LIKE '%小强1%' OR `tel` LIKE '%小强1%' )  [ RunTime:0.0010s ]
INFO: [ app_end ] --START--
INFO: Run Behavior\ShowPageTraceBehavior [ RunTime:0.001000s ]
INFO: [ app_end ] --END-- [ RunTime:0.002000s ]

[ 2017-04-02T22:35:53+08:00 ] ::1 /wenda/admin.php/Users/search
INFO: [ app_begin ] --START--
INFO: Run Behavior\ReadHtmlCacheBehavior [ RunTime:0.002000s ]
INFO: [ app_begin ] --END-- [ RunTime:0.003000s ]
SQL: SHOW COLUMNS FROM `wenda_users` [ RunTime:0.0010s ]
SQL: SELECT * FROM `wenda_users` WHERE ( `username` LIKE '%小强%' OR `email` LIKE '%小强%' OR `tel` LIKE '%小强%' )  [ RunTime:0.0010s ]
INFO: [ app_end ] --START--
INFO: Run Behavior\ShowPageTraceBehavior [ RunTime:0.002000s ]
INFO: [ app_end ] --END-- [ RunTime:0.002000s ]

[ 2017-04-02T22:36:07+08:00 ] ::1 /wenda/admin.php/Users/search
INFO: [ app_begin ] --START--
INFO: Run Behavior\ReadHtmlCacheBehavior [ RunTime:0.001000s ]
INFO: [ app_begin ] --END-- [ RunTime:0.003000s ]
SQL: SHOW COLUMNS FROM `wenda_users` [ RunTime:0.0010s ]
SQL: SELECT * FROM `wenda_users` WHERE ( `username` LIKE '%小强1%' OR `email` LIKE '%小强1%' OR `tel` LIKE '%小强1%' )  [ RunTime:0.0030s ]
INFO: [ app_end ] --START--
INFO: Run Behavior\ShowPageTraceBehavior [ RunTime:0.001000s ]
INFO: [ app_end ] --END-- [ RunTime:0.003000s ]

[ 2017-04-02T22:36:56+08:00 ] ::1 /wenda/admin.php/Users/search
INFO: [ app_begin ] --START--
INFO: Run Behavior\ReadHtmlCacheBehavior [ RunTime:0.001000s ]
INFO: [ app_begin ] --END-- [ RunTime:0.003000s ]
SQL: SHOW COLUMNS FROM `wenda_users` [ RunTime:0.0030s ]
SQL: SELECT * FROM `wenda_users` WHERE ( `username` LIKE '%小强1%' OR `email` LIKE '%小强1%' OR `tel` LIKE '%小强1%' )  [ RunTime:0.0010s ]
INFO: [ app_end ] --START--
INFO: Run Behavior\ShowPageTraceBehavior [ RunTime:0.002000s ]
INFO: [ app_end ] --END-- [ RunTime:0.003000s ]

[ 2017-04-02T22:38:35+08:00 ] ::1 /wenda/admin.php/Users/search
INFO: [ app_begin ] --START--
INFO: Run Behavior\ReadHtmlCacheBehavior [ RunTime:0.002000s ]
INFO: [ app_begin ] --END-- [ RunTime:0.003001s ]
SQL: SHOW COLUMNS FROM `wenda_users` [ RunTime:0.0020s ]
SQL: SELECT * FROM `wenda_users` WHERE ( `username` LIKE '%小强1%' OR `email` LIKE '%小强1%' OR `tel` LIKE '%小强1%' )  [ RunTime:0.0010s ]
INFO: [ app_end ] --START--
INFO: Run Behavior\ShowPageTraceBehavior [ RunTime:0.001000s ]
INFO: [ app_end ] --END-- [ RunTime:0.002000s ]

[ 2017-04-02T22:45:34+08:00 ] ::1 /wenda/admin.php/Users/search
INFO: [ app_begin ] --START--
INFO: Run Behavior\ReadHtmlCacheBehavior [ RunTime:0.002000s ]
INFO: [ app_begin ] --END-- [ RunTime:0.007000s ]
SQL: SHOW COLUMNS FROM `wenda_users` [ RunTime:0.0010s ]
SQL: SELECT * FROM `wenda_users` WHERE ( `username` LIKE '%小强%' OR `email` LIKE '%小强%' OR `tel` LIKE '%小强%' )  [ RunTime:0.0010s ]
INFO: [ app_end ] --START--
INFO: Run Behavior\ShowPageTraceBehavior [ RunTime:0.002000s ]
INFO: [ app_end ] --END-- [ RunTime:0.003000s ]

[ 2017-04-02T22:46:06+08:00 ] ::1 /wenda/admin.php/Users/search
INFO: [ app_begin ] --START--
INFO: Run Behavior\ReadHtmlCacheBehavior [ RunTime:0.002000s ]
INFO: [ app_begin ] --END-- [ RunTime:0.003000s ]
SQL: SHOW COLUMNS FROM `wenda_users` [ RunTime:0.0010s ]
SQL: SELECT * FROM `wenda_users` WHERE ( `username` LIKE '%小%' OR `email` LIKE '%小%' OR `tel` LIKE '%小%' )  [ RunTime:0.0010s ]
INFO: [ app_end ] --START--
INFO: Run Behavior\ShowPageTraceBehavior [ RunTime:0.001000s ]
INFO: [ app_end ] --END-- [ RunTime:0.001000s ]

[ 2017-04-02T22:46:25+08:00 ] ::1 /wenda/admin.php/Users/search
INFO: [ app_begin ] --START--
INFO: Run Behavior\ReadHtmlCacheBehavior [ RunTime:0.002000s ]
INFO: [ app_begin ] --END-- [ RunTime:0.005000s ]
SQL: SHOW COLUMNS FROM `wenda_users` [ RunTime:0.0010s ]
SQL: SELECT * FROM `wenda_users` WHERE ( `username` LIKE '%微微%' OR `email` LIKE '%微微%' OR `tel` LIKE '%微微%' )  [ RunTime:0.0010s ]
INFO: [ app_end ] --START--
INFO: Run Behavior\ShowPageTraceBehavior [ RunTime:0.001000s ]
INFO: [ app_end ] --END-- [ RunTime:0.002000s ]

[ 2017-04-02T22:47:40+08:00 ] ::1 /wenda/admin.php/Users/search
INFO: [ app_begin ] --START--
INFO: Run Behavior\ReadHtmlCacheBehavior [ RunTime:0.001000s ]
INFO: [ app_begin ] --END-- [ RunTime:0.004000s ]
SQL: SHOW COLUMNS FROM `wenda_users` [ RunTime:0.0010s ]
SQL: SELECT * FROM `wenda_users` WHERE ( `username` LIKE '%微微%' OR `email` LIKE '%微微%' OR `tel` LIKE '%微微%' )  [ RunTime:0.0010s ]
INFO: [ app_end ] --START--
INFO: Run Behavior\ShowPageTraceBehavior [ RunTime:0.003000s ]
INFO: [ app_end ] --END-- [ RunTime:0.003000s ]

[ 2017-04-02T22:48:40+08:00 ] ::1 /wenda/admin.php/Users/search
INFO: [ app_begin ] --START--
INFO: Run Behavior\ReadHtmlCacheBehavior [ RunTime:0.002000s ]
INFO: [ app_begin ] --END-- [ RunTime:0.005001s ]
SQL: SHOW COLUMNS FROM `wenda_users` [ RunTime:0.0010s ]
SQL: SELECT * FROM `wenda_users` WHERE ( `username` LIKE '%微微%' OR `email` LIKE '%微微%' OR `tel` LIKE '%微微%' )  [ RunTime:0.0020s ]
INFO: [ app_end ] --START--
INFO: Run Behavior\ShowPageTraceBehavior [ RunTime:0.003001s ]
INFO: [ app_end ] --END-- [ RunTime:0.003001s ]

[ 2017-04-02T22:49:05+08:00 ] ::1 /wenda/admin.php/Users/search
INFO: [ app_begin ] --START--
INFO: Run Behavior\ReadHtmlCacheBehavior [ RunTime:0.002000s ]
INFO: [ app_begin ] --END-- [ RunTime:0.003000s ]
SQL: SHOW COLUMNS FROM `wenda_users` [ RunTime:0.0020s ]
SQL: SELECT * FROM `wenda_users` WHERE ( `username` LIKE '%小强%' OR `email` LIKE '%小强%' OR `tel` LIKE '%小强%' )  [ RunTime:0.0000s ]
INFO: [ app_end ] --START--
INFO: Run Behavior\ShowPageTraceBehavior [ RunTime:0.001000s ]
INFO: [ app_end ] --END-- [ RunTime:0.001000s ]

[ 2017-04-02T22:49:12+08:00 ] ::1 /wenda/admin.php/Users/search
INFO: [ app_begin ] --START--
INFO: Run Behavior\ReadHtmlCacheBehavior [ RunTime:0.002000s ]
INFO: [ app_begin ] --END-- [ RunTime:0.003000s ]
SQL: SHOW COLUMNS FROM `wenda_users` [ RunTime:0.0030s ]
SQL: SELECT * FROM `wenda_users` WHERE ( `username` LIKE '%微微%' OR `email` LIKE '%微微%' OR `tel` LIKE '%微微%' )  [ RunTime:0.0010s ]
INFO: [ app_end ] --START--
INFO: Run Behavior\ShowPageTraceBehavior [ RunTime:0.001000s ]
INFO: [ app_end ] --END-- [ RunTime:0.002000s ]

[ 2017-04-02T22:51:20+08:00 ] ::1 /wenda/admin.php/Users/search
INFO: [ app_begin ] --START--
INFO: Run Behavior\ReadHtmlCacheBehavior [ RunTime:0.001000s ]
INFO: [ app_begin ] --END-- [ RunTime:0.002000s ]
SQL: SHOW COLUMNS FROM `wenda_users` [ RunTime:0.0010s ]
SQL: SELECT * FROM `wenda_users` WHERE ( `username` LIKE '%微微%' OR `email` LIKE '%微微%' OR `tel` LIKE '%微微%' )  [ RunTime:0.0010s ]
INFO: [ app_end ] --START--
INFO: Run Behavior\ShowPageTraceBehavior [ RunTime:0.002001s ]
INFO: [ app_end ] --END-- [ RunTime:0.002001s ]

[ 2017-04-02T22:51:52+08:00 ] ::1 /wenda/admin.php/Users/search
INFO: [ app_begin ] --START--
INFO: Run Behavior\ReadHtmlCacheBehavior [ RunTime:0.001000s ]
INFO: [ app_begin ] --END-- [ RunTime:0.003001s ]
SQL: SHOW COLUMNS FROM `wenda_users` [ RunTime:0.0030s ]
SQL: SELECT * FROM `wenda_users` WHERE ( `username` LIKE '%我IE我i%' OR `email` LIKE '%我IE我i%' OR `tel` LIKE '%我IE我i%' )  [ RunTime:0.0010s ]
INFO: [ app_end ] --START--
INFO: Run Behavior\ShowPageTraceBehavior [ RunTime:0.002000s ]
INFO: [ app_end ] --END-- [ RunTime:0.002000s ]

[ 2017-04-02T22:52:42+08:00 ] ::1 /wenda/admin.php/Users/search
INFO: [ app_begin ] --START--
INFO: Run Behavior\ReadHtmlCacheBehavior [ RunTime:0.001000s ]
INFO: [ app_begin ] --END-- [ RunTime:0.003000s ]
SQL: SHOW COLUMNS FROM `wenda_users` [ RunTime:0.0020s ]
SQL: SELECT * FROM `wenda_users` WHERE ( `username` LIKE '%我IE我i%' OR `email` LIKE '%我IE我i%' OR `tel` LIKE '%我IE我i%' )  [ RunTime:0.0010s ]
INFO: [ app_end ] --START--
INFO: Run Behavior\ShowPageTraceBehavior [ RunTime:0.002000s ]
INFO: [ app_end ] --END-- [ RunTime:0.002000s ]

[ 2017-04-02T22:53:21+08:00 ] ::1 /wenda/admin.php/Users/search
INFO: [ app_begin ] --START--
INFO: Run Behavior\ReadHtmlCacheBehavior [ RunTime:0.001000s ]
INFO: [ app_begin ] --END-- [ RunTime:0.002000s ]
SQL: SHOW COLUMNS FROM `wenda_users` [ RunTime:0.0010s ]
SQL: SELECT * FROM `wenda_users` WHERE ( `username` LIKE '%微微%' OR `email` LIKE '%微微%' OR `tel` LIKE '%微微%' )  [ RunTime:0.0010s ]
INFO: [ app_end ] --START--
INFO: Run Behavior\ShowPageTraceBehavior [ RunTime:0.002000s ]
INFO: [ app_end ] --END-- [ RunTime:0.003000s ]

[ 2017-04-02T22:53:40+08:00 ] ::1 /wenda/admin.php/Users/search
INFO: [ app_begin ] --START--
INFO: Run Behavior\ReadHtmlCacheBehavior [ RunTime:0.002001s ]
INFO: [ app_begin ] --END-- [ RunTime:0.002001s ]
SQL: SHOW COLUMNS FROM `wenda_users` [ RunTime:0.0010s ]
SQL: SELECT * FROM `wenda_users` WHERE ( `username` LIKE '%微微%' OR `email` LIKE '%微微%' OR `tel` LIKE '%微微%' )  [ RunTime:0.0000s ]
INFO: [ app_end ] --START--
INFO: Run Behavior\ShowPageTraceBehavior [ RunTime:0.001000s ]
INFO: [ app_end ] --END-- [ RunTime:0.002000s ]

[ 2017-04-02T22:53:50+08:00 ] ::1 /wenda/admin.php/Users/search
INFO: [ app_begin ] --START--
INFO: Run Behavior\ReadHtmlCacheBehavior [ RunTime:0.002000s ]
INFO: [ app_begin ] --END-- [ RunTime:0.003000s ]
SQL: SHOW COLUMNS FROM `wenda_users` [ RunTime:0.0010s ]
SQL: SELECT * FROM `wenda_users` WHERE ( `username` LIKE '%微微%' OR `email` LIKE '%微微%' OR `tel` LIKE '%微微%' )  [ RunTime:0.0010s ]
INFO: [ app_end ] --START--
INFO: Run Behavior\ShowPageTraceBehavior [ RunTime:0.002000s ]
INFO: [ app_end ] --END-- [ RunTime:0.003000s ]

[ 2017-04-02T22:55:29+08:00 ] ::1 /wenda/admin.php/Users/search
INFO: [ app_begin ] --START--
INFO: Run Behavior\ReadHtmlCacheBehavior [ RunTime:0.001000s ]
INFO: [ app_begin ] --END-- [ RunTime:0.002000s ]
SQL: SHOW COLUMNS FROM `wenda_users` [ RunTime:0.0010s ]
SQL: SELECT * FROM `wenda_users` WHERE ( `username` LIKE '%微微%' OR `email` LIKE '%微微%' OR `tel` LIKE '%微微%' )  [ RunTime:0.0010s ]
INFO: [ app_end ] --START--
INFO: Run Behavior\ShowPageTraceBehavior [ RunTime:0.001000s ]
INFO: [ app_end ] --END-- [ RunTime:0.002000s ]

[ 2017-04-02T23:18:02+08:00 ] ::1 /wenda/admin.php/Users/search
INFO: [ app_begin ] --START--
INFO: Run Behavior\ReadHtmlCacheBehavior [ RunTime:0.001000s ]
INFO: [ app_begin ] --END-- [ RunTime:0.003000s ]
SQL: SHOW COLUMNS FROM `wenda_users` [ RunTime:0.0020s ]
SQL: SELECT * FROM `wenda_users` WHERE ( `username` LIKE '%小强%' OR `email` LIKE '%小强%' OR `tel` LIKE '%小强%' )  [ RunTime:0.0010s ]
INFO: [ app_end ] --START--
INFO: Run Behavior\ShowPageTraceBehavior [ RunTime:0.002000s ]
INFO: [ app_end ] --END-- [ RunTime:0.002000s ]

[ 2017-04-02T23:18:40+08:00 ] ::1 /wenda/admin.php/Users/search
INFO: [ app_begin ] --START--
INFO: Run Behavior\ReadHtmlCacheBehavior [ RunTime:0.002001s ]
INFO: [ app_begin ] --END-- [ RunTime:0.003001s ]
SQL: SHOW COLUMNS FROM `wenda_users` [ RunTime:0.0020s ]
SQL: SELECT * FROM `wenda_users` WHERE ( `username` LIKE '%小强%' OR `email` LIKE '%小强%' OR `tel` LIKE '%小强%' )  [ RunTime:0.0010s ]
INFO: [ app_end ] --START--
INFO: Run Behavior\ShowPageTraceBehavior [ RunTime:0.001000s ]
INFO: [ app_end ] --END-- [ RunTime:0.001000s ]

[ 2017-04-02T23:18:57+08:00 ] ::1 /wenda/admin.php/Users/search
INFO: [ app_begin ] --START--
INFO: Run Behavior\ReadHtmlCacheBehavior [ RunTime:0.002000s ]
INFO: [ app_begin ] --END-- [ RunTime:0.002000s ]
SQL: SHOW COLUMNS FROM `wenda_users` [ RunTime:0.0010s ]
SQL: SELECT * FROM `wenda_users` WHERE ( `username` LIKE '%小强%' OR `email` LIKE '%小强%' OR `tel` LIKE '%小强%' )  [ RunTime:0.0000s ]
INFO: [ app_end ] --START--
INFO: Run Behavior\ShowPageTraceBehavior [ RunTime:0.001000s ]
INFO: [ app_end ] --END-- [ RunTime:0.001000s ]

[ 2017-04-02T23:19:47+08:00 ] ::1 /wenda/admin.php/Users/search
INFO: [ app_begin ] --START--
INFO: Run Behavior\ReadHtmlCacheBehavior [ RunTime:0.002000s ]
INFO: [ app_begin ] --END-- [ RunTime:0.003000s ]
SQL: SHOW COLUMNS FROM `wenda_users` [ RunTime:0.0010s ]
SQL: SELECT * FROM `wenda_users` WHERE ( `username` LIKE '%小强%' OR `email` LIKE '%小强%' OR `tel` LIKE '%小强%' )  [ RunTime:0.0000s ]
INFO: [ app_end ] --START--
INFO: Run Behavior\ShowPageTraceBehavior [ RunTime:0.001000s ]
INFO: [ app_end ] --END-- [ RunTime:0.002000s ]

[ 2017-04-02T23:20:02+08:00 ] ::1 /wenda/admin.php/Users/search
INFO: [ app_begin ] --START--
INFO: Run Behavior\ReadHtmlCacheBehavior [ RunTime:0.001000s ]
INFO: [ app_begin ] --END-- [ RunTime:0.003000s ]
SQL: SHOW COLUMNS FROM `wenda_users` [ RunTime:0.0010s ]
SQL: SELECT * FROM `wenda_users` WHERE ( `username` LIKE '%小强%' OR `email` LIKE '%小强%' OR `tel` LIKE '%小强%' )  [ RunTime:0.0020s ]
INFO: [ app_end ] --START--
INFO: Run Behavior\ShowPageTraceBehavior [ RunTime:0.003000s ]
INFO: [ app_end ] --END-- [ RunTime:0.003000s ]

[ 2017-04-02T23:22:41+08:00 ] ::1 /wenda/admin.php/Users/search
INFO: [ app_begin ] --START--
INFO: Run Behavior\ReadHtmlCacheBehavior [ RunTime:0.001000s ]
INFO: [ app_begin ] --END-- [ RunTime:0.004001s ]
SQL: SHOW COLUMNS FROM `wenda_users` [ RunTime:0.0010s ]
SQL: SELECT * FROM `wenda_users` WHERE ( `username` LIKE '%小强%' OR `email` LIKE '%小强%' OR `tel` LIKE '%小强%' )  [ RunTime:0.0010s ]
INFO: [ app_end ] --START--
INFO: Run Behavior\ShowPageTraceBehavior [ RunTime:0.001000s ]
INFO: [ app_end ] --END-- [ RunTime:0.003000s ]

[ 2017-04-02T23:25:34+08:00 ] ::1 /wenda/admin.php/Users/search
INFO: [ app_begin ] --START--
INFO: Run Behavior\ReadHtmlCacheBehavior [ RunTime:0.002000s ]
INFO: [ app_begin ] --END-- [ RunTime:0.003000s ]
SQL: SHOW COLUMNS FROM `wenda_users` [ RunTime:0.0010s ]
SQL: SELECT * FROM `wenda_users` WHERE ( `username` LIKE '%小强%' OR `email` LIKE '%小强%' OR `tel` LIKE '%小强%' )  [ RunTime:0.0010s ]
INFO: [ app_end ] --START--
INFO: Run Behavior\ShowPageTraceBehavior [ RunTime:0.001000s ]
INFO: [ app_end ] --END-- [ RunTime:0.002000s ]

[ 2017-04-02T23:26:34+08:00 ] ::1 /wenda/admin.php/Users/search
INFO: [ app_begin ] --START--
INFO: Run Behavior\ReadHtmlCacheBehavior [ RunTime:0.001000s ]
INFO: [ app_begin ] --END-- [ RunTime:0.003000s ]
SQL: SHOW COLUMNS FROM `wenda_users` [ RunTime:0.0010s ]
SQL: SELECT * FROM `wenda_users` WHERE ( `username` LIKE '%小强%' OR `email` LIKE '%小强%' OR `tel` LIKE '%小强%' )  [ RunTime:0.0010s ]
INFO: [ app_end ] --START--
INFO: Run Behavior\ShowPageTraceBehavior [ RunTime:0.003000s ]
INFO: [ app_end ] --END-- [ RunTime:0.003000s ]

[ 2017-04-02T23:27:27+08:00 ] ::1 /wenda/admin.php/Users/search
INFO: [ app_begin ] --START--
INFO: Run Behavior\ReadHtmlCacheBehavior [ RunTime:0.002000s ]
INFO: [ app_begin ] --END-- [ RunTime:0.003000s ]
SQL: SHOW COLUMNS FROM `wenda_users` [ RunTime:0.0020s ]
SQL: SELECT * FROM `wenda_users` WHERE ( `username` LIKE '%小强%' OR `email` LIKE '%小强%' OR `tel` LIKE '%小强%' )  [ RunTime:0.0010s ]
INFO: [ app_end ] --START--
INFO: Run Behavior\ShowPageTraceBehavior [ RunTime:0.001001s ]
INFO: [ app_end ] --END-- [ RunTime:0.002001s ]

[ 2017-04-02T23:31:06+08:00 ] ::1 /wenda/admin.php/Users/search
INFO: [ app_begin ] --START--
INFO: Run Behavior\ReadHtmlCacheBehavior [ RunTime:0.002000s ]
INFO: [ app_begin ] --END-- [ RunTime:0.003000s ]
SQL: SHOW COLUMNS FROM `wenda_users` [ RunTime:0.0030s ]
SQL: SELECT * FROM `wenda_users` WHERE ( `username` LIKE '%小强%' OR `email` LIKE '%小强%' OR `tel` LIKE '%小强%' )  [ RunTime:0.0010s ]
INFO: [ app_end ] --START--
INFO: Run Behavior\ShowPageTraceBehavior [ RunTime:0.001000s ]
INFO: [ app_end ] --END-- [ RunTime:0.001000s ]

[ 2017-04-02T23:31:58+08:00 ] ::1 /wenda/admin.php/Users/search
INFO: [ app_begin ] --START--
INFO: Run Behavior\ReadHtmlCacheBehavior [ RunTime:0.002000s ]
INFO: [ app_begin ] --END-- [ RunTime:0.004001s ]
SQL: SHOW COLUMNS FROM `wenda_users` [ RunTime:0.0010s ]
SQL: SELECT * FROM `wenda_users` WHERE ( `username` LIKE '%小强%' OR `email` LIKE '%小强%' OR `tel` LIKE '%小强%' )  [ RunTime:0.0010s ]
INFO: [ app_end ] --START--
INFO: Run Behavior\ShowPageTraceBehavior [ RunTime:0.002000s ]
INFO: [ app_end ] --END-- [ RunTime:0.002000s ]

[ 2017-04-02T23:32:06+08:00 ] ::1 /wenda/admin.php/Users/search
INFO: [ app_begin ] --START--
INFO: Run Behavior\ReadHtmlCacheBehavior [ RunTime:0.002000s ]
INFO: [ app_begin ] --END-- [ RunTime:0.003000s ]
SQL: SHOW COLUMNS FROM `wenda_users` [ RunTime:0.0010s ]
SQL: SELECT * FROM `wenda_users` WHERE ( `username` LIKE '%小强%' OR `email` LIKE '%小强%' OR `tel` LIKE '%小强%' )  [ RunTime:0.0020s ]
INFO: [ app_end ] --START--
INFO: Run Behavior\ShowPageTraceBehavior [ RunTime:0.002000s ]
INFO: [ app_end ] --END-- [ RunTime:0.002000s ]

[ 2017-04-02T23:32:39+08:00 ] ::1 /wenda/admin.php/Users/search
INFO: [ app_begin ] --START--
INFO: Run Behavior\ReadHtmlCacheBehavior [ RunTime:0.004000s ]
INFO: [ app_begin ] --END-- [ RunTime:0.005000s ]
SQL: SHOW COLUMNS FROM `wenda_users` [ RunTime:0.0010s ]
SQL: SELECT * FROM `wenda_users` WHERE ( `username` LIKE '%小强%' OR `email` LIKE '%小强%' OR `tel` LIKE '%小强%' )  [ RunTime:0.0010s ]
INFO: [ app_end ] --START--
INFO: Run Behavior\ShowPageTraceBehavior [ RunTime:0.001000s ]
INFO: [ app_end ] --END-- [ RunTime:0.002000s ]

[ 2017-04-02T23:38:17+08:00 ] ::1 /wenda/admin.php/Users/search
INFO: [ app_begin ] --START--
INFO: Run Behavior\ReadHtmlCacheBehavior [ RunTime:0.002000s ]
INFO: [ app_begin ] --END-- [ RunTime:0.003000s ]
SQL: SHOW COLUMNS FROM `wenda_users` [ RunTime:0.0020s ]
SQL: SELECT * FROM `wenda_users` WHERE ( `username` LIKE '%小强%' OR `email` LIKE '%小强%' OR `tel` LIKE '%小强%' )  [ RunTime:0.0010s ]
INFO: [ app_end ] --START--
INFO: Run Behavior\ShowPageTraceBehavior [ RunTime:0.002000s ]
INFO: [ app_end ] --END-- [ RunTime:0.002000s ]

[ 2017-04-02T23:38:48+08:00 ] ::1 /wenda/admin.php/Users/search
INFO: [ app_begin ] --START--
INFO: Run Behavior\ReadHtmlCacheBehavior [ RunTime:0.001001s ]
INFO: [ app_begin ] --END-- [ RunTime:0.009001s ]
SQL: SHOW COLUMNS FROM `wenda_users` [ RunTime:0.0030s ]
SQL: SELECT * FROM `wenda_users` WHERE ( `username` LIKE '%小强%' OR `email` LIKE '%小强%' OR `tel` LIKE '%小强%' )  [ RunTime:0.0010s ]
INFO: [ app_end ] --START--
INFO: Run Behavior\ShowPageTraceBehavior [ RunTime:0.001000s ]
INFO: [ app_end ] --END-- [ RunTime:0.001000s ]

