[ 2017-04-01T16:27:11+08:00 ] ::1 /wenda/admin.php/Welcome/index.html
ERR: 1054:Unknown column 'question' in 'where clause'
 [ SQL语句 ] : SELECT COUNT(*) AS tp_count FROM `wenda_question` WHERE ( question='2017-04-01' ) LIMIT 1  

[ 2017-04-01T20:16:48+08:00 ] ::1 /wenda/admin.php/Welcome/index.html
ERR: XML标签语法错误

[ 2017-04-01T20:17:05+08:00 ] ::1 /wenda/admin.php/Welcome/index.html
ERR: XML标签语法错误

[ 2017-04-01T21:18:31+08:00 ] ::1 /wenda/admin.php/User/add.html
ERR: 无法加载控制器:User

[ 2017-04-01T21:25:03+08:00 ] ::1 /wenda/admin.php/Users/del?
ERR: 非法操作:del

[ 2017-04-01T22:00:52+08:00 ] ::1 /wenda/admin.php/Users/userslist.html
ERR: 1054:Unknown column 'id' in 'field list'
 [ SQL语句 ] : SELECT `id`,`email`,`status`,`pwd` FROM `wenda_users` ORDER BY id DESC LIMIT 0,4  

[ 2017-04-01T22:01:07+08:00 ] ::1 /wenda/admin.php/Users/userslist.html
ERR: 1054:Unknown column 'id' in 'order clause'
 [ SQL语句 ] : SELECT * FROM `wenda_users` ORDER BY id DESC LIMIT 0,4  

[ 2017-04-01T22:01:08+08:00 ] ::1 /wenda/admin.php/Users/userslist.html
ERR: 1054:Unknown column 'id' in 'order clause'
 [ SQL语句 ] : SELECT * FROM `wenda_users` ORDER BY id DESC LIMIT 0,4  

[ 2017-04-01T22:01:09+08:00 ] ::1 /wenda/admin.php/Users/userslist.html
ERR: 1054:Unknown column 'id' in 'order clause'
 [ SQL语句 ] : SELECT * FROM `wenda_users` ORDER BY id DESC LIMIT 0,4  

[ 2017-04-01T22:01:09+08:00 ] ::1 /wenda/admin.php/Users/userslist.html
ERR: 1054:Unknown column 'id' in 'order clause'
 [ SQL语句 ] : SELECT * FROM `wenda_users` ORDER BY id DESC LIMIT 0,4  

[ 2017-04-01T22:01:09+08:00 ] ::1 /wenda/admin.php/Users/userslist.html
ERR: 1054:Unknown column 'id' in 'order clause'
 [ SQL语句 ] : SELECT * FROM `wenda_users` ORDER BY id DESC LIMIT 0,4  

[ 2017-04-01T22:01:09+08:00 ] ::1 /wenda/admin.php/Users/userslist.html
ERR: 1054:Unknown column 'id' in 'order clause'
 [ SQL语句 ] : SELECT * FROM `wenda_users` ORDER BY id DESC LIMIT 0,4  

[ 2017-04-01T22:01:10+08:00 ] ::1 /wenda/admin.php/Users/userslist.html
ERR: 1054:Unknown column 'id' in 'order clause'
 [ SQL语句 ] : SELECT * FROM `wenda_users` ORDER BY id DESC LIMIT 0,4  

[ 2017-04-01T22:01:10+08:00 ] ::1 /wenda/admin.php/Users/userslist.html
ERR: 1054:Unknown column 'id' in 'order clause'
 [ SQL语句 ] : SELECT * FROM `wenda_users` ORDER BY id DESC LIMIT 0,4  

[ 2017-04-01T22:01:10+08:00 ] ::1 /wenda/admin.php/Users/userslist.html
ERR: 1054:Unknown column 'id' in 'order clause'
 [ SQL语句 ] : SELECT * FROM `wenda_users` ORDER BY id DESC LIMIT 0,4  

[ 2017-04-01T22:13:46+08:00 ] ::1 /wenda/admin.php/Users/del?
ERR: 非法操作:del

[ 2017-04-01T22:18:44+08:00 ] ::1 /wenda/admin.php/Users/userslist/p/2.html
ERR: Think\Controller:list方法不存在！

[ 2017-04-01T22:18:55+08:00 ] ::1 /wenda/admin.php/Users/userslist/p/2.html
ERR: Think\Controller:list方法不存在！

[ 2017-04-01T22:18:56+08:00 ] ::1 /wenda/admin.php/Users/userslist/p/2.html
ERR: Think\Controller:list方法不存在！

[ 2017-04-01T23:07:25+08:00 ] ::1 /wenda/admin.php/Users/delusers
INFO: [ app_begin ] --START--
INFO: Run Behavior\ReadHtmlCacheBehavior [ RunTime:0.002000s ]
INFO: [ app_begin ] --END-- [ RunTime:0.004000s ]
NOTIC: [8] Undefined index: uid D:\wamp64\www\wenda\Application\Admin\Controller\UsersController.class.php 第 16 行.

[ 2017-04-01T23:08:00+08:00 ] ::1 /wenda/admin.php/Users/delusers?uid=15
INFO: [ app_begin ] --START--
INFO: Run Behavior\ReadHtmlCacheBehavior [ RunTime:0.002000s ]
INFO: [ app_begin ] --END-- [ RunTime:0.005000s ]

[ 2017-04-01T23:08:09+08:00 ] ::1 /wenda/admin.php/Users/delusers?uid=15
INFO: [ app_begin ] --START--
INFO: Run Behavior\ReadHtmlCacheBehavior [ RunTime:0.002000s ]
INFO: [ app_begin ] --END-- [ RunTime:0.003000s ]

[ 2017-04-01T23:08:25+08:00 ] ::1 /wenda/admin.php/Users/delusers?uid=15
INFO: [ app_begin ] --START--
INFO: Run Behavior\ReadHtmlCacheBehavior [ RunTime:0.001000s ]
INFO: [ app_begin ] --END-- [ RunTime:0.003000s ]

