[ 2017-03-28T07:58:15+08:00 ] ::1 /wenda/index.php/Home/Index/getfriendlist
INFO: [ app_begin ] --START--
INFO: Run Behavior\ReadHtmlCacheBehavior [ RunTime:0.001000s ]
INFO: [ app_begin ] --END-- [ RunTime:0.001000s ]
NOTIC: [8] Undefined index: uid D:\wamp64\www\wenda\Application\Home\Controller\IndexController.class.php 第 10 行.

[ 2017-03-28T07:59:37+08:00 ] ::1 /wenda/index.php/Home/Index/getfriendlist
INFO: [ app_begin ] --START--
INFO: Run Behavior\ReadHtmlCacheBehavior [ RunTime:0.000000s ]
INFO: [ app_begin ] --END-- [ RunTime:0.001000s ]
NOTIC: [8] Undefined index: uid D:\wamp64\www\wenda\Application\Home\Controller\IndexController.class.php 第 10 行.

[ 2017-03-28T07:59:52+08:00 ] ::1 /wenda/index.php/Home/Index/getfriendlist
INFO: [ app_begin ] --START--
INFO: Run Behavior\ReadHtmlCacheBehavior [ RunTime:0.001000s ]
INFO: [ app_begin ] --END-- [ RunTime:0.002000s ]
NOTIC: [8] Undefined index: uid D:\wamp64\www\wenda\Application\Home\Controller\IndexController.class.php 第 10 行.

[ 2017-03-28T08:00:06+08:00 ] ::1 /wenda/index.php/Home/Index/getfriendlist
INFO: [ app_begin ] --START--
INFO: Run Behavior\ReadHtmlCacheBehavior [ RunTime:0.001000s ]
INFO: [ app_begin ] --END-- [ RunTime:0.001000s ]
NOTIC: [8] Undefined index: uid D:\wamp64\www\wenda\Application\Home\Controller\IndexController.class.php 第 10 行.

[ 2017-03-28T08:06:25+08:00 ] ::1 /wenda/index.php/Home/Index/getfriendlist
INFO: [ app_begin ] --START--
INFO: Run Behavior\ReadHtmlCacheBehavior [ RunTime:0.001000s ]
INFO: [ app_begin ] --END-- [ RunTime:0.002000s ]
NOTIC: [8] Undefined index: uid D:\wamp64\www\wenda\Application\Home\Controller\IndexController.class.php 第 10 行.

[ 2017-03-28T08:07:11+08:00 ] ::1 /wenda/index.php/Home/Index/getfriendlist
INFO: [ app_begin ] --START--
INFO: Run Behavior\ReadHtmlCacheBehavior [ RunTime:0.001000s ]
INFO: [ app_begin ] --END-- [ RunTime:0.002000s ]
NOTIC: [8] Undefined index: uid D:\wamp64\www\wenda\Application\Home\Controller\IndexController.class.php 第 10 行.

[ 2017-03-28T08:07:53+08:00 ] ::1 /wenda/index.php/Home/Index/getfriendlist
INFO: [ app_begin ] --START--
INFO: Run Behavior\ReadHtmlCacheBehavior [ RunTime:0.000000s ]
INFO: [ app_begin ] --END-- [ RunTime:0.001000s ]
NOTIC: [8] Undefined index: uid D:\wamp64\www\wenda\Application\Home\Controller\IndexController.class.php 第 10 行.

[ 2017-03-28T08:08:29+08:00 ] ::1 /wenda/index.php/Home/Index/getfriendlist
INFO: [ app_begin ] --START--
INFO: Run Behavior\ReadHtmlCacheBehavior [ RunTime:0.001000s ]
INFO: [ app_begin ] --END-- [ RunTime:0.002000s ]
NOTIC: [8] Undefined index: uid D:\wamp64\www\wenda\Application\Home\Controller\IndexController.class.php 第 10 行.

[ 2017-03-28T08:08:36+08:00 ] ::1 /wenda/index.php/Home/Index/getfriendlist
INFO: [ app_begin ] --START--
INFO: Run Behavior\ReadHtmlCacheBehavior [ RunTime:0.001000s ]
INFO: [ app_begin ] --END-- [ RunTime:0.001000s ]
NOTIC: [8] Undefined index: uid D:\wamp64\www\wenda\Application\Home\Controller\IndexController.class.php 第 10 行.

[ 2017-03-28T08:09:10+08:00 ] ::1 /wenda/index.php/Home/Index/getfriendlist
INFO: [ app_begin ] --START--
INFO: Run Behavior\ReadHtmlCacheBehavior [ RunTime:0.001000s ]
INFO: [ app_begin ] --END-- [ RunTime:0.001000s ]
NOTIC: [8] Undefined index: uid D:\wamp64\www\wenda\Application\Home\Controller\IndexController.class.php 第 10 行.

[ 2017-03-28T08:09:12+08:00 ] ::1 /wenda/index.php/Home/Index/getfriendlist
INFO: [ app_begin ] --START--
INFO: Run Behavior\ReadHtmlCacheBehavior [ RunTime:0.000000s ]
INFO: [ app_begin ] --END-- [ RunTime:0.001000s ]
NOTIC: [8] Undefined index: uid D:\wamp64\www\wenda\Application\Home\Controller\IndexController.class.php 第 10 行.

[ 2017-03-28T08:10:24+08:00 ] ::1 /wenda/index.php/Home/Index/getfriendlist
INFO: [ app_begin ] --START--
INFO: Run Behavior\ReadHtmlCacheBehavior [ RunTime:0.001000s ]
INFO: [ app_begin ] --END-- [ RunTime:0.001000s ]
NOTIC: [8] Undefined index: uid D:\wamp64\www\wenda\Application\Home\Controller\IndexController.class.php 第 10 行.

[ 2017-03-28T08:11:36+08:00 ] ::1 /wenda/index.php/Home/Index/getfriendlist
INFO: [ app_begin ] --START--
INFO: Run Behavior\ReadHtmlCacheBehavior [ RunTime:0.001000s ]
INFO: [ app_begin ] --END-- [ RunTime:0.002000s ]
NOTIC: [8] Undefined index: uid D:\wamp64\www\wenda\Application\Home\Controller\IndexController.class.php 第 10 行.

[ 2017-03-28T08:12:43+08:00 ] ::1 /wenda/index.php/Home/Index/getfriendlist
INFO: [ app_begin ] --START--
INFO: Run Behavior\ReadHtmlCacheBehavior [ RunTime:0.001000s ]
INFO: [ app_begin ] --END-- [ RunTime:0.002000s ]
NOTIC: [8] Undefined index: uid D:\wamp64\www\wenda\Application\Home\Controller\IndexController.class.php 第 10 行.
INFO: [ app_end ] --START--
INFO: Run Behavior\ShowPageTraceBehavior [ RunTime:0.001000s ]
INFO: [ app_end ] --END-- [ RunTime:0.001000s ]

[ 2017-03-28T08:20:05+08:00 ] ::1 /wenda/index.php/Home/Index/getfriendlist
INFO: [ app_begin ] --START--
INFO: Run Behavior\ReadHtmlCacheBehavior [ RunTime:0.001000s ]
INFO: [ app_begin ] --END-- [ RunTime:0.001000s ]
NOTIC: [8] Undefined index: uid D:\wamp64\www\wenda\Application\Home\Controller\IndexController.class.php 第 10 行.

[ 2017-03-28T08:20:22+08:00 ] ::1 /wenda/index.php/Home/Index/getfriendlist
INFO: [ app_begin ] --START--
INFO: Run Behavior\ReadHtmlCacheBehavior [ RunTime:0.001000s ]
INFO: [ app_begin ] --END-- [ RunTime:0.001000s ]
NOTIC: [8] Undefined index: uid D:\wamp64\www\wenda\Application\Home\Controller\IndexController.class.php 第 10 行.

[ 2017-03-28T08:20:23+08:00 ] ::1 /wenda/index.php/Home/Index/getfriendlist
INFO: [ app_begin ] --START--
INFO: Run Behavior\ReadHtmlCacheBehavior [ RunTime:0.001000s ]
INFO: [ app_begin ] --END-- [ RunTime:0.001000s ]
NOTIC: [8] Undefined index: uid D:\wamp64\www\wenda\Application\Home\Controller\IndexController.class.php 第 10 行.

[ 2017-03-28T08:20:24+08:00 ] ::1 /wenda/index.php/Home/Index/getfriendlist
INFO: [ app_begin ] --START--
INFO: Run Behavior\ReadHtmlCacheBehavior [ RunTime:0.002001s ]
INFO: [ app_begin ] --END-- [ RunTime:0.003001s ]
NOTIC: [8] Undefined index: uid D:\wamp64\www\wenda\Application\Home\Controller\IndexController.class.php 第 10 行.

[ 2017-03-28T08:21:20+08:00 ] ::1 /wenda/index.php/Home/Index/getfriendlist
INFO: [ app_begin ] --START--
INFO: Run Behavior\ReadHtmlCacheBehavior [ RunTime:0.000000s ]
INFO: [ app_begin ] --END-- [ RunTime:0.001000s ]
NOTIC: [8] Undefined index: uid D:\wamp64\www\wenda\Application\Home\Controller\IndexController.class.php 第 10 行.

[ 2017-03-28T08:21:21+08:00 ] ::1 /wenda/index.php/Home/Index/getfriendlist
INFO: [ app_begin ] --START--
INFO: Run Behavior\ReadHtmlCacheBehavior [ RunTime:0.000000s ]
INFO: [ app_begin ] --END-- [ RunTime:0.001000s ]
NOTIC: [8] Undefined index: uid D:\wamp64\www\wenda\Application\Home\Controller\IndexController.class.php 第 10 行.

[ 2017-03-28T08:21:21+08:00 ] ::1 /wenda/index.php/Home/Index/getfriendlist
INFO: [ app_begin ] --START--
INFO: Run Behavior\ReadHtmlCacheBehavior [ RunTime:0.001000s ]
INFO: [ app_begin ] --END-- [ RunTime:0.001000s ]
NOTIC: [8] Undefined index: uid D:\wamp64\www\wenda\Application\Home\Controller\IndexController.class.php 第 10 行.

[ 2017-03-28T08:21:22+08:00 ] ::1 /wenda/index.php/Home/Index/getfriendlist
INFO: [ app_begin ] --START--
INFO: Run Behavior\ReadHtmlCacheBehavior [ RunTime:0.001000s ]
INFO: [ app_begin ] --END-- [ RunTime:0.002000s ]
NOTIC: [8] Undefined index: uid D:\wamp64\www\wenda\Application\Home\Controller\IndexController.class.php 第 10 行.

[ 2017-03-28T08:21:22+08:00 ] ::1 /wenda/index.php/Home/Index/getfriendlist
INFO: [ app_begin ] --START--
INFO: Run Behavior\ReadHtmlCacheBehavior [ RunTime:0.001000s ]
INFO: [ app_begin ] --END-- [ RunTime:0.001000s ]
NOTIC: [8] Undefined index: uid D:\wamp64\www\wenda\Application\Home\Controller\IndexController.class.php 第 10 行.

[ 2017-03-28T08:21:23+08:00 ] ::1 /wenda/index.php/Home/Index/getfriendlist
INFO: [ app_begin ] --START--
INFO: Run Behavior\ReadHtmlCacheBehavior [ RunTime:0.001000s ]
INFO: [ app_begin ] --END-- [ RunTime:0.002000s ]
NOTIC: [8] Undefined index: uid D:\wamp64\www\wenda\Application\Home\Controller\IndexController.class.php 第 10 行.

[ 2017-03-28T08:21:23+08:00 ] ::1 /wenda/index.php/Home/Index/getfriendlist
INFO: [ app_begin ] --START--
INFO: Run Behavior\ReadHtmlCacheBehavior [ RunTime:0.001000s ]
INFO: [ app_begin ] --END-- [ RunTime:0.003000s ]
NOTIC: [8] Undefined index: uid D:\wamp64\www\wenda\Application\Home\Controller\IndexController.class.php 第 10 行.

[ 2017-03-28T08:21:23+08:00 ] ::1 /wenda/index.php/Home/Index/getfriendlist
INFO: [ app_begin ] --START--
INFO: Run Behavior\ReadHtmlCacheBehavior [ RunTime:0.001000s ]
INFO: [ app_begin ] --END-- [ RunTime:0.001000s ]
NOTIC: [8] Undefined index: uid D:\wamp64\www\wenda\Application\Home\Controller\IndexController.class.php 第 10 行.

[ 2017-03-28T08:21:35+08:00 ] ::1 /wenda/index.php/Home/Index/getfriendlist
INFO: [ app_begin ] --START--
INFO: Run Behavior\ReadHtmlCacheBehavior [ RunTime:0.000000s ]
INFO: [ app_begin ] --END-- [ RunTime:0.001000s ]
NOTIC: [8] Undefined index: uid D:\wamp64\www\wenda\Application\Home\Controller\IndexController.class.php 第 10 行.

[ 2017-03-28T08:22:14+08:00 ] ::1 /wenda/index.php/Home/Index/getfriendlist
INFO: [ app_begin ] --START--
INFO: Run Behavior\ReadHtmlCacheBehavior [ RunTime:0.000000s ]
INFO: [ app_begin ] --END-- [ RunTime:0.001000s ]
NOTIC: [8] Undefined index: uid D:\wamp64\www\wenda\Application\Home\Controller\IndexController.class.php 第 10 行.

[ 2017-03-28T08:22:54+08:00 ] ::1 /wenda/index.php/Home/Index/getfriendlist
INFO: [ app_begin ] --START--
INFO: Run Behavior\ReadHtmlCacheBehavior [ RunTime:0.001000s ]
INFO: [ app_begin ] --END-- [ RunTime:0.001000s ]
NOTIC: [8] Undefined index: uid D:\wamp64\www\wenda\Application\Home\Controller\IndexController.class.php 第 10 行.
INFO: [ app_end ] --START--
INFO: Run Behavior\ShowPageTraceBehavior [ RunTime:0.000000s ]
INFO: [ app_end ] --END-- [ RunTime:0.000000s ]

[ 2017-03-28T08:24:02+08:00 ] ::1 /wenda/index.php/Home/Index/getfriendlist
INFO: [ app_begin ] --START--
INFO: Run Behavior\ReadHtmlCacheBehavior [ RunTime:0.001000s ]
INFO: [ app_begin ] --END-- [ RunTime:0.001000s ]
NOTIC: [8] Undefined index: uid D:\wamp64\www\wenda\Application\Home\Controller\IndexController.class.php 第 10 行.
INFO: [ app_end ] --START--
INFO: Run Behavior\ShowPageTraceBehavior [ RunTime:0.000000s ]
INFO: [ app_end ] --END-- [ RunTime:0.000000s ]

[ 2017-03-28T08:24:36+08:00 ] ::1 /wenda/index.php/Home/Index/getfriendlist
INFO: [ app_begin ] --START--
INFO: Run Behavior\ReadHtmlCacheBehavior [ RunTime:0.001000s ]
INFO: [ app_begin ] --END-- [ RunTime:0.001000s ]
NOTIC: [8] Undefined index: uid D:\wamp64\www\wenda\Application\Home\Controller\IndexController.class.php 第 10 行.
INFO: [ app_end ] --START--
INFO: Run Behavior\ShowPageTraceBehavior [ RunTime:0.001000s ]
INFO: [ app_end ] --END-- [ RunTime:0.001000s ]

[ 2017-03-28T08:25:01+08:00 ] ::1 /wenda/index.php/Home/Index/getfriendlist
INFO: [ app_begin ] --START--
INFO: Run Behavior\ReadHtmlCacheBehavior [ RunTime:0.000000s ]
INFO: [ app_begin ] --END-- [ RunTime:0.002000s ]
NOTIC: [8] Undefined index: uid D:\wamp64\www\wenda\Application\Home\Controller\IndexController.class.php 第 10 行.
INFO: [ app_end ] --START--
INFO: Run Behavior\ShowPageTraceBehavior [ RunTime:0.000000s ]
INFO: [ app_end ] --END-- [ RunTime:0.001000s ]

[ 2017-03-28T08:26:50+08:00 ] ::1 /wenda/index.php/Home/Index/getfriendlist
INFO: [ app_begin ] --START--
INFO: Run Behavior\ReadHtmlCacheBehavior [ RunTime:0.000000s ]
INFO: [ app_begin ] --END-- [ RunTime:0.001000s ]
NOTIC: [8] Undefined index: uid D:\wamp64\www\wenda\Application\Home\Controller\IndexController.class.php 第 10 行.
INFO: [ app_end ] --START--
INFO: Run Behavior\ShowPageTraceBehavior [ RunTime:0.000000s ]
INFO: [ app_end ] --END-- [ RunTime:0.000000s ]

[ 2017-03-28T08:28:46+08:00 ] ::1 /wenda/index.php/Home/Index/getfriendlist
INFO: [ app_begin ] --START--
INFO: Run Behavior\ReadHtmlCacheBehavior [ RunTime:0.001000s ]
INFO: [ app_begin ] --END-- [ RunTime:0.001000s ]
NOTIC: [8] Undefined index: uid D:\wamp64\www\wenda\Application\Home\Controller\IndexController.class.php 第 10 行.
INFO: [ app_end ] --START--
INFO: Run Behavior\ShowPageTraceBehavior [ RunTime:0.001001s ]
INFO: [ app_end ] --END-- [ RunTime:0.001001s ]

[ 2017-03-28T08:29:33+08:00 ] ::1 /wenda/index.php/Home/Index/getfriendlist
INFO: [ app_begin ] --START--
INFO: Run Behavior\ReadHtmlCacheBehavior [ RunTime:0.001000s ]
INFO: [ app_begin ] --END-- [ RunTime:0.003000s ]
NOTIC: [8] Undefined index: uid D:\wamp64\www\wenda\Application\Home\Controller\IndexController.class.php 第 10 行.
INFO: [ app_end ] --START--
INFO: Run Behavior\ShowPageTraceBehavior [ RunTime:0.001000s ]
INFO: [ app_end ] --END-- [ RunTime:0.001000s ]

[ 2017-03-28T08:30:11+08:00 ] ::1 /wenda/index.php/Home/Index/getfriendlist
INFO: [ app_begin ] --START--
INFO: Run Behavior\ReadHtmlCacheBehavior [ RunTime:0.001000s ]
INFO: [ app_begin ] --END-- [ RunTime:0.002000s ]
NOTIC: [8] Undefined index: uid D:\wamp64\www\wenda\Application\Home\Controller\IndexController.class.php 第 10 行.
INFO: [ app_end ] --START--
INFO: Run Behavior\ShowPageTraceBehavior [ RunTime:0.001000s ]
INFO: [ app_end ] --END-- [ RunTime:0.001000s ]

[ 2017-03-28T08:33:25+08:00 ] ::1 /wenda/index.php/Home/Index/getfriendlist
INFO: [ app_begin ] --START--
INFO: Run Behavior\ReadHtmlCacheBehavior [ RunTime:0.001000s ]
INFO: [ app_begin ] --END-- [ RunTime:0.002000s ]
NOTIC: [8] Undefined index: uid D:\wamp64\www\wenda\Application\Home\Controller\IndexController.class.php 第 10 行.
INFO: [ app_end ] --START--
INFO: Run Behavior\ShowPageTraceBehavior [ RunTime:0.001000s ]
INFO: [ app_end ] --END-- [ RunTime:0.001000s ]

[ 2017-03-28T08:33:27+08:00 ] ::1 /wenda/index.php/Home/Index/getfriendlist
INFO: [ app_begin ] --START--
INFO: Run Behavior\ReadHtmlCacheBehavior [ RunTime:0.001000s ]
INFO: [ app_begin ] --END-- [ RunTime:0.002000s ]
NOTIC: [8] Undefined index: uid D:\wamp64\www\wenda\Application\Home\Controller\IndexController.class.php 第 10 行.
INFO: [ app_end ] --START--
INFO: Run Behavior\ShowPageTraceBehavior [ RunTime:0.001000s ]
INFO: [ app_end ] --END-- [ RunTime:0.001000s ]

[ 2017-03-28T08:33:28+08:00 ] ::1 /wenda/index.php/Home/Index/getfriendlist
INFO: [ app_begin ] --START--
INFO: Run Behavior\ReadHtmlCacheBehavior [ RunTime:0.001000s ]
INFO: [ app_begin ] --END-- [ RunTime:0.001000s ]
NOTIC: [8] Undefined index: uid D:\wamp64\www\wenda\Application\Home\Controller\IndexController.class.php 第 10 行.
INFO: [ app_end ] --START--
INFO: Run Behavior\ShowPageTraceBehavior [ RunTime:0.000000s ]
INFO: [ app_end ] --END-- [ RunTime:0.000000s ]

[ 2017-03-28T08:33:29+08:00 ] ::1 /wenda/index.php/Home/Index/getfriendlist
INFO: [ app_begin ] --START--
INFO: Run Behavior\ReadHtmlCacheBehavior [ RunTime:0.001001s ]
INFO: [ app_begin ] --END-- [ RunTime:0.002001s ]
NOTIC: [8] Undefined index: uid D:\wamp64\www\wenda\Application\Home\Controller\IndexController.class.php 第 10 行.
INFO: [ app_end ] --START--
INFO: Run Behavior\ShowPageTraceBehavior [ RunTime:0.001000s ]
INFO: [ app_end ] --END-- [ RunTime:0.001000s ]

[ 2017-03-28T08:33:30+08:00 ] ::1 /wenda/index.php/Home/Index/getfriendlist
INFO: [ app_begin ] --START--
INFO: Run Behavior\ReadHtmlCacheBehavior [ RunTime:0.000000s ]
INFO: [ app_begin ] --END-- [ RunTime:0.001000s ]
NOTIC: [8] Undefined index: uid D:\wamp64\www\wenda\Application\Home\Controller\IndexController.class.php 第 10 行.
INFO: [ app_end ] --START--
INFO: Run Behavior\ShowPageTraceBehavior [ RunTime:0.001000s ]
INFO: [ app_end ] --END-- [ RunTime:0.001000s ]

[ 2017-03-28T08:33:30+08:00 ] ::1 /wenda/index.php/Home/Index/getfriendlist
INFO: [ app_begin ] --START--
INFO: Run Behavior\ReadHtmlCacheBehavior [ RunTime:0.001000s ]
INFO: [ app_begin ] --END-- [ RunTime:0.002000s ]
NOTIC: [8] Undefined index: uid D:\wamp64\www\wenda\Application\Home\Controller\IndexController.class.php 第 10 行.
INFO: [ app_end ] --START--
INFO: Run Behavior\ShowPageTraceBehavior [ RunTime:0.001000s ]
INFO: [ app_end ] --END-- [ RunTime:0.001000s ]

[ 2017-03-28T08:33:35+08:00 ] ::1 /wenda/index.php/Home/Index/getfriendlist
INFO: [ app_begin ] --START--
INFO: Run Behavior\ReadHtmlCacheBehavior [ RunTime:0.001000s ]
INFO: [ app_begin ] --END-- [ RunTime:0.001000s ]
NOTIC: [8] Undefined index: uid D:\wamp64\www\wenda\Application\Home\Controller\IndexController.class.php 第 10 行.
INFO: [ app_end ] --START--
INFO: Run Behavior\ShowPageTraceBehavior [ RunTime:0.000000s ]
INFO: [ app_end ] --END-- [ RunTime:0.000000s ]

[ 2017-03-28T08:33:59+08:00 ] ::1 /wenda/index.php/Home/Index/getfriendlist
INFO: [ app_begin ] --START--
INFO: Run Behavior\ReadHtmlCacheBehavior [ RunTime:0.001001s ]
INFO: [ app_begin ] --END-- [ RunTime:0.002001s ]
NOTIC: [8] Undefined index: uid D:\wamp64\www\wenda\Application\Home\Controller\IndexController.class.php 第 10 行.
INFO: [ app_end ] --START--
INFO: Run Behavior\ShowPageTraceBehavior [ RunTime:0.001000s ]
INFO: [ app_end ] --END-- [ RunTime:0.001000s ]

[ 2017-03-28T08:34:06+08:00 ] ::1 /wenda/index.php/Home/Index/getfriendlist
INFO: [ app_begin ] --START--
INFO: Run Behavior\ReadHtmlCacheBehavior [ RunTime:0.001001s ]
INFO: [ app_begin ] --END-- [ RunTime:0.001001s ]
NOTIC: [8] Undefined index: uid D:\wamp64\www\wenda\Application\Home\Controller\IndexController.class.php 第 10 行.
INFO: [ app_end ] --START--
INFO: Run Behavior\ShowPageTraceBehavior [ RunTime:0.001000s ]
INFO: [ app_end ] --END-- [ RunTime:0.001000s ]

[ 2017-03-28T08:34:08+08:00 ] ::1 /wenda/index.php/Home/Index/getfriendlist
INFO: [ app_begin ] --START--
INFO: Run Behavior\ReadHtmlCacheBehavior [ RunTime:0.001000s ]
INFO: [ app_begin ] --END-- [ RunTime:0.001000s ]
NOTIC: [8] Undefined index: uid D:\wamp64\www\wenda\Application\Home\Controller\IndexController.class.php 第 10 行.
INFO: [ app_end ] --START--
INFO: Run Behavior\ShowPageTraceBehavior [ RunTime:0.001000s ]
INFO: [ app_end ] --END-- [ RunTime:0.002000s ]

[ 2017-03-28T08:34:10+08:00 ] ::1 /wenda/index.php/Home/Index/getfriendlist
INFO: [ app_begin ] --START--
INFO: Run Behavior\ReadHtmlCacheBehavior [ RunTime:0.001000s ]
INFO: [ app_begin ] --END-- [ RunTime:0.001000s ]
NOTIC: [8] Undefined index: uid D:\wamp64\www\wenda\Application\Home\Controller\IndexController.class.php 第 10 行.
INFO: [ app_end ] --START--
INFO: Run Behavior\ShowPageTraceBehavior [ RunTime:0.000000s ]
INFO: [ app_end ] --END-- [ RunTime:0.001000s ]

[ 2017-03-28T08:34:12+08:00 ] ::1 /wenda/index.php/Home/Index/getfriendlist
INFO: [ app_begin ] --START--
INFO: Run Behavior\ReadHtmlCacheBehavior [ RunTime:0.000000s ]
INFO: [ app_begin ] --END-- [ RunTime:0.002000s ]
NOTIC: [8] Undefined index: uid D:\wamp64\www\wenda\Application\Home\Controller\IndexController.class.php 第 10 行.
INFO: [ app_end ] --START--
INFO: Run Behavior\ShowPageTraceBehavior [ RunTime:0.000000s ]
INFO: [ app_end ] --END-- [ RunTime:0.000000s ]

[ 2017-03-28T08:34:17+08:00 ] ::1 /wenda/index.php/Home/Index/getfriendlist
INFO: [ app_begin ] --START--
INFO: Run Behavior\ReadHtmlCacheBehavior [ RunTime:0.001000s ]
INFO: [ app_begin ] --END-- [ RunTime:0.001000s ]
NOTIC: [8] Undefined index: uid D:\wamp64\www\wenda\Application\Home\Controller\IndexController.class.php 第 10 行.
INFO: [ app_end ] --START--
INFO: Run Behavior\ShowPageTraceBehavior [ RunTime:0.000000s ]
INFO: [ app_end ] --END-- [ RunTime:0.001000s ]

[ 2017-03-28T08:34:24+08:00 ] ::1 /wenda/index.php/Home/Index/getfriendlist
INFO: [ app_begin ] --START--
INFO: Run Behavior\ReadHtmlCacheBehavior [ RunTime:0.001000s ]
INFO: [ app_begin ] --END-- [ RunTime:0.001000s ]
NOTIC: [8] Undefined index: uid D:\wamp64\www\wenda\Application\Home\Controller\IndexController.class.php 第 10 行.
INFO: [ app_end ] --START--
INFO: Run Behavior\ShowPageTraceBehavior [ RunTime:0.001000s ]
INFO: [ app_end ] --END-- [ RunTime:0.001000s ]

[ 2017-03-28T08:34:28+08:00 ] ::1 /wenda/index.php/Home/Index/getfriendlist
INFO: [ app_begin ] --START--
INFO: Run Behavior\ReadHtmlCacheBehavior [ RunTime:0.001000s ]
INFO: [ app_begin ] --END-- [ RunTime:0.001000s ]
NOTIC: [8] Undefined index: uid D:\wamp64\www\wenda\Application\Home\Controller\IndexController.class.php 第 10 行.
INFO: [ app_end ] --START--
INFO: Run Behavior\ShowPageTraceBehavior [ RunTime:0.001000s ]
INFO: [ app_end ] --END-- [ RunTime:0.001000s ]

[ 2017-03-28T08:34:32+08:00 ] ::1 /wenda/index.php/Home/Index/getfriendlist
INFO: [ app_begin ] --START--
INFO: Run Behavior\ReadHtmlCacheBehavior [ RunTime:0.001000s ]
INFO: [ app_begin ] --END-- [ RunTime:0.001000s ]
NOTIC: [8] Undefined index: uid D:\wamp64\www\wenda\Application\Home\Controller\IndexController.class.php 第 10 行.
INFO: [ app_end ] --START--
INFO: Run Behavior\ShowPageTraceBehavior [ RunTime:0.000000s ]
INFO: [ app_end ] --END-- [ RunTime:0.000000s ]

[ 2017-03-28T08:34:33+08:00 ] ::1 /wenda/index.php/Home/Index/getfriendlist
INFO: [ app_begin ] --START--
INFO: Run Behavior\ReadHtmlCacheBehavior [ RunTime:0.001000s ]
INFO: [ app_begin ] --END-- [ RunTime:0.001000s ]
NOTIC: [8] Undefined index: uid D:\wamp64\www\wenda\Application\Home\Controller\IndexController.class.php 第 10 行.
INFO: [ app_end ] --START--
INFO: Run Behavior\ShowPageTraceBehavior [ RunTime:0.001000s ]
INFO: [ app_end ] --END-- [ RunTime:0.001000s ]

[ 2017-03-28T08:34:33+08:00 ] ::1 /wenda/index.php/Home/Index/getfriendlist
INFO: [ app_begin ] --START--
INFO: Run Behavior\ReadHtmlCacheBehavior [ RunTime:0.002000s ]
INFO: [ app_begin ] --END-- [ RunTime:0.003000s ]
NOTIC: [8] Undefined index: uid D:\wamp64\www\wenda\Application\Home\Controller\IndexController.class.php 第 10 行.
INFO: [ app_end ] --START--
INFO: Run Behavior\ShowPageTraceBehavior [ RunTime:0.002000s ]
INFO: [ app_end ] --END-- [ RunTime:0.002000s ]

[ 2017-03-28T08:34:34+08:00 ] ::1 /wenda/index.php/Home/Index/getfriendlist
INFO: [ app_begin ] --START--
INFO: Run Behavior\ReadHtmlCacheBehavior [ RunTime:0.002000s ]
INFO: [ app_begin ] --END-- [ RunTime:0.003000s ]
NOTIC: [8] Undefined index: uid D:\wamp64\www\wenda\Application\Home\Controller\IndexController.class.php 第 10 行.
INFO: [ app_end ] --START--
INFO: Run Behavior\ShowPageTraceBehavior [ RunTime:0.001000s ]
INFO: [ app_end ] --END-- [ RunTime:0.001000s ]

[ 2017-03-28T08:34:34+08:00 ] ::1 /wenda/index.php/Home/Index/getfriendlist
INFO: [ app_begin ] --START--
INFO: Run Behavior\ReadHtmlCacheBehavior [ RunTime:0.001000s ]
INFO: [ app_begin ] --END-- [ RunTime:0.001000s ]
NOTIC: [8] Undefined index: uid D:\wamp64\www\wenda\Application\Home\Controller\IndexController.class.php 第 10 行.
INFO: [ app_end ] --START--
INFO: Run Behavior\ShowPageTraceBehavior [ RunTime:0.000000s ]
INFO: [ app_end ] --END-- [ RunTime:0.000000s ]

[ 2017-03-28T08:36:45+08:00 ] ::1 /wenda/index.php/Home/Index/getfriendlist
INFO: [ app_begin ] --START--
INFO: Run Behavior\ReadHtmlCacheBehavior [ RunTime:0.001000s ]
INFO: [ app_begin ] --END-- [ RunTime:0.001000s ]
NOTIC: [8] Undefined index: uid D:\wamp64\www\wenda\Application\Home\Controller\IndexController.class.php 第 10 行.
INFO: [ app_end ] --START--
INFO: Run Behavior\ShowPageTraceBehavior [ RunTime:0.001000s ]
INFO: [ app_end ] --END-- [ RunTime:0.001000s ]

[ 2017-03-28T08:36:46+08:00 ] ::1 /wenda/index.php/Home/Index/getfriendlist
INFO: [ app_begin ] --START--
INFO: Run Behavior\ReadHtmlCacheBehavior [ RunTime:0.000000s ]
INFO: [ app_begin ] --END-- [ RunTime:0.001001s ]
NOTIC: [8] Undefined index: uid D:\wamp64\www\wenda\Application\Home\Controller\IndexController.class.php 第 10 行.
INFO: [ app_end ] --START--
INFO: Run Behavior\ShowPageTraceBehavior [ RunTime:0.001000s ]
INFO: [ app_end ] --END-- [ RunTime:0.001000s ]

[ 2017-03-28T08:36:47+08:00 ] ::1 /wenda/index.php/Home/Index/getfriendlist
INFO: [ app_begin ] --START--
INFO: Run Behavior\ReadHtmlCacheBehavior [ RunTime:0.001000s ]
INFO: [ app_begin ] --END-- [ RunTime:0.001000s ]
NOTIC: [8] Undefined index: uid D:\wamp64\www\wenda\Application\Home\Controller\IndexController.class.php 第 10 行.
INFO: [ app_end ] --START--
INFO: Run Behavior\ShowPageTraceBehavior [ RunTime:0.001000s ]
INFO: [ app_end ] --END-- [ RunTime:0.001000s ]

[ 2017-03-28T08:36:47+08:00 ] ::1 /wenda/index.php/Home/Index/getfriendlist
INFO: [ app_begin ] --START--
INFO: Run Behavior\ReadHtmlCacheBehavior [ RunTime:0.001000s ]
INFO: [ app_begin ] --END-- [ RunTime:0.001000s ]
NOTIC: [8] Undefined index: uid D:\wamp64\www\wenda\Application\Home\Controller\IndexController.class.php 第 10 行.
INFO: [ app_end ] --START--
INFO: Run Behavior\ShowPageTraceBehavior [ RunTime:0.000000s ]
INFO: [ app_end ] --END-- [ RunTime:0.001000s ]

[ 2017-03-28T08:36:47+08:00 ] ::1 /wenda/index.php/Home/Index/getfriendlist
INFO: [ app_begin ] --START--
INFO: Run Behavior\ReadHtmlCacheBehavior [ RunTime:0.001000s ]
INFO: [ app_begin ] --END-- [ RunTime:0.001000s ]
NOTIC: [8] Undefined index: uid D:\wamp64\www\wenda\Application\Home\Controller\IndexController.class.php 第 10 行.
INFO: [ app_end ] --START--
INFO: Run Behavior\ShowPageTraceBehavior [ RunTime:0.000000s ]
INFO: [ app_end ] --END-- [ RunTime:0.000000s ]

[ 2017-03-28T08:36:47+08:00 ] ::1 /wenda/index.php/Home/Index/getfriendlist
INFO: [ app_begin ] --START--
INFO: Run Behavior\ReadHtmlCacheBehavior [ RunTime:0.000000s ]
INFO: [ app_begin ] --END-- [ RunTime:0.001000s ]
NOTIC: [8] Undefined index: uid D:\wamp64\www\wenda\Application\Home\Controller\IndexController.class.php 第 10 行.
INFO: [ app_end ] --START--
INFO: Run Behavior\ShowPageTraceBehavior [ RunTime:0.001000s ]
INFO: [ app_end ] --END-- [ RunTime:0.001000s ]

[ 2017-03-28T08:37:34+08:00 ] ::1 /wenda/index.php/Home/Index/getfriendlist
INFO: [ app_begin ] --START--
INFO: Run Behavior\ReadHtmlCacheBehavior [ RunTime:0.000000s ]
INFO: [ app_begin ] --END-- [ RunTime:0.001000s ]
NOTIC: [8] Undefined index: uid D:\wamp64\www\wenda\Application\Home\Controller\IndexController.class.php 第 10 行.
INFO: [ app_end ] --START--
INFO: Run Behavior\ShowPageTraceBehavior [ RunTime:0.001000s ]
INFO: [ app_end ] --END-- [ RunTime:0.001000s ]

[ 2017-03-28T08:37:35+08:00 ] ::1 /wenda/index.php/Home/Index/getfriendlist
INFO: [ app_begin ] --START--
INFO: Run Behavior\ReadHtmlCacheBehavior [ RunTime:0.001000s ]
INFO: [ app_begin ] --END-- [ RunTime:0.002000s ]
NOTIC: [8] Undefined index: uid D:\wamp64\www\wenda\Application\Home\Controller\IndexController.class.php 第 10 行.
INFO: [ app_end ] --START--
INFO: Run Behavior\ShowPageTraceBehavior [ RunTime:0.001000s ]
INFO: [ app_end ] --END-- [ RunTime:0.001000s ]

[ 2017-03-28T08:37:37+08:00 ] ::1 /wenda/index.php/Home/Index/getfriendlist
INFO: [ app_begin ] --START--
INFO: Run Behavior\ReadHtmlCacheBehavior [ RunTime:0.001000s ]
INFO: [ app_begin ] --END-- [ RunTime:0.002000s ]
NOTIC: [8] Undefined index: uid D:\wamp64\www\wenda\Application\Home\Controller\IndexController.class.php 第 10 行.
INFO: [ app_end ] --START--
INFO: Run Behavior\ShowPageTraceBehavior [ RunTime:0.001000s ]
INFO: [ app_end ] --END-- [ RunTime:0.001000s ]

[ 2017-03-28T08:38:31+08:00 ] ::1 /wenda/index.php/Home/Index/getfriendlist
INFO: [ app_begin ] --START--
INFO: Run Behavior\ReadHtmlCacheBehavior [ RunTime:0.001000s ]
INFO: [ app_begin ] --END-- [ RunTime:0.003000s ]
NOTIC: [8] Undefined index: uid D:\wamp64\www\wenda\Application\Home\Controller\IndexController.class.php 第 10 行.
INFO: [ app_end ] --START--
INFO: Run Behavior\ShowPageTraceBehavior [ RunTime:0.001000s ]
INFO: [ app_end ] --END-- [ RunTime:0.001000s ]

[ 2017-03-28T08:38:48+08:00 ] ::1 /wenda/index.php/Home/Index/getfriendlist
INFO: [ app_begin ] --START--
INFO: Run Behavior\ReadHtmlCacheBehavior [ RunTime:0.002000s ]
INFO: [ app_begin ] --END-- [ RunTime:0.003000s ]
NOTIC: [8] Undefined index: uid D:\wamp64\www\wenda\Application\Home\Controller\IndexController.class.php 第 10 行.
INFO: [ app_end ] --START--
INFO: Run Behavior\ShowPageTraceBehavior [ RunTime:0.001000s ]
INFO: [ app_end ] --END-- [ RunTime:0.001000s ]

[ 2017-03-28T08:38:50+08:00 ] ::1 /wenda/index.php/Home/Index/getfriendlist
INFO: [ app_begin ] --START--
INFO: Run Behavior\ReadHtmlCacheBehavior [ RunTime:0.000000s ]
INFO: [ app_begin ] --END-- [ RunTime:0.001000s ]
NOTIC: [8] Undefined index: uid D:\wamp64\www\wenda\Application\Home\Controller\IndexController.class.php 第 10 行.
INFO: [ app_end ] --START--
INFO: Run Behavior\ShowPageTraceBehavior [ RunTime:0.001000s ]
INFO: [ app_end ] --END-- [ RunTime:0.001000s ]

[ 2017-03-28T08:39:10+08:00 ] ::1 /wenda/index.php/Home/Index/getfriendlist
INFO: [ app_begin ] --START--
INFO: Run Behavior\ReadHtmlCacheBehavior [ RunTime:0.001000s ]
INFO: [ app_begin ] --END-- [ RunTime:0.001000s ]
NOTIC: [8] Undefined index: uid D:\wamp64\www\wenda\Application\Home\Controller\IndexController.class.php 第 10 行.
INFO: [ app_end ] --START--
INFO: Run Behavior\ShowPageTraceBehavior [ RunTime:0.001000s ]
INFO: [ app_end ] --END-- [ RunTime:0.001000s ]

[ 2017-03-28T08:43:57+08:00 ] ::1 /wenda/index.php/Home/Index/getfriendlist
INFO: [ app_begin ] --START--
INFO: Run Behavior\ReadHtmlCacheBehavior [ RunTime:0.001000s ]
INFO: [ app_begin ] --END-- [ RunTime:0.002000s ]
INFO: [ app_end ] --START--
INFO: Run Behavior\ShowPageTraceBehavior [ RunTime:0.001000s ]
INFO: [ app_end ] --END-- [ RunTime:0.001000s ]

[ 2017-03-28T08:44:42+08:00 ] ::1 /wenda/index.php/Home/Index/getfriendlist
INFO: [ app_begin ] --START--
INFO: Run Behavior\ReadHtmlCacheBehavior [ RunTime:0.001000s ]
INFO: [ app_begin ] --END-- [ RunTime:0.001000s ]

[ 2017-03-28T08:44:59+08:00 ] ::1 /wenda/index.php/Home/Index/getfriendlist
INFO: [ app_begin ] --START--
INFO: Run Behavior\ReadHtmlCacheBehavior [ RunTime:0.000000s ]
INFO: [ app_begin ] --END-- [ RunTime:0.001000s ]
INFO: [ app_end ] --START--
INFO: Run Behavior\ShowPageTraceBehavior [ RunTime:0.001000s ]
INFO: [ app_end ] --END-- [ RunTime:0.001000s ]

[ 2017-03-28T08:45:34+08:00 ] ::1 /wenda/index.php/Home/Index/getfriendlist
INFO: [ app_begin ] --START--
INFO: Run Behavior\ReadHtmlCacheBehavior [ RunTime:0.001000s ]
INFO: [ app_begin ] --END-- [ RunTime:0.001000s ]
INFO: [ app_end ] --START--
INFO: Run Behavior\ShowPageTraceBehavior [ RunTime:0.000000s ]
INFO: [ app_end ] --END-- [ RunTime:0.000000s ]

[ 2017-03-28T08:46:15+08:00 ] ::1 /wenda/index.php/Home/Index/getfriendlist
INFO: [ app_begin ] --START--
INFO: Run Behavior\ReadHtmlCacheBehavior [ RunTime:0.001000s ]
INFO: [ app_begin ] --END-- [ RunTime:0.001000s ]

[ 2017-03-28T08:48:43+08:00 ] ::1 /wenda/index.php/Home/Index/getfriendlist
INFO: [ app_begin ] --START--
INFO: Run Behavior\ReadHtmlCacheBehavior [ RunTime:0.001000s ]
INFO: [ app_begin ] --END-- [ RunTime:0.002000s ]
SQL: SHOW COLUMNS FROM `wenda_friendlist` [ RunTime:0.0020s ]
SQL: SELECT * FROM `wenda_friendlist` WHERE ( 9 )  [ RunTime:0.0000s ]
NOTIC: [8] Undefined variable: fdate D:\wamp64\www\wenda\Application\Home\Controller\IndexController.class.php 第 15 行.

[ 2017-03-28T08:49:12+08:00 ] ::1 /wenda/index.php/Home/Index/getfriendlist
INFO: [ app_begin ] --START--
INFO: Run Behavior\ReadHtmlCacheBehavior [ RunTime:0.001000s ]
INFO: [ app_begin ] --END-- [ RunTime:0.001000s ]
SQL: SHOW COLUMNS FROM `wenda_friendlist` [ RunTime:0.0010s ]
SQL: SELECT * FROM `wenda_friendlist` WHERE ( 9 )  [ RunTime:0.0000s ]
NOTIC: [8] Undefined variable: date D:\wamp64\www\wenda\Application\Home\Controller\IndexController.class.php 第 14 行.
INFO: [ app_end ] --START--
INFO: Run Behavior\ShowPageTraceBehavior [ RunTime:0.001000s ]
INFO: [ app_end ] --END-- [ RunTime:0.001000s ]

[ 2017-03-28T08:49:28+08:00 ] ::1 /wenda/index.php/Home/Index/getfriendlist
INFO: [ app_begin ] --START--
INFO: Run Behavior\ReadHtmlCacheBehavior [ RunTime:0.000000s ]
INFO: [ app_begin ] --END-- [ RunTime:0.001000s ]
SQL: SHOW COLUMNS FROM `wenda_friendlist` [ RunTime:0.0010s ]
SQL: SELECT * FROM `wenda_friendlist` WHERE ( 9 )  [ RunTime:0.0000s ]
NOTIC: [8] Undefined variable: fdate D:\wamp64\www\wenda\Application\Home\Controller\IndexController.class.php 第 14 行.
INFO: [ app_end ] --START--
INFO: Run Behavior\ShowPageTraceBehavior [ RunTime:0.002000s ]
INFO: [ app_end ] --END-- [ RunTime:0.002000s ]

[ 2017-03-28T08:49:46+08:00 ] ::1 /wenda/index.php/Home/Index/getfriendlist
INFO: [ app_begin ] --START--
INFO: Run Behavior\ReadHtmlCacheBehavior [ RunTime:0.001000s ]
INFO: [ app_begin ] --END-- [ RunTime:0.001000s ]
SQL: SHOW COLUMNS FROM `wenda_friendlist` [ RunTime:0.0010s ]
SQL: SELECT * FROM `wenda_friendlist` WHERE ( 9 )  [ RunTime:0.0000s ]
INFO: [ app_end ] --START--
INFO: Run Behavior\ShowPageTraceBehavior [ RunTime:0.001001s ]
INFO: [ app_end ] --END-- [ RunTime:0.001001s ]

[ 2017-03-28T08:51:14+08:00 ] ::1 /wenda/index.php/Home/Index/getfriendlist
INFO: [ app_begin ] --START--
INFO: Run Behavior\ReadHtmlCacheBehavior [ RunTime:0.001000s ]
INFO: [ app_begin ] --END-- [ RunTime:0.001000s ]
SQL: SHOW COLUMNS FROM `wenda_friendlist` [ RunTime:0.0020s ]
SQL: SELECT * FROM `wenda_friendlist` WHERE ( uid=9 )  [ RunTime:0.0000s ]
INFO: [ app_end ] --START--
INFO: Run Behavior\ShowPageTraceBehavior [ RunTime:0.001000s ]
INFO: [ app_end ] --END-- [ RunTime:0.001000s ]

[ 2017-03-28T09:04:14+08:00 ] ::1 /wenda/index.php/home/Index/getfriendlist
ERR: 1146:Table 'wenda.users' doesn't exist
 [ SQL语句 ] : SELECT `fuid` FROM `wenda_friendlist` INNER JOIN Users ON Friendlist.uid = Users.uid  WHERE ( Friendlist.uid=9 ) 

[ 2017-03-28T09:05:04+08:00 ] ::1 /wenda/index.php/home/Index/getfriendlist
ERR: 1146:Table 'wenda.users' doesn't exist
 [ SQL语句 ] : SELECT `fuid` FROM `wenda_friendlist` INNER JOIN Users ON Friendlist.uid = Users.uid  WHERE ( wenda_friendlist.uid=9 ) 

[ 2017-03-28T09:06:04+08:00 ] ::1 /wenda/index.php/home/Index/getfriendlist
ERR: 1146:Table 'wenda.users' doesn't exist
 [ SQL语句 ] : SELECT `fuid` FROM `wenda_friendlist` INNER JOIN Users ON wenda_friendlist.uid = weda_users.uid  WHERE ( wenda_friendlist.uid=9 ) 

[ 2017-03-28T09:06:04+08:00 ] ::1 /wenda/index.php/home/Index/getfriendlist
ERR: 1146:Table 'wenda.users' doesn't exist
 [ SQL语句 ] : SELECT `fuid` FROM `wenda_friendlist` INNER JOIN Users ON wenda_friendlist.uid = weda_users.uid  WHERE ( wenda_friendlist.uid=9 ) 

[ 2017-03-28T09:06:05+08:00 ] ::1 /wenda/index.php/home/Index/getfriendlist
ERR: 1146:Table 'wenda.users' doesn't exist
 [ SQL语句 ] : SELECT `fuid` FROM `wenda_friendlist` INNER JOIN Users ON wenda_friendlist.uid = weda_users.uid  WHERE ( wenda_friendlist.uid=9 ) 

[ 2017-03-28T09:06:22+08:00 ] ::1 /wenda/index.php/home/Index/getfriendlist
ERR: 1146:Table 'wenda.weda_users' doesn't exist
 [ SQL语句 ] : SELECT `fuid` FROM `wenda_friendlist` INNER JOIN weda_users ON wenda_friendlist.uid = weda_users.uid  WHERE ( wenda_friendlist.uid=9 ) 

[ 2017-03-28T09:06:23+08:00 ] ::1 /wenda/index.php/home/Index/getfriendlist
ERR: 1146:Table 'wenda.weda_users' doesn't exist
 [ SQL语句 ] : SELECT `fuid` FROM `wenda_friendlist` INNER JOIN weda_users ON wenda_friendlist.uid = weda_users.uid  WHERE ( wenda_friendlist.uid=9 ) 

[ 2017-03-28T09:07:29+08:00 ] ::1 /wenda/index.php/home/Index/getfriendlist
ERR: 1146:Table 'wenda.weda_users' doesn't exist
 [ SQL语句 ] : SELECT `fuid` FROM `wenda_friendlist` INNER JOIN weda_users ON wenda_friendlist.uid = weda_users.uid  WHERE ( wenda_friendlist.uid=9 ) 

[ 2017-03-28T09:07:57+08:00 ] ::1 /wenda/index.php/home/Index/getfriendlist
ERR: 1146:Table 'wenda.users' doesn't exist
 [ SQL语句 ] : SELECT `fuid` FROM `wenda_friendlist` INNER JOIN users ON wenda_friendlist.uid = weda_users.uid  WHERE ( wenda_friendlist.uid=9 ) 

[ 2017-03-28T09:08:34+08:00 ] ::1 /wenda/index.php/home/Index/getfriendlist
ERR: 1146:Table 'wenda.weda_users' doesn't exist
 [ SQL语句 ] : SELECT `fuid` FROM `wenda_friendlist` INNER JOIN weda_users ON wenda_friendlist.uid = uid  WHERE ( wenda_friendlist.uid=9 ) 

[ 2017-03-28T09:10:30+08:00 ] ::1 /wenda/index.php/home/Index/getfriendlist
ERR: 1146:Table 'wenda.users' doesn't exist
 [ SQL语句 ] : SELECT `fuid` FROM `wenda_friendlist` INNER JOIN users ON wenda_friendlist.uid = uid  WHERE ( wenda_friendlist.uid=9 ) 

[ 2017-03-28T09:12:10+08:00 ] ::1 /wenda/index.php/home/Index/getfriendlist
ERR: 1146:Table 'wenda.users' doesn't exist
 [ SQL语句 ] : SELECT `fuid` FROM `wenda_friendlist` INNER JOIN Users ON friendlist.uid = users.uid  WHERE ( friendlist.uid=9 ) 

[ 2017-03-28T09:13:25+08:00 ] ::1 /wenda/index.php/home/Index/getfriendlist
ERR: 1146:Table 'wenda.users' doesn't exist
 [ SQL语句 ] : SELECT `fuid` FROM `wenda_friendlist` INNER JOIN users ON friendlist.uid = users.uid  WHERE ( friendlist.uid=9 ) 

[ 2017-03-28T09:13:26+08:00 ] ::1 /wenda/index.php/home/Index/getfriendlist
ERR: 1146:Table 'wenda.users' doesn't exist
 [ SQL语句 ] : SELECT `fuid` FROM `wenda_friendlist` INNER JOIN users ON friendlist.uid = users.uid  WHERE ( friendlist.uid=9 ) 

[ 2017-03-28T09:13:26+08:00 ] ::1 /wenda/index.php/home/Index/getfriendlist
ERR: 1146:Table 'wenda.users' doesn't exist
 [ SQL语句 ] : SELECT `fuid` FROM `wenda_friendlist` INNER JOIN users ON friendlist.uid = users.uid  WHERE ( friendlist.uid=9 ) 

[ 2017-03-28T09:13:27+08:00 ] ::1 /wenda/index.php/home/Index/getfriendlist
ERR: 1146:Table 'wenda.users' doesn't exist
 [ SQL语句 ] : SELECT `fuid` FROM `wenda_friendlist` INNER JOIN users ON friendlist.uid = users.uid  WHERE ( friendlist.uid=9 ) 

[ 2017-03-28T09:13:27+08:00 ] ::1 /wenda/index.php/home/Index/getfriendlist
ERR: 1146:Table 'wenda.users' doesn't exist
 [ SQL语句 ] : SELECT `fuid` FROM `wenda_friendlist` INNER JOIN users ON friendlist.uid = users.uid  WHERE ( friendlist.uid=9 ) 

[ 2017-03-28T09:13:27+08:00 ] ::1 /wenda/index.php/home/Index/getfriendlist
ERR: 1146:Table 'wenda.users' doesn't exist
 [ SQL语句 ] : SELECT `fuid` FROM `wenda_friendlist` INNER JOIN users ON friendlist.uid = users.uid  WHERE ( friendlist.uid=9 ) 

[ 2017-03-28T09:14:20+08:00 ] ::1 /wenda/index.php/home/Index/getfriendlist
ERR: 1146:Table 'wenda.users' doesn't exist
 [ SQL语句 ] : SELECT `fuid` FROM `wenda_friendlist` INNER JOIN users ON friendlist.uid = wenda_users.uid  WHERE ( friendlist.uid=9 ) 

[ 2017-03-28T09:14:21+08:00 ] ::1 /wenda/index.php/home/Index/getfriendlist
ERR: 1146:Table 'wenda.users' doesn't exist
 [ SQL语句 ] : SELECT `fuid` FROM `wenda_friendlist` INNER JOIN users ON friendlist.uid = wenda_users.uid  WHERE ( friendlist.uid=9 ) 

[ 2017-03-28T09:14:29+08:00 ] ::1 /wenda/index.php/home/Index/getfriendlist
ERR: 1146:Table 'wenda.users' doesn't exist
 [ SQL语句 ] : SELECT `fuid` FROM `wenda_friendlist` INNER JOIN users ON friendlist.uid = wenda_users.uid  WHERE ( friendlist.uid=9 ) 

[ 2017-03-28T09:17:52+08:00 ] ::1 /wenda/index.php/home/Index/getfriendlist
ERR: 1054:Unknown column 'Array' in 'where clause'
 [ SQL语句 ] : SELECT * FROM `wenda_users` WHERE `uid` IN (Array,Array,Array) 

[ 2017-03-28T09:17:53+08:00 ] ::1 /wenda/index.php/home/Index/getfriendlist
ERR: 1054:Unknown column 'Array' in 'where clause'
 [ SQL语句 ] : SELECT * FROM `wenda_users` WHERE `uid` IN (Array,Array,Array) 

[ 2017-03-28T09:25:33+08:00 ] ::1 /wenda/index.php/home/Index/getfriendlist
ERR: Think\Model:relation方法不存在！

[ 2017-03-28T09:25:54+08:00 ] ::1 /wenda/index.php/home/Index/getfriendlist
ERR: Think\Model:relation方法不存在！

[ 2017-03-28T09:25:55+08:00 ] ::1 /wenda/index.php/home/Index/getfriendlist
ERR: Think\Model:relation方法不存在！

[ 2017-03-28T09:25:55+08:00 ] ::1 /wenda/index.php/home/Index/getfriendlist
ERR: Think\Model:relation方法不存在！

[ 2017-03-28T09:25:55+08:00 ] ::1 /wenda/index.php/home/Index/getfriendlist
ERR: Think\Model:relation方法不存在！

[ 2017-03-28T09:27:51+08:00 ] ::1 /wenda/index.php/home/Index/getfriendlist
ERR: Think\Model:relation方法不存在！

[ 2017-03-28T09:27:52+08:00 ] ::1 /wenda/index.php/home/Index/getfriendlist
ERR: Think\Model:relation方法不存在！

[ 2017-03-28T09:27:52+08:00 ] ::1 /wenda/index.php/home/Index/getfriendlist
ERR: Think\Model:relation方法不存在！

[ 2017-03-28T09:27:52+08:00 ] ::1 /wenda/index.php/home/Index/getfriendlist
ERR: Think\Model:relation方法不存在！

[ 2017-03-28T09:27:53+08:00 ] ::1 /wenda/index.php/home/Index/getfriendlist
ERR: Think\Model:relation方法不存在！

[ 2017-03-28T09:28:49+08:00 ] ::1 /wenda/index.php/home/Index/getfriendlist
ERR: Think\Model:relation方法不存在！

[ 2017-03-28T09:28:50+08:00 ] ::1 /wenda/index.php/home/Index/getfriendlist
ERR: Think\Model:relation方法不存在！

[ 2017-03-28T09:28:50+08:00 ] ::1 /wenda/index.php/home/Index/getfriendlist
ERR: Think\Model:relation方法不存在！

[ 2017-03-28T09:28:50+08:00 ] ::1 /wenda/index.php/home/Index/getfriendlist
ERR: Think\Model:relation方法不存在！

[ 2017-03-28T09:28:57+08:00 ] ::1 /wenda/index.php/home/Index/getfriendlist
ERR: Think\Model:relation方法不存在！

[ 2017-03-28T09:29:27+08:00 ] ::1 /wenda/index.php/home/Index/getfriendlist
ERR: Think\Model:relation方法不存在！

[ 2017-03-28T09:29:27+08:00 ] ::1 /wenda/index.php/home/Index/getfriendlist
ERR: Think\Model:relation方法不存在！

[ 2017-03-28T09:29:28+08:00 ] ::1 /wenda/index.php/home/Index/getfriendlist
ERR: Think\Model:relation方法不存在！

[ 2017-03-28T09:33:35+08:00 ] ::1 /wenda/index.php/home/Index/getfriendlist
ERR: 1146:Table 'wenda.users' doesn't exist
 [ SQL语句 ] : SELECT `fuid` FROM `wenda_friendlist` INNER JOIN Users  WHERE ( uid=9 ) 

[ 2017-03-28T09:34:23+08:00 ] ::1 /wenda/index.php/home/Index/getfriendlist
ERR: 1146:Table 'wenda._users' doesn't exist
 [ SQL语句 ] : SELECT `fuid` FROM `wenda_friendlist` INNER JOIN _Users  WHERE ( uid=9 ) 

[ 2017-03-28T09:34:24+08:00 ] ::1 /wenda/index.php/home/Index/getfriendlist
ERR: 1146:Table 'wenda._users' doesn't exist
 [ SQL语句 ] : SELECT `fuid` FROM `wenda_friendlist` INNER JOIN _Users  WHERE ( uid=9 ) 

[ 2017-03-28T09:34:59+08:00 ] ::1 /wenda/index.php/home/Index/getfriendlist
ERR: 1052:Column 'uid' in where clause is ambiguous
 [ SQL语句 ] : SELECT `fuid` FROM `wenda_friendlist` INNER JOIN wenda.wenda_Users  WHERE ( uid=9 ) 

[ 2017-03-28T09:35:59+08:00 ] ::1 /wenda/index.php/home/Index/getfriendlist
ERR: 1052:Column 'uid' in where clause is ambiguous
 [ SQL语句 ] : SELECT `fuid` FROM `wenda_friendlist` INNER JOIN wenda.wenda_Users ON wenda_friendlist.uid = wenda.wenda_Users.uid  WHERE ( uid=9 ) 

[ 2017-03-28T09:38:01+08:00 ] ::1 /wenda/index.php/home/Index/getfriendlist
ERR: Call to undefined function Home\Controller\relation()

[ 2017-03-28T09:45:48+08:00 ] ::1 /wenda/index.php/Home/Index/getfriendlist
INFO: [ app_begin ] --START--
INFO: Run Behavior\ReadHtmlCacheBehavior [ RunTime:0.001000s ]
INFO: [ app_begin ] --END-- [ RunTime:0.001000s ]
SQL: SHOW COLUMNS FROM `wenda_friendlist` [ RunTime:0.0010s ]
SQL: SELECT `fuid` FROM `wenda_friendlist` WHERE ( uid=9 )  [ RunTime:0.0000s ]
SQL: SHOW COLUMNS FROM `wenda_users` [ RunTime:0.0010s ]
SQL: SELECT * FROM `wenda_users` WHERE ( 1=1 AND uid='11' ) LIMIT 1   [ RunTime:0.0010s ]
SQL: SELECT * FROM `wenda_users` WHERE ( 1=1 AND uid='12' ) LIMIT 1   [ RunTime:0.0000s ]
SQL: SELECT * FROM `wenda_users` WHERE ( 1=1 AND uid='10' ) LIMIT 1   [ RunTime:0.0000s ]
INFO: [ app_end ] --START--
INFO: Run Behavior\ShowPageTraceBehavior [ RunTime:0.001000s ]
INFO: [ app_end ] --END-- [ RunTime:0.001000s ]

[ 2017-03-28T09:46:25+08:00 ] ::1 /wenda/index.php/Home/Index/getfriendlist
INFO: [ app_begin ] --START--
INFO: Run Behavior\ReadHtmlCacheBehavior [ RunTime:0.001000s ]
INFO: [ app_begin ] --END-- [ RunTime:0.001000s ]
NOTIC: [8] Undefined index: uid D:\wamp64\www\wenda\Application\Home\Controller\IndexController.class.php 第 10 行.
SQL: SHOW COLUMNS FROM `wenda_friendlist` [ RunTime:0.0010s ]
ERR: 1064:You have an error in your SQL syntax; check the manual that corresponds to your MySQL server version for the right syntax to use near ')' at line 1
 [ SQL语句 ] : SELECT `fuid` FROM `wenda_friendlist` WHERE ( uid= ) 
ERR: 1064:You have an error in your SQL syntax; check the manual that corresponds to your MySQL server version for the right syntax to use near ')' at line 1
 [ SQL语句 ] : SELECT `fuid` FROM `wenda_friendlist` WHERE ( uid= ) 

[ 2017-03-28T09:46:26+08:00 ] ::1 /wenda/index.php/Home/Index/getfriendlist
INFO: [ app_begin ] --START--
INFO: Run Behavior\ReadHtmlCacheBehavior [ RunTime:0.001001s ]
INFO: [ app_begin ] --END-- [ RunTime:0.001001s ]
NOTIC: [8] Undefined index: uid D:\wamp64\www\wenda\Application\Home\Controller\IndexController.class.php 第 10 行.
SQL: SHOW COLUMNS FROM `wenda_friendlist` [ RunTime:0.0000s ]
ERR: 1064:You have an error in your SQL syntax; check the manual that corresponds to your MySQL server version for the right syntax to use near ')' at line 1
 [ SQL语句 ] : SELECT `fuid` FROM `wenda_friendlist` WHERE ( uid= ) 
ERR: 1064:You have an error in your SQL syntax; check the manual that corresponds to your MySQL server version for the right syntax to use near ')' at line 1
 [ SQL语句 ] : SELECT `fuid` FROM `wenda_friendlist` WHERE ( uid= ) 

[ 2017-03-28T09:46:28+08:00 ] ::1 /wenda/index.php/Home/Index/getfriendlist
INFO: [ app_begin ] --START--
INFO: Run Behavior\ReadHtmlCacheBehavior [ RunTime:0.001000s ]
INFO: [ app_begin ] --END-- [ RunTime:0.003000s ]
NOTIC: [8] Undefined index: uid D:\wamp64\www\wenda\Application\Home\Controller\IndexController.class.php 第 10 行.
SQL: SHOW COLUMNS FROM `wenda_friendlist` [ RunTime:0.0010s ]
ERR: 1064:You have an error in your SQL syntax; check the manual that corresponds to your MySQL server version for the right syntax to use near ')' at line 1
 [ SQL语句 ] : SELECT `fuid` FROM `wenda_friendlist` WHERE ( uid= ) 
ERR: 1064:You have an error in your SQL syntax; check the manual that corresponds to your MySQL server version for the right syntax to use near ')' at line 1
 [ SQL语句 ] : SELECT `fuid` FROM `wenda_friendlist` WHERE ( uid= ) 

[ 2017-03-28T09:46:29+08:00 ] ::1 /wenda/index.php/Home/Index/getfriendlist
INFO: [ app_begin ] --START--
INFO: Run Behavior\ReadHtmlCacheBehavior [ RunTime:0.000000s ]
INFO: [ app_begin ] --END-- [ RunTime:0.002000s ]
NOTIC: [8] Undefined index: uid D:\wamp64\www\wenda\Application\Home\Controller\IndexController.class.php 第 10 行.
SQL: SHOW COLUMNS FROM `wenda_friendlist` [ RunTime:0.0010s ]
ERR: 1064:You have an error in your SQL syntax; check the manual that corresponds to your MySQL server version for the right syntax to use near ')' at line 1
 [ SQL语句 ] : SELECT `fuid` FROM `wenda_friendlist` WHERE ( uid= ) 
ERR: 1064:You have an error in your SQL syntax; check the manual that corresponds to your MySQL server version for the right syntax to use near ')' at line 1
 [ SQL语句 ] : SELECT `fuid` FROM `wenda_friendlist` WHERE ( uid= ) 

[ 2017-03-28T09:46:29+08:00 ] ::1 /wenda/index.php/Home/Index/getfriendlist
INFO: [ app_begin ] --START--
INFO: Run Behavior\ReadHtmlCacheBehavior [ RunTime:0.001000s ]
INFO: [ app_begin ] --END-- [ RunTime:0.001000s ]
NOTIC: [8] Undefined index: uid D:\wamp64\www\wenda\Application\Home\Controller\IndexController.class.php 第 10 行.
SQL: SHOW COLUMNS FROM `wenda_friendlist` [ RunTime:0.0000s ]
ERR: 1064:You have an error in your SQL syntax; check the manual that corresponds to your MySQL server version for the right syntax to use near ')' at line 1
 [ SQL语句 ] : SELECT `fuid` FROM `wenda_friendlist` WHERE ( uid= ) 
ERR: 1064:You have an error in your SQL syntax; check the manual that corresponds to your MySQL server version for the right syntax to use near ')' at line 1
 [ SQL语句 ] : SELECT `fuid` FROM `wenda_friendlist` WHERE ( uid= ) 

[ 2017-03-28T09:46:30+08:00 ] ::1 /wenda/index.php/Home/Index/getfriendlist
INFO: [ app_begin ] --START--
INFO: Run Behavior\ReadHtmlCacheBehavior [ RunTime:0.001000s ]
INFO: [ app_begin ] --END-- [ RunTime:0.003000s ]
NOTIC: [8] Undefined index: uid D:\wamp64\www\wenda\Application\Home\Controller\IndexController.class.php 第 10 行.
SQL: SHOW COLUMNS FROM `wenda_friendlist` [ RunTime:0.0010s ]
ERR: 1064:You have an error in your SQL syntax; check the manual that corresponds to your MySQL server version for the right syntax to use near ')' at line 1
 [ SQL语句 ] : SELECT `fuid` FROM `wenda_friendlist` WHERE ( uid= ) 
ERR: 1064:You have an error in your SQL syntax; check the manual that corresponds to your MySQL server version for the right syntax to use near ')' at line 1
 [ SQL语句 ] : SELECT `fuid` FROM `wenda_friendlist` WHERE ( uid= ) 

[ 2017-03-28T09:46:30+08:00 ] ::1 /wenda/index.php/Home/Index/getfriendlist
INFO: [ app_begin ] --START--
INFO: Run Behavior\ReadHtmlCacheBehavior [ RunTime:0.002000s ]
INFO: [ app_begin ] --END-- [ RunTime:0.003000s ]
NOTIC: [8] Undefined index: uid D:\wamp64\www\wenda\Application\Home\Controller\IndexController.class.php 第 10 行.
SQL: SHOW COLUMNS FROM `wenda_friendlist` [ RunTime:0.0010s ]
ERR: 1064:You have an error in your SQL syntax; check the manual that corresponds to your MySQL server version for the right syntax to use near ')' at line 1
 [ SQL语句 ] : SELECT `fuid` FROM `wenda_friendlist` WHERE ( uid= ) 
ERR: 1064:You have an error in your SQL syntax; check the manual that corresponds to your MySQL server version for the right syntax to use near ')' at line 1
 [ SQL语句 ] : SELECT `fuid` FROM `wenda_friendlist` WHERE ( uid= ) 

[ 2017-03-28T09:46:32+08:00 ] ::1 /wenda/index.php/Home/Index/getfriendlist
INFO: [ app_begin ] --START--
INFO: Run Behavior\ReadHtmlCacheBehavior [ RunTime:0.001000s ]
INFO: [ app_begin ] --END-- [ RunTime:0.001000s ]
NOTIC: [8] Undefined index: uid D:\wamp64\www\wenda\Application\Home\Controller\IndexController.class.php 第 10 行.
SQL: SHOW COLUMNS FROM `wenda_friendlist` [ RunTime:0.0010s ]
ERR: 1064:You have an error in your SQL syntax; check the manual that corresponds to your MySQL server version for the right syntax to use near ')' at line 1
 [ SQL语句 ] : SELECT `fuid` FROM `wenda_friendlist` WHERE ( uid= ) 
ERR: 1064:You have an error in your SQL syntax; check the manual that corresponds to your MySQL server version for the right syntax to use near ')' at line 1
 [ SQL语句 ] : SELECT `fuid` FROM `wenda_friendlist` WHERE ( uid= ) 

[ 2017-03-28T09:48:07+08:00 ] ::1 /wenda/index.php/Home/Index/getfriendlist
INFO: [ app_begin ] --START--
INFO: Run Behavior\ReadHtmlCacheBehavior [ RunTime:0.001000s ]
INFO: [ app_begin ] --END-- [ RunTime:0.002000s ]
SQL: SHOW COLUMNS FROM `wenda_friendlist` [ RunTime:0.0010s ]
SQL: SELECT `fuid` FROM `wenda_friendlist` WHERE ( uid=9 )  [ RunTime:0.0000s ]
SQL: SHOW COLUMNS FROM `wenda_users` [ RunTime:0.0000s ]
SQL: SELECT * FROM `wenda_users` WHERE ( 1=1 AND uid='11' ) LIMIT 1   [ RunTime:0.0000s ]
SQL: SELECT * FROM `wenda_users` WHERE ( 1=1 AND uid='12' ) LIMIT 1   [ RunTime:0.0000s ]
SQL: SELECT * FROM `wenda_users` WHERE ( 1=1 AND uid='10' ) LIMIT 1   [ RunTime:0.0010s ]
INFO: [ app_end ] --START--
INFO: Run Behavior\ShowPageTraceBehavior [ RunTime:0.001000s ]
INFO: [ app_end ] --END-- [ RunTime:0.001000s ]

[ 2017-03-28T10:00:07+08:00 ] ::1 /wenda/index.php/Home/Index/getfriendlist
INFO: [ app_begin ] --START--
INFO: Run Behavior\ReadHtmlCacheBehavior [ RunTime:0.001000s ]
INFO: [ app_begin ] --END-- [ RunTime:0.001000s ]
SQL: SHOW COLUMNS FROM `wenda_friendlist` [ RunTime:0.0010s ]
SQL: SELECT `fuid` FROM `wenda_friendlist` WHERE ( uid=9 )  [ RunTime:0.0010s ]
SQL: SHOW COLUMNS FROM `wenda_users` [ RunTime:0.0010s ]
SQL: SELECT * FROM `wenda_users` WHERE ( 1=1 AND uid='11' ) LIMIT 1   [ RunTime:0.0010s ]
SQL: SELECT * FROM `wenda_users` WHERE ( 1=1 AND uid='12' ) LIMIT 1   [ RunTime:0.0000s ]
SQL: SELECT * FROM `wenda_users` WHERE ( 1=1 AND uid='10' ) LIMIT 1   [ RunTime:0.0000s ]
INFO: [ app_end ] --START--
INFO: Run Behavior\ShowPageTraceBehavior [ RunTime:0.001000s ]
INFO: [ app_end ] --END-- [ RunTime:0.001000s ]

[ 2017-03-28T10:00:30+08:00 ] ::1 /wenda/index.php/Home/Index/getfriendlist
INFO: [ app_begin ] --START--
INFO: Run Behavior\ReadHtmlCacheBehavior [ RunTime:0.001001s ]
INFO: [ app_begin ] --END-- [ RunTime:0.002001s ]
SQL: SHOW COLUMNS FROM `wenda_friendlist` [ RunTime:0.0010s ]
SQL: SELECT `fuid` FROM `wenda_friendlist` WHERE ( uid=9 )  [ RunTime:0.0010s ]
SQL: SHOW COLUMNS FROM `wenda_users` [ RunTime:0.0020s ]
SQL: SELECT * FROM `wenda_users` WHERE ( 1=1 AND uid='11' ) LIMIT 1   [ RunTime:0.0000s ]
SQL: SELECT * FROM `wenda_users` WHERE ( 1=1 AND uid='12' ) LIMIT 1   [ RunTime:0.0000s ]
SQL: SELECT * FROM `wenda_users` WHERE ( 1=1 AND uid='10' ) LIMIT 1   [ RunTime:0.0010s ]
INFO: [ app_end ] --START--
INFO: Run Behavior\ShowPageTraceBehavior [ RunTime:0.001000s ]
INFO: [ app_end ] --END-- [ RunTime:0.001000s ]

[ 2017-03-28T10:01:18+08:00 ] ::1 /wenda/index.php/Home/Index/getfriendlist
INFO: [ app_begin ] --START--
INFO: Run Behavior\ReadHtmlCacheBehavior [ RunTime:0.001000s ]
INFO: [ app_begin ] --END-- [ RunTime:0.002000s ]
SQL: SHOW COLUMNS FROM `wenda_friendlist` [ RunTime:0.0010s ]
SQL: SELECT `fuid` FROM `wenda_friendlist` WHERE ( uid=9 )  [ RunTime:0.0000s ]
SQL: SHOW COLUMNS FROM `wenda_users` [ RunTime:0.0020s ]
SQL: SELECT * FROM `wenda_users` WHERE ( 1=1 AND uid='11' ) LIMIT 1   [ RunTime:0.0000s ]
SQL: SELECT * FROM `wenda_users` WHERE ( 1=1 AND uid='12' ) LIMIT 1   [ RunTime:0.0000s ]
SQL: SELECT * FROM `wenda_users` WHERE ( 1=1 AND uid='10' ) LIMIT 1   [ RunTime:0.0000s ]
INFO: [ app_end ] --START--
INFO: Run Behavior\ShowPageTraceBehavior [ RunTime:0.001000s ]
INFO: [ app_end ] --END-- [ RunTime:0.002000s ]

[ 2017-03-28T10:01:37+08:00 ] ::1 /wenda/index.php/Home/Index/getfriendlist
INFO: [ app_begin ] --START--
INFO: Run Behavior\ReadHtmlCacheBehavior [ RunTime:0.001000s ]
INFO: [ app_begin ] --END-- [ RunTime:0.002000s ]
SQL: SHOW COLUMNS FROM `wenda_friendlist` [ RunTime:0.0010s ]
SQL: SELECT `fuid` FROM `wenda_friendlist` WHERE ( uid=9 )  [ RunTime:0.0010s ]
SQL: SHOW COLUMNS FROM `wenda_users` [ RunTime:0.0010s ]
SQL: SELECT * FROM `wenda_users` WHERE ( 1=1 AND uid='11' ) LIMIT 1   [ RunTime:0.0000s ]
SQL: SELECT * FROM `wenda_users` WHERE ( 1=1 AND uid='12' ) LIMIT 1   [ RunTime:0.0000s ]
SQL: SELECT * FROM `wenda_users` WHERE ( 1=1 AND uid='10' ) LIMIT 1   [ RunTime:0.0010s ]
INFO: [ app_end ] --START--
INFO: Run Behavior\ShowPageTraceBehavior [ RunTime:0.001000s ]
INFO: [ app_end ] --END-- [ RunTime:0.001000s ]

[ 2017-03-28T10:02:16+08:00 ] ::1 /wenda/index.php/Home/Index/getfriendlist
INFO: [ app_begin ] --START--
INFO: Run Behavior\ReadHtmlCacheBehavior [ RunTime:0.001000s ]
INFO: [ app_begin ] --END-- [ RunTime:0.001000s ]
SQL: SHOW COLUMNS FROM `wenda_friendlist` [ RunTime:0.0000s ]
SQL: SELECT `fuid` FROM `wenda_friendlist` WHERE ( uid=9 )  [ RunTime:0.0020s ]
SQL: SHOW COLUMNS FROM `wenda_users` [ RunTime:0.0010s ]
SQL: SELECT * FROM `wenda_users` WHERE ( 1=1 AND uid='11' ) LIMIT 1   [ RunTime:0.0000s ]
SQL: SELECT * FROM `wenda_users` WHERE ( 1=1 AND uid='12' ) LIMIT 1   [ RunTime:0.0080s ]
SQL: SELECT * FROM `wenda_users` WHERE ( 1=1 AND uid='10' ) LIMIT 1   [ RunTime:0.0030s ]
INFO: [ app_end ] --START--
INFO: Run Behavior\ShowPageTraceBehavior [ RunTime:0.002000s ]
INFO: [ app_end ] --END-- [ RunTime:0.002000s ]

[ 2017-03-28T10:04:48+08:00 ] ::1 /wenda/index.php/Home/Index/getfriendlist
INFO: [ app_begin ] --START--
INFO: Run Behavior\ReadHtmlCacheBehavior [ RunTime:0.000000s ]
INFO: [ app_begin ] --END-- [ RunTime:0.001000s ]
SQL: SHOW COLUMNS FROM `wenda_friendlist` [ RunTime:0.0010s ]
SQL: SELECT `fuid` FROM `wenda_friendlist` WHERE ( uid=9 )  [ RunTime:0.0000s ]
SQL: SHOW COLUMNS FROM `wenda_users` [ RunTime:0.0010s ]
SQL: SELECT * FROM `wenda_users` WHERE ( 1=1 AND uid='11' ) LIMIT 1   [ RunTime:0.0000s ]
SQL: SELECT * FROM `wenda_users` WHERE ( 1=1 AND uid='12' ) LIMIT 1   [ RunTime:0.0000s ]
SQL: SELECT * FROM `wenda_users` WHERE ( 1=1 AND uid='10' ) LIMIT 1   [ RunTime:0.0010s ]
INFO: [ app_end ] --START--
INFO: Run Behavior\ShowPageTraceBehavior [ RunTime:0.001000s ]
INFO: [ app_end ] --END-- [ RunTime:0.001000s ]

[ 2017-03-28T10:04:49+08:00 ] ::1 /wenda/index.php/Home/Index/getfriendlist
INFO: [ app_begin ] --START--
INFO: Run Behavior\ReadHtmlCacheBehavior [ RunTime:0.001000s ]
INFO: [ app_begin ] --END-- [ RunTime:0.002000s ]
SQL: SHOW COLUMNS FROM `wenda_friendlist` [ RunTime:0.0000s ]
SQL: SELECT `fuid` FROM `wenda_friendlist` WHERE ( uid=9 )  [ RunTime:0.0000s ]
SQL: SHOW COLUMNS FROM `wenda_users` [ RunTime:0.0010s ]
SQL: SELECT * FROM `wenda_users` WHERE ( 1=1 AND uid='11' ) LIMIT 1   [ RunTime:0.0010s ]
SQL: SELECT * FROM `wenda_users` WHERE ( 1=1 AND uid='12' ) LIMIT 1   [ RunTime:0.0000s ]
SQL: SELECT * FROM `wenda_users` WHERE ( 1=1 AND uid='10' ) LIMIT 1   [ RunTime:0.0000s ]
INFO: [ app_end ] --START--
INFO: Run Behavior\ShowPageTraceBehavior [ RunTime:0.001000s ]
INFO: [ app_end ] --END-- [ RunTime:0.001000s ]

[ 2017-03-28T10:04:50+08:00 ] ::1 /wenda/index.php/Home/Index/getfriendlist
INFO: [ app_begin ] --START--
INFO: Run Behavior\ReadHtmlCacheBehavior [ RunTime:0.001000s ]
INFO: [ app_begin ] --END-- [ RunTime:0.002000s ]
SQL: SHOW COLUMNS FROM `wenda_friendlist` [ RunTime:0.0010s ]
SQL: SELECT `fuid` FROM `wenda_friendlist` WHERE ( uid=9 )  [ RunTime:0.0010s ]
SQL: SHOW COLUMNS FROM `wenda_users` [ RunTime:0.0010s ]
SQL: SELECT * FROM `wenda_users` WHERE ( 1=1 AND uid='11' ) LIMIT 1   [ RunTime:0.0010s ]
SQL: SELECT * FROM `wenda_users` WHERE ( 1=1 AND uid='12' ) LIMIT 1   [ RunTime:0.0010s ]
SQL: SELECT * FROM `wenda_users` WHERE ( 1=1 AND uid='10' ) LIMIT 1   [ RunTime:0.0010s ]
INFO: [ app_end ] --START--
INFO: Run Behavior\ShowPageTraceBehavior [ RunTime:0.001000s ]
INFO: [ app_end ] --END-- [ RunTime:0.001000s ]

[ 2017-03-28T10:04:52+08:00 ] ::1 /wenda/index.php/Home/Index/getfriendlist
INFO: [ app_begin ] --START--
INFO: Run Behavior\ReadHtmlCacheBehavior [ RunTime:0.000000s ]
INFO: [ app_begin ] --END-- [ RunTime:0.001000s ]
SQL: SHOW COLUMNS FROM `wenda_friendlist` [ RunTime:0.0010s ]
SQL: SELECT `fuid` FROM `wenda_friendlist` WHERE ( uid=9 )  [ RunTime:0.0010s ]
SQL: SHOW COLUMNS FROM `wenda_users` [ RunTime:0.0010s ]
SQL: SELECT * FROM `wenda_users` WHERE ( 1=1 AND uid='11' ) LIMIT 1   [ RunTime:0.0000s ]
SQL: SELECT * FROM `wenda_users` WHERE ( 1=1 AND uid='12' ) LIMIT 1   [ RunTime:0.0010s ]
SQL: SELECT * FROM `wenda_users` WHERE ( 1=1 AND uid='10' ) LIMIT 1   [ RunTime:0.0000s ]
INFO: [ app_end ] --START--
INFO: Run Behavior\ShowPageTraceBehavior [ RunTime:0.001000s ]
INFO: [ app_end ] --END-- [ RunTime:0.001000s ]

[ 2017-03-28T10:05:03+08:00 ] ::1 /wenda/index.php/Home/Index/getfriendlist
INFO: [ app_begin ] --START--
INFO: Run Behavior\ReadHtmlCacheBehavior [ RunTime:0.002000s ]
INFO: [ app_begin ] --END-- [ RunTime:0.003000s ]
SQL: SHOW COLUMNS FROM `wenda_friendlist` [ RunTime:0.0010s ]
SQL: SELECT `fuid` FROM `wenda_friendlist` WHERE ( uid=9 )  [ RunTime:0.0000s ]
SQL: SHOW COLUMNS FROM `wenda_users` [ RunTime:0.0000s ]
SQL: SELECT * FROM `wenda_users` WHERE ( 1=1 AND uid='11' ) LIMIT 1   [ RunTime:0.0000s ]
SQL: SELECT * FROM `wenda_users` WHERE ( 1=1 AND uid='12' ) LIMIT 1   [ RunTime:0.0000s ]
SQL: SELECT * FROM `wenda_users` WHERE ( 1=1 AND uid='10' ) LIMIT 1   [ RunTime:0.0000s ]
INFO: [ app_end ] --START--
INFO: Run Behavior\ShowPageTraceBehavior [ RunTime:0.001000s ]
INFO: [ app_end ] --END-- [ RunTime:0.001000s ]

[ 2017-03-28T10:05:58+08:00 ] ::1 /wenda/index.php/Home/Index/getfriendlist
INFO: [ app_begin ] --START--
INFO: Run Behavior\ReadHtmlCacheBehavior [ RunTime:0.001000s ]
INFO: [ app_begin ] --END-- [ RunTime:0.001000s ]
SQL: SHOW COLUMNS FROM `wenda_friendlist` [ RunTime:0.0000s ]
SQL: SELECT `fuid` FROM `wenda_friendlist` WHERE ( uid=9 )  [ RunTime:0.0000s ]
SQL: SHOW COLUMNS FROM `wenda_users` [ RunTime:0.0010s ]
SQL: SELECT * FROM `wenda_users` WHERE ( 1=1 AND uid='11' ) LIMIT 1   [ RunTime:0.0010s ]
SQL: SELECT * FROM `wenda_users` WHERE ( 1=1 AND uid='12' ) LIMIT 1   [ RunTime:0.0000s ]
SQL: SELECT * FROM `wenda_users` WHERE ( 1=1 AND uid='10' ) LIMIT 1   [ RunTime:0.0010s ]
INFO: [ app_end ] --START--
INFO: Run Behavior\ShowPageTraceBehavior [ RunTime:0.001000s ]
INFO: [ app_end ] --END-- [ RunTime:0.001000s ]

[ 2017-03-28T10:06:51+08:00 ] ::1 /wenda/index.php/Home/Index/getfriendlist
INFO: [ app_begin ] --START--
INFO: Run Behavior\ReadHtmlCacheBehavior [ RunTime:0.001000s ]
INFO: [ app_begin ] --END-- [ RunTime:0.001000s ]
SQL: SHOW COLUMNS FROM `wenda_friendlist` [ RunTime:0.0010s ]
SQL: SELECT * FROM `wenda_friendlist` INNER JOIN wenda.wenda_Users ON wenda_friendlist.uid = wenda.wenda_Users.uid  WHERE ( wenda_friendlist.uid=9 )  [ RunTime:0.0010s ]
INFO: [ app_end ] --START--
INFO: Run Behavior\ShowPageTraceBehavior [ RunTime:0.001000s ]
INFO: [ app_end ] --END-- [ RunTime:0.001000s ]

[ 2017-03-28T10:07:41+08:00 ] ::1 /wenda/index.php/Home/Index/getfriendlist
INFO: [ app_begin ] --START--
INFO: Run Behavior\ReadHtmlCacheBehavior [ RunTime:0.000000s ]
INFO: [ app_begin ] --END-- [ RunTime:0.001000s ]
SQL: SHOW COLUMNS FROM `wenda_friendlist` [ RunTime:0.0020s ]
SQL: SELECT `fuid` FROM `wenda_friendlist` INNER JOIN wenda.wenda_Users ON wenda_friendlist.uid = wenda.wenda_Users.uid  WHERE ( wenda_friendlist.uid=9 )  [ RunTime:0.0010s ]
INFO: [ app_end ] --START--
INFO: Run Behavior\ShowPageTraceBehavior [ RunTime:0.001000s ]
INFO: [ app_end ] --END-- [ RunTime:0.001000s ]

[ 2017-03-28T10:12:01+08:00 ] ::1 /wenda/index.php/Home/Index/getfriendlist
INFO: [ app_begin ] --START--
INFO: Run Behavior\ReadHtmlCacheBehavior [ RunTime:0.001000s ]
INFO: [ app_begin ] --END-- [ RunTime:0.001000s ]
SQL: SHOW COLUMNS FROM `wenda_friendlist` [ RunTime:0.0000s ]
SQL: SELECT * FROM `wenda_friendlist` INNER JOIN wenda.wenda_Users ON wenda_friendlist.fuid = wenda.wenda_Users.uid  WHERE ( wenda_friendlist.uid=9 )  [ RunTime:0.0010s ]
INFO: [ app_end ] --START--
INFO: Run Behavior\ShowPageTraceBehavior [ RunTime:0.001000s ]
INFO: [ app_end ] --END-- [ RunTime:0.001000s ]

[ 2017-03-28T10:17:11+08:00 ] ::1 /wenda/index.php/Home/Index/getfriendlist
INFO: [ app_begin ] --START--
INFO: Run Behavior\ReadHtmlCacheBehavior [ RunTime:0.001000s ]
INFO: [ app_begin ] --END-- [ RunTime:0.002000s ]
SQL: SHOW COLUMNS FROM `wenda_friendlist` [ RunTime:0.0010s ]
SQL: SELECT * FROM `wenda_friendlist` INNER JOIN wenda.wenda_Users ON wenda_friendlist.fuid = wenda.wenda_Users.uid  WHERE ( wenda_friendlist.uid=9 )  [ RunTime:0.0010s ]
INFO: [ app_end ] --START--
INFO: Run Behavior\ShowPageTraceBehavior [ RunTime:0.001000s ]
INFO: [ app_end ] --END-- [ RunTime:0.001000s ]

[ 2017-03-28T10:23:32+08:00 ] ::1 /wenda/index.php/Home/Index/getfriendlist
INFO: [ app_begin ] --START--
INFO: Run Behavior\ReadHtmlCacheBehavior [ RunTime:0.000000s ]
INFO: [ app_begin ] --END-- [ RunTime:0.001000s ]
SQL: SHOW COLUMNS FROM `wenda_friendlist` [ RunTime:0.0010s ]
SQL: SELECT * FROM `wenda_friendlist` INNER JOIN wenda.wenda_Users ON wenda_friendlist.fuid = wenda.wenda_Users.uid  WHERE ( wenda_friendlist.uid=9 )  [ RunTime:0.0010s ]
INFO: [ app_end ] --START--
INFO: Run Behavior\ShowPageTraceBehavior [ RunTime:0.001000s ]
INFO: [ app_end ] --END-- [ RunTime:0.001000s ]

[ 2017-03-28T10:23:33+08:00 ] ::1 /wenda/index.php/Home/Index/getfriendlist
INFO: [ app_begin ] --START--
INFO: Run Behavior\ReadHtmlCacheBehavior [ RunTime:0.001000s ]
INFO: [ app_begin ] --END-- [ RunTime:0.001000s ]
SQL: SHOW COLUMNS FROM `wenda_friendlist` [ RunTime:0.0010s ]
SQL: SELECT * FROM `wenda_friendlist` INNER JOIN wenda.wenda_Users ON wenda_friendlist.fuid = wenda.wenda_Users.uid  WHERE ( wenda_friendlist.uid=9 )  [ RunTime:0.0000s ]
INFO: [ app_end ] --START--
INFO: Run Behavior\ShowPageTraceBehavior [ RunTime:0.001000s ]
INFO: [ app_end ] --END-- [ RunTime:0.002000s ]

[ 2017-03-28T10:23:52+08:00 ] ::1 /wenda/index.php/Home/Index/getfriendlist
INFO: [ app_begin ] --START--
INFO: Run Behavior\ReadHtmlCacheBehavior [ RunTime:0.000000s ]
INFO: [ app_begin ] --END-- [ RunTime:0.001000s ]
SQL: SHOW COLUMNS FROM `wenda_friendlist` [ RunTime:0.0010s ]
SQL: SELECT * FROM `wenda_friendlist` INNER JOIN wenda.wenda_Users ON wenda_friendlist.fuid = wenda.wenda_Users.uid  WHERE ( wenda_friendlist.uid=9 )  [ RunTime:0.0000s ]
INFO: [ app_end ] --START--
INFO: Run Behavior\ShowPageTraceBehavior [ RunTime:0.001000s ]
INFO: [ app_end ] --END-- [ RunTime:0.001000s ]

[ 2017-03-28T10:23:53+08:00 ] ::1 /wenda/index.php/Home/Index/getfriendlist
INFO: [ app_begin ] --START--
INFO: Run Behavior\ReadHtmlCacheBehavior [ RunTime:0.001000s ]
INFO: [ app_begin ] --END-- [ RunTime:0.001000s ]
SQL: SHOW COLUMNS FROM `wenda_friendlist` [ RunTime:0.0010s ]
SQL: SELECT * FROM `wenda_friendlist` INNER JOIN wenda.wenda_Users ON wenda_friendlist.fuid = wenda.wenda_Users.uid  WHERE ( wenda_friendlist.uid=9 )  [ RunTime:0.0010s ]
INFO: [ app_end ] --START--
INFO: Run Behavior\ShowPageTraceBehavior [ RunTime:0.001000s ]
INFO: [ app_end ] --END-- [ RunTime:0.001000s ]

[ 2017-03-28T10:24:32+08:00 ] ::1 /wenda/index.php/Home/Index/getfriendlist
INFO: [ app_begin ] --START--
INFO: Run Behavior\ReadHtmlCacheBehavior [ RunTime:0.001000s ]
INFO: [ app_begin ] --END-- [ RunTime:0.002000s ]
SQL: SHOW COLUMNS FROM `wenda_friendlist` [ RunTime:0.0010s ]
SQL: SELECT * FROM `wenda_friendlist` INNER JOIN wenda.wenda_Users ON wenda_friendlist.fuid = wenda.wenda_Users.uid  WHERE ( wenda_friendlist.uid=9 )  [ RunTime:0.0000s ]
INFO: [ app_end ] --START--
INFO: Run Behavior\ShowPageTraceBehavior [ RunTime:0.001000s ]
INFO: [ app_end ] --END-- [ RunTime:0.001000s ]

[ 2017-03-28T10:25:47+08:00 ] ::1 /wenda/index.php/Home/Index/getfriendlist
INFO: [ app_begin ] --START--
INFO: Run Behavior\ReadHtmlCacheBehavior [ RunTime:0.001000s ]
INFO: [ app_begin ] --END-- [ RunTime:0.002000s ]
SQL: SHOW COLUMNS FROM `wenda_friendlist` [ RunTime:0.0010s ]
SQL: SELECT * FROM `wenda_friendlist` INNER JOIN wenda.wenda_Users ON wenda_friendlist.fuid = wenda.wenda_Users.uid  WHERE ( wenda_friendlist.uid=9 )  [ RunTime:0.0010s ]
INFO: [ app_end ] --START--
INFO: Run Behavior\ShowPageTraceBehavior [ RunTime:0.001000s ]
INFO: [ app_end ] --END-- [ RunTime:0.001000s ]

[ 2017-03-28T10:41:40+08:00 ] ::1 /wenda/index.php/Home/Index/getfriendlist
INFO: [ app_begin ] --START--
INFO: Run Behavior\ReadHtmlCacheBehavior [ RunTime:0.000000s ]
INFO: [ app_begin ] --END-- [ RunTime:0.001000s ]
SQL: SHOW COLUMNS FROM `wenda_friendlist` [ RunTime:0.0010s ]
SQL: SELECT * FROM `wenda_friendlist` INNER JOIN wenda.wenda_Users ON wenda_friendlist.fuid = wenda.wenda_Users.uid  WHERE ( wenda_friendlist.uid=9 )  [ RunTime:0.0010s ]
INFO: [ app_end ] --START--
INFO: Run Behavior\ShowPageTraceBehavior [ RunTime:0.001001s ]
INFO: [ app_end ] --END-- [ RunTime:0.001001s ]

[ 2017-03-28T10:46:36+08:00 ] ::1 /wenda/index.php/Home/Index/getfriendlist
INFO: [ app_begin ] --START--
INFO: Run Behavior\ReadHtmlCacheBehavior [ RunTime:0.001000s ]
INFO: [ app_begin ] --END-- [ RunTime:0.002000s ]
SQL: SHOW COLUMNS FROM `wenda_friendlist` [ RunTime:0.0010s ]
SQL: SELECT * FROM `wenda_friendlist` INNER JOIN wenda.wenda_Users ON wenda_friendlist.fuid = wenda.wenda_Users.uid  WHERE ( wenda_friendlist.uid=9 )  [ RunTime:0.0000s ]
INFO: [ app_end ] --START--
INFO: Run Behavior\ShowPageTraceBehavior [ RunTime:0.001001s ]
INFO: [ app_end ] --END-- [ RunTime:0.001001s ]

[ 2017-03-28T10:48:58+08:00 ] ::1 /wenda/index.php/Home/Index/getfriendlist
INFO: [ app_begin ] --START--
INFO: Run Behavior\ReadHtmlCacheBehavior [ RunTime:0.001000s ]
INFO: [ app_begin ] --END-- [ RunTime:0.002000s ]
SQL: SHOW COLUMNS FROM `wenda_friendlist` [ RunTime:0.0010s ]
SQL: SELECT * FROM `wenda_friendlist` INNER JOIN wenda.wenda_Users ON wenda_friendlist.fuid = wenda.wenda_Users.uid  WHERE ( wenda_friendlist.uid=9 )  [ RunTime:0.0000s ]
INFO: [ app_end ] --START--
INFO: Run Behavior\ShowPageTraceBehavior [ RunTime:0.001000s ]
INFO: [ app_end ] --END-- [ RunTime:0.001000s ]

[ 2017-03-28T10:50:12+08:00 ] ::1 /wenda/index.php/Home/Index/getfriendlist
INFO: [ app_begin ] --START--
INFO: Run Behavior\ReadHtmlCacheBehavior [ RunTime:0.001000s ]
INFO: [ app_begin ] --END-- [ RunTime:0.002000s ]
SQL: SHOW COLUMNS FROM `wenda_friendlist` [ RunTime:0.0010s ]
SQL: SELECT * FROM `wenda_friendlist` INNER JOIN wenda.wenda_Users ON wenda_friendlist.fuid = wenda.wenda_Users.uid  WHERE ( wenda_friendlist.uid=9 )  [ RunTime:0.0010s ]
INFO: [ app_end ] --START--
INFO: Run Behavior\ShowPageTraceBehavior [ RunTime:0.001000s ]
INFO: [ app_end ] --END-- [ RunTime:0.001000s ]

[ 2017-03-28T10:51:27+08:00 ] ::1 /wenda/index.php/Home/Index/getfriendlist
INFO: [ app_begin ] --START--
INFO: Run Behavior\ReadHtmlCacheBehavior [ RunTime:0.001000s ]
INFO: [ app_begin ] --END-- [ RunTime:0.002000s ]
SQL: SHOW COLUMNS FROM `wenda_friendlist` [ RunTime:0.0010s ]
SQL: SELECT * FROM `wenda_friendlist` INNER JOIN wenda.wenda_Users ON wenda_friendlist.fuid = wenda.wenda_Users.uid  WHERE ( wenda_friendlist.uid=9 )  [ RunTime:0.0010s ]
INFO: [ app_end ] --START--
INFO: Run Behavior\ShowPageTraceBehavior [ RunTime:0.001000s ]
INFO: [ app_end ] --END-- [ RunTime:0.001000s ]

[ 2017-03-28T10:53:53+08:00 ] ::1 /wenda/index.php/Home/Index/getfriendlist
INFO: [ app_begin ] --START--
INFO: Run Behavior\ReadHtmlCacheBehavior [ RunTime:0.001000s ]
INFO: [ app_begin ] --END-- [ RunTime:0.002000s ]
SQL: SHOW COLUMNS FROM `wenda_friendlist` [ RunTime:0.0010s ]
SQL: SELECT * FROM `wenda_friendlist` INNER JOIN wenda.wenda_Users ON wenda_friendlist.fuid = wenda.wenda_Users.uid  WHERE ( wenda_friendlist.uid=9 )  [ RunTime:0.0010s ]
INFO: [ app_end ] --START--
INFO: Run Behavior\ShowPageTraceBehavior [ RunTime:0.001000s ]
INFO: [ app_end ] --END-- [ RunTime:0.001000s ]

[ 2017-03-28T10:55:06+08:00 ] ::1 /wenda/index.php/Home/Index/getfriendlist
INFO: [ app_begin ] --START--
INFO: Run Behavior\ReadHtmlCacheBehavior [ RunTime:0.000000s ]
INFO: [ app_begin ] --END-- [ RunTime:0.001000s ]
SQL: SHOW COLUMNS FROM `wenda_friendlist` [ RunTime:0.0000s ]
SQL: SELECT * FROM `wenda_friendlist` INNER JOIN wenda.wenda_Users ON wenda_friendlist.fuid = wenda.wenda_Users.uid  WHERE ( wenda_friendlist.uid=9 )  [ RunTime:0.0010s ]
INFO: [ app_end ] --START--
INFO: Run Behavior\ShowPageTraceBehavior [ RunTime:0.001000s ]
INFO: [ app_end ] --END-- [ RunTime:0.001000s ]

[ 2017-03-28T10:57:16+08:00 ] ::1 /wenda/index.php/Home/Index/getfriendlist
INFO: [ app_begin ] --START--
INFO: Run Behavior\ReadHtmlCacheBehavior [ RunTime:0.001001s ]
INFO: [ app_begin ] --END-- [ RunTime:0.001001s ]
SQL: SHOW COLUMNS FROM `wenda_friendlist` [ RunTime:0.0020s ]
SQL: SELECT * FROM `wenda_friendlist` INNER JOIN wenda.wenda_Users ON wenda_friendlist.fuid = wenda.wenda_Users.uid  WHERE ( wenda_friendlist.uid=9 )  [ RunTime:0.0010s ]
INFO: [ app_end ] --START--
INFO: Run Behavior\ShowPageTraceBehavior [ RunTime:0.002000s ]
INFO: [ app_end ] --END-- [ RunTime:0.002000s ]

[ 2017-03-28T10:57:51+08:00 ] ::1 /wenda/index.php/Home/Index/getfriendlist
INFO: [ app_begin ] --START--
INFO: Run Behavior\ReadHtmlCacheBehavior [ RunTime:0.001000s ]
INFO: [ app_begin ] --END-- [ RunTime:0.001000s ]
SQL: SHOW COLUMNS FROM `wenda_friendlist` [ RunTime:0.0010s ]
SQL: SELECT * FROM `wenda_friendlist` INNER JOIN wenda.wenda_Users ON wenda_friendlist.fuid = wenda.wenda_Users.uid  WHERE ( wenda_friendlist.uid=9 )  [ RunTime:0.0000s ]
INFO: [ app_end ] --START--
INFO: Run Behavior\ShowPageTraceBehavior [ RunTime:0.001000s ]
INFO: [ app_end ] --END-- [ RunTime:0.001000s ]

[ 2017-03-28T10:59:43+08:00 ] ::1 /wenda/index.php/Home/Index/getfriendlist
INFO: [ app_begin ] --START--
INFO: Run Behavior\ReadHtmlCacheBehavior [ RunTime:0.001000s ]
INFO: [ app_begin ] --END-- [ RunTime:0.002000s ]
SQL: SHOW COLUMNS FROM `wenda_friendlist` [ RunTime:0.0010s ]
SQL: SELECT * FROM `wenda_friendlist` INNER JOIN wenda.wenda_Users ON wenda_friendlist.fuid = wenda.wenda_Users.uid  WHERE ( wenda_friendlist.uid=9 )  [ RunTime:0.0000s ]
INFO: [ app_end ] --START--
INFO: Run Behavior\ShowPageTraceBehavior [ RunTime:0.001000s ]
INFO: [ app_end ] --END-- [ RunTime:0.001000s ]

[ 2017-03-28T11:01:04+08:00 ] ::1 /wenda/index.php/Home/Index/getfriendlist
INFO: [ app_begin ] --START--
INFO: Run Behavior\ReadHtmlCacheBehavior [ RunTime:0.000000s ]
INFO: [ app_begin ] --END-- [ RunTime:0.001000s ]
SQL: SHOW COLUMNS FROM `wenda_friendlist` [ RunTime:0.0010s ]
SQL: SELECT `fuid` FROM `wenda_friendlist` WHERE ( uid=9 )  [ RunTime:0.0010s ]
SQL: SHOW COLUMNS FROM `wenda_users` [ RunTime:0.0010s ]
SQL: SELECT * FROM `wenda_users` WHERE ( 1=1 AND uid='11' ) LIMIT 1   [ RunTime:0.0000s ]
SQL: SELECT * FROM `wenda_users` WHERE ( 1=1 AND uid='12' ) LIMIT 1   [ RunTime:0.0000s ]
SQL: SELECT * FROM `wenda_users` WHERE ( 1=1 AND uid='10' ) LIMIT 1   [ RunTime:0.0000s ]
INFO: [ app_end ] --START--
INFO: Run Behavior\ShowPageTraceBehavior [ RunTime:0.001000s ]
INFO: [ app_end ] --END-- [ RunTime:0.001000s ]

[ 2017-03-28T11:01:10+08:00 ] ::1 /wenda/index.php/Home/Index/getfriendlist
INFO: [ app_begin ] --START--
INFO: Run Behavior\ReadHtmlCacheBehavior [ RunTime:0.001000s ]
INFO: [ app_begin ] --END-- [ RunTime:0.002000s ]
SQL: SHOW COLUMNS FROM `wenda_friendlist` [ RunTime:0.0010s ]
SQL: SELECT `fuid` FROM `wenda_friendlist` WHERE ( uid=9 )  [ RunTime:0.0000s ]
SQL: SHOW COLUMNS FROM `wenda_users` [ RunTime:0.0010s ]
SQL: SELECT * FROM `wenda_users` WHERE ( 1=1 AND uid='11' ) LIMIT 1   [ RunTime:0.0010s ]
SQL: SELECT * FROM `wenda_users` WHERE ( 1=1 AND uid='12' ) LIMIT 1   [ RunTime:0.0000s ]
SQL: SELECT * FROM `wenda_users` WHERE ( 1=1 AND uid='10' ) LIMIT 1   [ RunTime:0.0000s ]
INFO: [ app_end ] --START--
INFO: Run Behavior\ShowPageTraceBehavior [ RunTime:0.002001s ]
INFO: [ app_end ] --END-- [ RunTime:0.002001s ]

[ 2017-03-28T11:01:15+08:00 ] ::1 /wenda/index.php/Home/Index/getfriendlist
INFO: [ app_begin ] --START--
INFO: Run Behavior\ReadHtmlCacheBehavior [ RunTime:0.001000s ]
INFO: [ app_begin ] --END-- [ RunTime:0.001000s ]
SQL: SHOW COLUMNS FROM `wenda_friendlist` [ RunTime:0.0000s ]
SQL: SELECT `fuid` FROM `wenda_friendlist` WHERE ( uid=9 )  [ RunTime:0.0000s ]
SQL: SHOW COLUMNS FROM `wenda_users` [ RunTime:0.0010s ]
SQL: SELECT * FROM `wenda_users` WHERE ( 1=1 AND uid='11' ) LIMIT 1   [ RunTime:0.0010s ]
SQL: SELECT * FROM `wenda_users` WHERE ( 1=1 AND uid='12' ) LIMIT 1   [ RunTime:0.0000s ]
SQL: SELECT * FROM `wenda_users` WHERE ( 1=1 AND uid='10' ) LIMIT 1   [ RunTime:0.0000s ]
INFO: [ app_end ] --START--
INFO: Run Behavior\ShowPageTraceBehavior [ RunTime:0.001001s ]
INFO: [ app_end ] --END-- [ RunTime:0.001001s ]

[ 2017-03-28T11:01:21+08:00 ] ::1 /wenda/index.php/Home/Index/getfriendlist
INFO: [ app_begin ] --START--
INFO: Run Behavior\ReadHtmlCacheBehavior [ RunTime:0.002000s ]
INFO: [ app_begin ] --END-- [ RunTime:0.004000s ]
SQL: SHOW COLUMNS FROM `wenda_friendlist` [ RunTime:0.0010s ]
SQL: SELECT `fuid` FROM `wenda_friendlist` WHERE ( uid=9 )  [ RunTime:0.0010s ]
SQL: SHOW COLUMNS FROM `wenda_users` [ RunTime:0.0010s ]
SQL: SELECT * FROM `wenda_users` WHERE ( 1=1 AND uid='11' ) LIMIT 1   [ RunTime:0.0010s ]
SQL: SELECT * FROM `wenda_users` WHERE ( 1=1 AND uid='12' ) LIMIT 1   [ RunTime:0.0010s ]
SQL: SELECT * FROM `wenda_users` WHERE ( 1=1 AND uid='10' ) LIMIT 1   [ RunTime:0.0000s ]
INFO: [ app_end ] --START--
INFO: Run Behavior\ShowPageTraceBehavior [ RunTime:0.000000s ]
INFO: [ app_end ] --END-- [ RunTime:0.001000s ]

[ 2017-03-28T11:03:51+08:00 ] ::1 /wenda/index.php/Home/Index/getfriendlist
INFO: [ app_begin ] --START--
INFO: Run Behavior\ReadHtmlCacheBehavior [ RunTime:0.002000s ]
INFO: [ app_begin ] --END-- [ RunTime:0.003000s ]
SQL: SHOW COLUMNS FROM `wenda_friendlist` [ RunTime:0.0000s ]
SQL: SELECT `fuid` FROM `wenda_friendlist` WHERE ( uid=9 )  [ RunTime:0.0000s ]
SQL: SHOW COLUMNS FROM `wenda_users` [ RunTime:0.0000s ]
SQL: SELECT * FROM `wenda_users` WHERE ( 1=1 AND uid='11' ) LIMIT 1   [ RunTime:0.0000s ]
SQL: SELECT * FROM `wenda_users` WHERE ( 1=1 AND uid='12' ) LIMIT 1   [ RunTime:0.0000s ]
SQL: SELECT * FROM `wenda_users` WHERE ( 1=1 AND uid='10' ) LIMIT 1   [ RunTime:0.0000s ]
INFO: [ app_end ] --START--
INFO: Run Behavior\ShowPageTraceBehavior [ RunTime:0.001000s ]
INFO: [ app_end ] --END-- [ RunTime:0.001000s ]

[ 2017-03-28T11:04:16+08:00 ] ::1 /wenda/index.php/Home/Index/getfriendlist
INFO: [ app_begin ] --START--
INFO: Run Behavior\ReadHtmlCacheBehavior [ RunTime:0.001000s ]
INFO: [ app_begin ] --END-- [ RunTime:0.001000s ]
SQL: SHOW COLUMNS FROM `wenda_friendlist` [ RunTime:0.0010s ]
SQL: SELECT `fuid` FROM `wenda_friendlist` WHERE ( uid=9 )  [ RunTime:0.0010s ]
SQL: SHOW COLUMNS FROM `wenda_users` [ RunTime:0.0010s ]
SQL: SELECT * FROM `wenda_users` WHERE ( 1=1 AND uid='11' ) LIMIT 1   [ RunTime:0.0010s ]
SQL: SELECT * FROM `wenda_users` WHERE ( 1=1 AND uid='12' ) LIMIT 1   [ RunTime:0.0000s ]
SQL: SELECT * FROM `wenda_users` WHERE ( 1=1 AND uid='10' ) LIMIT 1   [ RunTime:0.0010s ]
INFO: [ app_end ] --START--
INFO: Run Behavior\ShowPageTraceBehavior [ RunTime:0.001000s ]
INFO: [ app_end ] --END-- [ RunTime:0.001000s ]

[ 2017-03-28T12:09:37+08:00 ] ::1 /wenda/index.php/Home/Index/getfriendlist
INFO: [ app_begin ] --START--
INFO: Run Behavior\ReadHtmlCacheBehavior [ RunTime:0.001000s ]
INFO: [ app_begin ] --END-- [ RunTime:0.001000s ]
SQL: SHOW COLUMNS FROM `wenda_friendlist` [ RunTime:0.0010s ]
SQL: SELECT `fuid` FROM `wenda_friendlist` WHERE ( uid=9 )  [ RunTime:0.0000s ]
SQL: SHOW COLUMNS FROM `wenda_users` [ RunTime:0.0020s ]
SQL: SELECT * FROM `wenda_users` WHERE ( 1=1 AND uid='11' ) LIMIT 1   [ RunTime:0.0000s ]
SQL: SELECT * FROM `wenda_users` WHERE ( 1=1 AND uid='12' ) LIMIT 1   [ RunTime:0.0000s ]
SQL: SELECT * FROM `wenda_users` WHERE ( 1=1 AND uid='10' ) LIMIT 1   [ RunTime:0.0010s ]
INFO: [ app_end ] --START--
INFO: Run Behavior\ShowPageTraceBehavior [ RunTime:0.001000s ]
INFO: [ app_end ] --END-- [ RunTime:0.001000s ]

[ 2017-03-28T12:11:30+08:00 ] ::1 /wenda/index.php/Home/Index/getfriendlist
INFO: [ app_begin ] --START--
INFO: Run Behavior\ReadHtmlCacheBehavior [ RunTime:0.000000s ]
INFO: [ app_begin ] --END-- [ RunTime:0.000000s ]
SQL: SHOW COLUMNS FROM `wenda_friendlist` [ RunTime:0.0156s ]
SQL: SELECT * FROM `wenda_friendlist` INNER JOIN wenda.wenda_Users ON wenda_friendlist.fuid = wenda.wenda_Users.uid  WHERE ( wenda_friendlist.uid=9 )  [ RunTime:0.0010s ]
INFO: [ app_end ] --START--
INFO: Run Behavior\ShowPageTraceBehavior [ RunTime:0.001000s ]
INFO: [ app_end ] --END-- [ RunTime:0.001000s ]

[ 2017-03-28T12:11:42+08:00 ] ::1 /wenda/index.php/Home/Index/getfriendlist
INFO: [ app_begin ] --START--
INFO: Run Behavior\ReadHtmlCacheBehavior [ RunTime:0.001000s ]
INFO: [ app_begin ] --END-- [ RunTime:0.001000s ]
SQL: SHOW COLUMNS FROM `wenda_friendlist` [ RunTime:0.0010s ]
SQL: SELECT * FROM `wenda_friendlist` INNER JOIN wenda.wenda_Users ON wenda_friendlist.fuid = wenda.wenda_Users.uid  WHERE ( wenda_friendlist.uid=9 )  [ RunTime:0.0000s ]
INFO: [ app_end ] --START--
INFO: Run Behavior\ShowPageTraceBehavior [ RunTime:0.001000s ]
INFO: [ app_end ] --END-- [ RunTime:0.001000s ]

[ 2017-03-28T12:11:47+08:00 ] ::1 /wenda/index.php/Home/Index/getfriendlist
INFO: [ app_begin ] --START--
INFO: Run Behavior\ReadHtmlCacheBehavior [ RunTime:0.001000s ]
INFO: [ app_begin ] --END-- [ RunTime:0.001000s ]
SQL: SHOW COLUMNS FROM `wenda_friendlist` [ RunTime:0.0000s ]
SQL: SELECT * FROM `wenda_friendlist` INNER JOIN wenda.wenda_Users ON wenda_friendlist.fuid = wenda.wenda_Users.uid  WHERE ( wenda_friendlist.uid=9 )  [ RunTime:0.0000s ]
INFO: [ app_end ] --START--
INFO: Run Behavior\ShowPageTraceBehavior [ RunTime:0.000000s ]
INFO: [ app_end ] --END-- [ RunTime:0.000000s ]

[ 2017-03-28T12:33:20+08:00 ] ::1 /wenda/index.php/Home/Index/getfriendlist
INFO: [ app_begin ] --START--
INFO: Run Behavior\ReadHtmlCacheBehavior [ RunTime:0.001000s ]
INFO: [ app_begin ] --END-- [ RunTime:0.011000s ]
SQL: SHOW COLUMNS FROM `wenda_friendlist` [ RunTime:0.0010s ]
SQL: SELECT * FROM `wenda_friendlist` INNER JOIN wenda.wenda_Users ON wenda_friendlist.fuid = wenda.wenda_Users.uid  WHERE ( wenda_friendlist.uid=9 )  [ RunTime:0.0010s ]
INFO: [ app_end ] --START--
INFO: Run Behavior\ShowPageTraceBehavior [ RunTime:0.001000s ]
INFO: [ app_end ] --END-- [ RunTime:0.001000s ]

[ 2017-03-28T12:34:12+08:00 ] ::1 /wenda/index.php/Home/Index/getfriendlist
INFO: [ app_begin ] --START--
INFO: Run Behavior\ReadHtmlCacheBehavior [ RunTime:0.001000s ]
INFO: [ app_begin ] --END-- [ RunTime:0.001000s ]
SQL: SHOW COLUMNS FROM `wenda_friendlist` [ RunTime:0.0000s ]
SQL: SELECT * FROM `wenda_friendlist` INNER JOIN wenda.wenda_Users ON wenda_friendlist.fuid = wenda.wenda_Users.uid  WHERE ( wenda_friendlist.uid=9 )  [ RunTime:0.0000s ]
INFO: [ app_end ] --START--
INFO: Run Behavior\ShowPageTraceBehavior [ RunTime:0.000000s ]
INFO: [ app_end ] --END-- [ RunTime:0.000000s ]

[ 2017-03-28T12:36:14+08:00 ] ::1 /wenda/index.php/Home/Index/getfriendlist
INFO: [ app_begin ] --START--
INFO: Run Behavior\ReadHtmlCacheBehavior [ RunTime:0.001000s ]
INFO: [ app_begin ] --END-- [ RunTime:0.001000s ]
SQL: SHOW COLUMNS FROM `wenda_friendlist` [ RunTime:0.0000s ]
SQL: SELECT * FROM `wenda_friendlist` INNER JOIN wenda.wenda_Users ON wenda_friendlist.fuid = wenda.wenda_Users.uid  WHERE ( wenda_friendlist.uid=9 )  [ RunTime:0.0000s ]
INFO: [ app_end ] --START--
INFO: Run Behavior\ShowPageTraceBehavior [ RunTime:0.000000s ]
INFO: [ app_end ] --END-- [ RunTime:0.000000s ]

[ 2017-03-28T12:36:57+08:00 ] ::1 /wenda/index.php/Home/Index/getfriendlist
INFO: [ app_begin ] --START--
INFO: Run Behavior\ReadHtmlCacheBehavior [ RunTime:0.001000s ]
INFO: [ app_begin ] --END-- [ RunTime:0.002000s ]
SQL: SHOW COLUMNS FROM `wenda_friendlist` [ RunTime:0.0010s ]
SQL: SELECT * FROM `wenda_friendlist` INNER JOIN wenda.wenda_Users ON wenda_friendlist.fuid = wenda.wenda_Users.uid  WHERE ( wenda_friendlist.uid=9 )  [ RunTime:0.0010s ]
INFO: [ app_end ] --START--
INFO: Run Behavior\ShowPageTraceBehavior [ RunTime:0.001000s ]
INFO: [ app_end ] --END-- [ RunTime:0.001000s ]

[ 2017-03-28T22:19:47+08:00 ] ::1 /wenda/index.php/Home/Index/getfriendlist
INFO: [ app_begin ] --START--
INFO: Run Behavior\ReadHtmlCacheBehavior [ RunTime:0.002001s ]
INFO: [ app_begin ] --END-- [ RunTime:0.003001s ]
SQL: SHOW COLUMNS FROM `wenda_friendlist` [ RunTime:0.0030s ]
SQL: SELECT * FROM `wenda_friendlist` INNER JOIN wenda.wenda_Users ON wenda_friendlist.fuid = wenda.wenda_Users.uid  WHERE ( wenda_friendlist.uid=9 )  [ RunTime:0.0020s ]
INFO: [ app_end ] --START--
INFO: Run Behavior\ShowPageTraceBehavior [ RunTime:0.001000s ]
INFO: [ app_end ] --END-- [ RunTime:0.001000s ]

