[ 2017-03-27T23:15:58+08:00 ] ::1 /wenda/index.php/Home/Index/getfriendlist
INFO: [ app_begin ] --START--
INFO: Run Behavior\ReadHtmlCacheBehavior [ RunTime:0.002000s ]
INFO: [ app_begin ] --END-- [ RunTime:0.002000s ]
NOTIC: [8] Undefined index: uid D:\wamp64\www\wenda\Application\Home\Controller\IndexController.class.php 第 10 行.

[ 2017-03-27T23:16:08+08:00 ] ::1 /wenda/index.php/Home/Index/getfriendlist
INFO: [ app_begin ] --START--
INFO: Run Behavior\ReadHtmlCacheBehavior [ RunTime:0.001000s ]
INFO: [ app_begin ] --END-- [ RunTime:0.002001s ]
NOTIC: [8] Undefined index: uid D:\wamp64\www\wenda\Application\Home\Controller\IndexController.class.php 第 10 行.

[ 2017-03-27T23:16:40+08:00 ] ::1 /wenda/index.php/Home/Index/getfriendlist
INFO: [ app_begin ] --START--
INFO: Run Behavior\ReadHtmlCacheBehavior [ RunTime:0.001000s ]
INFO: [ app_begin ] --END-- [ RunTime:0.002000s ]
NOTIC: [8] Undefined index: uid D:\wamp64\www\wenda\Application\Home\Controller\IndexController.class.php 第 10 行.

[ 2017-03-27T23:18:31+08:00 ] ::1 /wenda/index.php/Home/Index/getfriendlist
INFO: [ app_begin ] --START--
INFO: Run Behavior\ReadHtmlCacheBehavior [ RunTime:0.001000s ]
INFO: [ app_begin ] --END-- [ RunTime:0.002000s ]
NOTIC: [8] Undefined index: uid D:\wamp64\www\wenda\Application\Home\Controller\IndexController.class.php 第 10 行.

[ 2017-03-27T23:19:10+08:00 ] ::1 /wenda/index.php/Home/Index/getfriendlist
INFO: [ app_begin ] --START--
INFO: Run Behavior\ReadHtmlCacheBehavior [ RunTime:0.002000s ]
INFO: [ app_begin ] --END-- [ RunTime:0.003000s ]
NOTIC: [8] Undefined index: uid D:\wamp64\www\wenda\Application\Home\Controller\IndexController.class.php 第 10 行.

[ 2017-03-27T23:19:13+08:00 ] ::1 /wenda/index.php/Home/Index/getfriendlist
INFO: [ app_begin ] --START--
INFO: Run Behavior\ReadHtmlCacheBehavior [ RunTime:0.002000s ]
INFO: [ app_begin ] --END-- [ RunTime:0.003000s ]
NOTIC: [8] Undefined index: uid D:\wamp64\www\wenda\Application\Home\Controller\IndexController.class.php 第 10 行.

[ 2017-03-27T23:21:56+08:00 ] ::1 /wenda/index.php/Home/Index/getfriendlist
INFO: [ app_begin ] --START--
INFO: Run Behavior\ReadHtmlCacheBehavior [ RunTime:0.001001s ]
INFO: [ app_begin ] --END-- [ RunTime:0.002001s ]
NOTIC: [8] Undefined index: uid D:\wamp64\www\wenda\Application\Home\Controller\IndexController.class.php 第 10 行.

[ 2017-03-27T23:22:31+08:00 ] ::1 /wenda/index.php/Home/Index/getfriendlist
INFO: [ app_begin ] --START--
INFO: Run Behavior\ReadHtmlCacheBehavior [ RunTime:0.001000s ]
INFO: [ app_begin ] --END-- [ RunTime:0.002000s ]
NOTIC: [8] Undefined index: uid D:\wamp64\www\wenda\Application\Home\Controller\IndexController.class.php 第 10 行.

[ 2017-03-27T23:22:39+08:00 ] ::1 /wenda/index.php/Home/Index/getfriendlist
INFO: [ app_begin ] --START--
INFO: Run Behavior\ReadHtmlCacheBehavior [ RunTime:0.001000s ]
INFO: [ app_begin ] --END-- [ RunTime:0.002000s ]
NOTIC: [8] Undefined index: uid D:\wamp64\www\wenda\Application\Home\Controller\IndexController.class.php 第 10 行.

[ 2017-03-27T23:24:09+08:00 ] ::1 /wenda/index.php/Home/Index/getfriendlist
INFO: [ app_begin ] --START--
INFO: Run Behavior\ReadHtmlCacheBehavior [ RunTime:0.001000s ]
INFO: [ app_begin ] --END-- [ RunTime:0.002000s ]
NOTIC: [8] Undefined index: uid D:\wamp64\www\wenda\Application\Home\Controller\IndexController.class.php 第 10 行.
INFO: [ app_end ] --START--
INFO: Run Behavior\ShowPageTraceBehavior [ RunTime:0.001500s ]
INFO: [ app_end ] --END-- [ RunTime:0.001500s ]

[ 2017-03-27T23:24:14+08:00 ] ::1 /wenda/index.php/Home/Index/getfriendlist
INFO: [ app_begin ] --START--
INFO: Run Behavior\ReadHtmlCacheBehavior [ RunTime:0.001000s ]
INFO: [ app_begin ] --END-- [ RunTime:0.002001s ]
NOTIC: [8] Undefined index: uid D:\wamp64\www\wenda\Application\Home\Controller\IndexController.class.php 第 10 行.
INFO: [ app_end ] --START--
INFO: Run Behavior\ShowPageTraceBehavior [ RunTime:0.002000s ]
INFO: [ app_end ] --END-- [ RunTime:0.003000s ]

[ 2017-03-27T23:24:18+08:00 ] ::1 /wenda/index.php/Home/Index/getfriendlist
INFO: [ app_begin ] --START--
INFO: Run Behavior\ReadHtmlCacheBehavior [ RunTime:0.002000s ]
INFO: [ app_begin ] --END-- [ RunTime:0.002000s ]
NOTIC: [8] Undefined index: uid D:\wamp64\www\wenda\Application\Home\Controller\IndexController.class.php 第 10 行.
INFO: [ app_end ] --START--
INFO: Run Behavior\ShowPageTraceBehavior [ RunTime:0.001000s ]
INFO: [ app_end ] --END-- [ RunTime:0.001000s ]

[ 2017-03-27T23:25:01+08:00 ] ::1 /wenda/index.php/Home/Index/getfriendlist
INFO: [ app_begin ] --START--
INFO: Run Behavior\ReadHtmlCacheBehavior [ RunTime:0.002001s ]
INFO: [ app_begin ] --END-- [ RunTime:0.003001s ]
NOTIC: [8] Undefined index: uid D:\wamp64\www\wenda\Application\Home\Controller\IndexController.class.php 第 10 行.
INFO: [ app_end ] --START--
INFO: Run Behavior\ShowPageTraceBehavior [ RunTime:0.002000s ]
INFO: [ app_end ] --END-- [ RunTime:0.002000s ]

[ 2017-03-27T23:25:35+08:00 ] ::1 /wenda/index.php/Home/Index/getfriendlist
INFO: [ app_begin ] --START--
INFO: Run Behavior\ReadHtmlCacheBehavior [ RunTime:0.001001s ]
INFO: [ app_begin ] --END-- [ RunTime:0.002001s ]
NOTIC: [8] Undefined index: uid D:\wamp64\www\wenda\Application\Home\Controller\IndexController.class.php 第 10 行.
INFO: [ app_end ] --START--
INFO: Run Behavior\ShowPageTraceBehavior [ RunTime:0.002000s ]
INFO: [ app_end ] --END-- [ RunTime:0.002000s ]

[ 2017-03-27T23:26:22+08:00 ] ::1 /wenda/index.php/Home/Index/getfriendlist
INFO: [ app_begin ] --START--
INFO: Run Behavior\ReadHtmlCacheBehavior [ RunTime:0.001000s ]
INFO: [ app_begin ] --END-- [ RunTime:0.002000s ]
NOTIC: [8] Undefined index: uid D:\wamp64\www\wenda\Application\Home\Controller\IndexController.class.php 第 10 行.
INFO: [ app_end ] --START--
INFO: Run Behavior\ShowPageTraceBehavior [ RunTime:0.002001s ]
INFO: [ app_end ] --END-- [ RunTime:0.002001s ]

[ 2017-03-27T23:27:13+08:00 ] ::1 /wenda/index.php/Home/Index/getfriendlist
INFO: [ app_begin ] --START--
INFO: Run Behavior\ReadHtmlCacheBehavior [ RunTime:0.001000s ]
INFO: [ app_begin ] --END-- [ RunTime:0.002000s ]
NOTIC: [8] Undefined index: uid D:\wamp64\www\wenda\Application\Home\Controller\IndexController.class.php 第 10 行.
INFO: [ app_end ] --START--
INFO: Run Behavior\ShowPageTraceBehavior [ RunTime:0.002000s ]
INFO: [ app_end ] --END-- [ RunTime:0.002000s ]

[ 2017-03-27T23:27:16+08:00 ] ::1 /wenda/index.php/Home/Index/getfriendlist
INFO: [ app_begin ] --START--
INFO: Run Behavior\ReadHtmlCacheBehavior [ RunTime:0.001000s ]
INFO: [ app_begin ] --END-- [ RunTime:0.003000s ]
NOTIC: [8] Undefined index: uid D:\wamp64\www\wenda\Application\Home\Controller\IndexController.class.php 第 10 行.
INFO: [ app_end ] --START--
INFO: Run Behavior\ShowPageTraceBehavior [ RunTime:0.001000s ]
INFO: [ app_end ] --END-- [ RunTime:0.002000s ]

[ 2017-03-27T23:29:24+08:00 ] ::1 /wenda/index.php/Home/Index/getfriendlist
INFO: [ app_begin ] --START--
INFO: Run Behavior\ReadHtmlCacheBehavior [ RunTime:0.001000s ]
INFO: [ app_begin ] --END-- [ RunTime:0.002000s ]
NOTIC: [8] Undefined index: uid D:\wamp64\www\wenda\Application\Home\Controller\IndexController.class.php 第 10 行.
INFO: [ app_end ] --START--
INFO: Run Behavior\ShowPageTraceBehavior [ RunTime:0.001000s ]
INFO: [ app_end ] --END-- [ RunTime:0.001000s ]

[ 2017-03-27T23:31:44+08:00 ] ::1 /wenda/index.php/Home/Index/getfriendlist
INFO: [ app_begin ] --START--
INFO: Run Behavior\ReadHtmlCacheBehavior [ RunTime:0.001000s ]
INFO: [ app_begin ] --END-- [ RunTime:0.003000s ]
NOTIC: [8] Undefined index: uid D:\wamp64\www\wenda\Application\Home\Controller\IndexController.class.php 第 10 行.

[ 2017-03-27T23:32:24+08:00 ] ::1 /wenda/index.php/Home/Index/getfriendlist
INFO: [ app_begin ] --START--
INFO: Run Behavior\ReadHtmlCacheBehavior [ RunTime:0.002000s ]
INFO: [ app_begin ] --END-- [ RunTime:0.003000s ]
NOTIC: [8] Undefined index: uid D:\wamp64\www\wenda\Application\Home\Controller\IndexController.class.php 第 10 行.

[ 2017-03-27T23:34:32+08:00 ] ::1 /wenda/index.php/Home/Index/getfriendlist
INFO: [ app_begin ] --START--
INFO: Run Behavior\ReadHtmlCacheBehavior [ RunTime:0.001000s ]
INFO: [ app_begin ] --END-- [ RunTime:0.002000s ]
NOTIC: [8] Undefined index: uid D:\wamp64\www\wenda\Application\Home\Controller\IndexController.class.php 第 10 行.

[ 2017-03-27T23:35:28+08:00 ] ::1 /wenda/index.php/Home/Index/getfriendlist
INFO: [ app_begin ] --START--
INFO: Run Behavior\ReadHtmlCacheBehavior [ RunTime:0.002000s ]
INFO: [ app_begin ] --END-- [ RunTime:0.003000s ]
NOTIC: [8] Undefined index: uid D:\wamp64\www\wenda\Application\Home\Controller\IndexController.class.php 第 10 行.

[ 2017-03-27T23:36:04+08:00 ] ::1 /wenda/index.php/Home/Index/getfriendlist
INFO: [ app_begin ] --START--
INFO: Run Behavior\ReadHtmlCacheBehavior [ RunTime:0.001000s ]
INFO: [ app_begin ] --END-- [ RunTime:0.002000s ]
NOTIC: [8] Undefined index: uid D:\wamp64\www\wenda\Application\Home\Controller\IndexController.class.php 第 10 行.

[ 2017-03-27T23:36:47+08:00 ] ::1 /wenda/index.php/Home/Index/getfriendlist
INFO: [ app_begin ] --START--
INFO: Run Behavior\ReadHtmlCacheBehavior [ RunTime:0.001501s ]
INFO: [ app_begin ] --END-- [ RunTime:0.002501s ]
NOTIC: [8] Undefined index: uid D:\wamp64\www\wenda\Application\Home\Controller\IndexController.class.php 第 10 行.

[ 2017-03-27T23:37:16+08:00 ] ::1 /wenda/index.php/Home/Index/getfriendlist
INFO: [ app_begin ] --START--
INFO: Run Behavior\ReadHtmlCacheBehavior [ RunTime:0.002001s ]
INFO: [ app_begin ] --END-- [ RunTime:0.003001s ]
NOTIC: [8] Undefined index: uid D:\wamp64\www\wenda\Application\Home\Controller\IndexController.class.php 第 10 行.

[ 2017-03-27T23:38:18+08:00 ] ::1 /wenda/index.php/Home/Index/getfriendlist
INFO: [ app_begin ] --START--
INFO: Run Behavior\ReadHtmlCacheBehavior [ RunTime:0.001000s ]
INFO: [ app_begin ] --END-- [ RunTime:0.003000s ]
NOTIC: [8] Undefined index: uid D:\wamp64\www\wenda\Application\Home\Controller\IndexController.class.php 第 10 行.

[ 2017-03-27T23:38:44+08:00 ] ::1 /wenda/index.php/Home/Index/getfriendlist
INFO: [ app_begin ] --START--
INFO: Run Behavior\ReadHtmlCacheBehavior [ RunTime:0.001000s ]
INFO: [ app_begin ] --END-- [ RunTime:0.002000s ]
NOTIC: [8] Undefined index: uid D:\wamp64\www\wenda\Application\Home\Controller\IndexController.class.php 第 10 行.

[ 2017-03-27T23:39:37+08:00 ] ::1 /wenda/index.php/Home/Index/getfriendlist
INFO: [ app_begin ] --START--
INFO: Run Behavior\ReadHtmlCacheBehavior [ RunTime:0.001000s ]
INFO: [ app_begin ] --END-- [ RunTime:0.002001s ]
NOTIC: [8] Undefined index: uid D:\wamp64\www\wenda\Application\Home\Controller\IndexController.class.php 第 10 行.

[ 2017-03-27T23:40:12+08:00 ] ::1 /wenda/index.php/Home/Index/getfriendlist
INFO: [ app_begin ] --START--
INFO: Run Behavior\ReadHtmlCacheBehavior [ RunTime:0.001001s ]
INFO: [ app_begin ] --END-- [ RunTime:0.002001s ]
NOTIC: [8] Undefined index: uid D:\wamp64\www\wenda\Application\Home\Controller\IndexController.class.php 第 10 行.
NOTIC: [8] Array to string conversion D:\wamp64\www\wenda\Application\Home\Controller\IndexController.class.php 第 12 行.
INFO: [ app_end ] --START--
INFO: Run Behavior\ShowPageTraceBehavior [ RunTime:0.001000s ]
INFO: [ app_end ] --END-- [ RunTime:0.001000s ]

[ 2017-03-27T23:40:38+08:00 ] ::1 /wenda/index.php/Home/Index/getfriendlist
INFO: [ app_begin ] --START--
INFO: Run Behavior\ReadHtmlCacheBehavior [ RunTime:0.002000s ]
INFO: [ app_begin ] --END-- [ RunTime:0.003000s ]
NOTIC: [8] Undefined index: uid D:\wamp64\www\wenda\Application\Home\Controller\IndexController.class.php 第 10 行.
NOTIC: [8] Array to string conversion D:\wamp64\www\wenda\Application\Home\Controller\IndexController.class.php 第 12 行.
INFO: [ app_end ] --START--
INFO: Run Behavior\ShowPageTraceBehavior [ RunTime:0.001000s ]
INFO: [ app_end ] --END-- [ RunTime:0.001000s ]

[ 2017-03-27T23:42:34+08:00 ] ::1 /wenda/index.php/Home/Index/getfriendlist
INFO: [ app_begin ] --START--
INFO: Run Behavior\ReadHtmlCacheBehavior [ RunTime:0.001000s ]
INFO: [ app_begin ] --END-- [ RunTime:0.002000s ]
NOTIC: [8] Undefined index: uid D:\wamp64\www\wenda\Application\Home\Controller\IndexController.class.php 第 10 行.
NOTIC: [8] Array to string conversion D:\wamp64\www\wenda\Application\Home\Controller\IndexController.class.php 第 12 行.
INFO: [ app_end ] --START--
INFO: Run Behavior\ShowPageTraceBehavior [ RunTime:0.001000s ]
INFO: [ app_end ] --END-- [ RunTime:0.001000s ]

[ 2017-03-27T23:43:03+08:00 ] ::1 /wenda/index.php/Home/Index/getfriendlist
INFO: [ app_begin ] --START--
INFO: Run Behavior\ReadHtmlCacheBehavior [ RunTime:0.001000s ]
INFO: [ app_begin ] --END-- [ RunTime:0.002000s ]
NOTIC: [8] Undefined index: uid D:\wamp64\www\wenda\Application\Home\Controller\IndexController.class.php 第 10 行.

[ 2017-03-27T23:46:44+08:00 ] ::1 /wenda/index.php/Home/Index/getfriendlist
INFO: [ app_begin ] --START--
INFO: Run Behavior\ReadHtmlCacheBehavior [ RunTime:0.001000s ]
INFO: [ app_begin ] --END-- [ RunTime:0.002001s ]

[ 2017-03-27T23:47:32+08:00 ] ::1 /wenda/index.php/Home/Index/getfriendlist
INFO: [ app_begin ] --START--
INFO: Run Behavior\ReadHtmlCacheBehavior [ RunTime:0.002000s ]
INFO: [ app_begin ] --END-- [ RunTime:0.002000s ]

