[ 2017-05-17T22:41:59+08:00 ] ::1 /wenda/home/collection/collection/uid/11/qid/1
ERR: 无法加载控制器:Collection

[ 2017-05-17T22:42:16+08:00 ] ::1 /wenda/home/user/login
ERR: 无法加载控制器:User

[ 2017-05-17T22:53:32+08:00 ] ::1 /wenda/home/collection/collection/uid/11/qid/1
ERR: 无法加载控制器:Collection

[ 2017-05-17T23:18:39+08:00 ] ::1 /wenda/home/Login/reg.html
ERR: 非法操作:reg

[ 2017-05-17T23:19:14+08:00 ] ::1 /wenda/home/Login/Reg/reg.html
ERR: 非法操作:reg

[ 2017-05-17T23:20:50+08:00 ] ::1 /wenda/home/Login/U(Reg/reg)
ERR: 非法操作:u(reg

[ 2017-05-17T23:21:14+08:00 ] ::1 /wenda/home/Login/U('Reg/reg')
ERR: 非法操作:u('reg

[ 2017-05-17T23:21:29+08:00 ] ::1 /wenda/home/Login/U('Reg/reg')
ERR: 非法操作:u('reg

[ 2017-05-17T23:23:48+08:00 ] ::1 /wenda/index.php/home/user/index.html
ERR: 无法加载控制器:User

[ 2017-05-17T23:24:44+08:00 ] ::1 /wenda/index.php/home/user/set.html
ERR: 无法加载控制器:User

[ 2017-05-17T23:24:50+08:00 ] ::1 /wenda/index.php/home/reg/login.html
ERR: 非法操作:login

[ 2017-05-17T23:29:15+08:00 ] ::1 /wenda/index.php/home/user/set.html
ERR: 无法加载控制器:User

