[ 2017-06-06T11:28:23+08:00 ] ::1 /wenda/jie/detail.html
ERR: 无法加载模块:Jie

[ 2017-06-06T11:28:49+08:00 ] ::1 /wenda/Public/images/txt_input_bg.gif
ERR: 无法加载模块:Public

[ 2017-06-06T11:29:03+08:00 ] ::1 /wenda/Public/images/txt_input_bg.gif
ERR: 无法加载模块:Public

[ 2017-06-06T11:29:17+08:00 ] ::1 /wenda/Public/images/txt_input_bg.gif
ERR: 无法加载模块:Public

[ 2017-06-06T11:29:49+08:00 ] ::1 /wenda/Public/Admin/assets/font/fontawesome-webfont.eot?
ERR: 无法加载模块:Public

[ 2017-06-06T11:31:04+08:00 ] ::1 /wenda/Public/Admin/assets/font/fontawesome-webfont.eot?
ERR: 无法加载模块:Public

[ 2017-06-06T11:36:57+08:00 ] ::1 /wenda/Public/Admin/assets/font/fontawesome-webfont.eot?
ERR: 无法加载模块:Public

[ 2017-06-06T11:38:01+08:00 ] ::1 /wenda/Public/Admin/assets/font/fontawesome-webfont.eot?
ERR: 无法加载模块:Public

[ 2017-06-06T11:38:04+08:00 ] ::1 /wenda/Public/Admin/assets/font/fontawesome-webfont.eot?
ERR: 无法加载模块:Public

[ 2017-06-06T11:38:08+08:00 ] ::1 /wenda/Public/Admin/assets/font/fontawesome-webfont.eot?
ERR: 无法加载模块:Public

[ 2017-06-06T11:38:45+08:00 ] ::1 /wenda/Public/Admin/assets/font/fontawesome-webfont.eot?
ERR: 无法加载模块:Public

[ 2017-06-06T13:40:46+08:00 ] ::1 /wenda/Public/images/txt_input_bg.gif
ERR: 无法加载模块:Public

[ 2017-06-06T13:42:18+08:00 ] ::1 /wenda/Public/images/txt_input_bg.gif
ERR: 无法加载模块:Public

[ 2017-06-06T13:42:29+08:00 ] ::1 /wenda/Public/images/txt_input_bg.gif
ERR: 无法加载模块:Public

[ 2017-06-06T13:42:47+08:00 ] ::1 /wenda/Public/images/txt_input_bg.gif
ERR: 无法加载模块:Public

[ 2017-06-06T13:43:52+08:00 ] ::1 /wenda/Public/Admin/assets/font/fontawesome-webfont.eot?
ERR: 无法加载模块:Public

[ 2017-06-06T13:44:45+08:00 ] ::1 /wenda/Public/Admin/assets/font/fontawesome-webfont.eot?
ERR: 无法加载模块:Public

[ 2017-06-06T13:45:24+08:00 ] ::1 /wenda/Public/Admin/assets/font/fontawesome-webfont.eot?
ERR: 无法加载模块:Public

[ 2017-06-06T13:46:05+08:00 ] ::1 /wenda/Public/Admin/assets/font/fontawesome-webfont.eot?
ERR: 无法加载模块:Public

[ 2017-06-06T13:46:13+08:00 ] ::1 /wenda/Public/Admin/assets/font/fontawesome-webfont.eot?
ERR: 无法加载模块:Public

[ 2017-06-06T13:46:16+08:00 ] ::1 /wenda/Public/Admin/assets/font/fontawesome-webfont.eot?
ERR: 无法加载模块:Public

[ 2017-06-06T13:47:48+08:00 ] ::1 /wenda/Public/Admin/assets/font/fontawesome-webfont.eot?
ERR: 无法加载模块:Public

[ 2017-06-06T13:49:23+08:00 ] ::1 /wenda/Public/Admin/assets/font/fontawesome-webfont.eot?
ERR: 无法加载模块:Public

[ 2017-06-06T13:52:38+08:00 ] ::1 /wenda/Public/Admin/assets/font/fontawesome-webfont.eot?
ERR: 无法加载模块:Public

[ 2017-06-06T13:53:41+08:00 ] ::1 /wenda/Public/Admin/assets/font/fontawesome-webfont.eot?
ERR: 无法加载模块:Public

[ 2017-06-06T13:56:59+08:00 ] ::1 /wenda/Public/Admin/assets/font/fontawesome-webfont.eot?
ERR: 无法加载模块:Public

[ 2017-06-06T13:57:08+08:00 ] ::1 /wenda/Public/Admin/assets/font/fontawesome-webfont.eot?
ERR: 无法加载模块:Public

[ 2017-06-06T13:57:17+08:00 ] ::1 /wenda/Public/Admin/assets/font/fontawesome-webfont.eot?
ERR: 无法加载模块:Public

[ 2017-06-06T13:57:19+08:00 ] ::1 /wenda/Public/Admin/assets/font/fontawesome-webfont.eot?
ERR: 无法加载模块:Public

[ 2017-06-06T13:57:45+08:00 ] ::1 /wenda/Public/Admin/assets/font/fontawesome-webfont.eot?
ERR: 无法加载模块:Public

[ 2017-06-06T13:57:53+08:00 ] ::1 /wenda/Public/Admin/assets/font/fontawesome-webfont.eot?
ERR: 无法加载模块:Public

[ 2017-06-06T13:58:28+08:00 ] ::1 /wenda/Public/Admin/assets/font/fontawesome-webfont.eot?
ERR: 无法加载模块:Public

