[ 2017-03-26T22:11:09+08:00 ] 127.0.0.1 /wenda/Question/qlist
INFO: [ app_init ] --START--
INFO: Run Behavior\BuildLiteBehavior [ RunTime:0.000000s ]
INFO: [ app_init ] --END-- [ RunTime:0.001000s ]
ERR: 无法加载模块:Question

[ 2017-03-26T22:11:44+08:00 ] 127.0.0.1 /wenda/Question/qlist
INFO: [ app_init ] --START--
INFO: Run Behavior\BuildLiteBehavior [ RunTime:0.000000s ]
INFO: [ app_init ] --END-- [ RunTime:0.001500s ]
ERR: 无法加载模块:Question

[ 2017-03-26T22:12:53+08:00 ] 127.0.0.1 /wenda/Question/qlist
INFO: [ app_init ] --START--
INFO: Run Behavior\BuildLiteBehavior [ RunTime:0.000000s ]
INFO: [ app_init ] --END-- [ RunTime:0.001000s ]
ERR: 无法加载模块:Question

[ 2017-03-26T22:16:01+08:00 ] 127.0.0.1 /wenda/Question/qlist
INFO: [ app_init ] --START--
INFO: Run Behavior\BuildLiteBehavior [ RunTime:0.000500s ]
INFO: [ app_init ] --END-- [ RunTime:0.002000s ]
ERR: 无法加载模块:Question

[ 2017-03-26T22:16:24+08:00 ] 127.0.0.1 /wenda/Question/qlist
INFO: [ app_init ] --START--
INFO: Run Behavior\BuildLiteBehavior [ RunTime:0.000500s ]
INFO: [ app_init ] --END-- [ RunTime:0.002000s ]
ERR: 无法加载模块:Question

[ 2017-03-26T22:19:29+08:00 ] 127.0.0.1 /wenda/Question/qlist
INFO: [ app_init ] --START--
INFO: Run Behavior\BuildLiteBehavior [ RunTime:0.000000s ]
INFO: [ app_init ] --END-- [ RunTime:0.001001s ]
ERR: 无法加载模块:Question

[ 2017-03-26T22:21:14+08:00 ] 127.0.0.1 /wenda/Question/qlist
INFO: [ app_init ] --START--
INFO: Run Behavior\BuildLiteBehavior [ RunTime:0.000000s ]
INFO: [ app_init ] --END-- [ RunTime:0.001500s ]
ERR: 无法加载模块:Question

[ 2017-03-26T22:29:04+08:00 ] 127.0.0.1 /wenda/Question/qlist
INFO: [ app_init ] --START--
INFO: Run Behavior\BuildLiteBehavior [ RunTime:0.000000s ]
INFO: [ app_init ] --END-- [ RunTime:0.001001s ]
ERR: 无法加载模块:Question

[ 2017-03-26T22:29:25+08:00 ] 127.0.0.1 /wenda/Question/qlist
INFO: [ app_init ] --START--
INFO: Run Behavior\BuildLiteBehavior [ RunTime:0.000000s ]
INFO: [ app_init ] --END-- [ RunTime:0.000500s ]
ERR: 无法加载模块:Question

[ 2017-03-26T22:29:25+08:00 ] 127.0.0.1 /wenda/Question/qlist
INFO: [ app_init ] --START--
INFO: Run Behavior\BuildLiteBehavior [ RunTime:0.000000s ]
INFO: [ app_init ] --END-- [ RunTime:0.005001s ]
ERR: 无法加载模块:Question

[ 2017-03-26T22:41:18+08:00 ] 127.0.0.1 /wenda/Question/qlist
INFO: [ app_init ] --START--
INFO: Run Behavior\BuildLiteBehavior [ RunTime:0.000000s ]
INFO: [ app_init ] --END-- [ RunTime:0.002501s ]
ERR: 无法加载模块:Question

[ 2017-03-26T22:43:09+08:00 ] 127.0.0.1 /wenda/Question/qlist
INFO: [ app_init ] --START--
INFO: Run Behavior\BuildLiteBehavior [ RunTime:0.000000s ]
INFO: [ app_init ] --END-- [ RunTime:0.003001s ]
ERR: 无法加载模块:Question

[ 2017-03-26T22:50:07+08:00 ] 127.0.0.1 /wenda/Question/qlist
INFO: [ app_init ] --START--
INFO: Run Behavior\BuildLiteBehavior [ RunTime:0.000000s ]
INFO: [ app_init ] --END-- [ RunTime:0.001000s ]
ERR: 无法加载模块:Question

