[ 2017-03-28T08:57:54+08:00 ] ::1 /wenda/Index/getfriendlist
ERR: 无法加载模块:Index

[ 2017-03-28T08:58:16+08:00 ] ::1 /wenda/index.php/Index/getfriendlist
ERR: 无法加载模块:Index

[ 2017-03-28T08:58:23+08:00 ] ::1 /wenda/index.php/Index/getfriendlist
ERR: 无法加载模块:Index

[ 2017-03-28T21:39:05+08:00 ] ::1 /wenda/Public/wenda/jquery.ui.theme.css
ERR: 无法加载模块:Public

[ 2017-03-28T21:39:05+08:00 ] ::1 /wenda/Public/wenda/jquery.ui.base.css
ERR: 无法加载模块:Public

[ 2017-03-28T21:39:05+08:00 ] ::1 /wenda/Public/images/txt_input_bg.gif
ERR: 无法加载模块:Public

[ 2017-03-28T21:42:42+08:00 ] ::1 /wenda/Public/wenda/jquery.ui.theme.css
ERR: 无法加载模块:Public

[ 2017-03-28T21:42:42+08:00 ] ::1 /wenda/Public/wenda/jquery.ui.base.css
ERR: 无法加载模块:Public

[ 2017-03-28T21:47:13+08:00 ] ::1 /wenda/Public/wenda/jquery.ui.theme.css
ERR: 无法加载模块:Public

[ 2017-03-28T21:47:13+08:00 ] ::1 /wenda/Public/wenda/jquery.ui.base.css
ERR: 无法加载模块:Public

[ 2017-03-28T21:47:48+08:00 ] ::1 /wenda/Public/wenda/jquery.ui.theme.css
ERR: 无法加载模块:Public

[ 2017-03-28T21:47:48+08:00 ] ::1 /wenda/Public/wenda/jquery.ui.base.css
ERR: 无法加载模块:Public

[ 2017-03-28T21:49:30+08:00 ] ::1 /wenda/Public/wenda/jquery.ui.base.css
ERR: 无法加载模块:Public

[ 2017-03-28T21:49:30+08:00 ] ::1 /wenda/Public/wenda/jquery.ui.theme.css
ERR: 无法加载模块:Public

[ 2017-03-28T21:49:44+08:00 ] ::1 /wenda/Public/wenda/jquery.ui.base.css
ERR: 无法加载模块:Public


[ 2017-03-28T21:49:44+08:00 ] ::1 /wenda/Public/wenda/jquery.ui.theme.css
ERR: 无法加载模块:Public

[ 2017-03-28T21:49:44+08:00 ] ::1 /wenda/Public/wenda/jquery.ui.base.css
ERR: 无法加载模块:Public

[ 2017-03-28T21:49:45+08:00 ] ::1 /wenda/Public/wenda/jquery.ui.theme.css
ERR: 无法加载模块:Public

[ 2017-03-28T21:49:45+08:00 ] ::1 /wenda/Public/wenda/jquery.ui.base.css
ERR: 无法加载模块:Public

[ 2017-03-28T21:51:31+08:00 ] ::1 /wenda/Public/wenda/jquery.ui.theme.css
ERR: 无法加载模块:Public

[ 2017-03-28T21:51:31+08:00 ] ::1 /wenda/Public/wenda/jquery.ui.base.css
ERR: 无法加载模块:Public

[ 2017-03-28T21:52:13+08:00 ] ::1 /wenda/Public/wenda/jquery.ui.base.css
ERR: 无法加载模块:Public

[ 2017-03-28T21:52:13+08:00 ] ::1 /wenda/Public/wenda/jquery.ui.theme.css
ERR: 无法加载模块:Public

[ 2017-03-28T21:52:15+08:00 ] ::1 /wenda/Public/wenda/jquery.ui.theme.css
ERR: 无法加载模块:Public

[ 2017-03-28T21:52:15+08:00 ] ::1 /wenda/Public/wenda/jquery.ui.base.css
ERR: 无法加载模块:Public

[ 2017-03-28T21:52:15+08:00 ] ::1 /wenda/Public/wenda/jquery.ui.theme.css
ERR: 无法加载模块:Public

[ 2017-03-28T21:52:15+08:00 ] ::1 /wenda/Public/wenda/jquery.ui.base.css
ERR: 无法加载模块:Public

[ 2017-03-28T21:52:16+08:00 ] ::1 /wenda/Public/wenda/jquery.ui.base.css
ERR: 无法加载模块:Public

[ 2017-03-28T21:52:16+08:00 ] ::1 /wenda/Public/wenda/jquery.ui.theme.css
ERR: 无法加载模块:Public

[ 2017-03-28T21:52:17+08:00 ] ::1 /wenda/Public/wenda/jquery.ui.theme.css
ERR: 无法加载模块:Public

[ 2017-03-28T21:52:17+08:00 ] ::1 /wenda/Public/wenda/jquery.ui.base.css
ERR: 无法加载模块:Public

[ 2017-03-28T21:52:17+08:00 ] ::1 /wenda/Public/wenda/jquery.ui.theme.css
ERR: 无法加载模块:Public

[ 2017-03-28T21:52:17+08:00 ] ::1 /wenda/Public/wenda/jquery.ui.base.css
ERR: 无法加载模块:Public

[ 2017-03-28T21:52:17+08:00 ] ::1 /wenda/Public/wenda/jquery.ui.base.css
ERR: 无法加载模块:Public

[ 2017-03-28T21:52:17+08:00 ] ::1 /wenda/Public/wenda/jquery.ui.theme.css
ERR: 无法加载模块:Public

[ 2017-03-28T21:52:47+08:00 ] ::1 /wenda/Public/wenda/jquery.ui.theme.css
ERR: 无法加载模块:Public

[ 2017-03-28T21:52:47+08:00 ] ::1 /wenda/Public/wenda/jquery.ui.base.css
ERR: 无法加载模块:Public

[ 2017-03-28T21:53:02+08:00 ] ::1 /wenda/Public/wenda/jquery.ui.theme.css
ERR: 无法加载模块:Public

[ 2017-03-28T21:53:02+08:00 ] ::1 /wenda/Public/wenda/jquery.ui.base.css
ERR: 无法加载模块:Public

[ 2017-03-28T21:53:18+08:00 ] ::1 /wenda/Public/wenda/jquery.ui.theme.css
ERR: 无法加载模块:Public

[ 2017-03-28T21:53:18+08:00 ] ::1 /wenda/Public/wenda/jquery.ui.base.css
ERR: 无法加载模块:Public

[ 2017-03-28T21:53:35+08:00 ] ::1 /wenda/Public/wenda/jquery.ui.theme.css
ERR: 无法加载模块:Public

[ 2017-03-28T21:53:35+08:00 ] ::1 /wenda/Public/wenda/jquery.ui.base.css
ERR: 无法加载模块:Public

[ 2017-03-28T21:54:14+08:00 ] ::1 /wenda/Public/wenda/jquery.ui.base.css
ERR: 无法加载模块:Public

[ 2017-03-28T21:54:14+08:00 ] ::1 /wenda/Public/wenda/jquery.ui.theme.css
ERR: 无法加载模块:Public

[ 2017-03-28T21:54:41+08:00 ] ::1 /wenda/Public/wenda/jquery.ui.theme.css
ERR: 无法加载模块:Public

[ 2017-03-28T21:54:41+08:00 ] ::1 /wenda/Public/wenda/jquery.ui.base.css
ERR: 无法加载模块:Public

[ 2017-03-28T21:54:53+08:00 ] ::1 /wenda/Public/wenda/jquery.ui.base.css
ERR: 无法加载模块:Public

[ 2017-03-28T21:54:53+08:00 ] ::1 /wenda/Public/wenda/jquery.ui.theme.css
ERR: 无法加载模块:Public

[ 2017-03-28T21:56:11+08:00 ] ::1 /wenda/Public/wenda/jquery.ui.theme.css
ERR: 无法加载模块:Public

[ 2017-03-28T21:56:11+08:00 ] ::1 /wenda/Public/wenda/jquery.ui.base.css
ERR: 无法加载模块:Public

[ 2017-03-28T21:56:54+08:00 ] ::1 /wenda/Public/wenda/jquery.ui.base.css
ERR: 无法加载模块:Public

[ 2017-03-28T21:56:54+08:00 ] ::1 /wenda/Public/wenda/jquery.ui.theme.css
ERR: 无法加载模块:Public

[ 2017-03-28T21:59:07+08:00 ] ::1 /wenda/Public/wenda/jquery.ui.theme.css
ERR: 无法加载模块:Public

[ 2017-03-28T21:59:07+08:00 ] ::1 /wenda/Public/wenda/jquery.ui.base.css
ERR: 无法加载模块:Public

[ 2017-03-28T22:01:15+08:00 ] ::1 /wenda/Public/wenda/jquery.ui.base.css
ERR: 无法加载模块:Public

[ 2017-03-28T22:01:15+08:00 ] ::1 /wenda/Public/wenda/jquery.ui.theme.css
ERR: 无法加载模块:Public

[ 2017-03-28T22:04:57+08:00 ] ::1 /wenda/Public/wenda/jquery.ui.theme.css
ERR: 无法加载模块:Public

[ 2017-03-28T22:04:57+08:00 ] ::1 /wenda/Public/wenda/jquery.ui.base.css
ERR: 无法加载模块:Public

[ 2017-03-28T22:05:05+08:00 ] ::1 /wenda/Public/wenda/jquery.ui.theme.css
ERR: 无法加载模块:Public

[ 2017-03-28T22:05:05+08:00 ] ::1 /wenda/Public/wenda/jquery.ui.base.css
ERR: 无法加载模块:Public

[ 2017-03-28T22:05:05+08:00 ] ::1 /wenda/Public/wenda/jquery.ui.base.css
ERR: 无法加载模块:Public

[ 2017-03-28T22:05:05+08:00 ] ::1 /wenda/Public/wenda/jquery.ui.theme.css
ERR: 无法加载模块:Public

[ 2017-03-28T22:05:06+08:00 ] ::1 /wenda/Public/wenda/jquery.ui.base.css
ERR: 无法加载模块:Public

[ 2017-03-28T22:05:06+08:00 ] ::1 /wenda/Public/wenda/jquery.ui.theme.css
ERR: 无法加载模块:Public

[ 2017-03-28T22:05:22+08:00 ] ::1 /wenda/Public/wenda/jquery.ui.base.css
ERR: 无法加载模块:Public

[ 2017-03-28T22:05:22+08:00 ] ::1 /wenda/Public/wenda/jquery.ui.theme.css
ERR: 无法加载模块:Public

[ 2017-03-28T22:06:45+08:00 ] ::1 /wenda/Public/wenda/jquery.ui.base.css
ERR: 无法加载模块:Public

[ 2017-03-28T22:06:45+08:00 ] ::1 /wenda/Public/wenda/jquery.ui.theme.css
ERR: 无法加载模块:Public

[ 2017-03-28T22:06:52+08:00 ] ::1 /wenda/Public/wenda/jquery.ui.base.css
ERR: 无法加载模块:Public

[ 2017-03-28T22:06:52+08:00 ] ::1 /wenda/Public/wenda/jquery.ui.theme.css
ERR: 无法加载模块:Public

