[ 2017-03-29T10:43:09+08:00 ] ::1 /wenda/Public/images/txt_input_bg.gif
ERR: 无法加载模块:Public

[ 2017-03-29T18:47:08+08:00 ] 127.0.0.1 /wenda/Public/images/txt_input_bg.gif
ERR: 无法加载模块:Public

[ 2017-03-29T18:48:06+08:00 ] 127.0.0.1 /wenda/Public/images/txt_input_bg.gif
ERR: 无法加载模块:Public

[ 2017-03-29T18:56:11+08:00 ] 127.0.0.1 /wenda/Public/images/txt_input_bg.gif
ERR: 无法加载模块:Public

[ 2017-03-29T18:57:04+08:00 ] 127.0.0.1 /wenda/Public/images/txt_input_bg.gif
ERR: 无法加载模块:Public

[ 2017-03-29T19:00:30+08:00 ] 127.0.0.1 /wenda/Public/jquery-1.10.2.min.map
ERR: 无法加载模块:Public

[ 2017-03-29T19:00:30+08:00 ] 127.0.0.1 /wenda/Public/images/txt_input_bg.gif
ERR: 无法加载模块:Public

[ 2017-03-29T19:01:11+08:00 ] ::1 /wenda/Public/images/txt_input_bg.gif
ERR: 无法加载模块:Public

[ 2017-03-29T20:23:31+08:00 ] ::1 /wenda/Public/images/txt_input_bg.gif
ERR: 无法加载模块:Public

[ 2017-03-29T21:26:37+08:00 ] ::1 /wenda/Public/images/txt_input_bg.gif
ERR: 无法加载模块:Public

[ 2017-03-29T21:27:59+08:00 ] ::1 /wenda/Public/images/txt_input_bg.gif
ERR: 无法加载模块:Public

[ 2017-03-29T21:28:47+08:00 ] ::1 /wenda/Public/images/txt_input_bg.gif
ERR: 无法加载模块:Public

[ 2017-03-29T21:35:24+08:00 ] ::1 /wenda/Public/images/txt_input_bg.gif
ERR: 无法加载模块:Public

[ 2017-03-29T21:36:01+08:00 ] ::1 /wenda/Public/images/txt_input_bg.gif
ERR: 无法加载模块:Public

[ 2017-03-29T21:36:35+08:00 ] ::1 /wenda/Public/images/txt_input_bg.gif
ERR: 无法加载模块:Public

[ 2017-03-29T21:37:03+08:00 ] ::1 /wenda/Public/images/txt_input_bg.gif
ERR: 无法加载模块:Public

[ 2017-03-29T21:37:36+08:00 ] ::1 /wenda/Public/images/txt_input_bg.gif
ERR: 无法加载模块:Public

[ 2017-03-29T21:37:49+08:00 ] ::1 /wenda/Public/images/txt_input_bg.gif
ERR: 无法加载模块:Public

[ 2017-03-29T21:38:17+08:00 ] ::1 /wenda/Public/images/txt_input_bg.gif
ERR: 无法加载模块:Public

[ 2017-03-29T21:38:39+08:00 ] ::1 /wenda/Public/images/txt_input_bg.gif
ERR: 无法加载模块:Public

[ 2017-03-29T21:38:50+08:00 ] ::1 /wenda/Public/images/txt_input_bg.gif
ERR: 无法加载模块:Public

[ 2017-03-29T21:42:35+08:00 ] ::1 /wenda/Public/images/txt_input_bg.gif
ERR: 无法加载模块:Public

[ 2017-03-29T21:43:12+08:00 ] ::1 /wenda/Public/images/txt_input_bg.gif
ERR: 无法加载模块:Public

[ 2017-03-29T21:43:50+08:00 ] ::1 /wenda/Public/images/txt_input_bg.gif
ERR: 无法加载模块:Public

[ 2017-03-29T21:49:23+08:00 ] ::1 /wenda/Public/images/txt_input_bg.gif
ERR: 无法加载模块:Public

[ 2017-03-29T21:53:20+08:00 ] ::1 /wenda/Public/images/txt_input_bg.gif
ERR: 无法加载模块:Public

[ 2017-03-29T21:54:25+08:00 ] ::1 /wenda/Public/images/txt_input_bg.gif
ERR: 无法加载模块:Public

[ 2017-03-29T22:19:22+08:00 ] ::1 /wenda/%7Bu('verify')%7D
ERR: 无法加载模块:{u('verify')}

[ 2017-03-29T22:22:57+08:00 ] ::1 /wenda/%7Bu('verify')%7D
ERR: 无法加载模块:{u('verify')}

[ 2017-03-29T22:23:50+08:00 ] ::1 /wenda/%7BU('verify')%7D
ERR: 无法加载模块:{U('verify')}

[ 2017-03-29T22:23:51+08:00 ] ::1 /wenda/%7BU('verify')%7D
ERR: 无法加载模块:{U('verify')}

[ 2017-03-29T22:23:52+08:00 ] ::1 /wenda/%7BU('verify')%7D
ERR: 无法加载模块:{U('verify')}

[ 2017-03-29T22:23:52+08:00 ] ::1 /wenda/%7BU('verify')%7D
ERR: 无法加载模块:{U('verify')}

[ 2017-03-29T22:23:52+08:00 ] ::1 /wenda/%7BU('verify')%7D
ERR: 无法加载模块:{U('verify')}

[ 2017-03-29T22:23:53+08:00 ] ::1 /wenda/%7BU('verify')%7D
ERR: 无法加载模块:{U('verify')}

[ 2017-03-29T22:24:00+08:00 ] ::1 /wenda/%7BU('verify')%7D
ERR: 无法加载模块:{U('verify')}

[ 2017-03-29T22:24:01+08:00 ] ::1 /wenda/%7BU('verify')%7D
ERR: 无法加载模块:{U('verify')}

[ 2017-03-29T22:24:01+08:00 ] ::1 /wenda/%7BU('verify')%7D
ERR: 无法加载模块:{U('verify')}

[ 2017-03-29T22:24:01+08:00 ] ::1 /wenda/%7BU('verify')%7D
ERR: 无法加载模块:{U('verify')}

[ 2017-03-29T22:24:01+08:00 ] ::1 /wenda/%7BU('verify')%7D
ERR: 无法加载模块:{U('verify')}

[ 2017-03-29T22:25:48+08:00 ] ::1 /wenda/%7BU('verify')%7D
ERR: 无法加载模块:{U('verify')}

[ 2017-03-29T22:25:50+08:00 ] ::1 /wenda/%7BU('verify')%7D
ERR: 无法加载模块:{U('verify')}

[ 2017-03-29T22:26:05+08:00 ] ::1 /wenda/%7BU('Index/verify')%7D
ERR: 无法加载模块:{U('Index

[ 2017-03-29T22:35:05+08:00 ] ::1 /wenda/Public/images/txt_input_bg.gif
ERR: 无法加载模块:Public

[ 2017-03-29T22:36:04+08:00 ] ::1 /wenda/Public/images/txt_input_bg.gif
ERR: 无法加载模块:Public

[ 2017-03-29T22:48:44+08:00 ] ::1 /wenda/Public/images/txt_input_bg.gif
ERR: 无法加载模块:Public

[ 2017-03-29T22:49:26+08:00 ] ::1 /wenda/Public/images/txt_input_bg.gif
ERR: 无法加载模块:Public

[ 2017-03-29T22:49:57+08:00 ] ::1 /wenda/Public/images/txt_input_bg.gif
ERR: 无法加载模块:Public

[ 2017-03-29T22:50:12+08:00 ] ::1 /wenda/Public/images/txt_input_bg.gif
ERR: 无法加载模块:Public

[ 2017-03-29T22:50:28+08:00 ] ::1 /wenda/Public/images/txt_input_bg.gif
ERR: 无法加载模块:Public

[ 2017-03-29T22:50:43+08:00 ] ::1 /wenda/Public/images/txt_input_bg.gif
ERR: 无法加载模块:Public

[ 2017-03-29T22:57:56+08:00 ] ::1 /wenda/Public/images/txt_input_bg.gif
ERR: 无法加载模块:Public

[ 2017-03-29T22:57:59+08:00 ] ::1 /wenda/Public/images/txt_input_bg.gif
ERR: 无法加载模块:Public

[ 2017-03-29T22:58:00+08:00 ] ::1 /wenda/Public/images/txt_input_bg.gif
ERR: 无法加载模块:Public

[ 2017-03-29T22:58:01+08:00 ] ::1 /wenda/Public/images/txt_input_bg.gif
ERR: 无法加载模块:Public

[ 2017-03-29T22:58:02+08:00 ] ::1 /wenda/Public/images/txt_input_bg.gif
ERR: 无法加载模块:Public

[ 2017-03-29T22:58:07+08:00 ] ::1 /wenda/Public/images/txt_input_bg.gif
ERR: 无法加载模块:Public

[ 2017-03-29T22:58:08+08:00 ] ::1 /wenda/Public/images/txt_input_bg.gif
ERR: 无法加载模块:Public

[ 2017-03-29T22:58:08+08:00 ] ::1 /wenda/Public/images/txt_input_bg.gif
ERR: 无法加载模块:Public

[ 2017-03-29T22:58:11+08:00 ] ::1 /wenda/Public/images/txt_input_bg.gif
ERR: 无法加载模块:Public

[ 2017-03-29T23:07:47+08:00 ] ::1 /wenda/Public/images/txt_input_bg.gif
ERR: 无法加载模块:Public

