[ 2017-05-06T15:33:27+08:00 ] 127.0.0.1 /wenda/api.php/Users/login
INFO: [ app_init ] --START--
INFO: Run Behavior\BuildLiteBehavior [ RunTime:0.000000s ]
INFO: [ app_init ] --END-- [ RunTime:0.002000s ]
INFO: [ app_begin ] --START--
INFO: Run Behavior\ReadHtmlCacheBehavior [ RunTime:0.002001s ]
INFO: [ app_begin ] --END-- [ RunTime:0.002001s ]
SQL: SHOW COLUMNS FROM `wenda_users` [ RunTime:0.0030s ]
SQL: SELECT * FROM `wenda_users` WHERE `username` = '小小' AND `pwd` = 'e10adc3949ba59abbe56e057f20f883e' LIMIT 1   [ RunTime:0.0010s ]

[ 2017-05-06T15:33:48+08:00 ] 127.0.0.1 /wenda/api.php/Question/qlist
INFO: [ app_init ] --START--
INFO: Run Behavior\BuildLiteBehavior [ RunTime:0.000000s ]
INFO: [ app_init ] --END-- [ RunTime:0.001000s ]
INFO: [ app_begin ] --START--
INFO: Run Behavior\ReadHtmlCacheBehavior [ RunTime:0.001000s ]
INFO: [ app_begin ] --END-- [ RunTime:0.002001s ]
SQL: SHOW COLUMNS FROM `wenda_question` [ RunTime:0.0040s ]
SQL: SELECT * FROM `wenda_question` ORDER BY qid desc LIMIT 0,8   [ RunTime:0.0010s ]
INFO: [ app_end ] --START--
INFO: Run Behavior\ShowPageTraceBehavior [ RunTime:0.001000s ]
INFO: [ app_end ] --END-- [ RunTime:0.001000s ]

[ 2017-05-06T15:40:22+08:00 ] ::1 /wenda/api.php/Personal/test
INFO: [ app_init ] --START--
INFO: Run Behavior\BuildLiteBehavior [ RunTime:0.000000s ]
INFO: [ app_init ] --END-- [ RunTime:0.001000s ]
INFO: [ app_begin ] --START--
INFO: Run Behavior\ReadHtmlCacheBehavior [ RunTime:0.001000s ]
INFO: [ app_begin ] --END-- [ RunTime:0.001000s ]
ERR: 非法操作:test

[ 2017-05-06T15:40:33+08:00 ] ::1 /wenda/api.php/Personal/
INFO: [ app_init ] --START--
INFO: Run Behavior\BuildLiteBehavior [ RunTime:0.000000s ]
INFO: [ app_init ] --END-- [ RunTime:0.001000s ]
INFO: [ app_begin ] --START--
INFO: Run Behavior\ReadHtmlCacheBehavior [ RunTime:0.001000s ]
INFO: [ app_begin ] --END-- [ RunTime:0.001000s ]
ERR: 非法操作:index

[ 2017-05-06T15:41:12+08:00 ] ::1 /wenda/api.php/Question
INFO: [ app_init ] --START--
INFO: Run Behavior\BuildLiteBehavior [ RunTime:0.000000s ]
INFO: [ app_init ] --END-- [ RunTime:0.001000s ]
INFO: [ app_begin ] --START--
INFO: Run Behavior\ReadHtmlCacheBehavior [ RunTime:0.002000s ]
INFO: [ app_begin ] --END-- [ RunTime:0.002000s ]
ERR: 非法操作:index

[ 2017-05-06T15:41:18+08:00 ] ::1 /wenda/api.php/Question/qlist
INFO: [ app_init ] --START--
INFO: Run Behavior\BuildLiteBehavior [ RunTime:0.000000s ]
INFO: [ app_init ] --END-- [ RunTime:0.001000s ]
INFO: [ app_begin ] --START--
INFO: Run Behavior\ReadHtmlCacheBehavior [ RunTime:0.001001s ]
INFO: [ app_begin ] --END-- [ RunTime:0.001001s ]
SQL: SHOW COLUMNS FROM `wenda_question` [ RunTime:0.0030s ]
SQL: SELECT * FROM `wenda_question` ORDER BY qid desc LIMIT 0,8   [ RunTime:0.0010s ]
INFO: [ app_end ] --START--
INFO: Run Behavior\ShowPageTraceBehavior [ RunTime:0.002001s ]
INFO: [ app_end ] --END-- [ RunTime:0.002001s ]

[ 2017-05-06T15:41:41+08:00 ] ::1 /wenda/api.php/Question/qdetail
INFO: [ app_init ] --START--
INFO: Run Behavior\BuildLiteBehavior [ RunTime:0.000000s ]
INFO: [ app_init ] --END-- [ RunTime:0.001000s ]
INFO: [ app_begin ] --START--
INFO: Run Behavior\ReadHtmlCacheBehavior [ RunTime:0.001000s ]
INFO: [ app_begin ] --END-- [ RunTime:0.001000s ]
SQL: SHOW COLUMNS FROM `wenda_question` [ RunTime:0.0010s ]
SQL: SELECT * FROM `wenda_question` WHERE ( qid = 1 )  [ RunTime:0.0010s ]
INFO: [ app_end ] --START--
INFO: Run Behavior\ShowPageTraceBehavior [ RunTime:0.001000s ]
INFO: [ app_end ] --END-- [ RunTime:0.002000s ]

[ 2017-05-06T15:42:04+08:00 ] ::1 /wenda/api.php/Question/qdetail
INFO: [ app_init ] --START--
INFO: Run Behavior\BuildLiteBehavior [ RunTime:0.000000s ]
INFO: [ app_init ] --END-- [ RunTime:0.001000s ]
INFO: [ app_begin ] --START--
INFO: Run Behavior\ReadHtmlCacheBehavior [ RunTime:0.001000s ]
INFO: [ app_begin ] --END-- [ RunTime:0.001000s ]
SQL: SHOW COLUMNS FROM `wenda_question` [ RunTime:0.0020s ]
SQL: SELECT * FROM `wenda_question` WHERE ( qid = 1 )  [ RunTime:0.0010s ]
INFO: [ app_end ] --START--
INFO: Run Behavior\ShowPageTraceBehavior [ RunTime:0.001000s ]
INFO: [ app_end ] --END-- [ RunTime:0.001000s ]

[ 2017-05-06T15:42:31+08:00 ] ::1 /wenda/api.php/Question/qdetail
INFO: [ app_init ] --START--
INFO: Run Behavior\BuildLiteBehavior [ RunTime:0.000000s ]
INFO: [ app_init ] --END-- [ RunTime:0.001000s ]
INFO: [ app_begin ] --START--
INFO: Run Behavior\ReadHtmlCacheBehavior [ RunTime:0.001000s ]
INFO: [ app_begin ] --END-- [ RunTime:0.001000s ]
SQL: SHOW COLUMNS FROM `wenda_question` [ RunTime:0.0020s ]
SQL: SELECT * FROM `wenda_question` WHERE ( qid = 1 ) LIMIT 1   [ RunTime:0.0000s ]
INFO: [ app_end ] --START--
INFO: Run Behavior\ShowPageTraceBehavior [ RunTime:0.001000s ]
INFO: [ app_end ] --END-- [ RunTime:0.002000s ]

[ 2017-05-06T15:46:07+08:00 ] ::1 /wenda/api.php/Question/qdetail
INFO: [ app_init ] --START--
INFO: Run Behavior\BuildLiteBehavior [ RunTime:0.000000s ]
INFO: [ app_init ] --END-- [ RunTime:0.001000s ]
INFO: [ app_begin ] --START--
INFO: Run Behavior\ReadHtmlCacheBehavior [ RunTime:0.001000s ]
INFO: [ app_begin ] --END-- [ RunTime:0.001000s ]
SQL: SHOW COLUMNS FROM `wenda_question` [ RunTime:0.0020s ]
SQL: SELECT * FROM `wenda_question` WHERE ( qid = 1 ) LIMIT 1   [ RunTime:0.0010s ]
SQL: SHOW COLUMNS FROM `wenda_qadditional` [ RunTime:0.0020s ]
ERR: 1054:Unknown column 'qid' in 'where clause'
 [ SQL语句 ] : SELECT * FROM `wenda_qadditional` WHERE ( qid = 1 ) 
ERR: 1054:Unknown column 'qid' in 'where clause'
 [ SQL语句 ] : SELECT * FROM `wenda_qadditional` WHERE ( qid = 1 ) 

[ 2017-05-06T15:46:36+08:00 ] ::1 /wenda/api.php/Question/qdetail
INFO: [ app_init ] --START--
INFO: Run Behavior\BuildLiteBehavior [ RunTime:0.000000s ]
INFO: [ app_init ] --END-- [ RunTime:0.001000s ]
INFO: [ app_begin ] --START--
INFO: Run Behavior\ReadHtmlCacheBehavior [ RunTime:0.001000s ]
INFO: [ app_begin ] --END-- [ RunTime:0.001000s ]
SQL: SHOW COLUMNS FROM `wenda_question` [ RunTime:0.0010s ]
SQL: SELECT * FROM `wenda_question` WHERE ( qid = 1 ) LIMIT 1   [ RunTime:0.0000s ]
SQL: SHOW COLUMNS FROM `wenda_qadditional` [ RunTime:0.0010s ]
SQL: SELECT * FROM `wenda_qadditional` WHERE ( qid = 1 )  [ RunTime:0.0010s ]
INFO: [ app_end ] --START--
INFO: Run Behavior\ShowPageTraceBehavior [ RunTime:0.001000s ]
INFO: [ app_end ] --END-- [ RunTime:0.001000s ]

[ 2017-05-06T15:48:57+08:00 ] ::1 /wenda/api.php/Question/qdetail
INFO: [ app_init ] --START--
INFO: Run Behavior\BuildLiteBehavior [ RunTime:0.000000s ]
INFO: [ app_init ] --END-- [ RunTime:0.001000s ]
INFO: [ app_begin ] --START--
INFO: Run Behavior\ReadHtmlCacheBehavior [ RunTime:0.002000s ]
INFO: [ app_begin ] --END-- [ RunTime:0.002000s ]
SQL: SHOW COLUMNS FROM `wenda_question` [ RunTime:0.0010s ]
SQL: SELECT * FROM `wenda_question` WHERE ( qid = 1 ) LIMIT 1   [ RunTime:0.0000s ]
SQL: SHOW COLUMNS FROM `wenda_qadditional` [ RunTime:0.0020s ]
SQL: SELECT * FROM `wenda_qadditional` WHERE ( qid = 1 )  [ RunTime:0.0000s ]
INFO: [ app_end ] --START--
INFO: Run Behavior\ShowPageTraceBehavior [ RunTime:0.001000s ]
INFO: [ app_end ] --END-- [ RunTime:0.002000s ]

[ 2017-05-06T15:49:45+08:00 ] ::1 /wenda/api.php/Question/qdetail
INFO: [ app_init ] --START--
INFO: Run Behavior\BuildLiteBehavior [ RunTime:0.000000s ]
INFO: [ app_init ] --END-- [ RunTime:0.000000s ]
INFO: [ app_begin ] --START--
INFO: Run Behavior\ReadHtmlCacheBehavior [ RunTime:0.001000s ]
INFO: [ app_begin ] --END-- [ RunTime:0.001000s ]
SQL: SHOW COLUMNS FROM `wenda_question` [ RunTime:0.0010s ]
SQL: SELECT * FROM `wenda_question` WHERE ( qid = 1 ) LIMIT 1   [ RunTime:0.0010s ]
SQL: SHOW COLUMNS FROM `wenda_qadditional` [ RunTime:0.0020s ]
SQL: SELECT * FROM `wenda_qadditional` WHERE ( qid = 1 )  [ RunTime:0.0010s ]
INFO: [ app_end ] --START--
INFO: Run Behavior\ShowPageTraceBehavior [ RunTime:0.002001s ]
INFO: [ app_end ] --END-- [ RunTime:0.002001s ]

[ 2017-05-06T15:51:22+08:00 ] ::1 /wenda/api.php/Question/qdetail
INFO: [ app_init ] --START--
INFO: Run Behavior\BuildLiteBehavior [ RunTime:0.000000s ]
INFO: [ app_init ] --END-- [ RunTime:0.001000s ]
INFO: [ app_begin ] --START--
INFO: Run Behavior\ReadHtmlCacheBehavior [ RunTime:0.001000s ]
INFO: [ app_begin ] --END-- [ RunTime:0.001000s ]
SQL: SHOW COLUMNS FROM `wenda_question` [ RunTime:0.0020s ]
SQL: SELECT * FROM `wenda_question` WHERE ( qid = 1 ) LIMIT 1   [ RunTime:0.0000s ]
SQL: SHOW COLUMNS FROM `wenda_qadditional` [ RunTime:0.0010s ]
SQL: SELECT * FROM `wenda_qadditional` WHERE ( qid = 1 )  [ RunTime:0.0000s ]
NOTIC: [8] Array to string conversion D:\wamp64\www\wenda\Application\API\Controller\QuestionController.class.php 第 34 行.
INFO: [ app_end ] --START--
INFO: Run Behavior\ShowPageTraceBehavior [ RunTime:0.001000s ]
INFO: [ app_end ] --END-- [ RunTime:0.001000s ]

[ 2017-05-06T15:51:43+08:00 ] ::1 /wenda/api.php/Question/qdetail
INFO: [ app_init ] --START--
INFO: Run Behavior\BuildLiteBehavior [ RunTime:0.000000s ]
INFO: [ app_init ] --END-- [ RunTime:0.001000s ]
INFO: [ app_begin ] --START--
INFO: Run Behavior\ReadHtmlCacheBehavior [ RunTime:0.002000s ]
INFO: [ app_begin ] --END-- [ RunTime:0.002000s ]
SQL: SHOW COLUMNS FROM `wenda_question` [ RunTime:0.0010s ]
SQL: SELECT * FROM `wenda_question` WHERE ( qid = 1 ) LIMIT 1   [ RunTime:0.0000s ]
SQL: SHOW COLUMNS FROM `wenda_qadditional` [ RunTime:0.0010s ]
SQL: SELECT * FROM `wenda_qadditional` WHERE ( qid = 1 )  [ RunTime:0.0000s ]
INFO: [ app_end ] --START--
INFO: Run Behavior\ShowPageTraceBehavior [ RunTime:0.001000s ]
INFO: [ app_end ] --END-- [ RunTime:0.003000s ]

[ 2017-05-06T15:51:44+08:00 ] ::1 /wenda/api.php/Question/qdetail
INFO: [ app_init ] --START--
INFO: Run Behavior\BuildLiteBehavior [ RunTime:0.000000s ]
INFO: [ app_init ] --END-- [ RunTime:0.000000s ]
INFO: [ app_begin ] --START--
INFO: Run Behavior\ReadHtmlCacheBehavior [ RunTime:0.002000s ]
INFO: [ app_begin ] --END-- [ RunTime:0.002000s ]
SQL: SHOW COLUMNS FROM `wenda_question` [ RunTime:0.0040s ]
SQL: SELECT * FROM `wenda_question` WHERE ( qid = 1 ) LIMIT 1   [ RunTime:0.0000s ]
SQL: SHOW COLUMNS FROM `wenda_qadditional` [ RunTime:0.0020s ]
SQL: SELECT * FROM `wenda_qadditional` WHERE ( qid = 1 )  [ RunTime:0.0000s ]
INFO: [ app_end ] --START--
INFO: Run Behavior\ShowPageTraceBehavior [ RunTime:0.000000s ]
INFO: [ app_end ] --END-- [ RunTime:0.002001s ]

[ 2017-05-06T15:52:22+08:00 ] ::1 /wenda/api.php/Question/qdetail
INFO: [ app_init ] --START--
INFO: Run Behavior\BuildLiteBehavior [ RunTime:0.000000s ]
INFO: [ app_init ] --END-- [ RunTime:0.001000s ]
INFO: [ app_begin ] --START--
INFO: Run Behavior\ReadHtmlCacheBehavior [ RunTime:0.001000s ]
INFO: [ app_begin ] --END-- [ RunTime:0.002000s ]
SQL: SHOW COLUMNS FROM `wenda_question` [ RunTime:0.0020s ]
SQL: SELECT * FROM `wenda_question` WHERE ( qid = 1 ) LIMIT 1   [ RunTime:0.0000s ]
SQL: SHOW COLUMNS FROM `wenda_qadditional` [ RunTime:0.0010s ]
SQL: SELECT * FROM `wenda_qadditional` WHERE ( qid = 1 )  [ RunTime:0.0000s ]
INFO: [ app_end ] --START--
INFO: Run Behavior\ShowPageTraceBehavior [ RunTime:0.001000s ]
INFO: [ app_end ] --END-- [ RunTime:0.003000s ]

[ 2017-05-06T15:53:50+08:00 ] ::1 /wenda/api.php/Question/qdetail
INFO: [ app_init ] --START--
INFO: Run Behavior\BuildLiteBehavior [ RunTime:0.000000s ]
INFO: [ app_init ] --END-- [ RunTime:0.001000s ]
INFO: [ app_begin ] --START--
INFO: Run Behavior\ReadHtmlCacheBehavior [ RunTime:0.001000s ]
INFO: [ app_begin ] --END-- [ RunTime:0.001000s ]
SQL: SHOW COLUMNS FROM `wenda_question` [ RunTime:0.0020s ]
SQL: SELECT * FROM `wenda_question` WHERE ( qid = 1 ) LIMIT 1   [ RunTime:0.0000s ]
SQL: SHOW COLUMNS FROM `wenda_qadditional` [ RunTime:0.0020s ]
SQL: SELECT * FROM `wenda_qadditional` WHERE ( qid = 1 )  [ RunTime:0.0010s ]
NOTIC: [8] Array to string conversion D:\wamp64\www\wenda\Application\API\Controller\QuestionController.class.php 第 33 行.
INFO: [ app_end ] --START--
INFO: Run Behavior\ShowPageTraceBehavior [ RunTime:0.001000s ]
INFO: [ app_end ] --END-- [ RunTime:0.001000s ]

[ 2017-05-06T15:53:50+08:00 ] ::1 /wenda/api.php/Question/qdetail
INFO: [ app_init ] --START--
INFO: Run Behavior\BuildLiteBehavior [ RunTime:0.000000s ]
INFO: [ app_init ] --END-- [ RunTime:0.001000s ]
INFO: [ app_begin ] --START--
INFO: Run Behavior\ReadHtmlCacheBehavior [ RunTime:0.002000s ]
INFO: [ app_begin ] --END-- [ RunTime:0.002000s ]
SQL: SHOW COLUMNS FROM `wenda_question` [ RunTime:0.0020s ]
SQL: SELECT * FROM `wenda_question` WHERE ( qid = 1 ) LIMIT 1   [ RunTime:0.0010s ]
SQL: SHOW COLUMNS FROM `wenda_qadditional` [ RunTime:0.0010s ]
SQL: SELECT * FROM `wenda_qadditional` WHERE ( qid = 1 )  [ RunTime:0.0010s ]
NOTIC: [8] Array to string conversion D:\wamp64\www\wenda\Application\API\Controller\QuestionController.class.php 第 33 行.
INFO: [ app_end ] --START--
INFO: Run Behavior\ShowPageTraceBehavior [ RunTime:0.001000s ]
INFO: [ app_end ] --END-- [ RunTime:0.002000s ]

[ 2017-05-06T15:53:50+08:00 ] ::1 /wenda/api.php/Question/qdetail
INFO: [ app_init ] --START--
INFO: Run Behavior\BuildLiteBehavior [ RunTime:0.000000s ]
INFO: [ app_init ] --END-- [ RunTime:0.001000s ]
INFO: [ app_begin ] --START--
INFO: Run Behavior\ReadHtmlCacheBehavior [ RunTime:0.001000s ]
INFO: [ app_begin ] --END-- [ RunTime:0.001000s ]
SQL: SHOW COLUMNS FROM `wenda_question` [ RunTime:0.0010s ]
SQL: SELECT * FROM `wenda_question` WHERE ( qid = 1 ) LIMIT 1   [ RunTime:0.0000s ]
SQL: SHOW COLUMNS FROM `wenda_qadditional` [ RunTime:0.0010s ]
SQL: SELECT * FROM `wenda_qadditional` WHERE ( qid = 1 )  [ RunTime:0.0000s ]
NOTIC: [8] Array to string conversion D:\wamp64\www\wenda\Application\API\Controller\QuestionController.class.php 第 33 行.
INFO: [ app_end ] --START--
INFO: Run Behavior\ShowPageTraceBehavior [ RunTime:0.001000s ]
INFO: [ app_end ] --END-- [ RunTime:0.001000s ]

[ 2017-05-06T15:53:50+08:00 ] ::1 /wenda/api.php/Question/qdetail
INFO: [ app_init ] --START--
INFO: Run Behavior\BuildLiteBehavior [ RunTime:0.000000s ]
INFO: [ app_init ] --END-- [ RunTime:0.001000s ]
INFO: [ app_begin ] --START--
INFO: Run Behavior\ReadHtmlCacheBehavior [ RunTime:0.002000s ]
INFO: [ app_begin ] --END-- [ RunTime:0.002000s ]
SQL: SHOW COLUMNS FROM `wenda_question` [ RunTime:0.0020s ]
SQL: SELECT * FROM `wenda_question` WHERE ( qid = 1 ) LIMIT 1   [ RunTime:0.0010s ]
SQL: SHOW COLUMNS FROM `wenda_qadditional` [ RunTime:0.0010s ]
SQL: SELECT * FROM `wenda_qadditional` WHERE ( qid = 1 )  [ RunTime:0.0010s ]
NOTIC: [8] Array to string conversion D:\wamp64\www\wenda\Application\API\Controller\QuestionController.class.php 第 33 行.
INFO: [ app_end ] --START--
INFO: Run Behavior\ShowPageTraceBehavior [ RunTime:0.001000s ]
INFO: [ app_end ] --END-- [ RunTime:0.002000s ]

[ 2017-05-06T15:53:51+08:00 ] ::1 /wenda/api.php/Question/qdetail
INFO: [ app_init ] --START--
INFO: Run Behavior\BuildLiteBehavior [ RunTime:0.000000s ]
INFO: [ app_init ] --END-- [ RunTime:0.001000s ]
INFO: [ app_begin ] --START--
INFO: Run Behavior\ReadHtmlCacheBehavior [ RunTime:0.002000s ]
INFO: [ app_begin ] --END-- [ RunTime:0.003001s ]
SQL: SHOW COLUMNS FROM `wenda_question` [ RunTime:0.0010s ]
SQL: SELECT * FROM `wenda_question` WHERE ( qid = 1 ) LIMIT 1   [ RunTime:0.0010s ]
SQL: SHOW COLUMNS FROM `wenda_qadditional` [ RunTime:0.0010s ]
SQL: SELECT * FROM `wenda_qadditional` WHERE ( qid = 1 )  [ RunTime:0.0010s ]
NOTIC: [8] Array to string conversion D:\wamp64\www\wenda\Application\API\Controller\QuestionController.class.php 第 33 行.
INFO: [ app_end ] --START--
INFO: Run Behavior\ShowPageTraceBehavior [ RunTime:0.001000s ]
INFO: [ app_end ] --END-- [ RunTime:0.001000s ]

[ 2017-05-06T15:53:51+08:00 ] ::1 /wenda/api.php/Question/qdetail
INFO: [ app_init ] --START--
INFO: Run Behavior\BuildLiteBehavior [ RunTime:0.000000s ]
INFO: [ app_init ] --END-- [ RunTime:0.001000s ]
INFO: [ app_begin ] --START--
INFO: Run Behavior\ReadHtmlCacheBehavior [ RunTime:0.002000s ]
INFO: [ app_begin ] --END-- [ RunTime:0.002000s ]
SQL: SHOW COLUMNS FROM `wenda_question` [ RunTime:0.0010s ]
SQL: SELECT * FROM `wenda_question` WHERE ( qid = 1 ) LIMIT 1   [ RunTime:0.0000s ]
SQL: SHOW COLUMNS FROM `wenda_qadditional` [ RunTime:0.0010s ]
SQL: SELECT * FROM `wenda_qadditional` WHERE ( qid = 1 )  [ RunTime:0.0000s ]
NOTIC: [8] Array to string conversion D:\wamp64\www\wenda\Application\API\Controller\QuestionController.class.php 第 33 行.
INFO: [ app_end ] --START--
INFO: Run Behavior\ShowPageTraceBehavior [ RunTime:0.002000s ]
INFO: [ app_end ] --END-- [ RunTime:0.002000s ]

[ 2017-05-06T15:54:06+08:00 ] ::1 /wenda/api.php/Question/qdetail
INFO: [ app_init ] --START--
INFO: Run Behavior\BuildLiteBehavior [ RunTime:0.000000s ]
INFO: [ app_init ] --END-- [ RunTime:0.001000s ]
INFO: [ app_begin ] --START--
INFO: Run Behavior\ReadHtmlCacheBehavior [ RunTime:0.002001s ]
INFO: [ app_begin ] --END-- [ RunTime:0.002001s ]
SQL: SHOW COLUMNS FROM `wenda_question` [ RunTime:0.0020s ]
SQL: SELECT * FROM `wenda_question` WHERE ( qid = 1 ) LIMIT 1   [ RunTime:0.0010s ]
SQL: SHOW COLUMNS FROM `wenda_qadditional` [ RunTime:0.0020s ]
SQL: SELECT * FROM `wenda_qadditional` WHERE ( qid = 1 )  [ RunTime:0.0000s ]
NOTIC: [8] Array to string conversion D:\wamp64\www\wenda\Application\API\Controller\QuestionController.class.php 第 33 行.
INFO: [ app_end ] --START--
INFO: Run Behavior\ShowPageTraceBehavior [ RunTime:0.001000s ]
INFO: [ app_end ] --END-- [ RunTime:0.001000s ]

[ 2017-05-06T15:55:10+08:00 ] ::1 /wenda/api.php/Question/qdetail
INFO: [ app_init ] --START--
INFO: Run Behavior\BuildLiteBehavior [ RunTime:0.000000s ]
INFO: [ app_init ] --END-- [ RunTime:0.002000s ]
INFO: [ app_begin ] --START--
INFO: Run Behavior\ReadHtmlCacheBehavior [ RunTime:0.001000s ]
INFO: [ app_begin ] --END-- [ RunTime:0.002000s ]
SQL: SHOW COLUMNS FROM `wenda_question` [ RunTime:0.0010s ]
SQL: SELECT * FROM `wenda_question` WHERE ( qid = 1 ) LIMIT 1   [ RunTime:0.0000s ]
SQL: SHOW COLUMNS FROM `wenda_qadditional` [ RunTime:0.0030s ]
SQL: SELECT * FROM `wenda_qadditional` WHERE ( qid = 1 )  [ RunTime:0.0010s ]
INFO: [ app_end ] --START--
INFO: Run Behavior\ShowPageTraceBehavior [ RunTime:0.001000s ]
INFO: [ app_end ] --END-- [ RunTime:0.002000s ]

[ 2017-05-06T15:56:04+08:00 ] ::1 /wenda/api.php/Question/qdetail
INFO: [ app_init ] --START--
INFO: Run Behavior\BuildLiteBehavior [ RunTime:0.000000s ]
INFO: [ app_init ] --END-- [ RunTime:0.002000s ]
INFO: [ app_begin ] --START--
INFO: Run Behavior\ReadHtmlCacheBehavior [ RunTime:0.001000s ]
INFO: [ app_begin ] --END-- [ RunTime:0.001000s ]
SQL: SHOW COLUMNS FROM `wenda_question` [ RunTime:0.0010s ]
SQL: SELECT * FROM `wenda_question` WHERE ( qid = 1 ) LIMIT 1   [ RunTime:0.0000s ]
SQL: SHOW COLUMNS FROM `wenda_qadditional` [ RunTime:0.0020s ]
SQL: SELECT * FROM `wenda_qadditional` WHERE ( qid = 1 )  [ RunTime:0.0000s ]
INFO: [ app_end ] --START--
INFO: Run Behavior\ShowPageTraceBehavior [ RunTime:0.002000s ]
INFO: [ app_end ] --END-- [ RunTime:0.002000s ]

[ 2017-05-06T15:57:06+08:00 ] ::1 /wenda/api.php/Question/qdetail
INFO: [ app_init ] --START--
INFO: Run Behavior\BuildLiteBehavior [ RunTime:0.000000s ]
INFO: [ app_init ] --END-- [ RunTime:0.001000s ]
INFO: [ app_begin ] --START--
INFO: Run Behavior\ReadHtmlCacheBehavior [ RunTime:0.002000s ]
INFO: [ app_begin ] --END-- [ RunTime:0.002000s ]
SQL: SHOW COLUMNS FROM `wenda_question` [ RunTime:0.0010s ]
SQL: SELECT * FROM `wenda_question` WHERE ( qid = 1 ) LIMIT 1   [ RunTime:0.0000s ]
SQL: SHOW COLUMNS FROM `wenda_qadditional` [ RunTime:0.0000s ]
SQL: SELECT * FROM `wenda_qadditional` WHERE ( qid = 1 )  [ RunTime:0.0010s ]
INFO: [ app_end ] --START--
INFO: Run Behavior\ShowPageTraceBehavior [ RunTime:0.002000s ]
INFO: [ app_end ] --END-- [ RunTime:0.002000s ]

[ 2017-05-06T15:57:32+08:00 ] ::1 /wenda/api.php/Question/qdetail
INFO: [ app_init ] --START--
INFO: Run Behavior\BuildLiteBehavior [ RunTime:0.000000s ]
INFO: [ app_init ] --END-- [ RunTime:0.001000s ]
INFO: [ app_begin ] --START--
INFO: Run Behavior\ReadHtmlCacheBehavior [ RunTime:0.001000s ]
INFO: [ app_begin ] --END-- [ RunTime:0.002000s ]
SQL: SHOW COLUMNS FROM `wenda_question` [ RunTime:0.0010s ]
SQL: SELECT * FROM `wenda_question` WHERE ( qid = 1 ) LIMIT 1   [ RunTime:0.0010s ]
SQL: SHOW COLUMNS FROM `wenda_qadditional` [ RunTime:0.0010s ]
SQL: SELECT * FROM `wenda_qadditional` WHERE ( qid = 1 )  [ RunTime:0.0010s ]
INFO: [ app_end ] --START--
INFO: Run Behavior\ShowPageTraceBehavior [ RunTime:0.001000s ]
INFO: [ app_end ] --END-- [ RunTime:0.001000s ]

[ 2017-05-06T16:03:28+08:00 ] ::1 /wenda/api.php/Question/qdetail
INFO: [ app_init ] --START--
INFO: Run Behavior\BuildLiteBehavior [ RunTime:0.001000s ]
INFO: [ app_init ] --END-- [ RunTime:0.001000s ]
INFO: [ app_begin ] --START--
INFO: Run Behavior\ReadHtmlCacheBehavior [ RunTime:0.001000s ]
INFO: [ app_begin ] --END-- [ RunTime:0.002000s ]
SQL: SHOW COLUMNS FROM `wenda_question` [ RunTime:0.0010s ]
ERR: Think\Model:relation方法不存在！

[ 2017-05-06T16:03:37+08:00 ] ::1 /wenda/api.php/Question/qdetail
INFO: [ app_init ] --START--
INFO: Run Behavior\BuildLiteBehavior [ RunTime:0.000000s ]
INFO: [ app_init ] --END-- [ RunTime:0.001000s ]
INFO: [ app_begin ] --START--
INFO: Run Behavior\ReadHtmlCacheBehavior [ RunTime:0.001000s ]
INFO: [ app_begin ] --END-- [ RunTime:0.001000s ]
SQL: SHOW COLUMNS FROM `wenda_question` [ RunTime:0.0010s ]
SQL: SELECT * FROM `wenda_question` WHERE ( qid = 1 ) LIMIT 1   [ RunTime:0.0000s ]
SQL: SHOW COLUMNS FROM `wenda_qadditional` [ RunTime:0.0010s ]
SQL: SELECT * FROM `wenda_qadditional` WHERE ( 1=1 AND aid='1' ) LIMIT 1   [ RunTime:0.0010s ]
INFO: [ app_end ] --START--
INFO: Run Behavior\ShowPageTraceBehavior [ RunTime:0.002000s ]
INFO: [ app_end ] --END-- [ RunTime:0.002000s ]

[ 2017-05-06T16:03:58+08:00 ] ::1 /wenda/api.php/Question/qdetail
INFO: [ app_init ] --START--
INFO: Run Behavior\BuildLiteBehavior [ RunTime:0.000000s ]
INFO: [ app_init ] --END-- [ RunTime:0.002001s ]
INFO: [ app_begin ] --START--
INFO: Run Behavior\ReadHtmlCacheBehavior [ RunTime:0.001000s ]
INFO: [ app_begin ] --END-- [ RunTime:0.001000s ]
SQL: SHOW COLUMNS FROM `wenda_question` [ RunTime:0.0010s ]
SQL: SELECT * FROM `wenda_question` WHERE ( qid = 1 ) LIMIT 1   [ RunTime:0.0010s ]
SQL: SHOW COLUMNS FROM `wenda_qadditional` [ RunTime:0.0010s ]
SQL: SELECT * FROM `wenda_qadditional` WHERE ( 1=1 AND aid='1' ) LIMIT 1   [ RunTime:0.0010s ]
INFO: [ app_end ] --START--
INFO: Run Behavior\ShowPageTraceBehavior [ RunTime:0.001000s ]
INFO: [ app_end ] --END-- [ RunTime:0.001000s ]

[ 2017-05-06T16:06:39+08:00 ] ::1 /wenda/api.php/Question/qdetail
INFO: [ app_init ] --START--
INFO: Run Behavior\BuildLiteBehavior [ RunTime:0.000000s ]
INFO: [ app_init ] --END-- [ RunTime:0.001000s ]
INFO: [ app_begin ] --START--
INFO: Run Behavior\ReadHtmlCacheBehavior [ RunTime:0.001000s ]
INFO: [ app_begin ] --END-- [ RunTime:0.001000s ]
SQL: SHOW COLUMNS FROM `wenda_question` [ RunTime:0.0010s ]
SQL: SELECT * FROM `wenda_question` WHERE ( qid = 1 ) LIMIT 1   [ RunTime:0.0010s ]
SQL: SHOW COLUMNS FROM `wenda_qadditional` [ RunTime:0.0010s ]
SQL: SELECT * FROM `wenda_qadditional` WHERE ( 1=1 AND qid='1' )  [ RunTime:0.0010s ]
INFO: [ app_end ] --START--
INFO: Run Behavior\ShowPageTraceBehavior [ RunTime:0.002001s ]
INFO: [ app_end ] --END-- [ RunTime:0.002001s ]

[ 2017-05-06T16:07:20+08:00 ] ::1 /wenda/api.php/Question/qdetail
INFO: [ app_init ] --START--
INFO: Run Behavior\BuildLiteBehavior [ RunTime:0.000000s ]
INFO: [ app_init ] --END-- [ RunTime:0.001000s ]
INFO: [ app_begin ] --START--
INFO: Run Behavior\ReadHtmlCacheBehavior [ RunTime:0.004000s ]
INFO: [ app_begin ] --END-- [ RunTime:0.005000s ]
SQL: SHOW COLUMNS FROM `wenda_question` [ RunTime:0.0010s ]
SQL: SELECT * FROM `wenda_question` WHERE ( qid = 1 ) LIMIT 1   [ RunTime:0.0010s ]
SQL: SHOW COLUMNS FROM `wenda_qadditional` [ RunTime:0.0010s ]
SQL: SELECT * FROM `wenda_qadditional` WHERE ( 1=1 AND qid='1' )  [ RunTime:0.0010s ]
INFO: [ app_end ] --START--
INFO: Run Behavior\ShowPageTraceBehavior [ RunTime:0.002000s ]
INFO: [ app_end ] --END-- [ RunTime:0.002000s ]

[ 2017-05-06T16:07:44+08:00 ] ::1 /wenda/api.php/Question/qdetail
INFO: [ app_init ] --START--
INFO: Run Behavior\BuildLiteBehavior [ RunTime:0.001000s ]
INFO: [ app_init ] --END-- [ RunTime:0.003000s ]
INFO: [ app_begin ] --START--
INFO: Run Behavior\ReadHtmlCacheBehavior [ RunTime:0.001001s ]
INFO: [ app_begin ] --END-- [ RunTime:0.001001s ]
SQL: SHOW COLUMNS FROM `wenda_question` [ RunTime:0.0010s ]
SQL: SELECT * FROM `wenda_question` WHERE ( qid = 1 ) LIMIT 1   [ RunTime:0.0010s ]
SQL: SHOW COLUMNS FROM `wenda_qadditional` [ RunTime:0.0010s ]
SQL: SELECT * FROM `wenda_qadditional` WHERE ( 1=1 AND qid='1' )  [ RunTime:0.0010s ]
INFO: [ app_end ] --START--
INFO: Run Behavior\ShowPageTraceBehavior [ RunTime:0.001000s ]
INFO: [ app_end ] --END-- [ RunTime:0.001000s ]

[ 2017-05-06T16:08:08+08:00 ] ::1 /wenda/api.php/Question/qdetail
INFO: [ app_init ] --START--
INFO: Run Behavior\BuildLiteBehavior [ RunTime:0.000000s ]
INFO: [ app_init ] --END-- [ RunTime:0.002000s ]
INFO: [ app_begin ] --START--
INFO: Run Behavior\ReadHtmlCacheBehavior [ RunTime:0.002000s ]
INFO: [ app_begin ] --END-- [ RunTime:0.002000s ]
SQL: SHOW COLUMNS FROM `wenda_question` [ RunTime:0.0010s ]
SQL: SELECT * FROM `wenda_question` WHERE ( qid = 1 ) LIMIT 1   [ RunTime:0.0000s ]
SQL: SHOW COLUMNS FROM `wenda_qadditional` [ RunTime:0.0010s ]
SQL: SELECT * FROM `wenda_qadditional` WHERE ( 1=1 AND qid='1' )  [ RunTime:0.0010s ]
INFO: [ app_end ] --START--
INFO: Run Behavior\ShowPageTraceBehavior [ RunTime:0.002000s ]
INFO: [ app_end ] --END-- [ RunTime:0.003000s ]

[ 2017-05-06T16:08:08+08:00 ] ::1 /wenda/api.php/Question/qdetail
INFO: [ app_init ] --START--
INFO: Run Behavior\BuildLiteBehavior [ RunTime:0.000000s ]
INFO: [ app_init ] --END-- [ RunTime:0.001000s ]
INFO: [ app_begin ] --START--
INFO: Run Behavior\ReadHtmlCacheBehavior [ RunTime:0.001000s ]
INFO: [ app_begin ] --END-- [ RunTime:0.001000s ]
SQL: SHOW COLUMNS FROM `wenda_question` [ RunTime:0.0010s ]
SQL: SELECT * FROM `wenda_question` WHERE ( qid = 1 ) LIMIT 1   [ RunTime:0.0010s ]
SQL: SHOW COLUMNS FROM `wenda_qadditional` [ RunTime:0.0010s ]
SQL: SELECT * FROM `wenda_qadditional` WHERE ( 1=1 AND qid='1' )  [ RunTime:0.0020s ]
INFO: [ app_end ] --START--
INFO: Run Behavior\ShowPageTraceBehavior [ RunTime:0.001000s ]
INFO: [ app_end ] --END-- [ RunTime:0.002000s ]

[ 2017-05-06T16:08:09+08:00 ] ::1 /wenda/api.php/Question/qdetail
INFO: [ app_init ] --START--
INFO: Run Behavior\BuildLiteBehavior [ RunTime:0.000000s ]
INFO: [ app_init ] --END-- [ RunTime:0.001000s ]
INFO: [ app_begin ] --START--
INFO: Run Behavior\ReadHtmlCacheBehavior [ RunTime:0.001000s ]
INFO: [ app_begin ] --END-- [ RunTime:0.001000s ]
SQL: SHOW COLUMNS FROM `wenda_question` [ RunTime:0.0010s ]
SQL: SELECT * FROM `wenda_question` WHERE ( qid = 1 ) LIMIT 1   [ RunTime:0.0000s ]
SQL: SHOW COLUMNS FROM `wenda_qadditional` [ RunTime:0.0010s ]
SQL: SELECT * FROM `wenda_qadditional` WHERE ( 1=1 AND qid='1' )  [ RunTime:0.0010s ]
INFO: [ app_end ] --START--
INFO: Run Behavior\ShowPageTraceBehavior [ RunTime:0.001000s ]
INFO: [ app_end ] --END-- [ RunTime:0.002000s ]

[ 2017-05-06T16:09:23+08:00 ] ::1 /wenda/api.php/Question/qdetail
INFO: [ app_init ] --START--
INFO: Run Behavior\BuildLiteBehavior [ RunTime:0.000000s ]
INFO: [ app_init ] --END-- [ RunTime:0.001000s ]
INFO: [ app_begin ] --START--
INFO: Run Behavior\ReadHtmlCacheBehavior [ RunTime:0.001000s ]
INFO: [ app_begin ] --END-- [ RunTime:0.001000s ]
SQL: SHOW COLUMNS FROM `wenda_question` [ RunTime:0.0010s ]
SQL: SELECT * FROM `wenda_question` WHERE ( qid = 1 ) LIMIT 1   [ RunTime:0.0010s ]
SQL: SHOW COLUMNS FROM `wenda_qadditional` [ RunTime:0.0000s ]
SQL: SELECT `filename` FROM `wenda_qadditional` WHERE ( 1=1 AND qid='1' )  [ RunTime:0.0010s ]
INFO: [ app_end ] --START--
INFO: Run Behavior\ShowPageTraceBehavior [ RunTime:0.001000s ]
INFO: [ app_end ] --END-- [ RunTime:0.001000s ]

[ 2017-05-06T16:09:51+08:00 ] ::1 /wenda/api.php/Question/qdetail
INFO: [ app_init ] --START--
INFO: Run Behavior\BuildLiteBehavior [ RunTime:0.000000s ]
INFO: [ app_init ] --END-- [ RunTime:0.001000s ]
INFO: [ app_begin ] --START--
INFO: Run Behavior\ReadHtmlCacheBehavior [ RunTime:0.000000s ]
INFO: [ app_begin ] --END-- [ RunTime:0.002000s ]
SQL: SHOW COLUMNS FROM `wenda_question` [ RunTime:0.0010s ]
SQL: SELECT * FROM `wenda_question` WHERE ( qid = 1 ) LIMIT 1   [ RunTime:0.0010s ]
SQL: SHOW COLUMNS FROM `wenda_qadditional` [ RunTime:0.0010s ]
SQL: SELECT `filename` FROM `wenda_qadditional` WHERE ( 1=1 AND qid='1' )  [ RunTime:0.0010s ]
INFO: [ app_end ] --START--
INFO: Run Behavior\ShowPageTraceBehavior [ RunTime:0.001000s ]
INFO: [ app_end ] --END-- [ RunTime:0.002000s ]

[ 2017-05-06T16:09:52+08:00 ] ::1 /wenda/api.php/Question/qdetail
INFO: [ app_init ] --START--
INFO: Run Behavior\BuildLiteBehavior [ RunTime:0.000000s ]
INFO: [ app_init ] --END-- [ RunTime:0.001000s ]
INFO: [ app_begin ] --START--
INFO: Run Behavior\ReadHtmlCacheBehavior [ RunTime:0.000000s ]
INFO: [ app_begin ] --END-- [ RunTime:0.002000s ]
SQL: SHOW COLUMNS FROM `wenda_question` [ RunTime:0.0010s ]
SQL: SELECT * FROM `wenda_question` WHERE ( qid = 1 ) LIMIT 1   [ RunTime:0.0010s ]
SQL: SHOW COLUMNS FROM `wenda_qadditional` [ RunTime:0.0010s ]
SQL: SELECT `filename` FROM `wenda_qadditional` WHERE ( 1=1 AND qid='1' )  [ RunTime:0.0000s ]
INFO: [ app_end ] --START--
INFO: Run Behavior\ShowPageTraceBehavior [ RunTime:0.001000s ]
INFO: [ app_end ] --END-- [ RunTime:0.001000s ]

[ 2017-05-06T16:10:25+08:00 ] ::1 /wenda/api.php/Question/qdetail
INFO: [ app_init ] --START--
INFO: Run Behavior\BuildLiteBehavior [ RunTime:0.000000s ]
INFO: [ app_init ] --END-- [ RunTime:0.000000s ]
INFO: [ app_begin ] --START--
INFO: Run Behavior\ReadHtmlCacheBehavior [ RunTime:0.001000s ]
INFO: [ app_begin ] --END-- [ RunTime:0.001000s ]
SQL: SHOW COLUMNS FROM `wenda_question` [ RunTime:0.0010s ]
SQL: SELECT * FROM `wenda_question` WHERE ( qid = 1 ) LIMIT 1   [ RunTime:0.0000s ]
SQL: SHOW COLUMNS FROM `wenda_qadditional` [ RunTime:0.0010s ]
SQL: SELECT `aid`,`filename` FROM `wenda_qadditional` WHERE ( 1=1 AND qid='1' )  [ RunTime:0.0010s ]
INFO: [ app_end ] --START--
INFO: Run Behavior\ShowPageTraceBehavior [ RunTime:0.001000s ]
INFO: [ app_end ] --END-- [ RunTime:0.001000s ]

[ 2017-05-06T16:10:48+08:00 ] ::1 /wenda/api.php/Question/qdetail
INFO: [ app_init ] --START--
INFO: Run Behavior\BuildLiteBehavior [ RunTime:0.000000s ]
INFO: [ app_init ] --END-- [ RunTime:0.001000s ]
INFO: [ app_begin ] --START--
INFO: Run Behavior\ReadHtmlCacheBehavior [ RunTime:0.000000s ]
INFO: [ app_begin ] --END-- [ RunTime:0.002000s ]
SQL: SHOW COLUMNS FROM `wenda_question` [ RunTime:0.0010s ]
SQL: SELECT * FROM `wenda_question` WHERE ( qid = 1 ) LIMIT 1   [ RunTime:0.0010s ]
SQL: SHOW COLUMNS FROM `wenda_qadditional` [ RunTime:0.0010s ]
ERR: 1054:Unknown column 'aid' in 'field list'
 [ SQL语句 ] : SELECT `aid`,`filename` FROM `wenda_qadditional` WHERE ( 1=1 AND qid='1' ) 
ERR: 1054:Unknown column 'aid' in 'field list'
 [ SQL语句 ] : SELECT `aid`,`filename` FROM `wenda_qadditional` WHERE ( 1=1 AND qid='1' ) 

[ 2017-05-06T16:11:05+08:00 ] ::1 /wenda/api.php/Question/qdetail
INFO: [ app_init ] --START--
INFO: Run Behavior\BuildLiteBehavior [ RunTime:0.000000s ]
INFO: [ app_init ] --END-- [ RunTime:0.001000s ]
INFO: [ app_begin ] --START--
INFO: Run Behavior\ReadHtmlCacheBehavior [ RunTime:0.001000s ]
INFO: [ app_begin ] --END-- [ RunTime:0.001000s ]
SQL: SHOW COLUMNS FROM `wenda_question` [ RunTime:0.0010s ]
SQL: SELECT * FROM `wenda_question` WHERE ( qid = 1 ) LIMIT 1   [ RunTime:0.0030s ]
SQL: SHOW COLUMNS FROM `wenda_qadditional` [ RunTime:0.0030s ]
ERR: 1054:Unknown column 'aid' in 'field list'
 [ SQL语句 ] : SELECT `aid`,`filename` FROM `wenda_qadditional` WHERE ( 1=1 AND qid='1' ) 
ERR: 1054:Unknown column 'aid' in 'field list'
 [ SQL语句 ] : SELECT `aid`,`filename` FROM `wenda_qadditional` WHERE ( 1=1 AND qid='1' ) 

[ 2017-05-06T16:11:06+08:00 ] ::1 /wenda/api.php/Question/qdetail
INFO: [ app_init ] --START--
INFO: Run Behavior\BuildLiteBehavior [ RunTime:0.000000s ]
INFO: [ app_init ] --END-- [ RunTime:0.001000s ]
INFO: [ app_begin ] --START--
INFO: Run Behavior\ReadHtmlCacheBehavior [ RunTime:0.001000s ]
INFO: [ app_begin ] --END-- [ RunTime:0.001000s ]
SQL: SHOW COLUMNS FROM `wenda_question` [ RunTime:0.0010s ]
SQL: SELECT * FROM `wenda_question` WHERE ( qid = 1 ) LIMIT 1   [ RunTime:0.0000s ]
SQL: SHOW COLUMNS FROM `wenda_qadditional` [ RunTime:0.0010s ]
ERR: 1054:Unknown column 'aid' in 'field list'
 [ SQL语句 ] : SELECT `aid`,`filename` FROM `wenda_qadditional` WHERE ( 1=1 AND qid='1' ) 
ERR: 1054:Unknown column 'aid' in 'field list'
 [ SQL语句 ] : SELECT `aid`,`filename` FROM `wenda_qadditional` WHERE ( 1=1 AND qid='1' ) 

[ 2017-05-06T16:11:06+08:00 ] ::1 /wenda/api.php/Question/qdetail
INFO: [ app_init ] --START--
INFO: Run Behavior\BuildLiteBehavior [ RunTime:0.000000s ]
INFO: [ app_init ] --END-- [ RunTime:0.002001s ]
INFO: [ app_begin ] --START--
INFO: Run Behavior\ReadHtmlCacheBehavior [ RunTime:0.002000s ]
INFO: [ app_begin ] --END-- [ RunTime:0.003000s ]
SQL: SHOW COLUMNS FROM `wenda_question` [ RunTime:0.0010s ]
SQL: SELECT * FROM `wenda_question` WHERE ( qid = 1 ) LIMIT 1   [ RunTime:0.0000s ]
SQL: SHOW COLUMNS FROM `wenda_qadditional` [ RunTime:0.0010s ]
ERR: 1054:Unknown column 'aid' in 'field list'
 [ SQL语句 ] : SELECT `aid`,`filename` FROM `wenda_qadditional` WHERE ( 1=1 AND qid='1' ) 
ERR: 1054:Unknown column 'aid' in 'field list'
 [ SQL语句 ] : SELECT `aid`,`filename` FROM `wenda_qadditional` WHERE ( 1=1 AND qid='1' ) 

[ 2017-05-06T16:11:06+08:00 ] ::1 /wenda/api.php/Question/qdetail
INFO: [ app_init ] --START--
INFO: Run Behavior\BuildLiteBehavior [ RunTime:0.000000s ]
INFO: [ app_init ] --END-- [ RunTime:0.002000s ]
INFO: [ app_begin ] --START--
INFO: Run Behavior\ReadHtmlCacheBehavior [ RunTime:0.001000s ]
INFO: [ app_begin ] --END-- [ RunTime:0.002000s ]
SQL: SHOW COLUMNS FROM `wenda_question` [ RunTime:0.0010s ]
SQL: SELECT * FROM `wenda_question` WHERE ( qid = 1 ) LIMIT 1   [ RunTime:0.0010s ]
SQL: SHOW COLUMNS FROM `wenda_qadditional` [ RunTime:0.0020s ]
ERR: 1054:Unknown column 'aid' in 'field list'
 [ SQL语句 ] : SELECT `aid`,`filename` FROM `wenda_qadditional` WHERE ( 1=1 AND qid='1' ) 
ERR: 1054:Unknown column 'aid' in 'field list'
 [ SQL语句 ] : SELECT `aid`,`filename` FROM `wenda_qadditional` WHERE ( 1=1 AND qid='1' ) 

[ 2017-05-06T16:11:06+08:00 ] ::1 /wenda/api.php/Question/qdetail
INFO: [ app_init ] --START--
INFO: Run Behavior\BuildLiteBehavior [ RunTime:0.000000s ]
INFO: [ app_init ] --END-- [ RunTime:0.001000s ]
INFO: [ app_begin ] --START--
INFO: Run Behavior\ReadHtmlCacheBehavior [ RunTime:0.001000s ]
INFO: [ app_begin ] --END-- [ RunTime:0.002000s ]
SQL: SHOW COLUMNS FROM `wenda_question` [ RunTime:0.0010s ]
SQL: SELECT * FROM `wenda_question` WHERE ( qid = 1 ) LIMIT 1   [ RunTime:0.0000s ]
SQL: SHOW COLUMNS FROM `wenda_qadditional` [ RunTime:0.0010s ]
ERR: 1054:Unknown column 'aid' in 'field list'
 [ SQL语句 ] : SELECT `aid`,`filename` FROM `wenda_qadditional` WHERE ( 1=1 AND qid='1' ) 
ERR: 1054:Unknown column 'aid' in 'field list'
 [ SQL语句 ] : SELECT `aid`,`filename` FROM `wenda_qadditional` WHERE ( 1=1 AND qid='1' ) 

[ 2017-05-06T16:11:06+08:00 ] ::1 /wenda/api.php/Question/qdetail
INFO: [ app_init ] --START--
INFO: Run Behavior\BuildLiteBehavior [ RunTime:0.000000s ]
INFO: [ app_init ] --END-- [ RunTime:0.001000s ]
INFO: [ app_begin ] --START--
INFO: Run Behavior\ReadHtmlCacheBehavior [ RunTime:0.001000s ]
INFO: [ app_begin ] --END-- [ RunTime:0.002000s ]
SQL: SHOW COLUMNS FROM `wenda_question` [ RunTime:0.0010s ]
SQL: SELECT * FROM `wenda_question` WHERE ( qid = 1 ) LIMIT 1   [ RunTime:0.0010s ]
SQL: SHOW COLUMNS FROM `wenda_qadditional` [ RunTime:0.0020s ]
ERR: 1054:Unknown column 'aid' in 'field list'
 [ SQL语句 ] : SELECT `aid`,`filename` FROM `wenda_qadditional` WHERE ( 1=1 AND qid='1' ) 
ERR: 1054:Unknown column 'aid' in 'field list'
 [ SQL语句 ] : SELECT `aid`,`filename` FROM `wenda_qadditional` WHERE ( 1=1 AND qid='1' ) 

[ 2017-05-06T16:11:07+08:00 ] ::1 /wenda/api.php/Question/qdetail
INFO: [ app_init ] --START--
INFO: Run Behavior\BuildLiteBehavior [ RunTime:0.000000s ]
INFO: [ app_init ] --END-- [ RunTime:0.002000s ]
INFO: [ app_begin ] --START--
INFO: Run Behavior\ReadHtmlCacheBehavior [ RunTime:0.001000s ]
INFO: [ app_begin ] --END-- [ RunTime:0.001000s ]
SQL: SHOW COLUMNS FROM `wenda_question` [ RunTime:0.0010s ]
SQL: SELECT * FROM `wenda_question` WHERE ( qid = 1 ) LIMIT 1   [ RunTime:0.0000s ]
SQL: SHOW COLUMNS FROM `wenda_qadditional` [ RunTime:0.0020s ]
ERR: 1054:Unknown column 'aid' in 'field list'
 [ SQL语句 ] : SELECT `aid`,`filename` FROM `wenda_qadditional` WHERE ( 1=1 AND qid='1' ) 
ERR: 1054:Unknown column 'aid' in 'field list'
 [ SQL语句 ] : SELECT `aid`,`filename` FROM `wenda_qadditional` WHERE ( 1=1 AND qid='1' ) 

[ 2017-05-06T16:11:07+08:00 ] ::1 /wenda/api.php/Question/qdetail
INFO: [ app_init ] --START--
INFO: Run Behavior\BuildLiteBehavior [ RunTime:0.001000s ]
INFO: [ app_init ] --END-- [ RunTime:0.002000s ]
INFO: [ app_begin ] --START--
INFO: Run Behavior\ReadHtmlCacheBehavior [ RunTime:0.003000s ]
INFO: [ app_begin ] --END-- [ RunTime:0.003000s ]
SQL: SHOW COLUMNS FROM `wenda_question` [ RunTime:0.0010s ]
SQL: SELECT * FROM `wenda_question` WHERE ( qid = 1 ) LIMIT 1   [ RunTime:0.0000s ]
SQL: SHOW COLUMNS FROM `wenda_qadditional` [ RunTime:0.0010s ]
ERR: 1054:Unknown column 'aid' in 'field list'
 [ SQL语句 ] : SELECT `aid`,`filename` FROM `wenda_qadditional` WHERE ( 1=1 AND qid='1' ) 
ERR: 1054:Unknown column 'aid' in 'field list'
 [ SQL语句 ] : SELECT `aid`,`filename` FROM `wenda_qadditional` WHERE ( 1=1 AND qid='1' ) 

[ 2017-05-06T16:11:07+08:00 ] ::1 /wenda/api.php/Question/qdetail
INFO: [ app_init ] --START--
INFO: Run Behavior\BuildLiteBehavior [ RunTime:0.000000s ]
INFO: [ app_init ] --END-- [ RunTime:0.002000s ]
INFO: [ app_begin ] --START--
INFO: Run Behavior\ReadHtmlCacheBehavior [ RunTime:0.001000s ]
INFO: [ app_begin ] --END-- [ RunTime:0.002000s ]
SQL: SHOW COLUMNS FROM `wenda_question` [ RunTime:0.0000s ]
SQL: SELECT * FROM `wenda_question` WHERE ( qid = 1 ) LIMIT 1   [ RunTime:0.0000s ]
SQL: SHOW COLUMNS FROM `wenda_qadditional` [ RunTime:0.0020s ]
ERR: 1054:Unknown column 'aid' in 'field list'
 [ SQL语句 ] : SELECT `aid`,`filename` FROM `wenda_qadditional` WHERE ( 1=1 AND qid='1' ) 
ERR: 1054:Unknown column 'aid' in 'field list'
 [ SQL语句 ] : SELECT `aid`,`filename` FROM `wenda_qadditional` WHERE ( 1=1 AND qid='1' ) 

[ 2017-05-06T16:11:07+08:00 ] ::1 /wenda/api.php/Question/qdetail
INFO: [ app_init ] --START--
INFO: Run Behavior\BuildLiteBehavior [ RunTime:0.000000s ]
INFO: [ app_init ] --END-- [ RunTime:0.002000s ]
INFO: [ app_begin ] --START--
INFO: Run Behavior\ReadHtmlCacheBehavior [ RunTime:0.001000s ]
INFO: [ app_begin ] --END-- [ RunTime:0.002000s ]
SQL: SHOW COLUMNS FROM `wenda_question` [ RunTime:0.0010s ]
SQL: SELECT * FROM `wenda_question` WHERE ( qid = 1 ) LIMIT 1   [ RunTime:0.0010s ]
SQL: SHOW COLUMNS FROM `wenda_qadditional` [ RunTime:0.0010s ]
ERR: 1054:Unknown column 'aid' in 'field list'
 [ SQL语句 ] : SELECT `aid`,`filename` FROM `wenda_qadditional` WHERE ( 1=1 AND qid='1' ) 
ERR: 1054:Unknown column 'aid' in 'field list'
 [ SQL语句 ] : SELECT `aid`,`filename` FROM `wenda_qadditional` WHERE ( 1=1 AND qid='1' ) 

[ 2017-05-06T16:11:26+08:00 ] ::1 /wenda/api.php/Question/qdetail
INFO: [ app_init ] --START--
INFO: Run Behavior\BuildLiteBehavior [ RunTime:0.000000s ]
INFO: [ app_init ] --END-- [ RunTime:0.002000s ]
INFO: [ app_begin ] --START--
INFO: Run Behavior\ReadHtmlCacheBehavior [ RunTime:0.001000s ]
INFO: [ app_begin ] --END-- [ RunTime:0.001000s ]
SQL: SHOW COLUMNS FROM `wenda_question` [ RunTime:0.0010s ]
SQL: SELECT * FROM `wenda_question` WHERE ( qid = 1 ) LIMIT 1   [ RunTime:0.0000s ]
SQL: SHOW COLUMNS FROM `wenda_qadditional` [ RunTime:0.0020s ]
SQL: SELECT `filename` FROM `wenda_qadditional` WHERE ( 1=1 AND qid='1' )  [ RunTime:0.0000s ]
INFO: [ app_end ] --START--
INFO: Run Behavior\ShowPageTraceBehavior [ RunTime:0.002000s ]
INFO: [ app_end ] --END-- [ RunTime:0.002000s ]

[ 2017-05-06T16:11:39+08:00 ] ::1 /wenda/api.php/Question/qdetail
INFO: [ app_init ] --START--
INFO: Run Behavior\BuildLiteBehavior [ RunTime:0.000000s ]
INFO: [ app_init ] --END-- [ RunTime:0.001000s ]
INFO: [ app_begin ] --START--
INFO: Run Behavior\ReadHtmlCacheBehavior [ RunTime:0.001000s ]
INFO: [ app_begin ] --END-- [ RunTime:0.002000s ]
SQL: SHOW COLUMNS FROM `wenda_question` [ RunTime:0.0010s ]
SQL: SELECT * FROM `wenda_question` WHERE ( qid = 1 ) LIMIT 1   [ RunTime:0.0000s ]
SQL: SHOW COLUMNS FROM `wenda_qadditional` [ RunTime:0.0010s ]
SQL: SELECT `fileid`,`filename` FROM `wenda_qadditional` WHERE ( 1=1 AND qid='1' )  [ RunTime:0.0010s ]
INFO: [ app_end ] --START--
INFO: Run Behavior\ShowPageTraceBehavior [ RunTime:0.001000s ]
INFO: [ app_end ] --END-- [ RunTime:0.001000s ]

[ 2017-05-06T16:13:31+08:00 ] ::1 /wenda/api.php/Question/qdetail
INFO: [ app_init ] --START--
INFO: Run Behavior\BuildLiteBehavior [ RunTime:0.000000s ]
INFO: [ app_init ] --END-- [ RunTime:0.000000s ]
INFO: [ app_begin ] --START--
INFO: Run Behavior\ReadHtmlCacheBehavior [ RunTime:0.001001s ]
INFO: [ app_begin ] --END-- [ RunTime:0.001001s ]
SQL: SHOW COLUMNS FROM `wenda_question` [ RunTime:0.0010s ]
SQL: SELECT * FROM `wenda_question` WHERE ( qid = 1 ) LIMIT 1   [ RunTime:0.0000s ]
SQL: SHOW COLUMNS FROM `wenda_qadditional` [ RunTime:0.0020s ]
SQL: SELECT `fileid`,`filename` FROM `wenda_qadditional` WHERE ( 1=1 AND qid='1' )  [ RunTime:0.0010s ]
INFO: [ app_end ] --START--
INFO: Run Behavior\ShowPageTraceBehavior [ RunTime:0.001000s ]
INFO: [ app_end ] --END-- [ RunTime:0.001000s ]

[ 2017-05-06T16:18:15+08:00 ] ::1 /wenda/api.php/Question/qdetail
INFO: [ app_init ] --START--
INFO: Run Behavior\BuildLiteBehavior [ RunTime:0.000000s ]
INFO: [ app_init ] --END-- [ RunTime:0.000000s ]
INFO: [ app_begin ] --START--
INFO: Run Behavior\ReadHtmlCacheBehavior [ RunTime:0.001001s ]
INFO: [ app_begin ] --END-- [ RunTime:0.001001s ]
NOTIC: [8] Undefined index: qid D:\wamp64\www\wenda\Application\API\Controller\QuestionController.class.php 第 30 行.
SQL: SHOW COLUMNS FROM `wenda_question` [ RunTime:0.0020s ]
ERR: 1064:You have an error in your SQL syntax; check the manual that corresponds to your MySQL server version for the right syntax to use near ') LIMIT 1' at line 1
 [ SQL语句 ] : SELECT * FROM `wenda_question` WHERE ( qid =  ) LIMIT 1  
ERR: 1064:You have an error in your SQL syntax; check the manual that corresponds to your MySQL server version for the right syntax to use near ') LIMIT 1' at line 1
 [ SQL语句 ] : SELECT * FROM `wenda_question` WHERE ( qid =  ) LIMIT 1  

[ 2017-05-06T16:18:37+08:00 ] ::1 /wenda/api.php/Question/qdetail
INFO: [ app_init ] --START--
INFO: Run Behavior\BuildLiteBehavior [ RunTime:0.000000s ]
INFO: [ app_init ] --END-- [ RunTime:0.001000s ]
INFO: [ app_begin ] --START--
INFO: Run Behavior\ReadHtmlCacheBehavior [ RunTime:0.002001s ]
INFO: [ app_begin ] --END-- [ RunTime:0.002001s ]
NOTIC: [8] Undefined index: qid D:\wamp64\www\wenda\Application\API\Controller\QuestionController.class.php 第 31 行.
SQL: SHOW COLUMNS FROM `wenda_question` [ RunTime:0.0010s ]
ERR: 1064:You have an error in your SQL syntax; check the manual that corresponds to your MySQL server version for the right syntax to use near ') LIMIT 1' at line 1
 [ SQL语句 ] : SELECT * FROM `wenda_question` WHERE ( qid =  ) LIMIT 1  
ERR: 1064:You have an error in your SQL syntax; check the manual that corresponds to your MySQL server version for the right syntax to use near ') LIMIT 1' at line 1
 [ SQL语句 ] : SELECT * FROM `wenda_question` WHERE ( qid =  ) LIMIT 1  

[ 2017-05-06T16:18:54+08:00 ] ::1 /wenda/api.php/Question/qdetail
INFO: [ app_init ] --START--
INFO: Run Behavior\BuildLiteBehavior [ RunTime:0.000000s ]
INFO: [ app_init ] --END-- [ RunTime:0.003001s ]
INFO: [ app_begin ] --START--
INFO: Run Behavior\ReadHtmlCacheBehavior [ RunTime:0.001000s ]
INFO: [ app_begin ] --END-- [ RunTime:0.001000s ]
SQL: SHOW COLUMNS FROM `wenda_question` [ RunTime:0.0010s ]
SQL: SELECT * FROM `wenda_question` WHERE ( qid = 1 ) LIMIT 1   [ RunTime:0.0010s ]
SQL: SHOW COLUMNS FROM `wenda_qadditional` [ RunTime:0.0020s ]
SQL: SELECT `fileid`,`filename` FROM `wenda_qadditional` WHERE ( 1=1 AND qid='1' )  [ RunTime:0.0010s ]
INFO: [ app_end ] --START--
INFO: Run Behavior\ShowPageTraceBehavior [ RunTime:0.001000s ]
INFO: [ app_end ] --END-- [ RunTime:0.002000s ]

[ 2017-05-06T16:19:26+08:00 ] ::1 /wenda/api.php/Question/qdetail
INFO: [ app_init ] --START--
INFO: Run Behavior\BuildLiteBehavior [ RunTime:0.000000s ]
INFO: [ app_init ] --END-- [ RunTime:0.002000s ]
INFO: [ app_begin ] --START--
INFO: Run Behavior\ReadHtmlCacheBehavior [ RunTime:0.001000s ]
INFO: [ app_begin ] --END-- [ RunTime:0.001000s ]
SQL: SHOW COLUMNS FROM `wenda_question` [ RunTime:0.0010s ]
SQL: SELECT * FROM `wenda_question` WHERE ( qid = 1 ) LIMIT 1   [ RunTime:0.0010s ]
SQL: SHOW COLUMNS FROM `wenda_qadditional` [ RunTime:0.0000s ]
SQL: SELECT `fileid`,`filename` FROM `wenda_qadditional` WHERE ( 1=1 AND qid='1' )  [ RunTime:0.0000s ]
INFO: [ app_end ] --START--
INFO: Run Behavior\ShowPageTraceBehavior [ RunTime:0.001001s ]
INFO: [ app_end ] --END-- [ RunTime:0.002001s ]

[ 2017-05-06T16:24:22+08:00 ] 127.0.0.1 /wenda/api.php/Question/qdetail
INFO: [ app_init ] --START--
INFO: Run Behavior\BuildLiteBehavior [ RunTime:0.000000s ]
INFO: [ app_init ] --END-- [ RunTime:0.001000s ]
INFO: [ app_begin ] --START--
INFO: Run Behavior\ReadHtmlCacheBehavior [ RunTime:0.001000s ]
INFO: [ app_begin ] --END-- [ RunTime:0.001000s ]
NOTIC: [8] Undefined index: qid D:\wamp64\www\wenda\Application\API\Controller\QuestionController.class.php 第 28 行.
SQL: SHOW COLUMNS FROM `wenda_question` [ RunTime:0.0010s ]
ERR: 1064:You have an error in your SQL syntax; check the manual that corresponds to your MySQL server version for the right syntax to use near ') LIMIT 1' at line 1
 [ SQL语句 ] : SELECT * FROM `wenda_question` WHERE ( qid =  ) LIMIT 1  
ERR: 1064:You have an error in your SQL syntax; check the manual that corresponds to your MySQL server version for the right syntax to use near ') LIMIT 1' at line 1
 [ SQL语句 ] : SELECT * FROM `wenda_question` WHERE ( qid =  ) LIMIT 1  

[ 2017-05-06T16:25:38+08:00 ] 127.0.0.1 /wenda/api.php/Question/qdetail
INFO: [ app_init ] --START--
INFO: Run Behavior\BuildLiteBehavior [ RunTime:0.000000s ]
INFO: [ app_init ] --END-- [ RunTime:0.001000s ]
INFO: [ app_begin ] --START--
INFO: Run Behavior\ReadHtmlCacheBehavior [ RunTime:0.001000s ]
INFO: [ app_begin ] --END-- [ RunTime:0.001000s ]
SQL: SHOW COLUMNS FROM `wenda_question` [ RunTime:0.0010s ]
SQL: SELECT * FROM `wenda_question` WHERE ( qid = 1 ) LIMIT 1   [ RunTime:0.0000s ]
SQL: SHOW COLUMNS FROM `wenda_qadditional` [ RunTime:0.0010s ]
SQL: SELECT `fileid`,`filename` FROM `wenda_qadditional` WHERE ( 1=1 AND qid='1' )  [ RunTime:0.0000s ]
INFO: [ app_end ] --START--
INFO: Run Behavior\ShowPageTraceBehavior [ RunTime:0.001000s ]
INFO: [ app_end ] --END-- [ RunTime:0.001000s ]

[ 2017-05-06T16:45:42+08:00 ] 127.0.0.1 /wenda/api.php/Question/qlist
INFO: [ app_init ] --START--
INFO: Run Behavior\BuildLiteBehavior [ RunTime:0.000000s ]
INFO: [ app_init ] --END-- [ RunTime:0.001000s ]
INFO: [ app_begin ] --START--
INFO: Run Behavior\ReadHtmlCacheBehavior [ RunTime:0.002000s ]
INFO: [ app_begin ] --END-- [ RunTime:0.002000s ]
SQL: SHOW COLUMNS FROM `wenda_question` [ RunTime:0.0010s ]
SQL: SELECT * FROM `wenda_question` ORDER BY qid desc LIMIT 0,8   [ RunTime:0.0010s ]
SQL: SHOW COLUMNS FROM `wenda_qadditional` [ RunTime:0.0000s ]
SQL: SELECT `fileid`,`filename` FROM `wenda_qadditional` WHERE ( 1=1 AND qid='14' )  [ RunTime:0.0000s ]
SQL: SELECT `fileid`,`filename` FROM `wenda_qadditional` WHERE ( 1=1 AND qid='13' )  [ RunTime:0.0010s ]
SQL: SELECT `fileid`,`filename` FROM `wenda_qadditional` WHERE ( 1=1 AND qid='12' )  [ RunTime:0.0000s ]
SQL: SELECT `fileid`,`filename` FROM `wenda_qadditional` WHERE ( 1=1 AND qid='11' )  [ RunTime:0.0000s ]
SQL: SELECT `fileid`,`filename` FROM `wenda_qadditional` WHERE ( 1=1 AND qid='10' )  [ RunTime:0.0000s ]
SQL: SELECT `fileid`,`filename` FROM `wenda_qadditional` WHERE ( 1=1 AND qid='9' )  [ RunTime:0.0000s ]
SQL: SELECT `fileid`,`filename` FROM `wenda_qadditional` WHERE ( 1=1 AND qid='8' )  [ RunTime:0.0000s ]
SQL: SELECT `fileid`,`filename` FROM `wenda_qadditional` WHERE ( 1=1 AND qid='7' )  [ RunTime:0.0010s ]
INFO: [ app_end ] --START--
INFO: Run Behavior\ShowPageTraceBehavior [ RunTime:0.001000s ]
INFO: [ app_end ] --END-- [ RunTime:0.001000s ]

[ 2017-05-06T16:47:44+08:00 ] 127.0.0.1 /wenda/api.php/Question/qlist
INFO: [ app_init ] --START--
INFO: Run Behavior\BuildLiteBehavior [ RunTime:0.000000s ]
INFO: [ app_init ] --END-- [ RunTime:0.001000s ]
INFO: [ app_begin ] --START--
INFO: Run Behavior\ReadHtmlCacheBehavior [ RunTime:0.001000s ]
INFO: [ app_begin ] --END-- [ RunTime:0.001000s ]
SQL: SHOW COLUMNS FROM `wenda_question` [ RunTime:0.0020s ]
SQL: SELECT * FROM `wenda_question` ORDER BY qid desc LIMIT 8,8   [ RunTime:0.0010s ]
SQL: SHOW COLUMNS FROM `wenda_qadditional` [ RunTime:0.0010s ]
SQL: SELECT `fileid`,`filename` FROM `wenda_qadditional` WHERE ( 1=1 AND qid='6' )  [ RunTime:0.0010s ]
SQL: SELECT `fileid`,`filename` FROM `wenda_qadditional` WHERE ( 1=1 AND qid='5' )  [ RunTime:0.0000s ]
SQL: SELECT `fileid`,`filename` FROM `wenda_qadditional` WHERE ( 1=1 AND qid='4' )  [ RunTime:0.0000s ]
SQL: SELECT `fileid`,`filename` FROM `wenda_qadditional` WHERE ( 1=1 AND qid='3' )  [ RunTime:0.0000s ]
SQL: SELECT `fileid`,`filename` FROM `wenda_qadditional` WHERE ( 1=1 AND qid='2' )  [ RunTime:0.0000s ]
SQL: SELECT `fileid`,`filename` FROM `wenda_qadditional` WHERE ( 1=1 AND qid='1' )  [ RunTime:0.0010s ]
INFO: [ app_end ] --START--
INFO: Run Behavior\ShowPageTraceBehavior [ RunTime:0.001000s ]
INFO: [ app_end ] --END-- [ RunTime:0.002000s ]

[ 2017-05-06T17:16:56+08:00 ] 127.0.0.1 /wenda/api.php/Question/qlist
INFO: [ app_init ] --START--
INFO: Run Behavior\BuildLiteBehavior [ RunTime:0.000000s ]
INFO: [ app_init ] --END-- [ RunTime:0.002001s ]
INFO: [ app_begin ] --START--
INFO: Run Behavior\ReadHtmlCacheBehavior [ RunTime:0.001000s ]
INFO: [ app_begin ] --END-- [ RunTime:0.002000s ]

[ 2017-05-06T17:17:03+08:00 ] 127.0.0.1 /wenda/api.php/Question/qlist
INFO: [ app_init ] --START--
INFO: Run Behavior\BuildLiteBehavior [ RunTime:0.000000s ]
INFO: [ app_init ] --END-- [ RunTime:0.001000s ]
INFO: [ app_begin ] --START--
INFO: Run Behavior\ReadHtmlCacheBehavior [ RunTime:0.001000s ]
INFO: [ app_begin ] --END-- [ RunTime:0.001000s ]

[ 2017-05-06T17:17:04+08:00 ] 127.0.0.1 /wenda/api.php/Question/qlist
INFO: [ app_init ] --START--
INFO: Run Behavior\BuildLiteBehavior [ RunTime:0.000000s ]
INFO: [ app_init ] --END-- [ RunTime:0.001000s ]
INFO: [ app_begin ] --START--
INFO: Run Behavior\ReadHtmlCacheBehavior [ RunTime:0.001000s ]
INFO: [ app_begin ] --END-- [ RunTime:0.001000s ]

[ 2017-05-06T17:17:12+08:00 ] 127.0.0.1 /wenda/api.php/Question/qlist
INFO: [ app_init ] --START--
INFO: Run Behavior\BuildLiteBehavior [ RunTime:0.000000s ]
INFO: [ app_init ] --END-- [ RunTime:0.001000s ]
INFO: [ app_begin ] --START--
INFO: Run Behavior\ReadHtmlCacheBehavior [ RunTime:0.006001s ]
INFO: [ app_begin ] --END-- [ RunTime:0.006001s ]

[ 2017-05-06T17:17:40+08:00 ] ::1 /wenda/api.php/Question/qlist
INFO: [ app_init ] --START--
INFO: Run Behavior\BuildLiteBehavior [ RunTime:0.000000s ]
INFO: [ app_init ] --END-- [ RunTime:0.001000s ]
INFO: [ app_begin ] --START--
INFO: Run Behavior\ReadHtmlCacheBehavior [ RunTime:0.002000s ]
INFO: [ app_begin ] --END-- [ RunTime:0.002000s ]

[ 2017-05-06T17:18:01+08:00 ] ::1 /wenda/api.php/Question/qlist
INFO: [ app_init ] --START--
INFO: Run Behavior\BuildLiteBehavior [ RunTime:0.000000s ]
INFO: [ app_init ] --END-- [ RunTime:0.002000s ]
INFO: [ app_begin ] --START--
INFO: Run Behavior\ReadHtmlCacheBehavior [ RunTime:0.001000s ]
INFO: [ app_begin ] --END-- [ RunTime:0.001000s ]

[ 2017-05-06T17:18:44+08:00 ] ::1 /wenda/api.php/Question/qlist
INFO: [ app_init ] --START--
INFO: Run Behavior\BuildLiteBehavior [ RunTime:0.000000s ]
INFO: [ app_init ] --END-- [ RunTime:0.001000s ]
INFO: [ app_begin ] --START--
INFO: Run Behavior\ReadHtmlCacheBehavior [ RunTime:0.001000s ]
INFO: [ app_begin ] --END-- [ RunTime:0.001000s ]
SQL: SHOW COLUMNS FROM `wenda_question` [ RunTime:0.0020s ]
SQL: SELECT * FROM `wenda_question` ORDER BY qid desc LIMIT 0,8   [ RunTime:0.0010s ]
SQL: SHOW COLUMNS FROM `wenda_qadditional` [ RunTime:0.0000s ]
SQL: SELECT `fileid`,`filename` FROM `wenda_qadditional` WHERE ( 1=1 AND qid='14' )  [ RunTime:0.0010s ]
SQL: SHOW COLUMNS FROM `wenda_users` [ RunTime:0.0020s ]
SQL: SELECT * FROM `wenda_users` WHERE ( 1=1 AND uid='9' ) LIMIT 1   [ RunTime:0.0010s ]
SQL: SELECT `fileid`,`filename` FROM `wenda_qadditional` WHERE ( 1=1 AND qid='13' )  [ RunTime:0.0010s ]
SQL: SELECT * FROM `wenda_users` WHERE ( 1=1 AND uid='9' ) LIMIT 1   [ RunTime:0.0000s ]
SQL: SELECT `fileid`,`filename` FROM `wenda_qadditional` WHERE ( 1=1 AND qid='12' )  [ RunTime:0.0010s ]
SQL: SELECT * FROM `wenda_users` WHERE ( 1=1 AND uid='9' ) LIMIT 1   [ RunTime:0.0000s ]
SQL: SELECT `fileid`,`filename` FROM `wenda_qadditional` WHERE ( 1=1 AND qid='11' )  [ RunTime:0.0010s ]
SQL: SELECT * FROM `wenda_users` WHERE ( 1=1 AND uid='9' ) LIMIT 1   [ RunTime:0.0010s ]
SQL: SELECT `fileid`,`filename` FROM `wenda_qadditional` WHERE ( 1=1 AND qid='10' )  [ RunTime:0.0010s ]
SQL: SELECT * FROM `wenda_users` WHERE ( 1=1 AND uid='9' ) LIMIT 1   [ RunTime:0.0010s ]
SQL: SELECT `fileid`,`filename` FROM `wenda_qadditional` WHERE ( 1=1 AND qid='9' )  [ RunTime:0.0010s ]
SQL: SELECT * FROM `wenda_users` WHERE ( 1=1 AND uid='9' ) LIMIT 1   [ RunTime:0.0010s ]
SQL: SELECT `fileid`,`filename` FROM `wenda_qadditional` WHERE ( 1=1 AND qid='8' )  [ RunTime:0.0000s ]
SQL: SELECT * FROM `wenda_users` WHERE ( 1=1 AND uid='9' ) LIMIT 1   [ RunTime:0.0010s ]
SQL: SELECT `fileid`,`filename` FROM `wenda_qadditional` WHERE ( 1=1 AND qid='7' )  [ RunTime:0.0000s ]
SQL: SELECT * FROM `wenda_users` WHERE ( 1=1 AND uid='9' ) LIMIT 1   [ RunTime:0.0010s ]
INFO: [ app_end ] --START--
INFO: Run Behavior\ShowPageTraceBehavior [ RunTime:0.001000s ]
INFO: [ app_end ] --END-- [ RunTime:0.002000s ]

[ 2017-05-06T17:19:16+08:00 ] 127.0.0.1 /wenda/api.php/Question/qlist
INFO: [ app_init ] --START--
INFO: Run Behavior\BuildLiteBehavior [ RunTime:0.000000s ]
INFO: [ app_init ] --END-- [ RunTime:0.001000s ]
INFO: [ app_begin ] --START--
INFO: Run Behavior\ReadHtmlCacheBehavior [ RunTime:0.001000s ]
INFO: [ app_begin ] --END-- [ RunTime:0.001000s ]
SQL: SHOW COLUMNS FROM `wenda_question` [ RunTime:0.0020s ]
SQL: SELECT * FROM `wenda_question` ORDER BY qid desc LIMIT 0,8   [ RunTime:0.0000s ]
SQL: SHOW COLUMNS FROM `wenda_qadditional` [ RunTime:0.0010s ]
SQL: SELECT `fileid`,`filename` FROM `wenda_qadditional` WHERE ( 1=1 AND qid='14' )  [ RunTime:0.0010s ]
SQL: SHOW COLUMNS FROM `wenda_users` [ RunTime:0.0010s ]
SQL: SELECT * FROM `wenda_users` WHERE ( 1=1 AND uid='9' ) LIMIT 1   [ RunTime:0.0000s ]
SQL: SELECT `fileid`,`filename` FROM `wenda_qadditional` WHERE ( 1=1 AND qid='13' )  [ RunTime:0.0000s ]
SQL: SELECT * FROM `wenda_users` WHERE ( 1=1 AND uid='9' ) LIMIT 1   [ RunTime:0.0000s ]
SQL: SELECT `fileid`,`filename` FROM `wenda_qadditional` WHERE ( 1=1 AND qid='12' )  [ RunTime:0.0000s ]
SQL: SELECT * FROM `wenda_users` WHERE ( 1=1 AND uid='9' ) LIMIT 1   [ RunTime:0.0000s ]
SQL: SELECT `fileid`,`filename` FROM `wenda_qadditional` WHERE ( 1=1 AND qid='11' )  [ RunTime:0.0000s ]
SQL: SELECT * FROM `wenda_users` WHERE ( 1=1 AND uid='9' ) LIMIT 1   [ RunTime:0.0010s ]
SQL: SELECT `fileid`,`filename` FROM `wenda_qadditional` WHERE ( 1=1 AND qid='10' )  [ RunTime:0.0000s ]
SQL: SELECT * FROM `wenda_users` WHERE ( 1=1 AND uid='9' ) LIMIT 1   [ RunTime:0.0000s ]
SQL: SELECT `fileid`,`filename` FROM `wenda_qadditional` WHERE ( 1=1 AND qid='9' )  [ RunTime:0.0000s ]
SQL: SELECT * FROM `wenda_users` WHERE ( 1=1 AND uid='9' ) LIMIT 1   [ RunTime:0.0000s ]
SQL: SELECT `fileid`,`filename` FROM `wenda_qadditional` WHERE ( 1=1 AND qid='8' )  [ RunTime:0.0000s ]
SQL: SELECT * FROM `wenda_users` WHERE ( 1=1 AND uid='9' ) LIMIT 1   [ RunTime:0.0000s ]
SQL: SELECT `fileid`,`filename` FROM `wenda_qadditional` WHERE ( 1=1 AND qid='7' )  [ RunTime:0.0000s ]
SQL: SELECT * FROM `wenda_users` WHERE ( 1=1 AND uid='9' ) LIMIT 1   [ RunTime:0.0000s ]
INFO: [ app_end ] --START--
INFO: Run Behavior\ShowPageTraceBehavior [ RunTime:0.001000s ]
INFO: [ app_end ] --END-- [ RunTime:0.001000s ]

[ 2017-05-06T17:19:36+08:00 ] 127.0.0.1 /wenda/api.php/Question/qlist
INFO: [ app_init ] --START--
INFO: Run Behavior\BuildLiteBehavior [ RunTime:0.000000s ]
INFO: [ app_init ] --END-- [ RunTime:0.001000s ]
INFO: [ app_begin ] --START--
INFO: Run Behavior\ReadHtmlCacheBehavior [ RunTime:0.002001s ]
INFO: [ app_begin ] --END-- [ RunTime:0.002001s ]
SQL: SHOW COLUMNS FROM `wenda_question` [ RunTime:0.0030s ]
SQL: SELECT * FROM `wenda_question` ORDER BY qid desc LIMIT 8,8   [ RunTime:0.0000s ]
SQL: SHOW COLUMNS FROM `wenda_qadditional` [ RunTime:0.0020s ]
SQL: SELECT `fileid`,`filename` FROM `wenda_qadditional` WHERE ( 1=1 AND qid='6' )  [ RunTime:0.0010s ]
SQL: SHOW COLUMNS FROM `wenda_users` [ RunTime:0.0020s ]
SQL: SELECT * FROM `wenda_users` WHERE ( 1=1 AND uid='9' ) LIMIT 1   [ RunTime:0.0000s ]
SQL: SELECT `fileid`,`filename` FROM `wenda_qadditional` WHERE ( 1=1 AND qid='5' )  [ RunTime:0.0000s ]
SQL: SELECT * FROM `wenda_users` WHERE ( 1=1 AND uid='9' ) LIMIT 1   [ RunTime:0.0010s ]
SQL: SELECT `fileid`,`filename` FROM `wenda_qadditional` WHERE ( 1=1 AND qid='4' )  [ RunTime:0.0010s ]
SQL: SELECT * FROM `wenda_users` WHERE ( 1=1 AND uid='9' ) LIMIT 1   [ RunTime:0.0010s ]
SQL: SELECT `fileid`,`filename` FROM `wenda_qadditional` WHERE ( 1=1 AND qid='3' )  [ RunTime:0.0010s ]
SQL: SELECT * FROM `wenda_users` WHERE ( 1=1 AND uid='9' ) LIMIT 1   [ RunTime:0.0010s ]
SQL: SELECT `fileid`,`filename` FROM `wenda_qadditional` WHERE ( 1=1 AND qid='2' )  [ RunTime:0.0000s ]
SQL: SELECT * FROM `wenda_users` WHERE ( 1=1 AND uid='9' ) LIMIT 1   [ RunTime:0.0010s ]
SQL: SELECT `fileid`,`filename` FROM `wenda_qadditional` WHERE ( 1=1 AND qid='1' )  [ RunTime:0.0010s ]
SQL: SELECT * FROM `wenda_users` WHERE ( 1=1 AND uid='9' ) LIMIT 1   [ RunTime:0.0000s ]
INFO: [ app_end ] --START--
INFO: Run Behavior\ShowPageTraceBehavior [ RunTime:0.002000s ]
INFO: [ app_end ] --END-- [ RunTime:0.002000s ]

[ 2017-05-06T17:20:12+08:00 ] 127.0.0.1 /wenda/api.php/Question/qdetail
INFO: [ app_init ] --START--
INFO: Run Behavior\BuildLiteBehavior [ RunTime:0.001000s ]
INFO: [ app_init ] --END-- [ RunTime:0.002000s ]
INFO: [ app_begin ] --START--
INFO: Run Behavior\ReadHtmlCacheBehavior [ RunTime:0.002000s ]
INFO: [ app_begin ] --END-- [ RunTime:0.002000s ]
SQL: SHOW COLUMNS FROM `wenda_question` [ RunTime:0.0010s ]
SQL: SELECT * FROM `wenda_question` WHERE ( qid = 1 ) LIMIT 1   [ RunTime:0.0010s ]
SQL: SHOW COLUMNS FROM `wenda_qadditional` [ RunTime:0.0000s ]
SQL: SELECT `fileid`,`filename` FROM `wenda_qadditional` WHERE ( 1=1 AND qid='1' )  [ RunTime:0.0010s ]
SQL: SHOW COLUMNS FROM `wenda_users` [ RunTime:0.0010s ]
SQL: SELECT * FROM `wenda_users` WHERE ( 1=1 AND uid='9' ) LIMIT 1   [ RunTime:0.0010s ]
INFO: [ app_end ] --START--
INFO: Run Behavior\ShowPageTraceBehavior [ RunTime:0.001000s ]
INFO: [ app_end ] --END-- [ RunTime:0.002000s ]

[ 2017-05-06T17:20:55+08:00 ] ::1 /wenda/api.php/Question/qlist
INFO: [ app_init ] --START--
INFO: Run Behavior\BuildLiteBehavior [ RunTime:0.000000s ]
INFO: [ app_init ] --END-- [ RunTime:0.002001s ]
INFO: [ app_begin ] --START--
INFO: Run Behavior\ReadHtmlCacheBehavior [ RunTime:0.002000s ]
INFO: [ app_begin ] --END-- [ RunTime:0.003000s ]
SQL: SHOW COLUMNS FROM `wenda_question` [ RunTime:0.0040s ]
SQL: SELECT * FROM `wenda_question` ORDER BY qid desc LIMIT 0,8   [ RunTime:0.0010s ]
SQL: SHOW COLUMNS FROM `wenda_qadditional` [ RunTime:0.0010s ]
SQL: SELECT `fileid`,`filename` FROM `wenda_qadditional` WHERE ( 1=1 AND qid='14' )  [ RunTime:0.0010s ]
SQL: SHOW COLUMNS FROM `wenda_users` [ RunTime:0.0010s ]
SQL: SELECT * FROM `wenda_users` WHERE ( 1=1 AND uid='9' ) LIMIT 1   [ RunTime:0.0010s ]
SQL: SELECT `fileid`,`filename` FROM `wenda_qadditional` WHERE ( 1=1 AND qid='13' )  [ RunTime:0.0010s ]
SQL: SELECT * FROM `wenda_users` WHERE ( 1=1 AND uid='9' ) LIMIT 1   [ RunTime:0.0040s ]
SQL: SELECT `fileid`,`filename` FROM `wenda_qadditional` WHERE ( 1=1 AND qid='12' )  [ RunTime:0.0010s ]
SQL: SELECT * FROM `wenda_users` WHERE ( 1=1 AND uid='9' ) LIMIT 1   [ RunTime:0.0010s ]
SQL: SELECT `fileid`,`filename` FROM `wenda_qadditional` WHERE ( 1=1 AND qid='11' )  [ RunTime:0.0000s ]
SQL: SELECT * FROM `wenda_users` WHERE ( 1=1 AND uid='9' ) LIMIT 1   [ RunTime:0.0010s ]
SQL: SELECT `fileid`,`filename` FROM `wenda_qadditional` WHERE ( 1=1 AND qid='10' )  [ RunTime:0.0010s ]
SQL: SELECT * FROM `wenda_users` WHERE ( 1=1 AND uid='9' ) LIMIT 1   [ RunTime:0.0000s ]
SQL: SELECT `fileid`,`filename` FROM `wenda_qadditional` WHERE ( 1=1 AND qid='9' )  [ RunTime:0.0010s ]
SQL: SELECT * FROM `wenda_users` WHERE ( 1=1 AND uid='9' ) LIMIT 1   [ RunTime:0.0010s ]
SQL: SELECT `fileid`,`filename` FROM `wenda_qadditional` WHERE ( 1=1 AND qid='8' )  [ RunTime:0.0010s ]
SQL: SELECT * FROM `wenda_users` WHERE ( 1=1 AND uid='9' ) LIMIT 1   [ RunTime:0.0000s ]
SQL: SELECT `fileid`,`filename` FROM `wenda_qadditional` WHERE ( 1=1 AND qid='7' )  [ RunTime:0.0010s ]
SQL: SELECT * FROM `wenda_users` WHERE ( 1=1 AND uid='9' ) LIMIT 1   [ RunTime:0.0010s ]
INFO: [ app_end ] --START--
INFO: Run Behavior\ShowPageTraceBehavior [ RunTime:0.002000s ]
INFO: [ app_end ] --END-- [ RunTime:0.002000s ]

[ 2017-05-06T19:33:55+08:00 ] ::1 /wenda/api.php/Question/qlist
INFO: [ app_init ] --START--
INFO: Run Behavior\BuildLiteBehavior [ RunTime:0.000000s ]
INFO: [ app_init ] --END-- [ RunTime:0.000000s ]
INFO: [ app_begin ] --START--
INFO: Run Behavior\ReadHtmlCacheBehavior [ RunTime:0.001000s ]
INFO: [ app_begin ] --END-- [ RunTime:0.002000s ]
SQL: SHOW COLUMNS FROM `wenda_question` [ RunTime:0.0010s ]
SQL: SELECT * FROM `wenda_question` ORDER BY qid desc LIMIT 0,8   [ RunTime:0.0000s ]
SQL: SHOW COLUMNS FROM `wenda_qadditional` [ RunTime:0.0010s ]
SQL: SELECT `fileid`,`filename` FROM `wenda_qadditional` WHERE ( 1=1 AND qid='14' )  [ RunTime:0.0010s ]
SQL: SHOW COLUMNS FROM `wenda_users` [ RunTime:0.0010s ]
SQL: SELECT * FROM `wenda_users` WHERE ( 1=1 AND uid='9' ) LIMIT 1   [ RunTime:0.0010s ]
SQL: SELECT `fileid`,`filename` FROM `wenda_qadditional` WHERE ( 1=1 AND qid='13' )  [ RunTime:0.0010s ]
SQL: SELECT * FROM `wenda_users` WHERE ( 1=1 AND uid='9' ) LIMIT 1   [ RunTime:0.0000s ]
SQL: SELECT `fileid`,`filename` FROM `wenda_qadditional` WHERE ( 1=1 AND qid='12' )  [ RunTime:0.0000s ]
SQL: SELECT * FROM `wenda_users` WHERE ( 1=1 AND uid='9' ) LIMIT 1   [ RunTime:0.0000s ]
SQL: SELECT `fileid`,`filename` FROM `wenda_qadditional` WHERE ( 1=1 AND qid='11' )  [ RunTime:0.0000s ]
SQL: SELECT * FROM `wenda_users` WHERE ( 1=1 AND uid='9' ) LIMIT 1   [ RunTime:0.0000s ]
SQL: SELECT `fileid`,`filename` FROM `wenda_qadditional` WHERE ( 1=1 AND qid='10' )  [ RunTime:0.0010s ]
SQL: SELECT * FROM `wenda_users` WHERE ( 1=1 AND uid='9' ) LIMIT 1   [ RunTime:0.0010s ]
SQL: SELECT `fileid`,`filename` FROM `wenda_qadditional` WHERE ( 1=1 AND qid='9' )  [ RunTime:0.0010s ]
SQL: SELECT * FROM `wenda_users` WHERE ( 1=1 AND uid='9' ) LIMIT 1   [ RunTime:0.0010s ]
SQL: SELECT `fileid`,`filename` FROM `wenda_qadditional` WHERE ( 1=1 AND qid='8' )  [ RunTime:0.0010s ]
SQL: SELECT * FROM `wenda_users` WHERE ( 1=1 AND uid='9' ) LIMIT 1   [ RunTime:0.0010s ]
SQL: SELECT `fileid`,`filename` FROM `wenda_qadditional` WHERE ( 1=1 AND qid='7' )  [ RunTime:0.0010s ]
SQL: SELECT * FROM `wenda_users` WHERE ( 1=1 AND uid='9' ) LIMIT 1   [ RunTime:0.0000s ]
INFO: [ app_end ] --START--
INFO: Run Behavior\ShowPageTraceBehavior [ RunTime:0.001000s ]
INFO: [ app_end ] --END-- [ RunTime:0.002000s ]

[ 2017-05-06T19:35:30+08:00 ] ::1 /wenda/api.php/Question/qlist
INFO: [ app_init ] --START--
INFO: Run Behavior\BuildLiteBehavior [ RunTime:0.000000s ]
INFO: [ app_init ] --END-- [ RunTime:0.001000s ]
INFO: [ app_begin ] --START--
INFO: Run Behavior\ReadHtmlCacheBehavior [ RunTime:0.001000s ]
INFO: [ app_begin ] --END-- [ RunTime:0.001000s ]
SQL: SHOW COLUMNS FROM `wenda_question` [ RunTime:0.0020s ]
SQL: SELECT * FROM `wenda_question` ORDER BY qid desc LIMIT 0,8   [ RunTime:0.0010s ]
SQL: SHOW COLUMNS FROM `wenda_qadditional` [ RunTime:0.0010s ]
SQL: SELECT `fileid`,`filename` FROM `wenda_qadditional` WHERE ( 1=1 AND qid='14' )  [ RunTime:0.0010s ]
SQL: SHOW COLUMNS FROM `wenda_users` [ RunTime:0.0010s ]
SQL: SELECT * FROM `wenda_users` WHERE ( 1=1 AND uid='9' ) LIMIT 1   [ RunTime:0.0000s ]
SQL: SELECT `fileid`,`filename` FROM `wenda_qadditional` WHERE ( 1=1 AND qid='13' )  [ RunTime:0.0000s ]
SQL: SELECT * FROM `wenda_users` WHERE ( 1=1 AND uid='9' ) LIMIT 1   [ RunTime:0.0000s ]
SQL: SELECT `fileid`,`filename` FROM `wenda_qadditional` WHERE ( 1=1 AND qid='12' )  [ RunTime:0.0000s ]
SQL: SELECT * FROM `wenda_users` WHERE ( 1=1 AND uid='9' ) LIMIT 1   [ RunTime:0.0000s ]
SQL: SELECT `fileid`,`filename` FROM `wenda_qadditional` WHERE ( 1=1 AND qid='11' )  [ RunTime:0.0010s ]
SQL: SELECT * FROM `wenda_users` WHERE ( 1=1 AND uid='9' ) LIMIT 1   [ RunTime:0.0010s ]
SQL: SELECT `fileid`,`filename` FROM `wenda_qadditional` WHERE ( 1=1 AND qid='10' )  [ RunTime:0.0010s ]
SQL: SELECT * FROM `wenda_users` WHERE ( 1=1 AND uid='9' ) LIMIT 1   [ RunTime:0.0010s ]
SQL: SELECT `fileid`,`filename` FROM `wenda_qadditional` WHERE ( 1=1 AND qid='9' )  [ RunTime:0.0000s ]
SQL: SELECT * FROM `wenda_users` WHERE ( 1=1 AND uid='9' ) LIMIT 1   [ RunTime:0.0000s ]
SQL: SELECT `fileid`,`filename` FROM `wenda_qadditional` WHERE ( 1=1 AND qid='8' )  [ RunTime:0.0000s ]
SQL: SELECT * FROM `wenda_users` WHERE ( 1=1 AND uid='9' ) LIMIT 1   [ RunTime:0.0000s ]
SQL: SELECT `fileid`,`filename` FROM `wenda_qadditional` WHERE ( 1=1 AND qid='7' )  [ RunTime:0.0000s ]
SQL: SELECT * FROM `wenda_users` WHERE ( 1=1 AND uid='9' ) LIMIT 1   [ RunTime:0.0000s ]
INFO: [ app_end ] --START--
INFO: Run Behavior\ShowPageTraceBehavior [ RunTime:0.001000s ]
INFO: [ app_end ] --END-- [ RunTime:0.001000s ]

[ 2017-05-06T19:35:31+08:00 ] ::1 /wenda/api.php/Question/qlist
INFO: [ app_init ] --START--
INFO: Run Behavior\BuildLiteBehavior [ RunTime:0.000000s ]
INFO: [ app_init ] --END-- [ RunTime:0.000000s ]
INFO: [ app_begin ] --START--
INFO: Run Behavior\ReadHtmlCacheBehavior [ RunTime:0.001000s ]
INFO: [ app_begin ] --END-- [ RunTime:0.001000s ]
SQL: SHOW COLUMNS FROM `wenda_question` [ RunTime:0.0010s ]
SQL: SELECT * FROM `wenda_question` ORDER BY qid desc LIMIT 0,8   [ RunTime:0.0000s ]
SQL: SHOW COLUMNS FROM `wenda_qadditional` [ RunTime:0.0010s ]
SQL: SELECT `fileid`,`filename` FROM `wenda_qadditional` WHERE ( 1=1 AND qid='14' )  [ RunTime:0.0000s ]
SQL: SHOW COLUMNS FROM `wenda_users` [ RunTime:0.0030s ]
SQL: SELECT * FROM `wenda_users` WHERE ( 1=1 AND uid='9' ) LIMIT 1   [ RunTime:0.0010s ]
SQL: SELECT `fileid`,`filename` FROM `wenda_qadditional` WHERE ( 1=1 AND qid='13' )  [ RunTime:0.0010s ]
SQL: SELECT * FROM `wenda_users` WHERE ( 1=1 AND uid='9' ) LIMIT 1   [ RunTime:0.0000s ]
SQL: SELECT `fileid`,`filename` FROM `wenda_qadditional` WHERE ( 1=1 AND qid='12' )  [ RunTime:0.0000s ]
SQL: SELECT * FROM `wenda_users` WHERE ( 1=1 AND uid='9' ) LIMIT 1   [ RunTime:0.0000s ]
SQL: SELECT `fileid`,`filename` FROM `wenda_qadditional` WHERE ( 1=1 AND qid='11' )  [ RunTime:0.0000s ]
SQL: SELECT * FROM `wenda_users` WHERE ( 1=1 AND uid='9' ) LIMIT 1   [ RunTime:0.0000s ]
SQL: SELECT `fileid`,`filename` FROM `wenda_qadditional` WHERE ( 1=1 AND qid='10' )  [ RunTime:0.0000s ]
SQL: SELECT * FROM `wenda_users` WHERE ( 1=1 AND uid='9' ) LIMIT 1   [ RunTime:0.0000s ]
SQL: SELECT `fileid`,`filename` FROM `wenda_qadditional` WHERE ( 1=1 AND qid='9' )  [ RunTime:0.0010s ]
SQL: SELECT * FROM `wenda_users` WHERE ( 1=1 AND uid='9' ) LIMIT 1   [ RunTime:0.0010s ]
SQL: SELECT `fileid`,`filename` FROM `wenda_qadditional` WHERE ( 1=1 AND qid='8' )  [ RunTime:0.0010s ]
SQL: SELECT * FROM `wenda_users` WHERE ( 1=1 AND uid='9' ) LIMIT 1   [ RunTime:0.0000s ]
SQL: SELECT `fileid`,`filename` FROM `wenda_qadditional` WHERE ( 1=1 AND qid='7' )  [ RunTime:0.0010s ]
SQL: SELECT * FROM `wenda_users` WHERE ( 1=1 AND uid='9' ) LIMIT 1   [ RunTime:0.0010s ]
INFO: [ app_end ] --START--
INFO: Run Behavior\ShowPageTraceBehavior [ RunTime:0.001000s ]
INFO: [ app_end ] --END-- [ RunTime:0.001000s ]

[ 2017-05-06T19:35:32+08:00 ] ::1 /wenda/api.php/Question/qlist
INFO: [ app_init ] --START--
INFO: Run Behavior\BuildLiteBehavior [ RunTime:0.000000s ]
INFO: [ app_init ] --END-- [ RunTime:0.001001s ]
INFO: [ app_begin ] --START--
INFO: Run Behavior\ReadHtmlCacheBehavior [ RunTime:0.001000s ]
INFO: [ app_begin ] --END-- [ RunTime:0.001000s ]
SQL: SHOW COLUMNS FROM `wenda_question` [ RunTime:0.0020s ]
SQL: SELECT * FROM `wenda_question` ORDER BY qid desc LIMIT 0,8   [ RunTime:0.0010s ]
SQL: SHOW COLUMNS FROM `wenda_qadditional` [ RunTime:0.0010s ]
SQL: SELECT `fileid`,`filename` FROM `wenda_qadditional` WHERE ( 1=1 AND qid='14' )  [ RunTime:0.0000s ]
SQL: SHOW COLUMNS FROM `wenda_users` [ RunTime:0.0020s ]
SQL: SELECT * FROM `wenda_users` WHERE ( 1=1 AND uid='9' ) LIMIT 1   [ RunTime:0.0010s ]
SQL: SELECT `fileid`,`filename` FROM `wenda_qadditional` WHERE ( 1=1 AND qid='13' )  [ RunTime:0.0000s ]
SQL: SELECT * FROM `wenda_users` WHERE ( 1=1 AND uid='9' ) LIMIT 1   [ RunTime:0.0000s ]
SQL: SELECT `fileid`,`filename` FROM `wenda_qadditional` WHERE ( 1=1 AND qid='12' )  [ RunTime:0.0010s ]
SQL: SELECT * FROM `wenda_users` WHERE ( 1=1 AND uid='9' ) LIMIT 1   [ RunTime:0.0010s ]
SQL: SELECT `fileid`,`filename` FROM `wenda_qadditional` WHERE ( 1=1 AND qid='11' )  [ RunTime:0.0010s ]
SQL: SELECT * FROM `wenda_users` WHERE ( 1=1 AND uid='9' ) LIMIT 1   [ RunTime:0.0000s ]
SQL: SELECT `fileid`,`filename` FROM `wenda_qadditional` WHERE ( 1=1 AND qid='10' )  [ RunTime:0.0000s ]
SQL: SELECT * FROM `wenda_users` WHERE ( 1=1 AND uid='9' ) LIMIT 1   [ RunTime:0.0030s ]
SQL: SELECT `fileid`,`filename` FROM `wenda_qadditional` WHERE ( 1=1 AND qid='9' )  [ RunTime:0.0010s ]
SQL: SELECT * FROM `wenda_users` WHERE ( 1=1 AND uid='9' ) LIMIT 1   [ RunTime:0.0000s ]
SQL: SELECT `fileid`,`filename` FROM `wenda_qadditional` WHERE ( 1=1 AND qid='8' )  [ RunTime:0.0000s ]
SQL: SELECT * FROM `wenda_users` WHERE ( 1=1 AND uid='9' ) LIMIT 1   [ RunTime:0.0000s ]
SQL: SELECT `fileid`,`filename` FROM `wenda_qadditional` WHERE ( 1=1 AND qid='7' )  [ RunTime:0.0010s ]
SQL: SELECT * FROM `wenda_users` WHERE ( 1=1 AND uid='9' ) LIMIT 1   [ RunTime:0.0010s ]
INFO: [ app_end ] --START--
INFO: Run Behavior\ShowPageTraceBehavior [ RunTime:0.001000s ]
INFO: [ app_end ] --END-- [ RunTime:0.001000s ]

[ 2017-05-06T19:54:30+08:00 ] ::1 /wenda/api.php/Question/qlist
INFO: [ app_init ] --START--
INFO: Run Behavior\BuildLiteBehavior [ RunTime:0.000000s ]
INFO: [ app_init ] --END-- [ RunTime:0.000000s ]
INFO: [ app_begin ] --START--
INFO: Run Behavior\ReadHtmlCacheBehavior [ RunTime:0.001000s ]
INFO: [ app_begin ] --END-- [ RunTime:0.001000s ]
SQL: SHOW COLUMNS FROM `wenda_question` [ RunTime:0.0020s ]
SQL: SELECT * FROM `wenda_question` ORDER BY qid desc LIMIT 0,8   [ RunTime:0.0000s ]
SQL: SHOW COLUMNS FROM `wenda_qadditional` [ RunTime:0.0010s ]
SQL: SELECT `fileid`,`filename` FROM `wenda_qadditional` WHERE ( 1=1 AND qid='14' )  [ RunTime:0.0010s ]
SQL: SHOW COLUMNS FROM `wenda_users` [ RunTime:0.0010s ]
SQL: SELECT * FROM `wenda_users` WHERE ( 1=1 AND uid='9' ) LIMIT 1   [ RunTime:0.0000s ]
SQL: SELECT `fileid`,`filename` FROM `wenda_qadditional` WHERE ( 1=1 AND qid='13' )  [ RunTime:0.0010s ]
SQL: SELECT * FROM `wenda_users` WHERE ( 1=1 AND uid='9' ) LIMIT 1   [ RunTime:0.0010s ]
SQL: SELECT `fileid`,`filename` FROM `wenda_qadditional` WHERE ( 1=1 AND qid='12' )  [ RunTime:0.0000s ]
SQL: SELECT * FROM `wenda_users` WHERE ( 1=1 AND uid='9' ) LIMIT 1   [ RunTime:0.0000s ]
SQL: SELECT `fileid`,`filename` FROM `wenda_qadditional` WHERE ( 1=1 AND qid='11' )  [ RunTime:0.0000s ]
SQL: SELECT * FROM `wenda_users` WHERE ( 1=1 AND uid='9' ) LIMIT 1   [ RunTime:0.0010s ]
SQL: SELECT `fileid`,`filename` FROM `wenda_qadditional` WHERE ( 1=1 AND qid='10' )  [ RunTime:0.0010s ]
SQL: SELECT * FROM `wenda_users` WHERE ( 1=1 AND uid='9' ) LIMIT 1   [ RunTime:0.0000s ]
SQL: SELECT `fileid`,`filename` FROM `wenda_qadditional` WHERE ( 1=1 AND qid='9' )  [ RunTime:0.0010s ]
SQL: SELECT * FROM `wenda_users` WHERE ( 1=1 AND uid='9' ) LIMIT 1   [ RunTime:0.0010s ]
SQL: SELECT `fileid`,`filename` FROM `wenda_qadditional` WHERE ( 1=1 AND qid='8' )  [ RunTime:0.0000s ]
SQL: SELECT * FROM `wenda_users` WHERE ( 1=1 AND uid='9' ) LIMIT 1   [ RunTime:0.0000s ]
SQL: SELECT `fileid`,`filename` FROM `wenda_qadditional` WHERE ( 1=1 AND qid='7' )  [ RunTime:0.0010s ]
SQL: SELECT * FROM `wenda_users` WHERE ( 1=1 AND uid='9' ) LIMIT 1   [ RunTime:0.0010s ]
INFO: [ app_end ] --START--
INFO: Run Behavior\ShowPageTraceBehavior [ RunTime:0.001000s ]
INFO: [ app_end ] --END-- [ RunTime:0.001000s ]

[ 2017-05-06T19:54:38+08:00 ] ::1 /wenda/api.php/Question/qlist
INFO: [ app_init ] --START--
INFO: Run Behavior\BuildLiteBehavior [ RunTime:0.000000s ]
INFO: [ app_init ] --END-- [ RunTime:0.000000s ]
INFO: [ app_begin ] --START--
INFO: Run Behavior\ReadHtmlCacheBehavior [ RunTime:0.001000s ]
INFO: [ app_begin ] --END-- [ RunTime:0.001000s ]
SQL: SHOW COLUMNS FROM `wenda_question` [ RunTime:0.0020s ]
SQL: SELECT * FROM `wenda_question` ORDER BY qid desc LIMIT 0,8   [ RunTime:0.0000s ]
SQL: SHOW COLUMNS FROM `wenda_qadditional` [ RunTime:0.0010s ]
SQL: SELECT `fileid`,`filename` FROM `wenda_qadditional` WHERE ( 1=1 AND qid='14' )  [ RunTime:0.0010s ]
SQL: SHOW COLUMNS FROM `wenda_users` [ RunTime:0.0010s ]
SQL: SELECT * FROM `wenda_users` WHERE ( 1=1 AND uid='9' ) LIMIT 1   [ RunTime:0.0010s ]
SQL: SELECT `fileid`,`filename` FROM `wenda_qadditional` WHERE ( 1=1 AND qid='13' )  [ RunTime:0.0010s ]
SQL: SELECT * FROM `wenda_users` WHERE ( 1=1 AND uid='9' ) LIMIT 1   [ RunTime:0.0010s ]
SQL: SELECT `fileid`,`filename` FROM `wenda_qadditional` WHERE ( 1=1 AND qid='12' )  [ RunTime:0.0010s ]
SQL: SELECT * FROM `wenda_users` WHERE ( 1=1 AND uid='9' ) LIMIT 1   [ RunTime:0.0010s ]
SQL: SELECT `fileid`,`filename` FROM `wenda_qadditional` WHERE ( 1=1 AND qid='11' )  [ RunTime:0.0010s ]
SQL: SELECT * FROM `wenda_users` WHERE ( 1=1 AND uid='9' ) LIMIT 1   [ RunTime:0.0000s ]
SQL: SELECT `fileid`,`filename` FROM `wenda_qadditional` WHERE ( 1=1 AND qid='10' )  [ RunTime:0.0000s ]
SQL: SELECT * FROM `wenda_users` WHERE ( 1=1 AND uid='9' ) LIMIT 1   [ RunTime:0.0000s ]
SQL: SELECT `fileid`,`filename` FROM `wenda_qadditional` WHERE ( 1=1 AND qid='9' )  [ RunTime:0.0000s ]
SQL: SELECT * FROM `wenda_users` WHERE ( 1=1 AND uid='9' ) LIMIT 1   [ RunTime:0.0000s ]
SQL: SELECT `fileid`,`filename` FROM `wenda_qadditional` WHERE ( 1=1 AND qid='8' )  [ RunTime:0.0000s ]
SQL: SELECT * FROM `wenda_users` WHERE ( 1=1 AND uid='9' ) LIMIT 1   [ RunTime:0.0000s ]
SQL: SELECT `fileid`,`filename` FROM `wenda_qadditional` WHERE ( 1=1 AND qid='7' )  [ RunTime:0.0000s ]
SQL: SELECT * FROM `wenda_users` WHERE ( 1=1 AND uid='9' ) LIMIT 1   [ RunTime:0.0000s ]
INFO: [ app_end ] --START--
INFO: Run Behavior\ShowPageTraceBehavior [ RunTime:0.001000s ]
INFO: [ app_end ] --END-- [ RunTime:0.001000s ]

[ 2017-05-06T20:23:45+08:00 ] ::1 /wenda/api.php/Question
INFO: [ app_init ] --START--
INFO: Run Behavior\BuildLiteBehavior [ RunTime:0.000000s ]
INFO: [ app_init ] --END-- [ RunTime:0.001000s ]
INFO: [ app_begin ] --START--
INFO: Run Behavior\ReadHtmlCacheBehavior [ RunTime:0.001000s ]
INFO: [ app_begin ] --END-- [ RunTime:0.001000s ]
ERR: 非法操作:index

[ 2017-05-06T20:23:49+08:00 ] ::1 /wenda/api.php/Question/qlist
INFO: [ app_init ] --START--
INFO: Run Behavior\BuildLiteBehavior [ RunTime:0.000000s ]
INFO: [ app_init ] --END-- [ RunTime:0.001000s ]
INFO: [ app_begin ] --START--
INFO: Run Behavior\ReadHtmlCacheBehavior [ RunTime:0.001000s ]
INFO: [ app_begin ] --END-- [ RunTime:0.001000s ]
SQL: SHOW COLUMNS FROM `wenda_question` [ RunTime:0.0010s ]
SQL: SELECT * FROM `wenda_question` ORDER BY qid desc LIMIT 0,8   [ RunTime:0.0000s ]
SQL: SHOW COLUMNS FROM `wenda_qadditional` [ RunTime:0.0010s ]
SQL: SELECT `fileid`,`filename` FROM `wenda_qadditional` WHERE ( 1=1 AND qid='14' )  [ RunTime:0.0010s ]
SQL: SHOW COLUMNS FROM `wenda_users` [ RunTime:0.0010s ]
SQL: SELECT * FROM `wenda_users` WHERE ( 1=1 AND uid='9' ) LIMIT 1   [ RunTime:0.0010s ]
SQL: SELECT `fileid`,`filename` FROM `wenda_qadditional` WHERE ( 1=1 AND qid='13' )  [ RunTime:0.0010s ]
SQL: SELECT * FROM `wenda_users` WHERE ( 1=1 AND uid='9' ) LIMIT 1   [ RunTime:0.0010s ]
SQL: SELECT `fileid`,`filename` FROM `wenda_qadditional` WHERE ( 1=1 AND qid='12' )  [ RunTime:0.0000s ]
SQL: SELECT * FROM `wenda_users` WHERE ( 1=1 AND uid='9' ) LIMIT 1   [ RunTime:0.0020s ]
SQL: SELECT `fileid`,`filename` FROM `wenda_qadditional` WHERE ( 1=1 AND qid='11' )  [ RunTime:0.0010s ]
SQL: SELECT * FROM `wenda_users` WHERE ( 1=1 AND uid='9' ) LIMIT 1   [ RunTime:0.0000s ]
SQL: SELECT `fileid`,`filename` FROM `wenda_qadditional` WHERE ( 1=1 AND qid='10' )  [ RunTime:0.0000s ]
SQL: SELECT * FROM `wenda_users` WHERE ( 1=1 AND uid='9' ) LIMIT 1   [ RunTime:0.0000s ]
SQL: SELECT `fileid`,`filename` FROM `wenda_qadditional` WHERE ( 1=1 AND qid='9' )  [ RunTime:0.0010s ]
SQL: SELECT * FROM `wenda_users` WHERE ( 1=1 AND uid='9' ) LIMIT 1   [ RunTime:0.0010s ]
SQL: SELECT `fileid`,`filename` FROM `wenda_qadditional` WHERE ( 1=1 AND qid='8' )  [ RunTime:0.0010s ]
SQL: SELECT * FROM `wenda_users` WHERE ( 1=1 AND uid='9' ) LIMIT 1   [ RunTime:0.0000s ]
SQL: SELECT `fileid`,`filename` FROM `wenda_qadditional` WHERE ( 1=1 AND qid='7' )  [ RunTime:0.0000s ]
SQL: SELECT * FROM `wenda_users` WHERE ( 1=1 AND uid='9' ) LIMIT 1   [ RunTime:0.0000s ]
INFO: [ app_end ] --START--
INFO: Run Behavior\ShowPageTraceBehavior [ RunTime:0.001000s ]
INFO: [ app_end ] --END-- [ RunTime:0.001000s ]

