[ 2017-05-17T00:00:59+08:00 ] ::1 /wenda/api.php/Follow/followlist?uid=10
ERR: 1064:You have an error in your SQL syntax; check the manual that corresponds to your MySQL server version for the right syntax to use near 'in ) AND (  (  11 ) AND (  12 ) )' at line 1
 [ SQL语句 ] : SELECT * FROM `wenda_users` WHERE (  in ) AND (  (  11 ) AND (  12 ) ) 

[ 2017-05-17T07:38:19+08:00 ] ::1 /wenda/api.php/Personal/test
ERR: 非法操作:test

[ 2017-05-17T07:41:40+08:00 ] ::1 /wenda/api.php/Follow/followlist?uid=10
ERR: 1064:You have an error in your SQL syntax; check the manual that corresponds to your MySQL server version for the right syntax to use near ')' at line 1
 [ SQL语句 ] : SELECT `uid`,`username`,`email`,`tel`,`identity`,`upic` FROM `wenda_users` WHERE `uid` IN () 

[ 2017-05-17T07:59:11+08:00 ] ::1 /wenda/api.php/Follow/followlist?uid=99
ERR: 1064:You have an error in your SQL syntax; check the manual that corresponds to your MySQL server version for the right syntax to use near ')' at line 1
 [ SQL语句 ] : SELECT `uid`,`username`,`email`,`tel`,`identity`,`upic` FROM `wenda_users` WHERE `uid` IN () 

[ 2017-05-17T07:59:21+08:00 ] ::1 /wenda/api.php/Follow/followlist?uid=9
ERR: 1064:You have an error in your SQL syntax; check the manual that corresponds to your MySQL server version for the right syntax to use near ')' at line 1
 [ SQL语句 ] : SELECT `uid`,`username`,`email`,`tel`,`identity`,`upic` FROM `wenda_users` WHERE `uid` IN () 

[ 2017-05-17T07:59:23+08:00 ] ::1 /wenda/api.php/Follow/followlist?uid=99
ERR: 1064:You have an error in your SQL syntax; check the manual that corresponds to your MySQL server version for the right syntax to use near ')' at line 1
 [ SQL语句 ] : SELECT `uid`,`username`,`email`,`tel`,`identity`,`upic` FROM `wenda_users` WHERE `uid` IN () 

[ 2017-05-17T07:59:41+08:00 ] ::1 /wenda/api.php/Follow/followlist?uid=18
ERR: 1064:You have an error in your SQL syntax; check the manual that corresponds to your MySQL server version for the right syntax to use near ')' at line 1
 [ SQL语句 ] : SELECT `uid`,`username`,`email`,`tel`,`identity`,`upic` FROM `wenda_users` WHERE `uid` IN () 

[ 2017-05-17T07:59:45+08:00 ] ::1 /wenda/api.php/Follow/followlist?uid=18
ERR: 1064:You have an error in your SQL syntax; check the manual that corresponds to your MySQL server version for the right syntax to use near ')' at line 1
 [ SQL语句 ] : SELECT `uid`,`username`,`email`,`tel`,`identity`,`upic` FROM `wenda_users` WHERE `uid` IN () 

[ 2017-05-17T08:00:30+08:00 ] ::1 /wenda/api.php/Follow/followlist?uid=18
ERR: 1064:You have an error in your SQL syntax; check the manual that corresponds to your MySQL server version for the right syntax to use near ')' at line 1
 [ SQL语句 ] : SELECT `uid`,`username`,`email`,`tel`,`identity`,`upic` FROM `wenda_users` WHERE `uid` IN () 

[ 2017-05-17T08:00:36+08:00 ] ::1 /wenda/api.php/Follow/followlist?uid=18
ERR: 1064:You have an error in your SQL syntax; check the manual that corresponds to your MySQL server version for the right syntax to use near ')' at line 1
 [ SQL语句 ] : SELECT `uid`,`username`,`email`,`tel`,`identity`,`upic` FROM `wenda_users` WHERE `uid` IN () 

[ 2017-05-17T08:00:37+08:00 ] ::1 /wenda/api.php/Follow/followlist?uid=18
ERR: 1064:You have an error in your SQL syntax; check the manual that corresponds to your MySQL server version for the right syntax to use near ')' at line 1
 [ SQL语句 ] : SELECT `uid`,`username`,`email`,`tel`,`identity`,`upic` FROM `wenda_users` WHERE `uid` IN () 

[ 2017-05-17T08:00:38+08:00 ] ::1 /wenda/api.php/Follow/followlist?uid=18
ERR: 1064:You have an error in your SQL syntax; check the manual that corresponds to your MySQL server version for the right syntax to use near ')' at line 1
 [ SQL语句 ] : SELECT `uid`,`username`,`email`,`tel`,`identity`,`upic` FROM `wenda_users` WHERE `uid` IN () 

