[ 2017-05-16T23:04:00+08:00 ] ::1 /wenda/api.php/Follow/followlist?uid=10
INFO: [ app_init ] --START--
INFO: Run Behavior\BuildLiteBehavior [ RunTime:0.000000s ]
INFO: [ app_init ] --END-- [ RunTime:0.000000s ]
INFO: [ app_begin ] --START--
INFO: Run Behavior\ReadHtmlCacheBehavior [ RunTime:0.002500s ]
INFO: [ app_begin ] --END-- [ RunTime:0.005000s ]
INFO: [ app_end ] --START--
INFO: Run Behavior\ShowPageTraceBehavior [ RunTime:0.002500s ]
INFO: [ app_end ] --END-- [ RunTime:0.002500s ]

[ 2017-05-16T23:17:40+08:00 ] ::1 /wenda/api.php/Follow/followlist
INFO: [ app_init ] --START--
INFO: Run Behavior\BuildLiteBehavior [ RunTime:0.000000s ]
INFO: [ app_init ] --END-- [ RunTime:0.000000s ]
INFO: [ app_begin ] --START--
INFO: Run Behavior\ReadHtmlCacheBehavior [ RunTime:0.002500s ]
INFO: [ app_begin ] --END-- [ RunTime:0.002500s ]
NOTIC: [8] Undefined index: uid D:\wamp64\www\wenda\Application\API\Controller\FollowController.class.php 第 89 行.

[ 2017-05-16T23:25:42+08:00 ] ::1 /wenda/api.php/Follow/followlist
INFO: [ app_init ] --START--
INFO: Run Behavior\BuildLiteBehavior [ RunTime:0.000000s ]
INFO: [ app_init ] --END-- [ RunTime:0.000000s ]
INFO: [ app_begin ] --START--
INFO: Run Behavior\ReadHtmlCacheBehavior [ RunTime:0.002500s ]
INFO: [ app_begin ] --END-- [ RunTime:0.002500s ]
NOTIC: [8] Undefined index: uid D:\wamp64\www\wenda\Application\API\Controller\FollowController.class.php 第 89 行.

[ 2017-05-16T23:25:46+08:00 ] ::1 /wenda/api.php/Follow/followlist?uid=10
INFO: [ app_init ] --START--
INFO: Run Behavior\BuildLiteBehavior [ RunTime:0.000000s ]
INFO: [ app_init ] --END-- [ RunTime:0.000000s ]
INFO: [ app_begin ] --START--
INFO: Run Behavior\ReadHtmlCacheBehavior [ RunTime:0.000000s ]
INFO: [ app_begin ] --END-- [ RunTime:0.000000s ]
SQL: SHOW COLUMNS FROM `wenda_friendlist` [ RunTime:0.0025s ]
SQL: SELECT * FROM `wenda_friendlist` WHERE ( uid = 10 )  [ RunTime:0.0000s ]
INFO: [ app_end ] --START--
INFO: Run Behavior\ShowPageTraceBehavior [ RunTime:0.000000s ]
INFO: [ app_end ] --END-- [ RunTime:0.000000s ]

[ 2017-05-16T23:28:16+08:00 ] ::1 /wenda/api.php/Follow/followlist?uid=10
INFO: [ app_init ] --START--
INFO: Run Behavior\BuildLiteBehavior [ RunTime:0.000000s ]
INFO: [ app_init ] --END-- [ RunTime:0.002500s ]
INFO: [ app_begin ] --START--
INFO: Run Behavior\ReadHtmlCacheBehavior [ RunTime:0.000000s ]
INFO: [ app_begin ] --END-- [ RunTime:0.002501s ]
SQL: SHOW COLUMNS FROM `wenda_friendlist` [ RunTime:0.0025s ]
SQL: SELECT `fuid` FROM `wenda_friendlist` WHERE ( uid = 10 )  [ RunTime:0.0000s ]
INFO: [ app_end ] --START--
INFO: Run Behavior\ShowPageTraceBehavior [ RunTime:0.000000s ]
INFO: [ app_end ] --END-- [ RunTime:0.002500s ]

[ 2017-05-16T23:29:31+08:00 ] ::1 /wenda/api.php/Follow/followlist?uid=10
INFO: [ app_init ] --START--
INFO: Run Behavior\BuildLiteBehavior [ RunTime:0.000000s ]
INFO: [ app_init ] --END-- [ RunTime:0.000000s ]
INFO: [ app_begin ] --START--
INFO: Run Behavior\ReadHtmlCacheBehavior [ RunTime:0.000000s ]
INFO: [ app_begin ] --END-- [ RunTime:0.002501s ]
SQL: SHOW COLUMNS FROM `wenda_friendlist` [ RunTime:0.0025s ]
SQL: SELECT `fuid` FROM `wenda_friendlist` WHERE ( uid = 10 )  [ RunTime:0.0000s ]
SQL: SHOW COLUMNS FROM `wenda_users` [ RunTime:0.0300s ]
INFO: [ app_end ] --START--
INFO: Run Behavior\ShowPageTraceBehavior [ RunTime:0.002500s ]
INFO: [ app_end ] --END-- [ RunTime:0.002500s ]

[ 2017-05-16T23:31:48+08:00 ] ::1 /wenda/api.php/Follow/followlist?uid=10
INFO: [ app_init ] --START--
INFO: Run Behavior\BuildLiteBehavior [ RunTime:0.000000s ]
INFO: [ app_init ] --END-- [ RunTime:0.000000s ]
INFO: [ app_begin ] --START--
INFO: Run Behavior\ReadHtmlCacheBehavior [ RunTime:0.000000s ]
INFO: [ app_begin ] --END-- [ RunTime:0.002500s ]
SQL: SHOW COLUMNS FROM `wenda_friendlist` [ RunTime:0.0025s ]
SQL: SELECT `fuid` FROM `wenda_friendlist` WHERE ( uid = 10 )  [ RunTime:0.0000s ]
SQL: SHOW COLUMNS FROM `wenda_users` [ RunTime:0.0025s ]
ERR: 1064:You have an error in your SQL syntax; check the manual that corresponds to your MySQL server version for the right syntax to use near 'in ) AND (  (  `fuid` = '11' ) AND (  `fuid` = '11' ) )' at line 1
 [ SQL语句 ] : SELECT * FROM `wenda_users` WHERE (  in ) AND (  (  `fuid` = '11' ) AND (  `fuid` = '11' ) ) 
ERR: 1064:You have an error in your SQL syntax; check the manual that corresponds to your MySQL server version for the right syntax to use near 'in ) AND (  (  `fuid` = '11' ) AND (  `fuid` = '11' ) )' at line 1
 [ SQL语句 ] : SELECT * FROM `wenda_users` WHERE (  in ) AND (  (  `fuid` = '11' ) AND (  `fuid` = '11' ) ) 

[ 2017-05-16T23:32:21+08:00 ] ::1 /wenda/api.php/Follow/followlist?uid=10
INFO: [ app_init ] --START--
INFO: Run Behavior\BuildLiteBehavior [ RunTime:0.000000s ]
INFO: [ app_init ] --END-- [ RunTime:0.002500s ]
INFO: [ app_begin ] --START--
INFO: Run Behavior\ReadHtmlCacheBehavior [ RunTime:0.002500s ]
INFO: [ app_begin ] --END-- [ RunTime:0.002500s ]
SQL: SHOW COLUMNS FROM `wenda_friendlist` [ RunTime:0.0025s ]
SQL: SELECT `fuid` FROM `wenda_friendlist` WHERE ( uid = 10 )  [ RunTime:0.0000s ]
SQL: SHOW COLUMNS FROM `wenda_users` [ RunTime:0.0025s ]
ERR: 1064:You have an error in your SQL syntax; check the manual that corresponds to your MySQL server version for the right syntax to use near 'in ) AND (  (  `fuid` = '11' ) AND (  `fuid` = '11' ) )' at line 1
 [ SQL语句 ] : SELECT * FROM `wenda_users` WHERE (  in ) AND (  (  `fuid` = '11' ) AND (  `fuid` = '11' ) ) 
ERR: 1064:You have an error in your SQL syntax; check the manual that corresponds to your MySQL server version for the right syntax to use near 'in ) AND (  (  `fuid` = '11' ) AND (  `fuid` = '11' ) )' at line 1
 [ SQL语句 ] : SELECT * FROM `wenda_users` WHERE (  in ) AND (  (  `fuid` = '11' ) AND (  `fuid` = '11' ) ) 

[ 2017-05-16T23:32:36+08:00 ] ::1 /wenda/api.php/Follow/followlist?uid=10
ERR: 1064:You have an error in your SQL syntax; check the manual that corresponds to your MySQL server version for the right syntax to use near 'in ) AND (  (  `fuid` = '11' ) AND (  `fuid` = '11' ) )' at line 1
 [ SQL语句 ] : SELECT * FROM `wenda_users` WHERE (  in ) AND (  (  `fuid` = '11' ) AND (  `fuid` = '11' ) ) 

[ 2017-05-16T23:33:35+08:00 ] ::1 /wenda/api.php/Follow/followlist?uid=10
ERR: 1054:Unknown column 'Array' in 'where clause'
 [ SQL语句 ] : SELECT * FROM `wenda_users` WHERE ( uid = Array ) 

[ 2017-05-16T23:34:50+08:00 ] ::1 /wenda/api.php/Follow/followlist?uid=10
ERR: 1054:Unknown column 'Array' in 'where clause'
 [ SQL语句 ] : SELECT * FROM `wenda_users` WHERE ( uid = Array ) 

[ 2017-05-16T23:34:51+08:00 ] ::1 /wenda/api.php/Follow/followlist?uid=10
ERR: 1054:Unknown column 'Array' in 'where clause'
 [ SQL语句 ] : SELECT * FROM `wenda_users` WHERE ( uid = Array ) 

[ 2017-05-16T23:45:54+08:00 ] ::1 /wenda/api.php/Follow/followlist?uid=10
ERR: 1064:You have an error in your SQL syntax; check the manual that corresponds to your MySQL server version for the right syntax to use near 'in ) AND (  (  `fuid` = '11' ) AND (  `fuid` = '11' ) )' at line 1
 [ SQL语句 ] : SELECT * FROM `wenda_users` WHERE (  in ) AND (  (  `fuid` = '11' ) AND (  `fuid` = '11' ) ) 

[ 2017-05-16T23:50:17+08:00 ] ::1 /wenda/api.php/Follow/followlist?uid=10
ERR: 1054:Unknown column 'Array' in 'where clause'
 [ SQL语句 ] : SELECT * FROM `wenda_users` WHERE ( uid = Array ) 

[ 2017-05-16T23:50:32+08:00 ] ::1 /wenda/api.php/Follow/followlist?uid=10
ERR: 1064:You have an error in your SQL syntax; check the manual that corresponds to your MySQL server version for the right syntax to use near ')' at line 1
 [ SQL语句 ] : SELECT * FROM `wenda_users` WHERE ( uid =  ) 

[ 2017-05-16T23:50:53+08:00 ] ::1 /wenda/api.php/Follow/followlist?uid=10
ERR: 1064:You have an error in your SQL syntax; check the manual that corresponds to your MySQL server version for the right syntax to use near ')' at line 1
 [ SQL语句 ] : SELECT * FROM `wenda_users` WHERE ( uid =  ) 

[ 2017-05-16T23:50:54+08:00 ] ::1 /wenda/api.php/Follow/followlist?uid=10
ERR: 1064:You have an error in your SQL syntax; check the manual that corresponds to your MySQL server version for the right syntax to use near ')' at line 1
 [ SQL语句 ] : SELECT * FROM `wenda_users` WHERE ( uid =  ) 

[ 2017-05-16T23:50:55+08:00 ] ::1 /wenda/api.php/Follow/followlist?uid=10
ERR: 1064:You have an error in your SQL syntax; check the manual that corresponds to your MySQL server version for the right syntax to use near ')' at line 1
 [ SQL语句 ] : SELECT * FROM `wenda_users` WHERE ( uid =  ) 

