[ 2017-03-22T11:34:19+08:00 ] 127.0.0.1 /wenda/api.php/Login/login
INFO: [ app_init ] --START--
INFO: Run Behavior\BuildLiteBehavior [ RunTime:0.000000s ]
INFO: [ app_init ] --END-- [ RunTime:0.009001s ]
INFO: [ app_begin ] --START--
INFO: Run Behavior\ReadHtmlCacheBehavior [ RunTime:0.013502s ]
INFO: [ app_begin ] --END-- [ RunTime:0.014002s ]
ERR: 无法加载控制器:Login

[ 2017-03-22T11:36:08+08:00 ] 127.0.0.1 /wenda/api.php/Login/login
INFO: [ app_init ] --START--
INFO: Run Behavior\BuildLiteBehavior [ RunTime:0.000000s ]
INFO: [ app_init ] --END-- [ RunTime:0.001000s ]
INFO: [ app_begin ] --START--
INFO: Run Behavior\ReadHtmlCacheBehavior [ RunTime:0.001000s ]
INFO: [ app_begin ] --END-- [ RunTime:0.001500s ]
ERR: 无法加载控制器:Login

[ 2017-03-22T11:36:52+08:00 ] 127.0.0.1 /wenda/api.php/Login/login
INFO: [ app_init ] --START--
INFO: Run Behavior\BuildLiteBehavior [ RunTime:0.000000s ]
INFO: [ app_init ] --END-- [ RunTime:0.001000s ]
INFO: [ app_begin ] --START--
INFO: Run Behavior\ReadHtmlCacheBehavior [ RunTime:0.001001s ]
INFO: [ app_begin ] --END-- [ RunTime:0.001501s ]
ERR: 无法加载控制器:Login

[ 2017-03-22T11:38:23+08:00 ] 127.0.0.1 /wenda/api.php/Users/login
INFO: [ app_init ] --START--
INFO: Run Behavior\BuildLiteBehavior [ RunTime:0.000000s ]
INFO: [ app_init ] --END-- [ RunTime:0.000500s ]
INFO: [ app_begin ] --START--
INFO: Run Behavior\ReadHtmlCacheBehavior [ RunTime:0.001000s ]
INFO: [ app_begin ] --END-- [ RunTime:0.001000s ]
SQL: SHOW COLUMNS FROM `wenda_users` [ RunTime:0.0020s ]
SQL: SELECT * FROM `wenda_users` WHERE `username` = '小强' AND `pwd` = '123' LIMIT 1   [ RunTime:0.0005s ]

[ 2017-03-22T11:38:30+08:00 ] 127.0.0.1 /wenda/api.php/Users/login
INFO: [ app_init ] --START--
INFO: Run Behavior\BuildLiteBehavior [ RunTime:0.000000s ]
INFO: [ app_init ] --END-- [ RunTime:0.001500s ]
INFO: [ app_begin ] --START--
INFO: Run Behavior\ReadHtmlCacheBehavior [ RunTime:0.002000s ]
INFO: [ app_begin ] --END-- [ RunTime:0.003001s ]
SQL: SHOW COLUMNS FROM `wenda_users` [ RunTime:0.0020s ]
SQL: SELECT * FROM `wenda_users` WHERE `username` = '小强' AND `pwd` = '123' LIMIT 1   [ RunTime:0.0005s ]

[ 2017-03-22T18:24:34+08:00 ] 127.0.0.1 /wenda/api.php/Users/login
INFO: [ app_init ] --START--
INFO: Run Behavior\BuildLiteBehavior [ RunTime:0.000000s ]
INFO: [ app_init ] --END-- [ RunTime:0.009502s ]
INFO: [ app_begin ] --START--
INFO: Run Behavior\ReadHtmlCacheBehavior [ RunTime:0.014502s ]
INFO: [ app_begin ] --END-- [ RunTime:0.014502s ]
SQL: SHOW COLUMNS FROM `wenda_users` [ RunTime:0.1745s ]
SQL: SELECT * FROM `wenda_users` WHERE `username` = '小强' AND `pwd` = '123' LIMIT 1   [ RunTime:0.0005s ]

[ 2017-03-22T18:24:35+08:00 ] 127.0.0.1 /wenda/api.php/Users/login
INFO: [ app_init ] --START--
INFO: Run Behavior\BuildLiteBehavior [ RunTime:0.000000s ]
INFO: [ app_init ] --END-- [ RunTime:0.001000s ]
INFO: [ app_begin ] --START--
INFO: Run Behavior\ReadHtmlCacheBehavior [ RunTime:0.001500s ]
INFO: [ app_begin ] --END-- [ RunTime:0.002500s ]
SQL: SHOW COLUMNS FROM `wenda_users` [ RunTime:0.0015s ]
SQL: SELECT * FROM `wenda_users` WHERE `username` = '小强' AND `pwd` = '123' LIMIT 1   [ RunTime:0.0005s ]

[ 2017-03-22T18:24:36+08:00 ] 127.0.0.1 /wenda/api.php/Users/login
INFO: [ app_init ] --START--
INFO: Run Behavior\BuildLiteBehavior [ RunTime:0.000000s ]
INFO: [ app_init ] --END-- [ RunTime:0.001000s ]
INFO: [ app_begin ] --START--
INFO: Run Behavior\ReadHtmlCacheBehavior [ RunTime:0.002500s ]
INFO: [ app_begin ] --END-- [ RunTime:0.003500s ]
SQL: SHOW COLUMNS FROM `wenda_users` [ RunTime:0.0025s ]
SQL: SELECT * FROM `wenda_users` WHERE `username` = '小强' AND `pwd` = '123' LIMIT 1   [ RunTime:0.0005s ]

[ 2017-03-22T18:25:31+08:00 ] 127.0.0.1 /wenda/api.php/Users/login
INFO: [ app_init ] --START--
INFO: Run Behavior\BuildLiteBehavior [ RunTime:0.000000s ]
INFO: [ app_init ] --END-- [ RunTime:0.001000s ]
INFO: [ app_begin ] --START--
INFO: Run Behavior\ReadHtmlCacheBehavior [ RunTime:0.001000s ]
INFO: [ app_begin ] --END-- [ RunTime:0.001000s ]
SQL: SHOW COLUMNS FROM `wenda_users` [ RunTime:0.0015s ]
SQL: SELECT * FROM `wenda_users` WHERE `username` = '小强' AND `pwd` = '123' LIMIT 1   [ RunTime:0.0010s ]

[ 2017-03-22T18:28:43+08:00 ] 127.0.0.1 /wenda/api.php/Users/login
INFO: [ app_init ] --START--
INFO: Run Behavior\BuildLiteBehavior [ RunTime:0.000500s ]
INFO: [ app_init ] --END-- [ RunTime:0.001000s ]
INFO: [ app_begin ] --START--
INFO: Run Behavior\ReadHtmlCacheBehavior [ RunTime:0.001500s ]
INFO: [ app_begin ] --END-- [ RunTime:0.002000s ]
NOTIC: [8] Use of undefined constant POST - assumed 'POST' D:\wamp64\www\wenda\Application\API\Controller\UsersController.class.php 第 7 行.
SQL: SHOW COLUMNS FROM `wenda_users` [ RunTime:0.0065s ]
SQL: SELECT * FROM `wenda_users` WHERE `username` = '小强' AND `pwd` = '123' LIMIT 1   [ RunTime:0.0010s ]

[ 2017-03-22T18:48:01+08:00 ] 127.0.0.1 /wenda/api.php/Users/login?username=%E5%B0%8F%E5%BC%BA&pwd=123
INFO: [ app_init ] --START--
INFO: Run Behavior\BuildLiteBehavior [ RunTime:0.000000s ]
INFO: [ app_init ] --END-- [ RunTime:0.001000s ]
INFO: [ app_begin ] --START--
INFO: Run Behavior\ReadHtmlCacheBehavior [ RunTime:0.001500s ]
INFO: [ app_begin ] --END-- [ RunTime:0.001500s ]
SQL: SHOW COLUMNS FROM `wenda_users` [ RunTime:0.0025s ]
SQL: SELECT * FROM `wenda_users` WHERE `username` = '小强' AND `pwd` = '123' LIMIT 1   [ RunTime:0.0005s ]

[ 2017-03-22T19:32:06+08:00 ] 127.0.0.1 /wenda/api.php/Users/login?username=%E5%B0%8F%E5%BC%BA&pwd=123
INFO: [ app_init ] --START--
INFO: Run Behavior\BuildLiteBehavior [ RunTime:0.000000s ]
INFO: [ app_init ] --END-- [ RunTime:0.000500s ]
INFO: [ app_begin ] --START--
INFO: Run Behavior\ReadHtmlCacheBehavior [ RunTime:0.000500s ]
INFO: [ app_begin ] --END-- [ RunTime:0.001001s ]
SQL: SHOW COLUMNS FROM `wenda_users` [ RunTime:0.0390s ]
SQL: SELECT * FROM `wenda_users` WHERE `username` = '小强' AND `pwd` = '123' LIMIT 1   [ RunTime:0.0005s ]

[ 2017-03-22T19:41:15+08:00 ] 127.0.0.1 /wenda/api.php/Users/regusers
INFO: [ app_init ] --START--
INFO: Run Behavior\BuildLiteBehavior [ RunTime:0.000000s ]
INFO: [ app_init ] --END-- [ RunTime:0.001000s ]
INFO: [ app_begin ] --START--
INFO: Run Behavior\ReadHtmlCacheBehavior [ RunTime:0.002001s ]
INFO: [ app_begin ] --END-- [ RunTime:0.002001s ]
SQL: SHOW COLUMNS FROM `wenda_users` [ RunTime:0.0025s ]
NOTIC: [8] Undefined index: validate D:\wamp64\www\wenda\ThinkPHP\Library\Think\Model.class.php 第 1185 行.
NOTIC: [8] Undefined index: auto D:\wamp64\www\wenda\ThinkPHP\Library\Think\Model.class.php 第 1128 行.
ERR: 1364:Field 'identity' doesn't have a default value
 [ SQL语句 ] : INSERT INTO `wenda_users` (`username`,`pwd`,`email`,`upic`) VALUES ('1376557125','123','1376557125@qq.com','default.png')
ERR: 1364:Field 'identity' doesn't have a default value
 [ SQL语句 ] : INSERT INTO `wenda_users` (`username`,`pwd`,`email`,`upic`) VALUES ('1376557125','123','1376557125@qq.com','default.png')

[ 2017-03-22T19:44:16+08:00 ] 127.0.0.1 /wenda/api.php/Users/regusers
INFO: [ app_init ] --START--
INFO: Run Behavior\BuildLiteBehavior [ RunTime:0.000000s ]
INFO: [ app_init ] --END-- [ RunTime:0.003001s ]
INFO: [ app_begin ] --START--
INFO: Run Behavior\ReadHtmlCacheBehavior [ RunTime:0.004500s ]
INFO: [ app_begin ] --END-- [ RunTime:0.005000s ]
SQL: SHOW COLUMNS FROM `wenda_users` [ RunTime:0.0025s ]
NOTIC: [8] Undefined index: validate D:\wamp64\www\wenda\ThinkPHP\Library\Think\Model.class.php 第 1185 行.
NOTIC: [8] Undefined index: auto D:\wamp64\www\wenda\ThinkPHP\Library\Think\Model.class.php 第 1128 行.
ERR: 1364:Field 'identity' doesn't have a default value
 [ SQL语句 ] : INSERT INTO `wenda_users` (`username`,`pwd`,`email`,`upic`) VALUES ('1376557125','123','137655@qq.com','default.png')
ERR: 1364:Field 'identity' doesn't have a default value
 [ SQL语句 ] : INSERT INTO `wenda_users` (`username`,`pwd`,`email`,`upic`) VALUES ('1376557125','123','137655@qq.com','default.png')

[ 2017-03-22T19:46:48+08:00 ] 127.0.0.1 /wenda/api.php/Users/regusers
INFO: [ app_init ] --START--
INFO: Run Behavior\BuildLiteBehavior [ RunTime:0.000000s ]
INFO: [ app_init ] --END-- [ RunTime:0.005501s ]
INFO: [ app_begin ] --START--
INFO: Run Behavior\ReadHtmlCacheBehavior [ RunTime:0.001000s ]
INFO: [ app_begin ] --END-- [ RunTime:0.002000s ]
SQL: SHOW COLUMNS FROM `wenda_users` [ RunTime:0.0020s ]
NOTIC: [8] Undefined index: validate D:\wamp64\www\wenda\ThinkPHP\Library\Think\Model.class.php 第 1185 行.
NOTIC: [8] Undefined index: auto D:\wamp64\www\wenda\ThinkPHP\Library\Think\Model.class.php 第 1128 行.
ERR: 1364:Field 'identity' doesn't have a default value
 [ SQL语句 ] : INSERT INTO `wenda_users` (`username`,`pwd`,`email`,`upic`) VALUES ('1376557125','123','1376557125@qq.com','default.png')
ERR: 1364:Field 'identity' doesn't have a default value
 [ SQL语句 ] : INSERT INTO `wenda_users` (`username`,`pwd`,`email`,`upic`) VALUES ('1376557125','123','1376557125@qq.com','default.png')

[ 2017-03-22T19:53:41+08:00 ] 127.0.0.1 /wenda/api.php/Users/regusers
INFO: [ app_init ] --START--
INFO: Run Behavior\BuildLiteBehavior [ RunTime:0.000000s ]
INFO: [ app_init ] --END-- [ RunTime:0.002000s ]
INFO: [ app_begin ] --START--
INFO: Run Behavior\ReadHtmlCacheBehavior [ RunTime:0.001500s ]
INFO: [ app_begin ] --END-- [ RunTime:0.002500s ]
SQL: SHOW COLUMNS FROM `wenda_users` [ RunTime:0.0380s ]

[ 2017-03-22T19:57:14+08:00 ] 127.0.0.1 /wenda/api.php/Users/regusers
INFO: [ app_init ] --START--
INFO: Run Behavior\BuildLiteBehavior [ RunTime:0.000000s ]
INFO: [ app_init ] --END-- [ RunTime:0.001500s ]
INFO: [ app_begin ] --START--
INFO: Run Behavior\ReadHtmlCacheBehavior [ RunTime:0.002000s ]
INFO: [ app_begin ] --END-- [ RunTime:0.003000s ]
SQL: SHOW COLUMNS FROM `wenda_users` [ RunTime:0.1070s ]

[ 2017-03-22T20:01:01+08:00 ] ::1 /wenda/api.php/Login/test
INFO: [ app_init ] --START--
INFO: Run Behavior\BuildLiteBehavior [ RunTime:0.000500s ]
INFO: [ app_init ] --END-- [ RunTime:0.001500s ]
INFO: [ app_begin ] --START--
INFO: Run Behavior\ReadHtmlCacheBehavior [ RunTime:0.001500s ]
INFO: [ app_begin ] --END-- [ RunTime:0.002000s ]
ERR: 无法加载控制器:Login

[ 2017-03-22T20:01:11+08:00 ] ::1 /wenda/api.php/Users/regusers
INFO: [ app_init ] --START--
INFO: Run Behavior\BuildLiteBehavior [ RunTime:0.000000s ]
INFO: [ app_init ] --END-- [ RunTime:0.002000s ]
INFO: [ app_begin ] --START--
INFO: Run Behavior\ReadHtmlCacheBehavior [ RunTime:0.004001s ]
INFO: [ app_begin ] --END-- [ RunTime:0.004501s ]
NOTIC: [8] Undefined index: username D:\wamp64\www\wenda\Application\API\Controller\UsersController.class.php 第 41 行.
NOTIC: [8] Undefined index: pwd D:\wamp64\www\wenda\Application\API\Controller\UsersController.class.php 第 42 行.
NOTIC: [8] Undefined index: email D:\wamp64\www\wenda\Application\API\Controller\UsersController.class.php 第 43 行.
SQL: SHOW COLUMNS FROM `wenda_users` [ RunTime:0.0030s ]

[ 2017-03-22T20:03:58+08:00 ] 127.0.0.1 /wenda/api.php/Users/regusers
INFO: [ app_init ] --START--
INFO: Run Behavior\BuildLiteBehavior [ RunTime:0.000000s ]
INFO: [ app_init ] --END-- [ RunTime:0.001500s ]
INFO: [ app_begin ] --START--
INFO: Run Behavior\ReadHtmlCacheBehavior [ RunTime:0.003000s ]
INFO: [ app_begin ] --END-- [ RunTime:0.003500s ]
SQL: SHOW COLUMNS FROM `wenda_users` [ RunTime:0.0040s ]
ERR: 1364:Field 'username' doesn't have a default value
 [ SQL语句 ] : INSERT INTO `wenda_users` (`upic`,`identity`) VALUES ('default.png','0')
ERR: 1364:Field 'username' doesn't have a default value
 [ SQL语句 ] : INSERT INTO `wenda_users` (`upic`,`identity`) VALUES ('default.png','0')

[ 2017-03-22T20:07:36+08:00 ] 127.0.0.1 /wenda/api.php/Users/regusers
INFO: [ app_init ] --START--
INFO: Run Behavior\BuildLiteBehavior [ RunTime:0.000000s ]
INFO: [ app_init ] --END-- [ RunTime:0.001000s ]
INFO: [ app_begin ] --START--
INFO: Run Behavior\ReadHtmlCacheBehavior [ RunTime:0.001501s ]
INFO: [ app_begin ] --END-- [ RunTime:0.001501s ]
SQL: SHOW COLUMNS FROM `wenda_users` [ RunTime:0.0045s ]
ERR: 1364:Field 'username' doesn't have a default value
 [ SQL语句 ] : INSERT INTO `wenda_users` (`regdate`,`upic`,`identity`) VALUES ('2017-03-22 20:07:36','default.png','0')
ERR: 1364:Field 'username' doesn't have a default value
 [ SQL语句 ] : INSERT INTO `wenda_users` (`regdate`,`upic`,`identity`) VALUES ('2017-03-22 20:07:36','default.png','0')

[ 2017-03-22T20:13:14+08:00 ] 127.0.0.1 /wenda/api.php/Users/regusers
INFO: [ app_init ] --START--
INFO: Run Behavior\BuildLiteBehavior [ RunTime:0.000500s ]
INFO: [ app_init ] --END-- [ RunTime:0.001500s ]
INFO: [ app_begin ] --START--
INFO: Run Behavior\ReadHtmlCacheBehavior [ RunTime:0.001500s ]
INFO: [ app_begin ] --END-- [ RunTime:0.001500s ]
SQL: SHOW COLUMNS FROM `wenda_users` [ RunTime:0.0025s ]
ERR: 1364:Field 'username' doesn't have a default value
 [ SQL语句 ] : INSERT INTO `wenda_users` (`regdate`,`upic`,`identity`) VALUES ('2017-03-22 20:13:14','default.png','0')
ERR: 1364:Field 'username' doesn't have a default value
 [ SQL语句 ] : INSERT INTO `wenda_users` (`regdate`,`upic`,`identity`) VALUES ('2017-03-22 20:13:14','default.png','0')

[ 2017-03-22T20:14:24+08:00 ] 127.0.0.1 /wenda/api.php/Users/regusers
INFO: [ app_init ] --START--
INFO: Run Behavior\BuildLiteBehavior [ RunTime:0.000500s ]
INFO: [ app_init ] --END-- [ RunTime:0.002501s ]
INFO: [ app_begin ] --START--
INFO: Run Behavior\ReadHtmlCacheBehavior [ RunTime:0.001501s ]
INFO: [ app_begin ] --END-- [ RunTime:0.002001s ]
SQL: SHOW COLUMNS FROM `wenda_users` [ RunTime:0.0040s ]
ERR: 1364:Field 'username' doesn't have a default value
 [ SQL语句 ] : INSERT INTO `wenda_users` (`regdate`,`upic`,`identity`) VALUES ('2017-03-22 20:14:24','default.png','0')
ERR: 1364:Field 'username' doesn't have a default value
 [ SQL语句 ] : INSERT INTO `wenda_users` (`regdate`,`upic`,`identity`) VALUES ('2017-03-22 20:14:24','default.png','0')

[ 2017-03-22T20:21:29+08:00 ] 127.0.0.1 /wenda/api.php/Users/regusers
INFO: [ app_init ] --START--
INFO: Run Behavior\BuildLiteBehavior [ RunTime:0.000000s ]
INFO: [ app_init ] --END-- [ RunTime:0.001500s ]
INFO: [ app_begin ] --START--
INFO: Run Behavior\ReadHtmlCacheBehavior [ RunTime:0.001501s ]
INFO: [ app_begin ] --END-- [ RunTime:0.002501s ]
SQL: SHOW COLUMNS FROM `wenda_users` [ RunTime:0.0025s ]
ERR: 1364:Field 'regdate' doesn't have a default value
 [ SQL语句 ] : INSERT INTO `wenda_users` (`username`,`pwd`,`email`) VALUES ('123','123','1376557125@qq.com')
ERR: 1364:Field 'regdate' doesn't have a default value
 [ SQL语句 ] : INSERT INTO `wenda_users` (`username`,`pwd`,`email`) VALUES ('123','123','1376557125@qq.com')

[ 2017-03-22T20:46:37+08:00 ] 127.0.0.1 /wenda/api.php/Users/regusers
INFO: [ app_init ] --START--
INFO: Run Behavior\BuildLiteBehavior [ RunTime:0.000000s ]
INFO: [ app_init ] --END-- [ RunTime:0.001500s ]
INFO: [ app_begin ] --START--
INFO: Run Behavior\ReadHtmlCacheBehavior [ RunTime:0.002000s ]
INFO: [ app_begin ] --END-- [ RunTime:0.002500s ]
SQL: SHOW COLUMNS FROM `wenda_users` [ RunTime:0.1315s ]
ERR: 1364:Field 'regdate' doesn't have a default value
 [ SQL语句 ] : INSERT INTO `wenda_users` (`username`,`pwd`,`email`) VALUES ('123','123','123')
ERR: 1364:Field 'regdate' doesn't have a default value
 [ SQL语句 ] : INSERT INTO `wenda_users` (`username`,`pwd`,`email`) VALUES ('123','123','123')

[ 2017-03-22T21:03:45+08:00 ] 127.0.0.1 /wenda/api.php/Users/regusers
INFO: [ app_init ] --START--
INFO: Run Behavior\BuildLiteBehavior [ RunTime:0.000000s ]
INFO: [ app_init ] --END-- [ RunTime:0.002000s ]
INFO: [ app_begin ] --START--
INFO: Run Behavior\ReadHtmlCacheBehavior [ RunTime:0.002001s ]
INFO: [ app_begin ] --END-- [ RunTime:0.002501s ]
SQL: SHOW COLUMNS FROM `wenda_users` [ RunTime:0.0025s ]
SQL: INSERT INTO `wenda_users` (`username`,`pwd`,`email`) VALUES ('123','123','123') [ RunTime:0.3590s ]

[ 2017-03-22T21:09:56+08:00 ] 127.0.0.1 /wenda/api.php/Users/regusers
INFO: [ app_init ] --START--
INFO: Run Behavior\BuildLiteBehavior [ RunTime:0.000000s ]
INFO: [ app_init ] --END-- [ RunTime:0.001500s ]
INFO: [ app_begin ] --START--
INFO: Run Behavior\ReadHtmlCacheBehavior [ RunTime:0.001000s ]
INFO: [ app_begin ] --END-- [ RunTime:0.002000s ]
SQL: SHOW COLUMNS FROM `wenda_users` [ RunTime:0.0435s ]
SQL: INSERT INTO `wenda_users` (`username`,`pwd`,`email`) VALUES ('123','123','123') [ RunTime:0.0620s ]

[ 2017-03-22T21:10:32+08:00 ] 127.0.0.1 /wenda/api.php/Users/regusers
INFO: [ app_init ] --START--
INFO: Run Behavior\BuildLiteBehavior [ RunTime:0.000000s ]
INFO: [ app_init ] --END-- [ RunTime:0.001500s ]
INFO: [ app_begin ] --START--
INFO: Run Behavior\ReadHtmlCacheBehavior [ RunTime:0.001500s ]
INFO: [ app_begin ] --END-- [ RunTime:0.001500s ]
SQL: SHOW COLUMNS FROM `wenda_users` [ RunTime:0.0020s ]
SQL: INSERT INTO `wenda_users` (`username`,`pwd`,`email`) VALUES ('小红','123','123') [ RunTime:0.0520s ]

[ 2017-03-22T21:15:38+08:00 ] 127.0.0.1 /wenda/api.php/Users/regusers
INFO: [ app_init ] --START--
INFO: Run Behavior\BuildLiteBehavior [ RunTime:0.000000s ]
INFO: [ app_init ] --END-- [ RunTime:0.002000s ]
INFO: [ app_begin ] --START--
INFO: Run Behavior\ReadHtmlCacheBehavior [ RunTime:0.001501s ]
INFO: [ app_begin ] --END-- [ RunTime:0.002001s ]
SQL: SHOW COLUMNS FROM `wenda_users` [ RunTime:0.0020s ]
SQL: INSERT INTO `wenda_users` (`username`,`pwd`,`email`) VALUES ('小想','123','123') [ RunTime:0.3385s ]

[ 2017-03-22T21:26:47+08:00 ] 127.0.0.1 /wenda/api.php/Users/regusers
INFO: [ app_init ] --START--
INFO: Run Behavior\BuildLiteBehavior [ RunTime:0.000000s ]
INFO: [ app_init ] --END-- [ RunTime:0.000501s ]
INFO: [ app_begin ] --START--
INFO: Run Behavior\ReadHtmlCacheBehavior [ RunTime:0.001500s ]
INFO: [ app_begin ] --END-- [ RunTime:0.002000s ]
SQL: SHOW COLUMNS FROM `wenda_users` [ RunTime:0.0065s ]
ERR: Think\Model:creat方法不存在！

[ 2017-03-22T21:28:16+08:00 ] 127.0.0.1 /wenda/api.php/Users/regusers
INFO: [ app_init ] --START--
INFO: Run Behavior\BuildLiteBehavior [ RunTime:0.000000s ]
INFO: [ app_init ] --END-- [ RunTime:0.001501s ]
INFO: [ app_begin ] --START--
INFO: Run Behavior\ReadHtmlCacheBehavior [ RunTime:0.001001s ]
INFO: [ app_begin ] --END-- [ RunTime:0.001501s ]
SQL: SHOW COLUMNS FROM `wenda_users` [ RunTime:0.0395s ]
SQL: INSERT INTO `wenda_users` (`username`,`pwd`,`email`) VALUES ('SHN48','123','123') [ RunTime:0.0580s ]

[ 2017-03-22T21:31:33+08:00 ] 127.0.0.1 /wenda/api.php/Users/regusers
INFO: [ app_init ] --START--
INFO: Run Behavior\BuildLiteBehavior [ RunTime:0.000000s ]
INFO: [ app_init ] --END-- [ RunTime:0.001500s ]
INFO: [ app_begin ] --START--
INFO: Run Behavior\ReadHtmlCacheBehavior [ RunTime:0.001001s ]
INFO: [ app_begin ] --END-- [ RunTime:0.001501s ]
SQL: SHOW COLUMNS FROM `wenda_users` [ RunTime:0.0165s ]
SQL: INSERT INTO `wenda_users` (`username`,`pwd`,`email`) VALUES ('SHN481','123','123') [ RunTime:0.0930s ]

[ 2017-03-22T21:43:03+08:00 ] 127.0.0.1 /wenda/api.php/Users/login
INFO: [ app_init ] --START--
INFO: Run Behavior\BuildLiteBehavior [ RunTime:0.000000s ]
INFO: [ app_init ] --END-- [ RunTime:0.001000s ]
INFO: [ app_begin ] --START--
INFO: Run Behavior\ReadHtmlCacheBehavior [ RunTime:0.001000s ]
INFO: [ app_begin ] --END-- [ RunTime:0.001000s ]
SQL: SHOW COLUMNS FROM `wenda_users` [ RunTime:0.0005s ]
SQL: SELECT * FROM `wenda_users` WHERE `username` = '123' AND `pwd` = '123' LIMIT 1   [ RunTime:0.0290s ]

[ 2017-03-22T21:43:03+08:00 ] 127.0.0.1 /wenda/api.php/Users/login
INFO: [ app_init ] --START--
INFO: Run Behavior\BuildLiteBehavior [ RunTime:0.000000s ]
INFO: [ app_init ] --END-- [ RunTime:0.001000s ]
INFO: [ app_begin ] --START--
INFO: Run Behavior\ReadHtmlCacheBehavior [ RunTime:0.001500s ]
INFO: [ app_begin ] --END-- [ RunTime:0.002000s ]
SQL: SHOW COLUMNS FROM `wenda_users` [ RunTime:0.0285s ]
SQL: SELECT * FROM `wenda_users` WHERE `username` = '123' AND `pwd` = '123' LIMIT 1   [ RunTime:0.0535s ]

[ 2017-03-22T21:43:40+08:00 ] 127.0.0.1 /wenda/api.php/Users/login
INFO: [ app_init ] --START--
INFO: Run Behavior\BuildLiteBehavior [ RunTime:0.000000s ]
INFO: [ app_init ] --END-- [ RunTime:0.001001s ]
INFO: [ app_begin ] --START--
INFO: Run Behavior\ReadHtmlCacheBehavior [ RunTime:0.001000s ]
INFO: [ app_begin ] --END-- [ RunTime:0.001000s ]
SQL: SHOW COLUMNS FROM `wenda_users` [ RunTime:0.0100s ]
SQL: SELECT * FROM `wenda_users` WHERE `username` = '1234' AND `pwd` = '123' LIMIT 1   [ RunTime:0.0005s ]

[ 2017-03-22T21:48:06+08:00 ] 127.0.0.1 /wenda/api.php/Users/regusers
INFO: [ app_init ] --START--
INFO: Run Behavior\BuildLiteBehavior [ RunTime:0.000000s ]
INFO: [ app_init ] --END-- [ RunTime:0.002500s ]
INFO: [ app_begin ] --START--
INFO: Run Behavior\ReadHtmlCacheBehavior [ RunTime:0.001500s ]
INFO: [ app_begin ] --END-- [ RunTime:0.001500s ]
SQL: SHOW COLUMNS FROM `wenda_users` [ RunTime:0.0370s ]
SQL: INSERT INTO `wenda_users` (`username`,`pwd`,`email`) VALUES ('小小强','e10adc3949ba59abbe56e057f20f883e','1376557125@qq.com') [ RunTime:0.2155s ]

[ 2017-03-22T21:48:51+08:00 ] 127.0.0.1 /wenda/api.php/Users/login
INFO: [ app_init ] --START--
INFO: Run Behavior\BuildLiteBehavior [ RunTime:0.000000s ]
INFO: [ app_init ] --END-- [ RunTime:0.001000s ]
INFO: [ app_begin ] --START--
INFO: Run Behavior\ReadHtmlCacheBehavior [ RunTime:0.001000s ]
INFO: [ app_begin ] --END-- [ RunTime:0.001000s ]
SQL: SHOW COLUMNS FROM `wenda_users` [ RunTime:0.0295s ]
SQL: SELECT * FROM `wenda_users` WHERE `username` = '小小强' AND `pwd` = 'e10adc3949ba59abbe56e057f20f883e' LIMIT 1   [ RunTime:0.0005s ]

[ 2017-03-22T22:31:35+08:00 ] ::1 /wenda/api.php/Users/login
INFO: [ app_init ] --START--
INFO: Run Behavior\BuildLiteBehavior [ RunTime:0.000000s ]
INFO: [ app_init ] --END-- [ RunTime:0.001001s ]
INFO: [ app_begin ] --START--
INFO: Run Behavior\ReadHtmlCacheBehavior [ RunTime:0.001500s ]
INFO: [ app_begin ] --END-- [ RunTime:0.002001s ]
NOTIC: [8] Undefined index: username D:\wamp64\www\wenda\Application\API\Controller\UsersController.class.php 第 11 行.
NOTIC: [8] Undefined index: pwd D:\wamp64\www\wenda\Application\API\Controller\UsersController.class.php 第 12 行.
SQL: SHOW COLUMNS FROM `wenda_users` [ RunTime:0.0375s ]
SQL: SELECT * FROM `wenda_users` WHERE `username` = null AND `pwd` = 'd41d8cd98f00b204e9800998ecf8427e' LIMIT 1   [ RunTime:0.0010s ]

[ 2017-03-22T22:32:19+08:00 ] ::1 /wenda/api.php/Users/login
INFO: [ app_init ] --START--
INFO: Run Behavior\BuildLiteBehavior [ RunTime:0.000000s ]
INFO: [ app_init ] --END-- [ RunTime:0.001500s ]
INFO: [ app_begin ] --START--
INFO: Run Behavior\ReadHtmlCacheBehavior [ RunTime:0.002000s ]
INFO: [ app_begin ] --END-- [ RunTime:0.003000s ]
NOTIC: [8] Undefined index: username D:\wamp64\www\wenda\Application\API\Controller\UsersController.class.php 第 11 行.
NOTIC: [8] Undefined index: pwd D:\wamp64\www\wenda\Application\API\Controller\UsersController.class.php 第 12 行.

[ 2017-03-22T22:33:13+08:00 ] 127.0.0.1 /wenda/api.php/Users/login
INFO: [ app_init ] --START--
INFO: Run Behavior\BuildLiteBehavior [ RunTime:0.000000s ]
INFO: [ app_init ] --END-- [ RunTime:0.002000s ]
INFO: [ app_begin ] --START--
INFO: Run Behavior\ReadHtmlCacheBehavior [ RunTime:0.001500s ]
INFO: [ app_begin ] --END-- [ RunTime:0.002500s ]

[ 2017-03-22T22:33:15+08:00 ] 127.0.0.1 /wenda/api.php/Users/login
INFO: [ app_init ] --START--
INFO: Run Behavior\BuildLiteBehavior [ RunTime:0.000500s ]
INFO: [ app_init ] --END-- [ RunTime:0.001500s ]
INFO: [ app_begin ] --START--
INFO: Run Behavior\ReadHtmlCacheBehavior [ RunTime:0.002000s ]
INFO: [ app_begin ] --END-- [ RunTime:0.002000s ]

[ 2017-03-22T22:33:17+08:00 ] 127.0.0.1 /wenda/api.php/Users/login
INFO: [ app_init ] --START--
INFO: Run Behavior\BuildLiteBehavior [ RunTime:0.000500s ]
INFO: [ app_init ] --END-- [ RunTime:0.001000s ]
INFO: [ app_begin ] --START--
INFO: Run Behavior\ReadHtmlCacheBehavior [ RunTime:0.001000s ]
INFO: [ app_begin ] --END-- [ RunTime:0.001000s ]

[ 2017-03-22T22:33:17+08:00 ] 127.0.0.1 /wenda/api.php/Users/login
INFO: [ app_init ] --START--
INFO: Run Behavior\BuildLiteBehavior [ RunTime:0.000500s ]
INFO: [ app_init ] --END-- [ RunTime:0.001500s ]
INFO: [ app_begin ] --START--
INFO: Run Behavior\ReadHtmlCacheBehavior [ RunTime:0.002001s ]
INFO: [ app_begin ] --END-- [ RunTime:0.003001s ]

[ 2017-03-22T22:33:17+08:00 ] 127.0.0.1 /wenda/api.php/Users/login
INFO: [ app_init ] --START--
INFO: Run Behavior\BuildLiteBehavior [ RunTime:0.000000s ]
INFO: [ app_init ] --END-- [ RunTime:0.001000s ]
INFO: [ app_begin ] --START--
INFO: Run Behavior\ReadHtmlCacheBehavior [ RunTime:0.001000s ]
INFO: [ app_begin ] --END-- [ RunTime:0.001500s ]

[ 2017-03-22T22:33:19+08:00 ] 127.0.0.1 /wenda/api.php/Users/login
INFO: [ app_init ] --START--
INFO: Run Behavior\BuildLiteBehavior [ RunTime:0.000000s ]
INFO: [ app_init ] --END-- [ RunTime:0.001500s ]
INFO: [ app_begin ] --START--
INFO: Run Behavior\ReadHtmlCacheBehavior [ RunTime:0.001000s ]
INFO: [ app_begin ] --END-- [ RunTime:0.001500s ]

[ 2017-03-22T22:33:20+08:00 ] 127.0.0.1 /wenda/api.php/Users/login
INFO: [ app_init ] --START--
INFO: Run Behavior\BuildLiteBehavior [ RunTime:0.000501s ]
INFO: [ app_init ] --END-- [ RunTime:0.001501s ]
INFO: [ app_begin ] --START--
INFO: Run Behavior\ReadHtmlCacheBehavior [ RunTime:0.001000s ]
INFO: [ app_begin ] --END-- [ RunTime:0.001500s ]

[ 2017-03-22T22:33:20+08:00 ] 127.0.0.1 /wenda/api.php/Users/login
INFO: [ app_init ] --START--
INFO: Run Behavior\BuildLiteBehavior [ RunTime:0.000000s ]
INFO: [ app_init ] --END-- [ RunTime:0.001501s ]
INFO: [ app_begin ] --START--
INFO: Run Behavior\ReadHtmlCacheBehavior [ RunTime:0.001500s ]
INFO: [ app_begin ] --END-- [ RunTime:0.002000s ]

[ 2017-03-22T22:33:20+08:00 ] 127.0.0.1 /wenda/api.php/Users/login
INFO: [ app_init ] --START--
INFO: Run Behavior\BuildLiteBehavior [ RunTime:0.000000s ]
INFO: [ app_init ] --END-- [ RunTime:0.002001s ]
INFO: [ app_begin ] --START--
INFO: Run Behavior\ReadHtmlCacheBehavior [ RunTime:0.001501s ]
INFO: [ app_begin ] --END-- [ RunTime:0.002501s ]

[ 2017-03-22T22:33:20+08:00 ] 127.0.0.1 /wenda/api.php/Users/login
INFO: [ app_init ] --START--
INFO: Run Behavior\BuildLiteBehavior [ RunTime:0.000000s ]
INFO: [ app_init ] --END-- [ RunTime:0.001000s ]
INFO: [ app_begin ] --START--
INFO: Run Behavior\ReadHtmlCacheBehavior [ RunTime:0.001000s ]
INFO: [ app_begin ] --END-- [ RunTime:0.001500s ]

[ 2017-03-22T22:33:21+08:00 ] 127.0.0.1 /wenda/api.php/Users/login
INFO: [ app_init ] --START--
INFO: Run Behavior\BuildLiteBehavior [ RunTime:0.000000s ]
INFO: [ app_init ] --END-- [ RunTime:0.001000s ]
INFO: [ app_begin ] --START--
INFO: Run Behavior\ReadHtmlCacheBehavior [ RunTime:0.001501s ]
INFO: [ app_begin ] --END-- [ RunTime:0.002501s ]

[ 2017-03-22T22:33:21+08:00 ] 127.0.0.1 /wenda/api.php/Users/login
INFO: [ app_init ] --START--
INFO: Run Behavior\BuildLiteBehavior [ RunTime:0.000000s ]
INFO: [ app_init ] --END-- [ RunTime:0.001000s ]
INFO: [ app_begin ] --START--
INFO: Run Behavior\ReadHtmlCacheBehavior [ RunTime:0.002001s ]
INFO: [ app_begin ] --END-- [ RunTime:0.002501s ]

[ 2017-03-22T22:33:21+08:00 ] 127.0.0.1 /wenda/api.php/Users/login
INFO: [ app_init ] --START--
INFO: Run Behavior\BuildLiteBehavior [ RunTime:0.000000s ]
INFO: [ app_init ] --END-- [ RunTime:0.002001s ]
INFO: [ app_begin ] --START--
INFO: Run Behavior\ReadHtmlCacheBehavior [ RunTime:0.001000s ]
INFO: [ app_begin ] --END-- [ RunTime:0.001500s ]

[ 2017-03-22T22:33:21+08:00 ] 127.0.0.1 /wenda/api.php/Users/login
INFO: [ app_init ] --START--
INFO: Run Behavior\BuildLiteBehavior [ RunTime:0.000000s ]
INFO: [ app_init ] --END-- [ RunTime:0.001501s ]
INFO: [ app_begin ] --START--
INFO: Run Behavior\ReadHtmlCacheBehavior [ RunTime:0.001000s ]
INFO: [ app_begin ] --END-- [ RunTime:0.001500s ]

[ 2017-03-22T22:33:21+08:00 ] 127.0.0.1 /wenda/api.php/Users/login
INFO: [ app_init ] --START--
INFO: Run Behavior\BuildLiteBehavior [ RunTime:0.000000s ]
INFO: [ app_init ] --END-- [ RunTime:0.002001s ]
INFO: [ app_begin ] --START--
INFO: Run Behavior\ReadHtmlCacheBehavior [ RunTime:0.002000s ]
INFO: [ app_begin ] --END-- [ RunTime:0.003000s ]

[ 2017-03-22T22:33:22+08:00 ] 127.0.0.1 /wenda/api.php/Users/login
INFO: [ app_init ] --START--
INFO: Run Behavior\BuildLiteBehavior [ RunTime:0.000000s ]
INFO: [ app_init ] --END-- [ RunTime:0.002501s ]
INFO: [ app_begin ] --START--
INFO: Run Behavior\ReadHtmlCacheBehavior [ RunTime:0.001500s ]
INFO: [ app_begin ] --END-- [ RunTime:0.002000s ]

[ 2017-03-22T22:35:54+08:00 ] 127.0.0.1 /wenda/api.php/Users/login
INFO: [ app_init ] --START--
INFO: Run Behavior\BuildLiteBehavior [ RunTime:0.000000s ]
INFO: [ app_init ] --END-- [ RunTime:0.002000s ]
INFO: [ app_begin ] --START--
INFO: Run Behavior\ReadHtmlCacheBehavior [ RunTime:0.001500s ]
INFO: [ app_begin ] --END-- [ RunTime:0.002500s ]

[ 2017-03-22T22:36:07+08:00 ] 127.0.0.1 /wenda/api.php/Users/login
INFO: [ app_init ] --START--
INFO: Run Behavior\BuildLiteBehavior [ RunTime:0.000000s ]
INFO: [ app_init ] --END-- [ RunTime:0.002000s ]
INFO: [ app_begin ] --START--
INFO: Run Behavior\ReadHtmlCacheBehavior [ RunTime:0.001500s ]
INFO: [ app_begin ] --END-- [ RunTime:0.001500s ]

[ 2017-03-22T22:37:02+08:00 ] 127.0.0.1 /wenda/api.php/Users/regusers
INFO: [ app_init ] --START--
INFO: Run Behavior\BuildLiteBehavior [ RunTime:0.000000s ]
INFO: [ app_init ] --END-- [ RunTime:0.001500s ]
INFO: [ app_begin ] --START--
INFO: Run Behavior\ReadHtmlCacheBehavior [ RunTime:0.001000s ]
INFO: [ app_begin ] --END-- [ RunTime:0.002000s ]
SQL: SHOW COLUMNS FROM `wenda_users` [ RunTime:0.0465s ]
SQL: INSERT INTO `wenda_users` (`username`,`pwd`,`email`) VALUES ('小笑','202cb962ac59075b964b07152d234b70','2321351829@qq.com') [ RunTime:0.0515s ]

[ 2017-03-22T22:37:27+08:00 ] 127.0.0.1 /wenda/api.php/Users/login
INFO: [ app_init ] --START--
INFO: Run Behavior\BuildLiteBehavior [ RunTime:0.000501s ]
INFO: [ app_init ] --END-- [ RunTime:0.003001s ]
INFO: [ app_begin ] --START--
INFO: Run Behavior\ReadHtmlCacheBehavior [ RunTime:0.001500s ]
INFO: [ app_begin ] --END-- [ RunTime:0.002000s ]

[ 2017-03-22T22:37:55+08:00 ] 127.0.0.1 /wenda/api.php/Users/login
INFO: [ app_init ] --START--
INFO: Run Behavior\BuildLiteBehavior [ RunTime:0.000000s ]
INFO: [ app_init ] --END-- [ RunTime:0.001500s ]
INFO: [ app_begin ] --START--
INFO: Run Behavior\ReadHtmlCacheBehavior [ RunTime:0.002000s ]
INFO: [ app_begin ] --END-- [ RunTime:0.002000s ]
SQL: SHOW COLUMNS FROM `wenda_users` [ RunTime:0.0250s ]
SQL: SELECT * FROM `wenda_users` WHERE `username` = '小笑' AND `pwd` = '202cb962ac59075b964b07152d234b70' LIMIT 1   [ RunTime:0.0020s ]

[ 2017-03-22T22:38:04+08:00 ] ::1 /wenda/api.php/Users/login
INFO: [ app_init ] --START--
INFO: Run Behavior\BuildLiteBehavior [ RunTime:0.000500s ]
INFO: [ app_init ] --END-- [ RunTime:0.001500s ]
INFO: [ app_begin ] --START--
INFO: Run Behavior\ReadHtmlCacheBehavior [ RunTime:0.001000s ]
INFO: [ app_begin ] --END-- [ RunTime:0.002000s ]
NOTIC: [8] Undefined index: username D:\wamp64\www\wenda\Application\API\Controller\UsersController.class.php 第 11 行.
NOTIC: [8] Undefined index: pwd D:\wamp64\www\wenda\Application\API\Controller\UsersController.class.php 第 12 行.
SQL: SHOW COLUMNS FROM `wenda_users` [ RunTime:0.0015s ]
SQL: SELECT * FROM `wenda_users` WHERE `username` = null AND `pwd` = 'd41d8cd98f00b204e9800998ecf8427e' LIMIT 1   [ RunTime:0.0010s ]

[ 2017-03-22T22:38:36+08:00 ] 127.0.0.1 /wenda/api.php/Users/login
INFO: [ app_init ] --START--
INFO: Run Behavior\BuildLiteBehavior [ RunTime:0.000000s ]
INFO: [ app_init ] --END-- [ RunTime:0.001000s ]
INFO: [ app_begin ] --START--
INFO: Run Behavior\ReadHtmlCacheBehavior [ RunTime:0.001500s ]
INFO: [ app_begin ] --END-- [ RunTime:0.001500s ]
SQL: SHOW COLUMNS FROM `wenda_users` [ RunTime:0.0825s ]
SQL: SELECT * FROM `wenda_users` WHERE `username` = '小笑' AND `pwd` = '202cb962ac59075b964b07152d234b70' LIMIT 1   [ RunTime:0.0005s ]

[ 2017-03-22T22:38:42+08:00 ] ::1 /wenda/api.php/Users/login
INFO: [ app_init ] --START--
INFO: Run Behavior\BuildLiteBehavior [ RunTime:0.000000s ]
INFO: [ app_init ] --END-- [ RunTime:0.001500s ]
INFO: [ app_begin ] --START--
INFO: Run Behavior\ReadHtmlCacheBehavior [ RunTime:0.002000s ]
INFO: [ app_begin ] --END-- [ RunTime:0.005501s ]
NOTIC: [8] Undefined index: username D:\wamp64\www\wenda\Application\API\Controller\UsersController.class.php 第 11 行.
NOTIC: [8] Undefined index: pwd D:\wamp64\www\wenda\Application\API\Controller\UsersController.class.php 第 12 行.
SQL: SHOW COLUMNS FROM `wenda_users` [ RunTime:0.0030s ]
SQL: SELECT * FROM `wenda_users` WHERE `username` = null AND `pwd` = 'd41d8cd98f00b204e9800998ecf8427e' LIMIT 1   [ RunTime:0.0010s ]

[ 2017-03-22T22:44:47+08:00 ] ::1 /wenda/api.php/Users/regusers
INFO: [ app_init ] --START--
INFO: Run Behavior\BuildLiteBehavior [ RunTime:0.000000s ]
INFO: [ app_init ] --END-- [ RunTime:0.001500s ]
INFO: [ app_begin ] --START--
INFO: Run Behavior\ReadHtmlCacheBehavior [ RunTime:0.002500s ]
INFO: [ app_begin ] --END-- [ RunTime:0.003500s ]
NOTIC: [8] Undefined index: username D:\wamp64\www\wenda\Application\API\Controller\UsersController.class.php 第 41 行.
NOTIC: [8] Undefined index: pwd D:\wamp64\www\wenda\Application\API\Controller\UsersController.class.php 第 42 行.
NOTIC: [8] Undefined index: email D:\wamp64\www\wenda\Application\API\Controller\UsersController.class.php 第 43 行.
SQL: SHOW COLUMNS FROM `wenda_users` [ RunTime:0.0115s ]
ERR: 1048:Column 'username' cannot be null
 [ SQL语句 ] : INSERT INTO `wenda_users` (`username`,`pwd`,`email`) VALUES (NULL,'d41d8cd98f00b204e9800998ecf8427e',NULL)
ERR: 1048:Column 'username' cannot be null
 [ SQL语句 ] : INSERT INTO `wenda_users` (`username`,`pwd`,`email`) VALUES (NULL,'d41d8cd98f00b204e9800998ecf8427e',NULL)

[ 2017-03-22T22:45:19+08:00 ] ::1 /wenda/api.php/Users/regusers
INFO: [ app_init ] --START--
INFO: Run Behavior\BuildLiteBehavior [ RunTime:0.000000s ]
INFO: [ app_init ] --END-- [ RunTime:0.001500s ]
INFO: [ app_begin ] --START--
INFO: Run Behavior\ReadHtmlCacheBehavior [ RunTime:0.001500s ]
INFO: [ app_begin ] --END-- [ RunTime:0.001500s ]
NOTIC: [8] Undefined index: username D:\wamp64\www\wenda\Application\API\Controller\UsersController.class.php 第 41 行.
NOTIC: [8] Undefined index: pwd D:\wamp64\www\wenda\Application\API\Controller\UsersController.class.php 第 42 行.
NOTIC: [8] Undefined index: email D:\wamp64\www\wenda\Application\API\Controller\UsersController.class.php 第 43 行.
SQL: SHOW COLUMNS FROM `wenda_users` [ RunTime:0.0010s ]
ERR: 1048:Column 'username' cannot be null
 [ SQL语句 ] : INSERT INTO `wenda_users` (`username`,`pwd`,`email`) VALUES (NULL,'d41d8cd98f00b204e9800998ecf8427e',NULL)
ERR: 1048:Column 'username' cannot be null
 [ SQL语句 ] : INSERT INTO `wenda_users` (`username`,`pwd`,`email`) VALUES (NULL,'d41d8cd98f00b204e9800998ecf8427e',NULL)

[ 2017-03-22T22:45:22+08:00 ] ::1 /wenda/api.php/Users/regusers
INFO: [ app_init ] --START--
INFO: Run Behavior\BuildLiteBehavior [ RunTime:0.000000s ]
INFO: [ app_init ] --END-- [ RunTime:0.001000s ]
INFO: [ app_begin ] --START--
INFO: Run Behavior\ReadHtmlCacheBehavior [ RunTime:0.002000s ]
INFO: [ app_begin ] --END-- [ RunTime:0.002500s ]
NOTIC: [8] Undefined index: username D:\wamp64\www\wenda\Application\API\Controller\UsersController.class.php 第 41 行.
NOTIC: [8] Undefined index: pwd D:\wamp64\www\wenda\Application\API\Controller\UsersController.class.php 第 42 行.
NOTIC: [8] Undefined index: email D:\wamp64\www\wenda\Application\API\Controller\UsersController.class.php 第 43 行.
SQL: SHOW COLUMNS FROM `wenda_users` [ RunTime:0.0310s ]
ERR: 1048:Column 'username' cannot be null
 [ SQL语句 ] : INSERT INTO `wenda_users` (`username`,`pwd`,`email`) VALUES (NULL,'d41d8cd98f00b204e9800998ecf8427e',NULL)
ERR: 1048:Column 'username' cannot be null
 [ SQL语句 ] : INSERT INTO `wenda_users` (`username`,`pwd`,`email`) VALUES (NULL,'d41d8cd98f00b204e9800998ecf8427e',NULL)

[ 2017-03-22T22:45:22+08:00 ] ::1 /wenda/api.php/Users/regusers
INFO: [ app_init ] --START--
INFO: Run Behavior\BuildLiteBehavior [ RunTime:0.000000s ]
INFO: [ app_init ] --END-- [ RunTime:0.002000s ]
INFO: [ app_begin ] --START--
INFO: Run Behavior\ReadHtmlCacheBehavior [ RunTime:0.002000s ]
INFO: [ app_begin ] --END-- [ RunTime:0.002500s ]
NOTIC: [8] Undefined index: username D:\wamp64\www\wenda\Application\API\Controller\UsersController.class.php 第 41 行.
NOTIC: [8] Undefined index: pwd D:\wamp64\www\wenda\Application\API\Controller\UsersController.class.php 第 42 行.
NOTIC: [8] Undefined index: email D:\wamp64\www\wenda\Application\API\Controller\UsersController.class.php 第 43 行.
SQL: SHOW COLUMNS FROM `wenda_users` [ RunTime:0.0015s ]
ERR: 1048:Column 'username' cannot be null
 [ SQL语句 ] : INSERT INTO `wenda_users` (`username`,`pwd`,`email`) VALUES (NULL,'d41d8cd98f00b204e9800998ecf8427e',NULL)
ERR: 1048:Column 'username' cannot be null
 [ SQL语句 ] : INSERT INTO `wenda_users` (`username`,`pwd`,`email`) VALUES (NULL,'d41d8cd98f00b204e9800998ecf8427e',NULL)

[ 2017-03-22T22:45:23+08:00 ] ::1 /wenda/api.php/Users/regusers
INFO: [ app_init ] --START--
INFO: Run Behavior\BuildLiteBehavior [ RunTime:0.000000s ]
INFO: [ app_init ] --END-- [ RunTime:0.002000s ]
INFO: [ app_begin ] --START--
INFO: Run Behavior\ReadHtmlCacheBehavior [ RunTime:0.002000s ]
INFO: [ app_begin ] --END-- [ RunTime:0.003000s ]
NOTIC: [8] Undefined index: username D:\wamp64\www\wenda\Application\API\Controller\UsersController.class.php 第 41 行.
NOTIC: [8] Undefined index: pwd D:\wamp64\www\wenda\Application\API\Controller\UsersController.class.php 第 42 行.
NOTIC: [8] Undefined index: email D:\wamp64\www\wenda\Application\API\Controller\UsersController.class.php 第 43 行.
SQL: SHOW COLUMNS FROM `wenda_users` [ RunTime:0.0045s ]
ERR: 1048:Column 'username' cannot be null
 [ SQL语句 ] : INSERT INTO `wenda_users` (`username`,`pwd`,`email`) VALUES (NULL,'d41d8cd98f00b204e9800998ecf8427e',NULL)
ERR: 1048:Column 'username' cannot be null
 [ SQL语句 ] : INSERT INTO `wenda_users` (`username`,`pwd`,`email`) VALUES (NULL,'d41d8cd98f00b204e9800998ecf8427e',NULL)

[ 2017-03-22T22:45:23+08:00 ] ::1 /wenda/api.php/Users/regusers
INFO: [ app_init ] --START--
INFO: Run Behavior\BuildLiteBehavior [ RunTime:0.000000s ]
INFO: [ app_init ] --END-- [ RunTime:0.002000s ]
INFO: [ app_begin ] --START--
INFO: Run Behavior\ReadHtmlCacheBehavior [ RunTime:0.002000s ]
INFO: [ app_begin ] --END-- [ RunTime:0.002500s ]
NOTIC: [8] Undefined index: username D:\wamp64\www\wenda\Application\API\Controller\UsersController.class.php 第 41 行.
NOTIC: [8] Undefined index: pwd D:\wamp64\www\wenda\Application\API\Controller\UsersController.class.php 第 42 行.
NOTIC: [8] Undefined index: email D:\wamp64\www\wenda\Application\API\Controller\UsersController.class.php 第 43 行.
SQL: SHOW COLUMNS FROM `wenda_users` [ RunTime:0.0525s ]
ERR: 1048:Column 'username' cannot be null
 [ SQL语句 ] : INSERT INTO `wenda_users` (`username`,`pwd`,`email`) VALUES (NULL,'d41d8cd98f00b204e9800998ecf8427e',NULL)
ERR: 1048:Column 'username' cannot be null
 [ SQL语句 ] : INSERT INTO `wenda_users` (`username`,`pwd`,`email`) VALUES (NULL,'d41d8cd98f00b204e9800998ecf8427e',NULL)

[ 2017-03-22T22:45:23+08:00 ] ::1 /wenda/api.php/Users/regusers
INFO: [ app_init ] --START--
INFO: Run Behavior\BuildLiteBehavior [ RunTime:0.000000s ]
INFO: [ app_init ] --END-- [ RunTime:0.001501s ]
INFO: [ app_begin ] --START--
INFO: Run Behavior\ReadHtmlCacheBehavior [ RunTime:0.001500s ]
INFO: [ app_begin ] --END-- [ RunTime:0.002500s ]
NOTIC: [8] Undefined index: username D:\wamp64\www\wenda\Application\API\Controller\UsersController.class.php 第 41 行.
NOTIC: [8] Undefined index: pwd D:\wamp64\www\wenda\Application\API\Controller\UsersController.class.php 第 42 行.
NOTIC: [8] Undefined index: email D:\wamp64\www\wenda\Application\API\Controller\UsersController.class.php 第 43 行.
SQL: SHOW COLUMNS FROM `wenda_users` [ RunTime:0.0095s ]
ERR: 1048:Column 'username' cannot be null
 [ SQL语句 ] : INSERT INTO `wenda_users` (`username`,`pwd`,`email`) VALUES (NULL,'d41d8cd98f00b204e9800998ecf8427e',NULL)
ERR: 1048:Column 'username' cannot be null
 [ SQL语句 ] : INSERT INTO `wenda_users` (`username`,`pwd`,`email`) VALUES (NULL,'d41d8cd98f00b204e9800998ecf8427e',NULL)

[ 2017-03-22T22:45:24+08:00 ] ::1 /wenda/api.php/Users/regusers
INFO: [ app_init ] --START--
INFO: Run Behavior\BuildLiteBehavior [ RunTime:0.000000s ]
INFO: [ app_init ] --END-- [ RunTime:0.001000s ]
INFO: [ app_begin ] --START--
INFO: Run Behavior\ReadHtmlCacheBehavior [ RunTime:0.002000s ]
INFO: [ app_begin ] --END-- [ RunTime:0.002000s ]
NOTIC: [8] Undefined index: username D:\wamp64\www\wenda\Application\API\Controller\UsersController.class.php 第 41 行.
NOTIC: [8] Undefined index: pwd D:\wamp64\www\wenda\Application\API\Controller\UsersController.class.php 第 42 行.
NOTIC: [8] Undefined index: email D:\wamp64\www\wenda\Application\API\Controller\UsersController.class.php 第 43 行.
SQL: SHOW COLUMNS FROM `wenda_users` [ RunTime:0.0010s ]
ERR: 1048:Column 'username' cannot be null
 [ SQL语句 ] : INSERT INTO `wenda_users` (`username`,`pwd`,`email`) VALUES (NULL,'d41d8cd98f00b204e9800998ecf8427e',NULL)
ERR: 1048:Column 'username' cannot be null
 [ SQL语句 ] : INSERT INTO `wenda_users` (`username`,`pwd`,`email`) VALUES (NULL,'d41d8cd98f00b204e9800998ecf8427e',NULL)

[ 2017-03-22T22:45:24+08:00 ] ::1 /wenda/api.php/Users/regusers
INFO: [ app_init ] --START--
INFO: Run Behavior\BuildLiteBehavior [ RunTime:0.000000s ]
INFO: [ app_init ] --END-- [ RunTime:0.001001s ]
INFO: [ app_begin ] --START--
INFO: Run Behavior\ReadHtmlCacheBehavior [ RunTime:0.002000s ]
INFO: [ app_begin ] --END-- [ RunTime:0.002500s ]
NOTIC: [8] Undefined index: username D:\wamp64\www\wenda\Application\API\Controller\UsersController.class.php 第 41 行.
NOTIC: [8] Undefined index: pwd D:\wamp64\www\wenda\Application\API\Controller\UsersController.class.php 第 42 行.
NOTIC: [8] Undefined index: email D:\wamp64\www\wenda\Application\API\Controller\UsersController.class.php 第 43 行.
SQL: SHOW COLUMNS FROM `wenda_users` [ RunTime:0.0020s ]
ERR: 1048:Column 'username' cannot be null
 [ SQL语句 ] : INSERT INTO `wenda_users` (`username`,`pwd`,`email`) VALUES (NULL,'d41d8cd98f00b204e9800998ecf8427e',NULL)
ERR: 1048:Column 'username' cannot be null
 [ SQL语句 ] : INSERT INTO `wenda_users` (`username`,`pwd`,`email`) VALUES (NULL,'d41d8cd98f00b204e9800998ecf8427e',NULL)

[ 2017-03-22T22:45:24+08:00 ] ::1 /wenda/api.php/Users/regusers
INFO: [ app_init ] --START--
INFO: Run Behavior\BuildLiteBehavior [ RunTime:0.000000s ]
INFO: [ app_init ] --END-- [ RunTime:0.005501s ]
INFO: [ app_begin ] --START--
INFO: Run Behavior\ReadHtmlCacheBehavior [ RunTime:0.001500s ]
INFO: [ app_begin ] --END-- [ RunTime:0.002501s ]
NOTIC: [8] Undefined index: username D:\wamp64\www\wenda\Application\API\Controller\UsersController.class.php 第 41 行.
NOTIC: [8] Undefined index: pwd D:\wamp64\www\wenda\Application\API\Controller\UsersController.class.php 第 42 行.
NOTIC: [8] Undefined index: email D:\wamp64\www\wenda\Application\API\Controller\UsersController.class.php 第 43 行.
SQL: SHOW COLUMNS FROM `wenda_users` [ RunTime:0.0015s ]
ERR: 1048:Column 'username' cannot be null
 [ SQL语句 ] : INSERT INTO `wenda_users` (`username`,`pwd`,`email`) VALUES (NULL,'d41d8cd98f00b204e9800998ecf8427e',NULL)
ERR: 1048:Column 'username' cannot be null
 [ SQL语句 ] : INSERT INTO `wenda_users` (`username`,`pwd`,`email`) VALUES (NULL,'d41d8cd98f00b204e9800998ecf8427e',NULL)

[ 2017-03-22T22:45:25+08:00 ] ::1 /wenda/api.php/Users/regusers
INFO: [ app_init ] --START--
INFO: Run Behavior\BuildLiteBehavior [ RunTime:0.000000s ]
INFO: [ app_init ] --END-- [ RunTime:0.001000s ]
INFO: [ app_begin ] --START--
INFO: Run Behavior\ReadHtmlCacheBehavior [ RunTime:0.001001s ]
INFO: [ app_begin ] --END-- [ RunTime:0.001501s ]
NOTIC: [8] Undefined index: username D:\wamp64\www\wenda\Application\API\Controller\UsersController.class.php 第 41 行.
NOTIC: [8] Undefined index: pwd D:\wamp64\www\wenda\Application\API\Controller\UsersController.class.php 第 42 行.
NOTIC: [8] Undefined index: email D:\wamp64\www\wenda\Application\API\Controller\UsersController.class.php 第 43 行.
SQL: SHOW COLUMNS FROM `wenda_users` [ RunTime:0.0010s ]
ERR: 1048:Column 'username' cannot be null
 [ SQL语句 ] : INSERT INTO `wenda_users` (`username`,`pwd`,`email`) VALUES (NULL,'d41d8cd98f00b204e9800998ecf8427e',NULL)
ERR: 1048:Column 'username' cannot be null
 [ SQL语句 ] : INSERT INTO `wenda_users` (`username`,`pwd`,`email`) VALUES (NULL,'d41d8cd98f00b204e9800998ecf8427e',NULL)

[ 2017-03-22T22:47:05+08:00 ] ::1 /wenda/api.php/Users/regusers
INFO: [ app_init ] --START--
INFO: Run Behavior\BuildLiteBehavior [ RunTime:0.000000s ]
INFO: [ app_init ] --END-- [ RunTime:0.002000s ]
INFO: [ app_begin ] --START--
INFO: Run Behavior\ReadHtmlCacheBehavior [ RunTime:0.002500s ]
INFO: [ app_begin ] --END-- [ RunTime:0.003000s ]
NOTIC: [8] Undefined index: username D:\wamp64\www\wenda\Application\API\Controller\UsersController.class.php 第 41 行.
NOTIC: [8] Undefined index: pwd D:\wamp64\www\wenda\Application\API\Controller\UsersController.class.php 第 42 行.
NOTIC: [8] Undefined index: email D:\wamp64\www\wenda\Application\API\Controller\UsersController.class.php 第 43 行.
SQL: SHOW COLUMNS FROM `wenda_users` [ RunTime:0.0050s ]
ERR: 1048:Column 'username' cannot be null
 [ SQL语句 ] : INSERT INTO `wenda_users` (`username`,`pwd`,`email`) VALUES (NULL,'d41d8cd98f00b204e9800998ecf8427e',NULL)
ERR: 1048:Column 'username' cannot be null
 [ SQL语句 ] : INSERT INTO `wenda_users` (`username`,`pwd`,`email`) VALUES (NULL,'d41d8cd98f00b204e9800998ecf8427e',NULL)

[ 2017-03-22T22:47:13+08:00 ] ::1 /wenda/api.php/Users/regusers
INFO: [ app_init ] --START--
INFO: Run Behavior\BuildLiteBehavior [ RunTime:0.000000s ]
INFO: [ app_init ] --END-- [ RunTime:0.002000s ]
INFO: [ app_begin ] --START--
INFO: Run Behavior\ReadHtmlCacheBehavior [ RunTime:0.002000s ]
INFO: [ app_begin ] --END-- [ RunTime:0.003000s ]
NOTIC: [8] Undefined index: username D:\wamp64\www\wenda\Application\API\Controller\UsersController.class.php 第 41 行.
NOTIC: [8] Undefined index: pwd D:\wamp64\www\wenda\Application\API\Controller\UsersController.class.php 第 42 行.
NOTIC: [8] Undefined index: email D:\wamp64\www\wenda\Application\API\Controller\UsersController.class.php 第 43 行.
SQL: SHOW COLUMNS FROM `wenda_users` [ RunTime:0.0015s ]
ERR: 1048:Column 'username' cannot be null
 [ SQL语句 ] : INSERT INTO `wenda_users` (`username`,`pwd`,`email`) VALUES (NULL,'d41d8cd98f00b204e9800998ecf8427e',NULL)
ERR: 1048:Column 'username' cannot be null
 [ SQL语句 ] : INSERT INTO `wenda_users` (`username`,`pwd`,`email`) VALUES (NULL,'d41d8cd98f00b204e9800998ecf8427e',NULL)

[ 2017-03-22T22:48:34+08:00 ] ::1 /wenda/api.php/Users/regusers
INFO: [ app_init ] --START--
INFO: Run Behavior\BuildLiteBehavior [ RunTime:0.000500s ]
INFO: [ app_init ] --END-- [ RunTime:0.001500s ]
INFO: [ app_begin ] --START--
INFO: Run Behavior\ReadHtmlCacheBehavior [ RunTime:0.002000s ]
INFO: [ app_begin ] --END-- [ RunTime:0.002000s ]
NOTIC: [8] Undefined index: username D:\wamp64\www\wenda\Application\API\Controller\UsersController.class.php 第 41 行.
NOTIC: [8] Undefined index: pwd D:\wamp64\www\wenda\Application\API\Controller\UsersController.class.php 第 42 行.
NOTIC: [8] Undefined index: email D:\wamp64\www\wenda\Application\API\Controller\UsersController.class.php 第 43 行.
SQL: SHOW COLUMNS FROM `wenda_users` [ RunTime:0.0255s ]
ERR: 1048:Column 'username' cannot be null
 [ SQL语句 ] : INSERT INTO `wenda_users` (`username`,`pwd`,`email`) VALUES (NULL,'d41d8cd98f00b204e9800998ecf8427e',NULL)
ERR: 1048:Column 'username' cannot be null
 [ SQL语句 ] : INSERT INTO `wenda_users` (`username`,`pwd`,`email`) VALUES (NULL,'d41d8cd98f00b204e9800998ecf8427e',NULL)

[ 2017-03-22T22:48:42+08:00 ] ::1 /wenda/api.php/Users/regusers
INFO: [ app_init ] --START--
INFO: Run Behavior\BuildLiteBehavior [ RunTime:0.000000s ]
INFO: [ app_init ] --END-- [ RunTime:0.001500s ]
INFO: [ app_begin ] --START--
INFO: Run Behavior\ReadHtmlCacheBehavior [ RunTime:0.002000s ]
INFO: [ app_begin ] --END-- [ RunTime:0.002500s ]
NOTIC: [8] Undefined index: username D:\wamp64\www\wenda\Application\API\Controller\UsersController.class.php 第 41 行.
NOTIC: [8] Undefined index: pwd D:\wamp64\www\wenda\Application\API\Controller\UsersController.class.php 第 42 行.
NOTIC: [8] Undefined index: email D:\wamp64\www\wenda\Application\API\Controller\UsersController.class.php 第 43 行.
SQL: SHOW COLUMNS FROM `wenda_users` [ RunTime:0.0015s ]
ERR: 1048:Column 'username' cannot be null
 [ SQL语句 ] : INSERT INTO `wenda_users` (`username`,`pwd`,`email`) VALUES (NULL,'d41d8cd98f00b204e9800998ecf8427e',NULL)
ERR: 1048:Column 'username' cannot be null
 [ SQL语句 ] : INSERT INTO `wenda_users` (`username`,`pwd`,`email`) VALUES (NULL,'d41d8cd98f00b204e9800998ecf8427e',NULL)

[ 2017-03-22T22:50:55+08:00 ] ::1 /wenda/api.php/Users/regusers
INFO: [ app_init ] --START--
INFO: Run Behavior\BuildLiteBehavior [ RunTime:0.000500s ]
INFO: [ app_init ] --END-- [ RunTime:0.001500s ]
INFO: [ app_begin ] --START--
INFO: Run Behavior\ReadHtmlCacheBehavior [ RunTime:0.001500s ]
INFO: [ app_begin ] --END-- [ RunTime:0.002500s ]
NOTIC: [8] Undefined index: username D:\wamp64\www\wenda\Application\API\Controller\UsersController.class.php 第 41 行.
NOTIC: [8] Undefined index: pwd D:\wamp64\www\wenda\Application\API\Controller\UsersController.class.php 第 42 行.
NOTIC: [8] Undefined index: email D:\wamp64\www\wenda\Application\API\Controller\UsersController.class.php 第 43 行.

[ 2017-03-22T22:51:32+08:00 ] ::1 /wenda/api.php/Users/regusers
INFO: [ app_init ] --START--
INFO: Run Behavior\BuildLiteBehavior [ RunTime:0.000000s ]
INFO: [ app_init ] --END-- [ RunTime:0.001500s ]
INFO: [ app_begin ] --START--
INFO: Run Behavior\ReadHtmlCacheBehavior [ RunTime:0.002000s ]
INFO: [ app_begin ] --END-- [ RunTime:0.002500s ]
NOTIC: [8] Undefined index: username D:\wamp64\www\wenda\Application\API\Controller\UsersController.class.php 第 41 行.
NOTIC: [8] Undefined index: pwd D:\wamp64\www\wenda\Application\API\Controller\UsersController.class.php 第 42 行.
NOTIC: [8] Undefined index: email D:\wamp64\www\wenda\Application\API\Controller\UsersController.class.php 第 43 行.
SQL: SHOW COLUMNS FROM `wenda_users` [ RunTime:0.0975s ]
ERR: 1048:Column 'username' cannot be null
 [ SQL语句 ] : INSERT INTO `wenda_users` (`username`,`pwd`,`email`) VALUES (NULL,'d41d8cd98f00b204e9800998ecf8427e',NULL)
ERR: 1048:Column 'username' cannot be null
 [ SQL语句 ] : INSERT INTO `wenda_users` (`username`,`pwd`,`email`) VALUES (NULL,'d41d8cd98f00b204e9800998ecf8427e',NULL)

[ 2017-03-22T22:54:12+08:00 ] 127.0.0.1 /wenda/api.php/Users/regusers
INFO: [ app_init ] --START--
INFO: Run Behavior\BuildLiteBehavior [ RunTime:0.000000s ]
INFO: [ app_init ] --END-- [ RunTime:0.001500s ]
INFO: [ app_begin ] --START--
INFO: Run Behavior\ReadHtmlCacheBehavior [ RunTime:0.002000s ]
INFO: [ app_begin ] --END-- [ RunTime:0.003000s ]

[ 2017-03-22T22:56:11+08:00 ] 127.0.0.1 /wenda/api.php/Users/regusers
INFO: [ app_init ] --START--
INFO: Run Behavior\BuildLiteBehavior [ RunTime:0.000500s ]
INFO: [ app_init ] --END-- [ RunTime:0.006001s ]
INFO: [ app_begin ] --START--
INFO: Run Behavior\ReadHtmlCacheBehavior [ RunTime:0.002000s ]
INFO: [ app_begin ] --END-- [ RunTime:0.003000s ]
SQL: SHOW COLUMNS FROM `wenda_users` [ RunTime:0.0215s ]
SQL: INSERT INTO `wenda_users` (`username`,`pwd`,`email`) VALUES ('321','caf1a3dfb505ffed0d024130f58c5cfa','321') [ RunTime:0.0755s ]

[ 2017-03-22T22:56:19+08:00 ] ::1 /wenda/api.php/Users/regusers
INFO: [ app_init ] --START--
INFO: Run Behavior\BuildLiteBehavior [ RunTime:0.000000s ]
INFO: [ app_init ] --END-- [ RunTime:0.001000s ]
INFO: [ app_begin ] --START--
INFO: Run Behavior\ReadHtmlCacheBehavior [ RunTime:0.002000s ]
INFO: [ app_begin ] --END-- [ RunTime:0.002000s ]
NOTIC: [8] Undefined index: username D:\wamp64\www\wenda\Application\API\Controller\UsersController.class.php 第 41 行.
NOTIC: [8] Undefined index: pwd D:\wamp64\www\wenda\Application\API\Controller\UsersController.class.php 第 42 行.
NOTIC: [8] Undefined index: email D:\wamp64\www\wenda\Application\API\Controller\UsersController.class.php 第 43 行.
SQL: SHOW COLUMNS FROM `wenda_users` [ RunTime:0.0010s ]
ERR: 1048:Column 'username' cannot be null
 [ SQL语句 ] : INSERT INTO `wenda_users` (`username`,`pwd`,`email`) VALUES (NULL,'d41d8cd98f00b204e9800998ecf8427e',NULL)
ERR: 1048:Column 'username' cannot be null
 [ SQL语句 ] : INSERT INTO `wenda_users` (`username`,`pwd`,`email`) VALUES (NULL,'d41d8cd98f00b204e9800998ecf8427e',NULL)

[ 2017-03-22T22:57:27+08:00 ] ::1 /wenda/api.php/Users/regusers
INFO: [ app_init ] --START--
INFO: Run Behavior\BuildLiteBehavior [ RunTime:0.000000s ]
INFO: [ app_init ] --END-- [ RunTime:0.001500s ]
INFO: [ app_begin ] --START--
INFO: Run Behavior\ReadHtmlCacheBehavior [ RunTime:0.002000s ]
INFO: [ app_begin ] --END-- [ RunTime:0.003000s ]
NOTIC: [8] Undefined index: username D:\wamp64\www\wenda\Application\API\Controller\UsersController.class.php 第 41 行.
NOTIC: [8] Undefined index: pwd D:\wamp64\www\wenda\Application\API\Controller\UsersController.class.php 第 42 行.
NOTIC: [8] Undefined index: email D:\wamp64\www\wenda\Application\API\Controller\UsersController.class.php 第 43 行.
SQL: SHOW COLUMNS FROM `wenda_users` [ RunTime:0.0080s ]
ERR: 1048:Column 'username' cannot be null
 [ SQL语句 ] : INSERT INTO `wenda_users` (`username`,`pwd`,`email`) VALUES (NULL,'d41d8cd98f00b204e9800998ecf8427e',NULL)
ERR: 1048:Column 'username' cannot be null
 [ SQL语句 ] : INSERT INTO `wenda_users` (`username`,`pwd`,`email`) VALUES (NULL,'d41d8cd98f00b204e9800998ecf8427e',NULL)

[ 2017-03-22T22:57:41+08:00 ] ::1 /wenda/api.php/Users/login
INFO: [ app_init ] --START--
INFO: Run Behavior\BuildLiteBehavior [ RunTime:0.000500s ]
INFO: [ app_init ] --END-- [ RunTime:0.001500s ]
INFO: [ app_begin ] --START--
INFO: Run Behavior\ReadHtmlCacheBehavior [ RunTime:0.002001s ]
INFO: [ app_begin ] --END-- [ RunTime:0.003001s ]
NOTIC: [8] Undefined index: username D:\wamp64\www\wenda\Application\API\Controller\UsersController.class.php 第 11 行.
NOTIC: [8] Undefined index: pwd D:\wamp64\www\wenda\Application\API\Controller\UsersController.class.php 第 12 行.
SQL: SHOW COLUMNS FROM `wenda_users` [ RunTime:0.0015s ]
SQL: SELECT * FROM `wenda_users` WHERE `username` = null AND `pwd` = 'd41d8cd98f00b204e9800998ecf8427e' LIMIT 1   [ RunTime:0.0010s ]

[ 2017-03-22T22:57:51+08:00 ] ::1 /wenda/api.php/Users/regusers
INFO: [ app_init ] --START--
INFO: Run Behavior\BuildLiteBehavior [ RunTime:0.000500s ]
INFO: [ app_init ] --END-- [ RunTime:0.001500s ]
INFO: [ app_begin ] --START--
INFO: Run Behavior\ReadHtmlCacheBehavior [ RunTime:0.001500s ]
INFO: [ app_begin ] --END-- [ RunTime:0.001500s ]
NOTIC: [8] Undefined index: username D:\wamp64\www\wenda\Application\API\Controller\UsersController.class.php 第 41 行.
NOTIC: [8] Undefined index: pwd D:\wamp64\www\wenda\Application\API\Controller\UsersController.class.php 第 42 行.
NOTIC: [8] Undefined index: email D:\wamp64\www\wenda\Application\API\Controller\UsersController.class.php 第 43 行.
SQL: SHOW COLUMNS FROM `wenda_users` [ RunTime:0.0305s ]
ERR: 1048:Column 'username' cannot be null
 [ SQL语句 ] : INSERT INTO `wenda_users` (`username`,`pwd`,`email`) VALUES (NULL,'d41d8cd98f00b204e9800998ecf8427e',NULL)
ERR: 1048:Column 'username' cannot be null
 [ SQL语句 ] : INSERT INTO `wenda_users` (`username`,`pwd`,`email`) VALUES (NULL,'d41d8cd98f00b204e9800998ecf8427e',NULL)

[ 2017-03-22T22:58:09+08:00 ] ::1 /wenda/api.php/Users/regusers
INFO: [ app_init ] --START--
INFO: Run Behavior\BuildLiteBehavior [ RunTime:0.000000s ]
INFO: [ app_init ] --END-- [ RunTime:0.002000s ]
INFO: [ app_begin ] --START--
INFO: Run Behavior\ReadHtmlCacheBehavior [ RunTime:0.001000s ]
INFO: [ app_begin ] --END-- [ RunTime:0.002000s ]
NOTIC: [8] Undefined index: username D:\wamp64\www\wenda\Application\API\Controller\UsersController.class.php 第 41 行.
NOTIC: [8] Undefined index: pwd D:\wamp64\www\wenda\Application\API\Controller\UsersController.class.php 第 42 行.
NOTIC: [8] Undefined index: email D:\wamp64\www\wenda\Application\API\Controller\UsersController.class.php 第 43 行.

[ 2017-03-22T22:58:27+08:00 ] 127.0.0.1 /wenda/api.php/Users/regusers
INFO: [ app_init ] --START--
INFO: Run Behavior\BuildLiteBehavior [ RunTime:0.000500s ]
INFO: [ app_init ] --END-- [ RunTime:0.001000s ]
INFO: [ app_begin ] --START--
INFO: Run Behavior\ReadHtmlCacheBehavior [ RunTime:0.002001s ]
INFO: [ app_begin ] --END-- [ RunTime:0.003001s ]

[ 2017-03-22T22:59:51+08:00 ] ::1 /wenda/api.php/Users/regusers
INFO: [ app_init ] --START--
INFO: Run Behavior\BuildLiteBehavior [ RunTime:0.000000s ]
INFO: [ app_init ] --END-- [ RunTime:0.002000s ]
INFO: [ app_begin ] --START--
INFO: Run Behavior\ReadHtmlCacheBehavior [ RunTime:0.002501s ]
INFO: [ app_begin ] --END-- [ RunTime:0.003001s ]
NOTIC: [8] Undefined index: username D:\wamp64\www\wenda\Application\API\Controller\UsersController.class.php 第 41 行.
NOTIC: [8] Undefined index: pwd D:\wamp64\www\wenda\Application\API\Controller\UsersController.class.php 第 42 行.
NOTIC: [8] Undefined index: email D:\wamp64\www\wenda\Application\API\Controller\UsersController.class.php 第 43 行.

[ 2017-03-22T22:59:58+08:00 ] 127.0.0.1 /wenda/api.php/Users/regusers
INFO: [ app_init ] --START--
INFO: Run Behavior\BuildLiteBehavior [ RunTime:0.000000s ]
INFO: [ app_init ] --END-- [ RunTime:0.002000s ]
INFO: [ app_begin ] --START--
INFO: Run Behavior\ReadHtmlCacheBehavior [ RunTime:0.001501s ]
INFO: [ app_begin ] --END-- [ RunTime:0.002501s ]
SQL: SHOW COLUMNS FROM `wenda_users` [ RunTime:0.0020s ]
SQL: INSERT INTO `wenda_users` (`username`,`pwd`,`email`) VALUES ('222','caf1a3dfb505ffed0d024130f58c5cfa','321') [ RunTime:0.0575s ]

[ 2017-03-22T23:01:23+08:00 ] ::1 /wenda/api.php/Users/regusers
INFO: [ app_init ] --START--
INFO: Run Behavior\BuildLiteBehavior [ RunTime:0.000000s ]
INFO: [ app_init ] --END-- [ RunTime:0.001500s ]
INFO: [ app_begin ] --START--
INFO: Run Behavior\ReadHtmlCacheBehavior [ RunTime:0.002000s ]
INFO: [ app_begin ] --END-- [ RunTime:0.002500s ]
NOTIC: [8] Undefined index: username D:\wamp64\www\wenda\Application\API\Controller\UsersController.class.php 第 41 行.
NOTIC: [8] Undefined index: pwd D:\wamp64\www\wenda\Application\API\Controller\UsersController.class.php 第 42 行.
NOTIC: [8] Undefined index: email D:\wamp64\www\wenda\Application\API\Controller\UsersController.class.php 第 43 行.

[ 2017-03-22T23:01:58+08:00 ] ::1 /wenda/api.php/Users/login
INFO: [ app_init ] --START--
INFO: Run Behavior\BuildLiteBehavior [ RunTime:0.000000s ]
INFO: [ app_init ] --END-- [ RunTime:0.001500s ]
INFO: [ app_begin ] --START--
INFO: Run Behavior\ReadHtmlCacheBehavior [ RunTime:0.002000s ]
INFO: [ app_begin ] --END-- [ RunTime:0.002501s ]
NOTIC: [8] Undefined index: username D:\wamp64\www\wenda\Application\API\Controller\UsersController.class.php 第 11 行.
NOTIC: [8] Undefined index: pwd D:\wamp64\www\wenda\Application\API\Controller\UsersController.class.php 第 12 行.

[ 2017-03-22T23:02:20+08:00 ] 127.0.0.1 /wenda/api.php/Users/regusers
INFO: [ app_init ] --START--
INFO: Run Behavior\BuildLiteBehavior [ RunTime:0.000000s ]
INFO: [ app_init ] --END-- [ RunTime:0.002001s ]
INFO: [ app_begin ] --START--
INFO: Run Behavior\ReadHtmlCacheBehavior [ RunTime:0.001500s ]
INFO: [ app_begin ] --END-- [ RunTime:0.001500s ]
SQL: SHOW COLUMNS FROM `wenda_users` [ RunTime:0.0515s ]
SQL: INSERT INTO `wenda_users` (`username`,`pwd`,`email`) VALUES ('298','caf1a3dfb505ffed0d024130f58c5cfa','321') [ RunTime:0.0615s ]

