[ 2017-03-27T08:21:23+08:00 ] 127.0.0.1 /wenda/api.php/Users/login
INFO: [ app_init ] --START--
INFO: Run Behavior\BuildLiteBehavior [ RunTime:0.000000s ]
INFO: [ app_init ] --END-- [ RunTime:0.001000s ]
INFO: [ app_begin ] --START--
INFO: Run Behavior\ReadHtmlCacheBehavior [ RunTime:0.001000s ]
INFO: [ app_begin ] --END-- [ RunTime:0.001000s ]
SQL: SHOW COLUMNS FROM `wenda_users` [ RunTime:0.0700s ]
SQL: SELECT * FROM `wenda_users` WHERE `username` = '小小强' AND `pwd` = 'e10adc3949ba59abbe56e057f20f883e' LIMIT 1   [ RunTime:0.0005s ]

[ 2017-03-27T08:21:23+08:00 ] 127.0.0.1 /wenda/api.php/Question/qlist
INFO: [ app_init ] --START--
INFO: Run Behavior\BuildLiteBehavior [ RunTime:0.000000s ]
INFO: [ app_init ] --END-- [ RunTime:0.003001s ]
INFO: [ app_begin ] --START--
INFO: Run Behavior\ReadHtmlCacheBehavior [ RunTime:0.002001s ]
INFO: [ app_begin ] --END-- [ RunTime:0.003001s ]
SQL: SHOW COLUMNS FROM `wenda_question` [ RunTime:0.0190s ]
SQL: SELECT COUNT(*) AS tp_count FROM `wenda_question` LIMIT 1   [ RunTime:0.0005s ]
SQL: SELECT * FROM `wenda_question` LIMIT 0,2   [ RunTime:0.0020s ]
INFO: [ app_end ] --START--
INFO: Run Behavior\ShowPageTraceBehavior [ RunTime:0.018503s ]
INFO: [ app_end ] --END-- [ RunTime:0.019503s ]

[ 2017-03-27T08:23:23+08:00 ] ::1 /wenda/api.php/Question/qlist
INFO: [ app_init ] --START--
INFO: Run Behavior\BuildLiteBehavior [ RunTime:0.000000s ]
INFO: [ app_init ] --END-- [ RunTime:0.000501s ]
INFO: [ app_begin ] --START--
INFO: Run Behavior\ReadHtmlCacheBehavior [ RunTime:0.000500s ]
INFO: [ app_begin ] --END-- [ RunTime:0.001000s ]
SQL: SHOW COLUMNS FROM `wenda_question` [ RunTime:0.0065s ]
SQL: SELECT COUNT(*) AS tp_count FROM `wenda_question` LIMIT 1   [ RunTime:0.0035s ]
SQL: SELECT * FROM `wenda_question` LIMIT 0,2   [ RunTime:0.0010s ]
INFO: [ app_end ] --START--
INFO: Run Behavior\ShowPageTraceBehavior [ RunTime:0.001500s ]
INFO: [ app_end ] --END-- [ RunTime:0.001500s ]

[ 2017-03-27T08:25:36+08:00 ] ::1 /wenda/api.php/Question/qlist
INFO: [ app_init ] --START--
INFO: Run Behavior\BuildLiteBehavior [ RunTime:0.000500s ]
INFO: [ app_init ] --END-- [ RunTime:0.001000s ]
INFO: [ app_begin ] --START--
INFO: Run Behavior\ReadHtmlCacheBehavior [ RunTime:0.001000s ]
INFO: [ app_begin ] --END-- [ RunTime:0.001000s ]
SQL: SHOW COLUMNS FROM `wenda_question` [ RunTime:0.0035s ]
SQL: SELECT COUNT(*) AS tp_count FROM `wenda_question` LIMIT 1   [ RunTime:0.0000s ]
SQL: SELECT * FROM `wenda_question` LIMIT 0,2   [ RunTime:0.0010s ]
INFO: [ app_end ] --START--
INFO: Run Behavior\ShowPageTraceBehavior [ RunTime:0.000500s ]
INFO: [ app_end ] --END-- [ RunTime:0.001500s ]

[ 2017-03-27T08:28:32+08:00 ] ::1 /wenda/api.php/Question/qlist
INFO: [ app_init ] --START--
INFO: Run Behavior\BuildLiteBehavior [ RunTime:0.000000s ]
INFO: [ app_init ] --END-- [ RunTime:0.001000s ]
INFO: [ app_begin ] --START--
INFO: Run Behavior\ReadHtmlCacheBehavior [ RunTime:0.001000s ]
INFO: [ app_begin ] --END-- [ RunTime:0.001000s ]
SQL: SHOW COLUMNS FROM `wenda_question` [ RunTime:0.0020s ]
SQL: SELECT COUNT(*) AS tp_count FROM `wenda_question` LIMIT 1   [ RunTime:0.0005s ]
SQL: SELECT * FROM `wenda_question` LIMIT 0,2   [ RunTime:0.0010s ]
INFO: [ app_end ] --START--
INFO: Run Behavior\ShowPageTraceBehavior [ RunTime:0.001500s ]
INFO: [ app_end ] --END-- [ RunTime:0.001500s ]

[ 2017-03-27T08:32:45+08:00 ] 127.0.0.1 /wenda/api.php/Users/login
INFO: [ app_init ] --START--
INFO: Run Behavior\BuildLiteBehavior [ RunTime:0.000000s ]
INFO: [ app_init ] --END-- [ RunTime:0.001000s ]
INFO: [ app_begin ] --START--
INFO: Run Behavior\ReadHtmlCacheBehavior [ RunTime:0.000500s ]
INFO: [ app_begin ] --END-- [ RunTime:0.000500s ]
SQL: SHOW COLUMNS FROM `wenda_users` [ RunTime:0.0015s ]
SQL: SELECT * FROM `wenda_users` WHERE `username` = '小小强' AND `pwd` = 'e10adc3949ba59abbe56e057f20f883e' LIMIT 1   [ RunTime:0.0005s ]

[ 2017-03-27T08:32:45+08:00 ] 127.0.0.1 /wenda/api.php/Question/qlist
INFO: [ app_init ] --START--
INFO: Run Behavior\BuildLiteBehavior [ RunTime:0.000000s ]
INFO: [ app_init ] --END-- [ RunTime:0.001500s ]
INFO: [ app_begin ] --START--
INFO: Run Behavior\ReadHtmlCacheBehavior [ RunTime:0.001000s ]
INFO: [ app_begin ] --END-- [ RunTime:0.001500s ]
SQL: SHOW COLUMNS FROM `wenda_question` [ RunTime:0.0045s ]
SQL: SELECT COUNT(*) AS tp_count FROM `wenda_question` LIMIT 1   [ RunTime:0.0005s ]
SQL: SELECT * FROM `wenda_question` LIMIT 0,2   [ RunTime:0.0005s ]
INFO: [ app_end ] --START--
INFO: Run Behavior\ShowPageTraceBehavior [ RunTime:0.001000s ]
INFO: [ app_end ] --END-- [ RunTime:0.001000s ]

[ 2017-03-27T08:33:48+08:00 ] 127.0.0.1 /wenda/api.php/Users/login
INFO: [ app_init ] --START--
INFO: Run Behavior\BuildLiteBehavior [ RunTime:0.000000s ]
INFO: [ app_init ] --END-- [ RunTime:0.001000s ]
INFO: [ app_begin ] --START--
INFO: Run Behavior\ReadHtmlCacheBehavior [ RunTime:0.001501s ]
INFO: [ app_begin ] --END-- [ RunTime:0.002001s ]
SQL: SHOW COLUMNS FROM `wenda_users` [ RunTime:0.0030s ]
SQL: SELECT * FROM `wenda_users` WHERE `username` = '小小强' AND `pwd` = 'e10adc3949ba59abbe56e057f20f883e' LIMIT 1   [ RunTime:0.0010s ]

[ 2017-03-27T08:38:58+08:00 ] ::1 /wenda/api.php/Question/qlist
INFO: [ app_init ] --START--
INFO: Run Behavior\BuildLiteBehavior [ RunTime:0.000000s ]
INFO: [ app_init ] --END-- [ RunTime:0.001500s ]
INFO: [ app_begin ] --START--
INFO: Run Behavior\ReadHtmlCacheBehavior [ RunTime:0.001000s ]
INFO: [ app_begin ] --END-- [ RunTime:0.001000s ]
SQL: SHOW COLUMNS FROM `wenda_question` [ RunTime:0.0015s ]
NOTIC: [8] Undefined variable: data D:\wamp64\www\wenda\Application\API\Controller\QuestionController.class.php 第 14 行.
NOTIC: [8] Trying to get property of non-object D:\wamp64\www\wenda\Application\API\Controller\QuestionController.class.php 第 14 行.

[ 2017-03-27T08:39:19+08:00 ] ::1 /wenda/api.php/Question/qlist
INFO: [ app_init ] --START--
INFO: Run Behavior\BuildLiteBehavior [ RunTime:0.000500s ]
INFO: [ app_init ] --END-- [ RunTime:0.001001s ]
INFO: [ app_begin ] --START--
INFO: Run Behavior\ReadHtmlCacheBehavior [ RunTime:0.001000s ]
INFO: [ app_begin ] --END-- [ RunTime:0.001000s ]
SQL: SHOW COLUMNS FROM `wenda_question` [ RunTime:0.0015s ]
SQL: SELECT * FROM `wenda_question`  [ RunTime:0.0005s ]
INFO: [ app_end ] --START--
INFO: Run Behavior\ShowPageTraceBehavior [ RunTime:0.001001s ]
INFO: [ app_end ] --END-- [ RunTime:0.001501s ]

[ 2017-03-27T08:52:19+08:00 ] 127.0.0.1 /wenda/api.php/Users/login
INFO: [ app_init ] --START--
INFO: Run Behavior\BuildLiteBehavior [ RunTime:0.000000s ]
INFO: [ app_init ] --END-- [ RunTime:0.000500s ]
INFO: [ app_begin ] --START--
INFO: Run Behavior\ReadHtmlCacheBehavior [ RunTime:0.001000s ]
INFO: [ app_begin ] --END-- [ RunTime:0.001500s ]
SQL: SHOW COLUMNS FROM `wenda_users` [ RunTime:0.0015s ]
SQL: SELECT * FROM `wenda_users` WHERE `username` = '小小强' AND `pwd` = 'e10adc3949ba59abbe56e057f20f883e' LIMIT 1   [ RunTime:0.0005s ]

[ 2017-03-27T08:52:19+08:00 ] 127.0.0.1 /wenda/api.php/Question/qlist
INFO: [ app_init ] --START--
INFO: Run Behavior\BuildLiteBehavior [ RunTime:0.000000s ]
INFO: [ app_init ] --END-- [ RunTime:0.002001s ]
INFO: [ app_begin ] --START--
INFO: Run Behavior\ReadHtmlCacheBehavior [ RunTime:0.003501s ]
INFO: [ app_begin ] --END-- [ RunTime:0.004001s ]
SQL: SHOW COLUMNS FROM `wenda_question` [ RunTime:0.0030s ]
SQL: SELECT * FROM `wenda_question`  [ RunTime:0.0015s ]
INFO: [ app_end ] --START--
INFO: Run Behavior\ShowPageTraceBehavior [ RunTime:0.003000s ]
INFO: [ app_end ] --END-- [ RunTime:0.003500s ]

[ 2017-03-27T09:00:00+08:00 ] 127.0.0.1 /wenda/api.php/Users/login
INFO: [ app_init ] --START--
INFO: Run Behavior\BuildLiteBehavior [ RunTime:0.000000s ]
INFO: [ app_init ] --END-- [ RunTime:0.001000s ]
INFO: [ app_begin ] --START--
INFO: Run Behavior\ReadHtmlCacheBehavior [ RunTime:0.000500s ]
INFO: [ app_begin ] --END-- [ RunTime:0.001000s ]
SQL: SHOW COLUMNS FROM `wenda_users` [ RunTime:0.0020s ]
SQL: SELECT * FROM `wenda_users` WHERE `username` = '小小强' AND `pwd` = 'e10adc3949ba59abbe56e057f20f883e' LIMIT 1   [ RunTime:0.0005s ]

[ 2017-03-27T09:01:54+08:00 ] ::1 /wenda/api.php/Question/qlist
INFO: [ app_init ] --START--
INFO: Run Behavior\BuildLiteBehavior [ RunTime:0.000000s ]
INFO: [ app_init ] --END-- [ RunTime:0.004501s ]
INFO: [ app_begin ] --START--
INFO: Run Behavior\ReadHtmlCacheBehavior [ RunTime:0.000500s ]
INFO: [ app_begin ] --END-- [ RunTime:0.001501s ]
SQL: SHOW COLUMNS FROM `wenda_question` [ RunTime:0.0015s ]
SQL: SELECT * FROM `wenda_question`  [ RunTime:0.0005s ]
INFO: [ app_end ] --START--
INFO: Run Behavior\ShowPageTraceBehavior [ RunTime:0.000500s ]
INFO: [ app_end ] --END-- [ RunTime:0.001000s ]

[ 2017-03-27T09:03:16+08:00 ] 127.0.0.1 /wenda/api.php/Users/login
INFO: [ app_init ] --START--
INFO: Run Behavior\BuildLiteBehavior [ RunTime:0.000000s ]
INFO: [ app_init ] --END-- [ RunTime:0.001000s ]
INFO: [ app_begin ] --START--
INFO: Run Behavior\ReadHtmlCacheBehavior [ RunTime:0.000500s ]
INFO: [ app_begin ] --END-- [ RunTime:0.000500s ]
SQL: SHOW COLUMNS FROM `wenda_users` [ RunTime:0.0015s ]
SQL: SELECT * FROM `wenda_users` WHERE `username` = '小小强' AND `pwd` = 'e10adc3949ba59abbe56e057f20f883e' LIMIT 1   [ RunTime:0.0005s ]

[ 2017-03-27T09:03:17+08:00 ] 127.0.0.1 /wenda/api.php/Question/qlist
INFO: [ app_init ] --START--
INFO: Run Behavior\BuildLiteBehavior [ RunTime:0.000000s ]
INFO: [ app_init ] --END-- [ RunTime:0.001501s ]
INFO: [ app_begin ] --START--
INFO: Run Behavior\ReadHtmlCacheBehavior [ RunTime:0.002501s ]
INFO: [ app_begin ] --END-- [ RunTime:0.003001s ]
SQL: SHOW COLUMNS FROM `wenda_question` [ RunTime:0.0030s ]
SQL: SELECT * FROM `wenda_question`  [ RunTime:0.0005s ]
INFO: [ app_end ] --START--
INFO: Run Behavior\ShowPageTraceBehavior [ RunTime:0.002000s ]
INFO: [ app_end ] --END-- [ RunTime:0.002500s ]

[ 2017-03-27T09:05:50+08:00 ] 127.0.0.1 /wenda/api.php/Question/qlist
INFO: [ app_init ] --START--
INFO: Run Behavior\BuildLiteBehavior [ RunTime:0.000000s ]
INFO: [ app_init ] --END-- [ RunTime:0.001500s ]
INFO: [ app_begin ] --START--
INFO: Run Behavior\ReadHtmlCacheBehavior [ RunTime:0.001501s ]
INFO: [ app_begin ] --END-- [ RunTime:0.002501s ]
SQL: SHOW COLUMNS FROM `wenda_question` [ RunTime:0.0130s ]
SQL: SELECT * FROM `wenda_question`  [ RunTime:0.0050s ]
INFO: [ app_end ] --START--
INFO: Run Behavior\ShowPageTraceBehavior [ RunTime:0.002000s ]
INFO: [ app_end ] --END-- [ RunTime:0.013001s ]

[ 2017-03-27T09:06:39+08:00 ] 127.0.0.1 /wenda/api.php/Users/login
INFO: [ app_init ] --START--
INFO: Run Behavior\BuildLiteBehavior [ RunTime:0.000000s ]
INFO: [ app_init ] --END-- [ RunTime:0.000500s ]
INFO: [ app_begin ] --START--
INFO: Run Behavior\ReadHtmlCacheBehavior [ RunTime:0.000500s ]
INFO: [ app_begin ] --END-- [ RunTime:0.001000s ]
SQL: SHOW COLUMNS FROM `wenda_users` [ RunTime:0.0015s ]
SQL: SELECT * FROM `wenda_users` WHERE `username` = '小小强' AND `pwd` = 'e10adc3949ba59abbe56e057f20f883e' LIMIT 1   [ RunTime:0.0005s ]

[ 2017-03-27T09:06:39+08:00 ] 127.0.0.1 /wenda/api.php/Question/qlist
INFO: [ app_init ] --START--
INFO: Run Behavior\BuildLiteBehavior [ RunTime:0.000000s ]
INFO: [ app_init ] --END-- [ RunTime:0.001500s ]
INFO: [ app_begin ] --START--
INFO: Run Behavior\ReadHtmlCacheBehavior [ RunTime:0.001500s ]
INFO: [ app_begin ] --END-- [ RunTime:0.003500s ]
SQL: SHOW COLUMNS FROM `wenda_question` [ RunTime:0.0040s ]
SQL: SELECT * FROM `wenda_question`  [ RunTime:0.0005s ]
INFO: [ app_end ] --START--
INFO: Run Behavior\ShowPageTraceBehavior [ RunTime:0.001500s ]
INFO: [ app_end ] --END-- [ RunTime:0.001500s ]

[ 2017-03-27T09:09:22+08:00 ] ::1 /wenda/api.php/Question/qlist
INFO: [ app_init ] --START--
INFO: Run Behavior\BuildLiteBehavior [ RunTime:0.000000s ]
INFO: [ app_init ] --END-- [ RunTime:0.001501s ]
INFO: [ app_begin ] --START--
INFO: Run Behavior\ReadHtmlCacheBehavior [ RunTime:0.001000s ]
INFO: [ app_begin ] --END-- [ RunTime:0.001500s ]
SQL: SHOW COLUMNS FROM `wenda_question` [ RunTime:0.0010s ]
SQL: SELECT * FROM `wenda_question`  [ RunTime:0.0005s ]
INFO: [ app_end ] --START--
INFO: Run Behavior\ShowPageTraceBehavior [ RunTime:0.001000s ]
INFO: [ app_end ] --END-- [ RunTime:0.001500s ]

[ 2017-03-27T09:09:24+08:00 ] ::1 /wenda/api.php/Question/qlist
INFO: [ app_init ] --START--
INFO: Run Behavior\BuildLiteBehavior [ RunTime:0.000000s ]
INFO: [ app_init ] --END-- [ RunTime:0.000500s ]
INFO: [ app_begin ] --START--
INFO: Run Behavior\ReadHtmlCacheBehavior [ RunTime:0.000500s ]
INFO: [ app_begin ] --END-- [ RunTime:0.000500s ]
SQL: SHOW COLUMNS FROM `wenda_question` [ RunTime:0.0010s ]
SQL: SELECT * FROM `wenda_question`  [ RunTime:0.0005s ]
INFO: [ app_end ] --START--
INFO: Run Behavior\ShowPageTraceBehavior [ RunTime:0.001000s ]
INFO: [ app_end ] --END-- [ RunTime:0.001000s ]

[ 2017-03-27T09:11:40+08:00 ] ::1 /wenda/api.php/Question/qlist
INFO: [ app_init ] --START--
INFO: Run Behavior\BuildLiteBehavior [ RunTime:0.000000s ]
INFO: [ app_init ] --END-- [ RunTime:0.001000s ]
INFO: [ app_begin ] --START--
INFO: Run Behavior\ReadHtmlCacheBehavior [ RunTime:0.001000s ]
INFO: [ app_begin ] --END-- [ RunTime:0.001000s ]
SQL: SHOW COLUMNS FROM `wenda_question` [ RunTime:0.0020s ]
INFO: [ app_end ] --START--
INFO: Run Behavior\ShowPageTraceBehavior [ RunTime:0.001000s ]
INFO: [ app_end ] --END-- [ RunTime:0.001500s ]

[ 2017-03-27T09:14:37+08:00 ] 127.0.0.1 /wenda/api.php/Users/login
INFO: [ app_init ] --START--
INFO: Run Behavior\BuildLiteBehavior [ RunTime:0.000500s ]
INFO: [ app_init ] --END-- [ RunTime:0.001000s ]
INFO: [ app_begin ] --START--
INFO: Run Behavior\ReadHtmlCacheBehavior [ RunTime:0.001000s ]
INFO: [ app_begin ] --END-- [ RunTime:0.001000s ]
SQL: SHOW COLUMNS FROM `wenda_users` [ RunTime:0.0020s ]
SQL: SELECT * FROM `wenda_users` WHERE `username` = '小小强' AND `pwd` = 'e10adc3949ba59abbe56e057f20f883e' LIMIT 1   [ RunTime:0.0005s ]

[ 2017-03-27T09:14:37+08:00 ] 127.0.0.1 /wenda/api.php/Question/qlist
INFO: [ app_init ] --START--
INFO: Run Behavior\BuildLiteBehavior [ RunTime:0.000000s ]
INFO: [ app_init ] --END-- [ RunTime:0.001500s ]
INFO: [ app_begin ] --START--
INFO: Run Behavior\ReadHtmlCacheBehavior [ RunTime:0.001500s ]
INFO: [ app_begin ] --END-- [ RunTime:0.002000s ]
SQL: SHOW COLUMNS FROM `wenda_question` [ RunTime:0.0055s ]
INFO: [ app_end ] --START--
INFO: Run Behavior\ShowPageTraceBehavior [ RunTime:0.002501s ]
INFO: [ app_end ] --END-- [ RunTime:0.002501s ]

[ 2017-03-27T09:15:46+08:00 ] 127.0.0.1 /wenda/api.php/api.php/Question/qlist
INFO: [ app_init ] --START--
INFO: Run Behavior\BuildLiteBehavior [ RunTime:0.000000s ]
INFO: [ app_init ] --END-- [ RunTime:0.001000s ]
INFO: [ app_begin ] --START--
INFO: Run Behavior\ReadHtmlCacheBehavior [ RunTime:0.001001s ]
INFO: [ app_begin ] --END-- [ RunTime:0.001001s ]
ERR: 无法加载控制器:Api.php

[ 2017-03-27T09:16:16+08:00 ] 127.0.0.1 /wenda/api.php/Question/qlist
INFO: [ app_init ] --START--
INFO: Run Behavior\BuildLiteBehavior [ RunTime:0.000000s ]
INFO: [ app_init ] --END-- [ RunTime:0.001500s ]
INFO: [ app_begin ] --START--
INFO: Run Behavior\ReadHtmlCacheBehavior [ RunTime:0.001000s ]
INFO: [ app_begin ] --END-- [ RunTime:0.001500s ]
SQL: SHOW COLUMNS FROM `wenda_question` [ RunTime:0.0005s ]
INFO: [ app_end ] --START--
INFO: Run Behavior\ShowPageTraceBehavior [ RunTime:0.002000s ]
INFO: [ app_end ] --END-- [ RunTime:0.002500s ]

[ 2017-03-27T09:18:36+08:00 ] 127.0.0.1 /wenda/api.php/Users/login
INFO: [ app_init ] --START--
INFO: Run Behavior\BuildLiteBehavior [ RunTime:0.000000s ]
INFO: [ app_init ] --END-- [ RunTime:0.001000s ]
INFO: [ app_begin ] --START--
INFO: Run Behavior\ReadHtmlCacheBehavior [ RunTime:0.001001s ]
INFO: [ app_begin ] --END-- [ RunTime:0.001001s ]
SQL: SHOW COLUMNS FROM `wenda_users` [ RunTime:0.0020s ]
SQL: SELECT * FROM `wenda_users` WHERE `username` = '小小强' AND `pwd` = 'e10adc3949ba59abbe56e057f20f883e' LIMIT 1   [ RunTime:0.0005s ]

[ 2017-03-27T09:24:58+08:00 ] ::1 /wenda/api.php/Question/qlist
INFO: [ app_init ] --START--
INFO: Run Behavior\BuildLiteBehavior [ RunTime:0.000500s ]
INFO: [ app_init ] --END-- [ RunTime:0.001000s ]
INFO: [ app_begin ] --START--
INFO: Run Behavior\ReadHtmlCacheBehavior [ RunTime:0.001000s ]
INFO: [ app_begin ] --END-- [ RunTime:0.001500s ]
SQL: SHOW COLUMNS FROM `wenda_question` [ RunTime:0.0020s ]
INFO: [ app_end ] --START--
INFO: Run Behavior\ShowPageTraceBehavior [ RunTime:0.000500s ]
INFO: [ app_end ] --END-- [ RunTime:0.001000s ]

[ 2017-03-27T09:26:05+08:00 ] ::1 /wenda/api.php/Question/qlist
INFO: [ app_init ] --START--
INFO: Run Behavior\BuildLiteBehavior [ RunTime:0.000000s ]
INFO: [ app_init ] --END-- [ RunTime:0.002001s ]
INFO: [ app_begin ] --START--
INFO: Run Behavior\ReadHtmlCacheBehavior [ RunTime:0.001500s ]
INFO: [ app_begin ] --END-- [ RunTime:0.002500s ]
SQL: SHOW COLUMNS FROM `wenda_question` [ RunTime:0.0015s ]
SQL: SELECT * FROM `wenda_question`  [ RunTime:0.0005s ]
INFO: [ app_end ] --START--
INFO: Run Behavior\ShowPageTraceBehavior [ RunTime:0.002501s ]
INFO: [ app_end ] --END-- [ RunTime:0.002501s ]

[ 2017-03-27T09:26:16+08:00 ] ::1 /wenda/api.php/Question/qlist
INFO: [ app_init ] --START--
INFO: Run Behavior\BuildLiteBehavior [ RunTime:0.000000s ]
INFO: [ app_init ] --END-- [ RunTime:0.001000s ]
INFO: [ app_begin ] --START--
INFO: Run Behavior\ReadHtmlCacheBehavior [ RunTime:0.001000s ]
INFO: [ app_begin ] --END-- [ RunTime:0.001500s ]
SQL: SHOW COLUMNS FROM `wenda_question` [ RunTime:0.0015s ]
SQL: SELECT * FROM `wenda_question`  [ RunTime:0.0005s ]
INFO: [ app_end ] --START--
INFO: Run Behavior\ShowPageTraceBehavior [ RunTime:0.001500s ]
INFO: [ app_end ] --END-- [ RunTime:0.002000s ]

[ 2017-03-27T09:28:17+08:00 ] ::1 /wenda/api.php/Question/qlist
INFO: [ app_init ] --START--
INFO: Run Behavior\BuildLiteBehavior [ RunTime:0.000000s ]
INFO: [ app_init ] --END-- [ RunTime:0.002000s ]
INFO: [ app_begin ] --START--
INFO: Run Behavior\ReadHtmlCacheBehavior [ RunTime:0.001000s ]
INFO: [ app_begin ] --END-- [ RunTime:0.001000s ]
SQL: SHOW COLUMNS FROM `wenda_question` [ RunTime:0.0020s ]
SQL: SELECT * FROM `wenda_question`  [ RunTime:0.0005s ]
INFO: [ app_end ] --START--
INFO: Run Behavior\ShowPageTraceBehavior [ RunTime:0.001001s ]
INFO: [ app_end ] --END-- [ RunTime:0.002001s ]

[ 2017-03-27T09:30:24+08:00 ] 127.0.0.1 /wenda/api.php/Users/login
INFO: [ app_init ] --START--
INFO: Run Behavior\BuildLiteBehavior [ RunTime:0.000000s ]
INFO: [ app_init ] --END-- [ RunTime:0.000500s ]
INFO: [ app_begin ] --START--
INFO: Run Behavior\ReadHtmlCacheBehavior [ RunTime:0.000500s ]
INFO: [ app_begin ] --END-- [ RunTime:0.000500s ]
SQL: SHOW COLUMNS FROM `wenda_users` [ RunTime:0.0010s ]
SQL: SELECT * FROM `wenda_users` WHERE `username` = '小小强' AND `pwd` = 'e10adc3949ba59abbe56e057f20f883e' LIMIT 1   [ RunTime:0.0005s ]

[ 2017-03-27T09:31:46+08:00 ] 127.0.0.1 /wenda/api.php/Question/qlist
INFO: [ app_init ] --START--
INFO: Run Behavior\BuildLiteBehavior [ RunTime:0.000000s ]
INFO: [ app_init ] --END-- [ RunTime:0.004501s ]
INFO: [ app_begin ] --START--
INFO: Run Behavior\ReadHtmlCacheBehavior [ RunTime:0.001000s ]
INFO: [ app_begin ] --END-- [ RunTime:0.001500s ]
SQL: SHOW COLUMNS FROM `wenda_question` [ RunTime:0.0015s ]
SQL: SELECT * FROM `wenda_question`  [ RunTime:0.0010s ]
INFO: [ app_end ] --START--
INFO: Run Behavior\ShowPageTraceBehavior [ RunTime:0.001500s ]
INFO: [ app_end ] --END-- [ RunTime:0.001500s ]

[ 2017-03-27T09:32:11+08:00 ] 127.0.0.1 /wenda/api.php/Users/login
INFO: [ app_init ] --START--
INFO: Run Behavior\BuildLiteBehavior [ RunTime:0.000000s ]
INFO: [ app_init ] --END-- [ RunTime:0.001001s ]
INFO: [ app_begin ] --START--
INFO: Run Behavior\ReadHtmlCacheBehavior [ RunTime:0.000500s ]
INFO: [ app_begin ] --END-- [ RunTime:0.001000s ]
SQL: SHOW COLUMNS FROM `wenda_users` [ RunTime:0.0010s ]
SQL: SELECT * FROM `wenda_users` WHERE `username` = '小小强' AND `pwd` = 'e10adc3949ba59abbe56e057f20f883e' LIMIT 1   [ RunTime:0.0000s ]

[ 2017-03-27T09:35:43+08:00 ] 127.0.0.1 /wenda/api.php/Question/qlist
INFO: [ app_init ] --START--
INFO: Run Behavior\BuildLiteBehavior [ RunTime:0.000000s ]
INFO: [ app_init ] --END-- [ RunTime:0.002501s ]
INFO: [ app_begin ] --START--
INFO: Run Behavior\ReadHtmlCacheBehavior [ RunTime:0.003000s ]
INFO: [ app_begin ] --END-- [ RunTime:0.003500s ]
SQL: SHOW COLUMNS FROM `wenda_question` [ RunTime:0.0030s ]
SQL: SELECT * FROM `wenda_question`  [ RunTime:0.0075s ]
INFO: [ app_end ] --START--
INFO: Run Behavior\ShowPageTraceBehavior [ RunTime:0.004501s ]
INFO: [ app_end ] --END-- [ RunTime:0.004501s ]

[ 2017-03-27T09:36:06+08:00 ] 127.0.0.1 /wenda/api.php/Users/login
INFO: [ app_init ] --START--
INFO: Run Behavior\BuildLiteBehavior [ RunTime:0.000000s ]
INFO: [ app_init ] --END-- [ RunTime:0.001000s ]
INFO: [ app_begin ] --START--
INFO: Run Behavior\ReadHtmlCacheBehavior [ RunTime:0.001000s ]
INFO: [ app_begin ] --END-- [ RunTime:0.001000s ]
SQL: SHOW COLUMNS FROM `wenda_users` [ RunTime:0.0025s ]
SQL: SELECT * FROM `wenda_users` WHERE `username` = '小小强' AND `pwd` = 'e10adc3949ba59abbe56e057f20f883e' LIMIT 1   [ RunTime:0.0005s ]

[ 2017-03-27T09:36:07+08:00 ] 127.0.0.1 /wenda/api.php/Question/qlist
INFO: [ app_init ] --START--
INFO: Run Behavior\BuildLiteBehavior [ RunTime:0.000000s ]
INFO: [ app_init ] --END-- [ RunTime:0.001001s ]
INFO: [ app_begin ] --START--
INFO: Run Behavior\ReadHtmlCacheBehavior [ RunTime:0.003000s ]
INFO: [ app_begin ] --END-- [ RunTime:0.003501s ]
SQL: SHOW COLUMNS FROM `wenda_question` [ RunTime:0.0005s ]
SQL: SELECT * FROM `wenda_question`  [ RunTime:0.0005s ]
INFO: [ app_end ] --START--
INFO: Run Behavior\ShowPageTraceBehavior [ RunTime:0.001001s ]
INFO: [ app_end ] --END-- [ RunTime:0.001001s ]

[ 2017-03-27T09:38:29+08:00 ] ::1 /wenda/api.php/Question/qlist
INFO: [ app_init ] --START--
INFO: Run Behavior\BuildLiteBehavior [ RunTime:0.000500s ]
INFO: [ app_init ] --END-- [ RunTime:0.001000s ]
INFO: [ app_begin ] --START--
INFO: Run Behavior\ReadHtmlCacheBehavior [ RunTime:0.001000s ]
INFO: [ app_begin ] --END-- [ RunTime:0.002000s ]
SQL: SHOW COLUMNS FROM `wenda_question` [ RunTime:0.0010s ]
SQL: SELECT * FROM `wenda_question`  [ RunTime:0.0000s ]
NOTIC: [8] Array to string conversion D:\wamp64\www\wenda\Application\API\Controller\QuestionController.class.php 第 17 行.
INFO: [ app_end ] --START--
INFO: Run Behavior\ShowPageTraceBehavior [ RunTime:0.001000s ]
INFO: [ app_end ] --END-- [ RunTime:0.001500s ]

[ 2017-03-27T09:39:00+08:00 ] ::1 /wenda/api.php/Question/qlist
INFO: [ app_init ] --START--
INFO: Run Behavior\BuildLiteBehavior [ RunTime:0.000500s ]
INFO: [ app_init ] --END-- [ RunTime:0.001000s ]
INFO: [ app_begin ] --START--
INFO: Run Behavior\ReadHtmlCacheBehavior [ RunTime:0.001000s ]
INFO: [ app_begin ] --END-- [ RunTime:0.001000s ]
SQL: SHOW COLUMNS FROM `wenda_question` [ RunTime:0.0010s ]
SQL: SELECT * FROM `wenda_question`  [ RunTime:0.0005s ]
INFO: [ app_end ] --START--
INFO: Run Behavior\ShowPageTraceBehavior [ RunTime:0.001001s ]
INFO: [ app_end ] --END-- [ RunTime:0.001001s ]

[ 2017-03-27T09:51:10+08:00 ] ::1 /wenda/api.php/Question/qlist
INFO: [ app_init ] --START--
INFO: Run Behavior\BuildLiteBehavior [ RunTime:0.000000s ]
INFO: [ app_init ] --END-- [ RunTime:0.001000s ]
INFO: [ app_begin ] --START--
INFO: Run Behavior\ReadHtmlCacheBehavior [ RunTime:0.001000s ]
INFO: [ app_begin ] --END-- [ RunTime:0.002001s ]
SQL: SHOW COLUMNS FROM `wenda_question` [ RunTime:0.0015s ]
SQL: SELECT * FROM `wenda_question`  [ RunTime:0.0005s ]
INFO: [ app_end ] --START--
INFO: Run Behavior\ShowPageTraceBehavior [ RunTime:0.001000s ]
INFO: [ app_end ] --END-- [ RunTime:0.001000s ]

[ 2017-03-27T09:54:16+08:00 ] ::1 /wenda/api.php/Question/qlist
INFO: [ app_init ] --START--
INFO: Run Behavior\BuildLiteBehavior [ RunTime:0.000500s ]
INFO: [ app_init ] --END-- [ RunTime:0.001500s ]
INFO: [ app_begin ] --START--
INFO: Run Behavior\ReadHtmlCacheBehavior [ RunTime:0.007000s ]
INFO: [ app_begin ] --END-- [ RunTime:0.007501s ]
SQL: SHOW COLUMNS FROM `wenda_question` [ RunTime:0.0010s ]
SQL: SELECT * FROM `wenda_question`  [ RunTime:0.0005s ]
NOTIC: [2] json_encode() expects parameter 2 to be long, string given D:\wamp64\www\wenda\Application\API\Controller\QuestionController.class.php 第 18 行.
INFO: [ app_end ] --START--
INFO: Run Behavior\ShowPageTraceBehavior [ RunTime:0.001000s ]
INFO: [ app_end ] --END-- [ RunTime:0.001000s ]

[ 2017-03-27T09:54:16+08:00 ] ::1 /wenda/api.php/Question/qlist
INFO: [ app_init ] --START--
INFO: Run Behavior\BuildLiteBehavior [ RunTime:0.000500s ]
INFO: [ app_init ] --END-- [ RunTime:0.001500s ]
INFO: [ app_begin ] --START--
INFO: Run Behavior\ReadHtmlCacheBehavior [ RunTime:0.001000s ]
INFO: [ app_begin ] --END-- [ RunTime:0.001500s ]
SQL: SHOW COLUMNS FROM `wenda_question` [ RunTime:0.0005s ]
SQL: SELECT * FROM `wenda_question`  [ RunTime:0.0000s ]
NOTIC: [2] json_encode() expects parameter 2 to be long, string given D:\wamp64\www\wenda\Application\API\Controller\QuestionController.class.php 第 18 行.
INFO: [ app_end ] --START--
INFO: Run Behavior\ShowPageTraceBehavior [ RunTime:0.001000s ]
INFO: [ app_end ] --END-- [ RunTime:0.001500s ]

[ 2017-03-27T09:54:40+08:00 ] ::1 /wenda/api.php/Question/qlist
INFO: [ app_init ] --START--
INFO: Run Behavior\BuildLiteBehavior [ RunTime:0.000500s ]
INFO: [ app_init ] --END-- [ RunTime:0.001000s ]
INFO: [ app_begin ] --START--
INFO: Run Behavior\ReadHtmlCacheBehavior [ RunTime:0.002001s ]
INFO: [ app_begin ] --END-- [ RunTime:0.003501s ]
SQL: SHOW COLUMNS FROM `wenda_question` [ RunTime:0.0010s ]
SQL: SELECT * FROM `wenda_question`  [ RunTime:0.0005s ]
NOTIC: [8] Use of undefined constant json - assumed 'json' D:\wamp64\www\wenda\Application\API\Controller\QuestionController.class.php 第 18 行.
NOTIC: [2] json_encode() expects parameter 2 to be long, string given D:\wamp64\www\wenda\Application\API\Controller\QuestionController.class.php 第 18 行.
INFO: [ app_end ] --START--
INFO: Run Behavior\ShowPageTraceBehavior [ RunTime:0.001500s ]
INFO: [ app_end ] --END-- [ RunTime:0.001500s ]

[ 2017-03-27T09:58:51+08:00 ] ::1 /wenda/api.php/Question/qlist
INFO: [ app_init ] --START--
INFO: Run Behavior\BuildLiteBehavior [ RunTime:0.000000s ]
INFO: [ app_init ] --END-- [ RunTime:0.001501s ]
INFO: [ app_begin ] --START--
INFO: Run Behavior\ReadHtmlCacheBehavior [ RunTime:0.002000s ]
INFO: [ app_begin ] --END-- [ RunTime:0.002000s ]
SQL: SHOW COLUMNS FROM `wenda_question` [ RunTime:0.0020s ]
SQL: SELECT * FROM `wenda_question`  [ RunTime:0.0020s ]
INFO: [ app_end ] --START--
INFO: Run Behavior\ShowPageTraceBehavior [ RunTime:0.001500s ]
INFO: [ app_end ] --END-- [ RunTime:0.001500s ]

[ 2017-03-27T10:00:43+08:00 ] ::1 /wenda/api.php/Question/qlist
INFO: [ app_init ] --START--
INFO: Run Behavior\BuildLiteBehavior [ RunTime:0.000000s ]
INFO: [ app_init ] --END-- [ RunTime:0.002000s ]
INFO: [ app_begin ] --START--
INFO: Run Behavior\ReadHtmlCacheBehavior [ RunTime:0.001000s ]
INFO: [ app_begin ] --END-- [ RunTime:0.002000s ]
SQL: SHOW COLUMNS FROM `wenda_question` [ RunTime:0.0010s ]
SQL: SELECT * FROM `wenda_question`  [ RunTime:0.0005s ]
NOTIC: [8] iconv(): Detected an illegal character in input string D:\wamp64\www\wenda\Application\API\Controller\QuestionController.class.php 第 21 行.
NOTIC: [8] iconv(): Detected an illegal character in input string D:\wamp64\www\wenda\Application\API\Controller\QuestionController.class.php 第 21 行.
NOTIC: [8] iconv(): Detected an illegal character in input string D:\wamp64\www\wenda\Application\API\Controller\QuestionController.class.php 第 21 行.
INFO: [ app_end ] --START--
INFO: Run Behavior\ShowPageTraceBehavior [ RunTime:0.001001s ]
INFO: [ app_end ] --END-- [ RunTime:0.001001s ]

[ 2017-03-27T10:01:11+08:00 ] ::1 /wenda/api.php/Question/qlist
INFO: [ app_init ] --START--
INFO: Run Behavior\BuildLiteBehavior [ RunTime:0.000000s ]
INFO: [ app_init ] --END-- [ RunTime:0.002001s ]
INFO: [ app_begin ] --START--
INFO: Run Behavior\ReadHtmlCacheBehavior [ RunTime:0.002000s ]
INFO: [ app_begin ] --END-- [ RunTime:0.002000s ]
SQL: SHOW COLUMNS FROM `wenda_question` [ RunTime:0.0010s ]
SQL: SELECT * FROM `wenda_question`  [ RunTime:0.0010s ]
NOTIC: [2] iconv() expects exactly 3 parameters, 2 given D:\wamp64\www\wenda\Application\API\Controller\QuestionController.class.php 第 21 行.
NOTIC: [2] iconv() expects exactly 3 parameters, 2 given D:\wamp64\www\wenda\Application\API\Controller\QuestionController.class.php 第 21 行.
NOTIC: [2] iconv() expects exactly 3 parameters, 2 given D:\wamp64\www\wenda\Application\API\Controller\QuestionController.class.php 第 21 行.
NOTIC: [2] iconv() expects exactly 3 parameters, 2 given D:\wamp64\www\wenda\Application\API\Controller\QuestionController.class.php 第 21 行.
NOTIC: [2] iconv() expects exactly 3 parameters, 2 given D:\wamp64\www\wenda\Application\API\Controller\QuestionController.class.php 第 21 行.
NOTIC: [2] iconv() expects exactly 3 parameters, 2 given D:\wamp64\www\wenda\Application\API\Controller\QuestionController.class.php 第 21 行.
NOTIC: [2] iconv() expects exactly 3 parameters, 2 given D:\wamp64\www\wenda\Application\API\Controller\QuestionController.class.php 第 21 行.
NOTIC: [2] iconv() expects exactly 3 parameters, 2 given D:\wamp64\www\wenda\Application\API\Controller\QuestionController.class.php 第 21 行.
NOTIC: [2] iconv() expects exactly 3 parameters, 2 given D:\wamp64\www\wenda\Application\API\Controller\QuestionController.class.php 第 21 行.
NOTIC: [2] iconv() expects exactly 3 parameters, 2 given D:\wamp64\www\wenda\Application\API\Controller\QuestionController.class.php 第 21 行.
NOTIC: [2] iconv() expects exactly 3 parameters, 2 given D:\wamp64\www\wenda\Application\API\Controller\QuestionController.class.php 第 21 行.
NOTIC: [2] iconv() expects exactly 3 parameters, 2 given D:\wamp64\www\wenda\Application\API\Controller\QuestionController.class.php 第 21 行.
NOTIC: [2] iconv() expects exactly 3 parameters, 2 given D:\wamp64\www\wenda\Application\API\Controller\QuestionController.class.php 第 21 行.
NOTIC: [2] iconv() expects exactly 3 parameters, 2 given D:\wamp64\www\wenda\Application\API\Controller\QuestionController.class.php 第 21 行.
NOTIC: [2] iconv() expects exactly 3 parameters, 2 given D:\wamp64\www\wenda\Application\API\Controller\QuestionController.class.php 第 21 行.
NOTIC: [2] iconv() expects exactly 3 parameters, 2 given D:\wamp64\www\wenda\Application\API\Controller\QuestionController.class.php 第 21 行.
NOTIC: [2] iconv() expects exactly 3 parameters, 2 given D:\wamp64\www\wenda\Application\API\Controller\QuestionController.class.php 第 21 行.
NOTIC: [2] iconv() expects exactly 3 parameters, 2 given D:\wamp64\www\wenda\Application\API\Controller\QuestionController.class.php 第 21 行.
INFO: [ app_end ] --START--
INFO: Run Behavior\ShowPageTraceBehavior [ RunTime:0.001000s ]
INFO: [ app_end ] --END-- [ RunTime:0.001000s ]

[ 2017-03-27T10:01:28+08:00 ] ::1 /wenda/api.php/Question/qlist
INFO: [ app_init ] --START--
INFO: Run Behavior\BuildLiteBehavior [ RunTime:0.000000s ]
INFO: [ app_init ] --END-- [ RunTime:0.001500s ]
INFO: [ app_begin ] --START--
INFO: Run Behavior\ReadHtmlCacheBehavior [ RunTime:0.001000s ]
INFO: [ app_begin ] --END-- [ RunTime:0.001500s ]
SQL: SHOW COLUMNS FROM `wenda_question` [ RunTime:0.0010s ]
SQL: SELECT * FROM `wenda_question`  [ RunTime:0.0005s ]
INFO: [ app_end ] --START--
INFO: Run Behavior\ShowPageTraceBehavior [ RunTime:0.001000s ]
INFO: [ app_end ] --END-- [ RunTime:0.001500s ]

[ 2017-03-27T10:12:44+08:00 ] ::1 /wenda/api.php/Question/qlist
INFO: [ app_init ] --START--
INFO: Run Behavior\BuildLiteBehavior [ RunTime:0.000000s ]
INFO: [ app_init ] --END-- [ RunTime:0.002501s ]
INFO: [ app_begin ] --START--
INFO: Run Behavior\ReadHtmlCacheBehavior [ RunTime:0.001500s ]
INFO: [ app_begin ] --END-- [ RunTime:0.002000s ]
SQL: SHOW COLUMNS FROM `wenda_question` [ RunTime:0.0010s ]
SQL: SELECT * FROM `wenda_question`  [ RunTime:0.0005s ]

[ 2017-03-27T10:13:22+08:00 ] ::1 /wenda/api.php/Question/qlist
INFO: [ app_init ] --START--
INFO: Run Behavior\BuildLiteBehavior [ RunTime:0.000500s ]
INFO: [ app_init ] --END-- [ RunTime:0.001000s ]
INFO: [ app_begin ] --START--
INFO: Run Behavior\ReadHtmlCacheBehavior [ RunTime:0.000500s ]
INFO: [ app_begin ] --END-- [ RunTime:0.001000s ]
SQL: SHOW COLUMNS FROM `wenda_question` [ RunTime:0.0010s ]
SQL: SELECT * FROM `wenda_question`  [ RunTime:0.0005s ]
INFO: [ app_end ] --START--
INFO: Run Behavior\ShowPageTraceBehavior [ RunTime:0.001000s ]
INFO: [ app_end ] --END-- [ RunTime:0.001500s ]

[ 2017-03-27T10:14:49+08:00 ] ::1 /wenda/api.php/Question/qlist
INFO: [ app_init ] --START--
INFO: Run Behavior\BuildLiteBehavior [ RunTime:0.000000s ]
INFO: [ app_init ] --END-- [ RunTime:0.001000s ]
INFO: [ app_begin ] --START--
INFO: Run Behavior\ReadHtmlCacheBehavior [ RunTime:0.001000s ]
INFO: [ app_begin ] --END-- [ RunTime:0.001000s ]
SQL: SHOW COLUMNS FROM `wenda_question` [ RunTime:0.0010s ]
SQL: SELECT * FROM `wenda_question`  [ RunTime:0.0005s ]
INFO: [ app_end ] --START--
INFO: Run Behavior\ShowPageTraceBehavior [ RunTime:0.001000s ]
INFO: [ app_end ] --END-- [ RunTime:0.001000s ]

[ 2017-03-27T10:15:50+08:00 ] 127.0.0.1 /wenda/api.php/Users/login
INFO: [ app_init ] --START--
INFO: Run Behavior\BuildLiteBehavior [ RunTime:0.000000s ]
INFO: [ app_init ] --END-- [ RunTime:0.001000s ]
INFO: [ app_begin ] --START--
INFO: Run Behavior\ReadHtmlCacheBehavior [ RunTime:0.000500s ]
INFO: [ app_begin ] --END-- [ RunTime:0.001500s ]
SQL: SHOW COLUMNS FROM `wenda_users` [ RunTime:0.0145s ]
SQL: SELECT * FROM `wenda_users` WHERE `username` = '小小强' AND `pwd` = 'e10adc3949ba59abbe56e057f20f883e' LIMIT 1   [ RunTime:0.0010s ]

[ 2017-03-27T10:15:51+08:00 ] 127.0.0.1 /wenda/api.php/Question/qlist
INFO: [ app_init ] --START--
INFO: Run Behavior\BuildLiteBehavior [ RunTime:0.000500s ]
INFO: [ app_init ] --END-- [ RunTime:0.001500s ]
INFO: [ app_begin ] --START--
INFO: Run Behavior\ReadHtmlCacheBehavior [ RunTime:0.002000s ]
INFO: [ app_begin ] --END-- [ RunTime:0.003000s ]
SQL: SHOW COLUMNS FROM `wenda_question` [ RunTime:0.0010s ]
SQL: SELECT * FROM `wenda_question`  [ RunTime:0.0025s ]
INFO: [ app_end ] --START--
INFO: Run Behavior\ShowPageTraceBehavior [ RunTime:0.003000s ]
INFO: [ app_end ] --END-- [ RunTime:0.003501s ]

[ 2017-03-27T10:20:30+08:00 ] ::1 /wenda/api.php/Question/qlist
INFO: [ app_init ] --START--
INFO: Run Behavior\BuildLiteBehavior [ RunTime:0.000000s ]
INFO: [ app_init ] --END-- [ RunTime:0.000500s ]
INFO: [ app_begin ] --START--
INFO: Run Behavior\ReadHtmlCacheBehavior [ RunTime:0.001000s ]
INFO: [ app_begin ] --END-- [ RunTime:0.001000s ]
SQL: SHOW COLUMNS FROM `wenda_question` [ RunTime:0.0015s ]
SQL: SELECT * FROM `wenda_question`  [ RunTime:0.0010s ]
INFO: [ app_end ] --START--
INFO: Run Behavior\ShowPageTraceBehavior [ RunTime:0.001000s ]
INFO: [ app_end ] --END-- [ RunTime:0.001501s ]

[ 2017-03-27T10:20:32+08:00 ] ::1 /wenda/api.php/Question/qlist
INFO: [ app_init ] --START--
INFO: Run Behavior\BuildLiteBehavior [ RunTime:0.000000s ]
INFO: [ app_init ] --END-- [ RunTime:0.000500s ]
INFO: [ app_begin ] --START--
INFO: Run Behavior\ReadHtmlCacheBehavior [ RunTime:0.001500s ]
INFO: [ app_begin ] --END-- [ RunTime:0.001500s ]
SQL: SHOW COLUMNS FROM `wenda_question` [ RunTime:0.0010s ]
SQL: SELECT * FROM `wenda_question`  [ RunTime:0.0005s ]
INFO: [ app_end ] --START--
INFO: Run Behavior\ShowPageTraceBehavior [ RunTime:0.001000s ]
INFO: [ app_end ] --END-- [ RunTime:0.001000s ]

[ 2017-03-27T10:21:18+08:00 ] ::1 /wenda/api.php/Question/qlist
INFO: [ app_init ] --START--
INFO: Run Behavior\BuildLiteBehavior [ RunTime:0.000000s ]
INFO: [ app_init ] --END-- [ RunTime:0.000500s ]
INFO: [ app_begin ] --START--
INFO: Run Behavior\ReadHtmlCacheBehavior [ RunTime:0.001000s ]
INFO: [ app_begin ] --END-- [ RunTime:0.001500s ]
SQL: SHOW COLUMNS FROM `wenda_question` [ RunTime:0.0005s ]
SQL: SELECT * FROM `wenda_question`  [ RunTime:0.0005s ]
INFO: [ app_end ] --START--
INFO: Run Behavior\ShowPageTraceBehavior [ RunTime:0.001500s ]
INFO: [ app_end ] --END-- [ RunTime:0.002000s ]

[ 2017-03-27T10:21:26+08:00 ] ::1 /wenda/api.php/Question/qlist
INFO: [ app_init ] --START--
INFO: Run Behavior\BuildLiteBehavior [ RunTime:0.000000s ]
INFO: [ app_init ] --END-- [ RunTime:0.002500s ]
INFO: [ app_begin ] --START--
INFO: Run Behavior\ReadHtmlCacheBehavior [ RunTime:0.001000s ]
INFO: [ app_begin ] --END-- [ RunTime:0.012501s ]
SQL: SHOW COLUMNS FROM `wenda_question` [ RunTime:0.0010s ]
SQL: SELECT * FROM `wenda_question`  [ RunTime:0.0005s ]
INFO: [ app_end ] --START--
INFO: Run Behavior\ShowPageTraceBehavior [ RunTime:0.001000s ]
INFO: [ app_end ] --END-- [ RunTime:0.001500s ]

[ 2017-03-27T10:28:38+08:00 ] 127.0.0.1 /wenda/api.php/Question/qlist
INFO: [ app_init ] --START--
INFO: Run Behavior\BuildLiteBehavior [ RunTime:0.000000s ]
INFO: [ app_init ] --END-- [ RunTime:0.001000s ]
INFO: [ app_begin ] --START--
INFO: Run Behavior\ReadHtmlCacheBehavior [ RunTime:0.001000s ]
INFO: [ app_begin ] --END-- [ RunTime:0.001000s ]
SQL: SHOW COLUMNS FROM `wenda_question` [ RunTime:0.0010s ]
SQL: SELECT * FROM `wenda_question`  [ RunTime:0.0005s ]
INFO: [ app_end ] --START--
INFO: Run Behavior\ShowPageTraceBehavior [ RunTime:0.005001s ]
INFO: [ app_end ] --END-- [ RunTime:0.005001s ]

[ 2017-03-27T10:29:23+08:00 ] ::1 /wenda/api.php/Question/qlist
INFO: [ app_init ] --START--
INFO: Run Behavior\BuildLiteBehavior [ RunTime:0.000000s ]
INFO: [ app_init ] --END-- [ RunTime:0.000500s ]
INFO: [ app_begin ] --START--
INFO: Run Behavior\ReadHtmlCacheBehavior [ RunTime:0.001000s ]
INFO: [ app_begin ] --END-- [ RunTime:0.001500s ]
SQL: SHOW COLUMNS FROM `wenda_question` [ RunTime:0.0010s ]
SQL: SELECT * FROM `wenda_question`  [ RunTime:0.0005s ]
INFO: [ app_end ] --START--
INFO: Run Behavior\ShowPageTraceBehavior [ RunTime:0.002501s ]
INFO: [ app_end ] --END-- [ RunTime:0.003001s ]

[ 2017-03-27T10:29:30+08:00 ] ::1 /wenda/api.php/Question/qlist
INFO: [ app_init ] --START--
INFO: Run Behavior\BuildLiteBehavior [ RunTime:0.000000s ]
INFO: [ app_init ] --END-- [ RunTime:0.001001s ]
INFO: [ app_begin ] --START--
INFO: Run Behavior\ReadHtmlCacheBehavior [ RunTime:0.000500s ]
INFO: [ app_begin ] --END-- [ RunTime:0.001000s ]
SQL: SHOW COLUMNS FROM `wenda_question` [ RunTime:0.0005s ]
SQL: SELECT * FROM `wenda_question`  [ RunTime:0.0005s ]
INFO: [ app_end ] --START--
INFO: Run Behavior\ShowPageTraceBehavior [ RunTime:0.001000s ]
INFO: [ app_end ] --END-- [ RunTime:0.001000s ]

[ 2017-03-27T10:30:08+08:00 ] 127.0.0.1 /wenda/api.php/Question/qlist
INFO: [ app_init ] --START--
INFO: Run Behavior\BuildLiteBehavior [ RunTime:0.000500s ]
INFO: [ app_init ] --END-- [ RunTime:0.001500s ]
INFO: [ app_begin ] --START--
INFO: Run Behavior\ReadHtmlCacheBehavior [ RunTime:0.002000s ]
INFO: [ app_begin ] --END-- [ RunTime:0.002500s ]
SQL: SHOW COLUMNS FROM `wenda_question` [ RunTime:0.0010s ]
SQL: SELECT * FROM `wenda_question`  [ RunTime:0.0005s ]
INFO: [ app_end ] --START--
INFO: Run Behavior\ShowPageTraceBehavior [ RunTime:0.004501s ]
INFO: [ app_end ] --END-- [ RunTime:0.005501s ]

[ 2017-03-27T10:31:12+08:00 ] 127.0.0.1 /wenda/api.php/Question/qlist
INFO: [ app_init ] --START--
INFO: Run Behavior\BuildLiteBehavior [ RunTime:0.000000s ]
INFO: [ app_init ] --END-- [ RunTime:0.002000s ]
INFO: [ app_begin ] --START--
INFO: Run Behavior\ReadHtmlCacheBehavior [ RunTime:0.000500s ]
INFO: [ app_begin ] --END-- [ RunTime:0.001500s ]
SQL: SHOW COLUMNS FROM `wenda_question` [ RunTime:0.0015s ]
SQL: SELECT * FROM `wenda_question`  [ RunTime:0.0010s ]
INFO: [ app_end ] --START--
INFO: Run Behavior\ShowPageTraceBehavior [ RunTime:0.004001s ]
INFO: [ app_end ] --END-- [ RunTime:0.004501s ]

[ 2017-03-27T10:47:44+08:00 ] 127.0.0.1 /wenda/api.php/Question/qlist
INFO: [ app_init ] --START--
INFO: Run Behavior\BuildLiteBehavior [ RunTime:0.000000s ]
INFO: [ app_init ] --END-- [ RunTime:0.001000s ]
INFO: [ app_begin ] --START--
INFO: Run Behavior\ReadHtmlCacheBehavior [ RunTime:0.002000s ]
INFO: [ app_begin ] --END-- [ RunTime:0.003000s ]
SQL: SHOW COLUMNS FROM `wenda_question` [ RunTime:0.0010s ]
SQL: SELECT * FROM `wenda_question`  [ RunTime:0.0005s ]
INFO: [ app_end ] --START--
INFO: Run Behavior\ShowPageTraceBehavior [ RunTime:0.001500s ]
INFO: [ app_end ] --END-- [ RunTime:0.002000s ]

[ 2017-03-27T10:58:57+08:00 ] ::1 /wenda/api.php/Question/qlist
INFO: [ app_init ] --START--
INFO: Run Behavior\BuildLiteBehavior [ RunTime:0.000000s ]
INFO: [ app_init ] --END-- [ RunTime:0.001000s ]
INFO: [ app_begin ] --START--
INFO: Run Behavior\ReadHtmlCacheBehavior [ RunTime:0.001000s ]
INFO: [ app_begin ] --END-- [ RunTime:0.001500s ]
SQL: SHOW COLUMNS FROM `wenda_question` [ RunTime:0.0005s ]
SQL: SELECT COUNT(*) AS tp_count FROM `wenda_question` LIMIT 1   [ RunTime:0.1425s ]
SQL: SELECT * FROM `wenda_question` LIMIT 0,2   [ RunTime:0.0005s ]
INFO: [ app_end ] --START--
INFO: Run Behavior\ShowPageTraceBehavior [ RunTime:0.002501s ]
INFO: [ app_end ] --END-- [ RunTime:0.003001s ]

[ 2017-03-27T11:04:40+08:00 ] ::1 /wenda/api.php/Question/qlist
INFO: [ app_init ] --START--
INFO: Run Behavior\BuildLiteBehavior [ RunTime:0.000000s ]
INFO: [ app_init ] --END-- [ RunTime:0.000500s ]
INFO: [ app_begin ] --START--
INFO: Run Behavior\ReadHtmlCacheBehavior [ RunTime:0.001001s ]
INFO: [ app_begin ] --END-- [ RunTime:0.001501s ]
SQL: SHOW COLUMNS FROM `wenda_question` [ RunTime:0.0010s ]
SQL: SELECT * FROM `wenda_question`  [ RunTime:0.0005s ]
NOTIC: [8] Undefined variable: show D:\wamp64\www\wenda\Application\API\Controller\QuestionController.class.php 第 30 行.
INFO: [ app_end ] --START--
INFO: Run Behavior\ShowPageTraceBehavior [ RunTime:0.001000s ]
INFO: [ app_end ] --END-- [ RunTime:0.001500s ]

[ 2017-03-27T11:05:43+08:00 ] ::1 /wenda/api.php/Question/qlist
INFO: [ app_init ] --START--
INFO: Run Behavior\BuildLiteBehavior [ RunTime:0.000000s ]
INFO: [ app_init ] --END-- [ RunTime:0.001000s ]
INFO: [ app_begin ] --START--
INFO: Run Behavior\ReadHtmlCacheBehavior [ RunTime:0.001501s ]
INFO: [ app_begin ] --END-- [ RunTime:0.001501s ]
SQL: SHOW COLUMNS FROM `wenda_question` [ RunTime:0.0015s ]
NOTIC: [8] Undefined variable: pagesize D:\wamp64\www\wenda\Application\API\Controller\QuestionController.class.php 第 23 行.
SQL: SELECT * FROM `wenda_question`  [ RunTime:0.0005s ]
NOTIC: [8] Undefined variable: show D:\wamp64\www\wenda\Application\API\Controller\QuestionController.class.php 第 30 行.
INFO: [ app_end ] --START--
INFO: Run Behavior\ShowPageTraceBehavior [ RunTime:0.001000s ]
INFO: [ app_end ] --END-- [ RunTime:0.001000s ]

