[ 2017-05-08T19:09:21+08:00 ] ::1 /wenda/api.php/Question/qlist
INFO: [ app_init ] --START--
INFO: Run Behavior\BuildLiteBehavior [ RunTime:0.001000s ]
INFO: [ app_init ] --END-- [ RunTime:0.001000s ]
INFO: [ app_begin ] --START--
INFO: Run Behavior\ReadHtmlCacheBehavior [ RunTime:0.002000s ]
INFO: [ app_begin ] --END-- [ RunTime:0.002000s ]
SQL: SHOW COLUMNS FROM `wenda_question` [ RunTime:0.0190s ]
SQL: SELECT * FROM `wenda_question` ORDER BY qid desc LIMIT 0,8   [ RunTime:0.0010s ]
SQL: SHOW COLUMNS FROM `wenda_qadditional` [ RunTime:0.0290s ]
SQL: SELECT `fileid`,`filename` FROM `wenda_qadditional` WHERE ( 1=1 AND qid='14' )  [ RunTime:0.0000s ]
SQL: SHOW COLUMNS FROM `wenda_users` [ RunTime:0.0280s ]
SQL: SELECT * FROM `wenda_users` WHERE ( 1=1 AND uid='9' ) LIMIT 1   [ RunTime:0.0010s ]
SQL: SELECT `fileid`,`filename` FROM `wenda_qadditional` WHERE ( 1=1 AND qid='13' )  [ RunTime:0.0000s ]
SQL: SELECT * FROM `wenda_users` WHERE ( 1=1 AND uid='9' ) LIMIT 1   [ RunTime:0.0000s ]
SQL: SELECT `fileid`,`filename` FROM `wenda_qadditional` WHERE ( 1=1 AND qid='12' )  [ RunTime:0.0000s ]
SQL: SELECT * FROM `wenda_users` WHERE ( 1=1 AND uid='9' ) LIMIT 1   [ RunTime:0.0010s ]
SQL: SELECT `fileid`,`filename` FROM `wenda_qadditional` WHERE ( 1=1 AND qid='11' )  [ RunTime:0.0000s ]
SQL: SELECT * FROM `wenda_users` WHERE ( 1=1 AND uid='9' ) LIMIT 1   [ RunTime:0.0000s ]
SQL: SELECT `fileid`,`filename` FROM `wenda_qadditional` WHERE ( 1=1 AND qid='10' )  [ RunTime:0.0000s ]
SQL: SELECT * FROM `wenda_users` WHERE ( 1=1 AND uid='9' ) LIMIT 1   [ RunTime:0.0010s ]
SQL: SELECT `fileid`,`filename` FROM `wenda_qadditional` WHERE ( 1=1 AND qid='9' )  [ RunTime:0.0000s ]
SQL: SELECT * FROM `wenda_users` WHERE ( 1=1 AND uid='9' ) LIMIT 1   [ RunTime:0.0000s ]
SQL: SELECT `fileid`,`filename` FROM `wenda_qadditional` WHERE ( 1=1 AND qid='8' )  [ RunTime:0.0000s ]
SQL: SELECT * FROM `wenda_users` WHERE ( 1=1 AND uid='9' ) LIMIT 1   [ RunTime:0.0000s ]
SQL: SELECT `fileid`,`filename` FROM `wenda_qadditional` WHERE ( 1=1 AND qid='7' )  [ RunTime:0.0010s ]
SQL: SELECT * FROM `wenda_users` WHERE ( 1=1 AND uid='9' ) LIMIT 1   [ RunTime:0.0000s ]
INFO: [ app_end ] --START--
INFO: Run Behavior\ShowPageTraceBehavior [ RunTime:0.001000s ]
INFO: [ app_end ] --END-- [ RunTime:0.001000s ]

[ 2017-05-08T19:19:54+08:00 ] 127.0.0.1 /wenda/api.php/Users/login?username=%E5%B0%8F%E5%BC%BA&pwd=123456
INFO: [ app_init ] --START--
INFO: Run Behavior\BuildLiteBehavior [ RunTime:0.000000s ]
INFO: [ app_init ] --END-- [ RunTime:0.001001s ]
INFO: [ app_begin ] --START--
INFO: Run Behavior\ReadHtmlCacheBehavior [ RunTime:0.001000s ]
INFO: [ app_begin ] --END-- [ RunTime:0.002000s ]
SQL: SHOW COLUMNS FROM `wenda_users` [ RunTime:0.0240s ]
SQL: SELECT * FROM `wenda_users` WHERE `username` = '小强' AND `pwd` = 'e10adc3949ba59abbe56e057f20f883e' LIMIT 1   [ RunTime:0.0000s ]

[ 2017-05-08T19:20:40+08:00 ] 127.0.0.1 /wenda/api.php/Users/login?username=%E5%B0%8F%E5%BC%BA&pwd=123456
INFO: [ app_init ] --START--
INFO: Run Behavior\BuildLiteBehavior [ RunTime:0.000000s ]
INFO: [ app_init ] --END-- [ RunTime:0.002000s ]
INFO: [ app_begin ] --START--
INFO: Run Behavior\ReadHtmlCacheBehavior [ RunTime:0.001001s ]
INFO: [ app_begin ] --END-- [ RunTime:0.001001s ]
SQL: SHOW COLUMNS FROM `wenda_users` [ RunTime:0.0010s ]
SQL: SELECT * FROM `wenda_users` WHERE `username` = '小强' AND `pwd` = 'e10adc3949ba59abbe56e057f20f883e' LIMIT 1   [ RunTime:0.0010s ]

[ 2017-05-08T19:22:39+08:00 ] 127.0.0.1 /wenda/api.php/Users/login?username=%E5%B0%8F%E5%BC%BA&pwd=123456
INFO: [ app_init ] --START--
INFO: Run Behavior\BuildLiteBehavior [ RunTime:0.000000s ]
INFO: [ app_init ] --END-- [ RunTime:0.001000s ]
INFO: [ app_begin ] --START--
INFO: Run Behavior\ReadHtmlCacheBehavior [ RunTime:0.002000s ]
INFO: [ app_begin ] --END-- [ RunTime:0.002000s ]
SQL: SHOW COLUMNS FROM `wenda_users` [ RunTime:0.0020s ]
SQL: SELECT * FROM `wenda_users` WHERE `username` = '小强' AND `pwd` = 'e10adc3949ba59abbe56e057f20f883e' LIMIT 1   [ RunTime:0.0000s ]

[ 2017-05-08T19:23:08+08:00 ] 127.0.0.1 /wenda/api.php/Users/login?username=%E5%B0%8F%E5%BC%BA&pwd=123456
INFO: [ app_init ] --START--
INFO: Run Behavior\BuildLiteBehavior [ RunTime:0.000000s ]
INFO: [ app_init ] --END-- [ RunTime:0.001000s ]
INFO: [ app_begin ] --START--
INFO: Run Behavior\ReadHtmlCacheBehavior [ RunTime:0.001000s ]
INFO: [ app_begin ] --END-- [ RunTime:0.002000s ]
SQL: SHOW COLUMNS FROM `wenda_users` [ RunTime:0.0020s ]
SQL: SELECT * FROM `wenda_users` WHERE `username` = '小强' AND `pwd` = 'e10adc3949ba59abbe56e057f20f883e' LIMIT 1   [ RunTime:0.0000s ]

[ 2017-05-08T19:23:28+08:00 ] 127.0.0.1 /wenda/api.php/Users/login?username=%E5%B0%8F%E5%BC%BA&pwd=123456
INFO: [ app_init ] --START--
INFO: Run Behavior\BuildLiteBehavior [ RunTime:0.000000s ]
INFO: [ app_init ] --END-- [ RunTime:0.001000s ]
INFO: [ app_begin ] --START--
INFO: Run Behavior\ReadHtmlCacheBehavior [ RunTime:0.001000s ]
INFO: [ app_begin ] --END-- [ RunTime:0.001000s ]
SQL: SHOW COLUMNS FROM `wenda_users` [ RunTime:0.0030s ]
SQL: SELECT * FROM `wenda_users` WHERE `username` = '小强' AND `pwd` = 'e10adc3949ba59abbe56e057f20f883e' LIMIT 1   [ RunTime:0.0010s ]

[ 2017-05-08T19:26:15+08:00 ] 127.0.0.1 /wenda/api.php/Users/login?username=%E5%B0%8F%E5%BC%BA&pwd=123456
INFO: [ app_init ] --START--
INFO: Run Behavior\BuildLiteBehavior [ RunTime:0.000000s ]
INFO: [ app_init ] --END-- [ RunTime:0.001000s ]
INFO: [ app_begin ] --START--
INFO: Run Behavior\ReadHtmlCacheBehavior [ RunTime:0.001000s ]
INFO: [ app_begin ] --END-- [ RunTime:0.001000s ]
SQL: SHOW COLUMNS FROM `wenda_users` [ RunTime:0.0040s ]
SQL: SELECT * FROM `wenda_users` WHERE `username` = '小强' AND `pwd` = 'e10adc3949ba59abbe56e057f20f883e' LIMIT 1   [ RunTime:0.0010s ]
INFO: [ app_end ] --START--
INFO: Run Behavior\ShowPageTraceBehavior [ RunTime:0.001000s ]
INFO: [ app_end ] --END-- [ RunTime:0.001000s ]

[ 2017-05-08T19:30:55+08:00 ] 127.0.0.1 /wenda/api.php/Users/login?username=%E5%B0%8F%E5%BC%BA&pwd=123456
INFO: [ app_init ] --START--
INFO: Run Behavior\BuildLiteBehavior [ RunTime:0.001000s ]
INFO: [ app_init ] --END-- [ RunTime:0.001000s ]
INFO: [ app_begin ] --START--
INFO: Run Behavior\ReadHtmlCacheBehavior [ RunTime:0.001000s ]
INFO: [ app_begin ] --END-- [ RunTime:0.001000s ]
SQL: SHOW COLUMNS FROM `wenda_users` [ RunTime:0.0020s ]
SQL: SELECT * FROM `wenda_users` WHERE `username` = '小强' AND `pwd` = 'e10adc3949ba59abbe56e057f20f883e' LIMIT 1   [ RunTime:0.0000s ]
INFO: [ app_end ] --START--
INFO: Run Behavior\ShowPageTraceBehavior [ RunTime:0.001000s ]
INFO: [ app_end ] --END-- [ RunTime:0.001000s ]

[ 2017-05-08T19:31:16+08:00 ] 127.0.0.1 /wenda/api.php/Users/login?username=%E5%B0%8F%E5%BC%BA&pwd=123456
INFO: [ app_init ] --START--
INFO: Run Behavior\BuildLiteBehavior [ RunTime:0.000000s ]
INFO: [ app_init ] --END-- [ RunTime:0.002000s ]
INFO: [ app_begin ] --START--
INFO: Run Behavior\ReadHtmlCacheBehavior [ RunTime:0.001000s ]
INFO: [ app_begin ] --END-- [ RunTime:0.001000s ]
SQL: SHOW COLUMNS FROM `wenda_users` [ RunTime:0.0020s ]
SQL: SELECT * FROM `wenda_users` WHERE `username` = '小强' AND `pwd` = 'e10adc3949ba59abbe56e057f20f883e' LIMIT 1   [ RunTime:0.0000s ]
INFO: [ app_end ] --START--
INFO: Run Behavior\ShowPageTraceBehavior [ RunTime:0.001000s ]
INFO: [ app_end ] --END-- [ RunTime:0.001000s ]

[ 2017-05-08T19:32:03+08:00 ] 127.0.0.1 /wenda/api.php/Users/login?username=%E5%B0%8F%E5%BC%BA&pwd=123456
INFO: [ app_init ] --START--
INFO: Run Behavior\BuildLiteBehavior [ RunTime:0.003000s ]
INFO: [ app_init ] --END-- [ RunTime:0.005000s ]
INFO: [ app_begin ] --START--
INFO: Run Behavior\ReadHtmlCacheBehavior [ RunTime:0.001000s ]
INFO: [ app_begin ] --END-- [ RunTime:0.001000s ]
SQL: SHOW COLUMNS FROM `wenda_users` [ RunTime:0.0020s ]
SQL: SELECT * FROM `wenda_users` WHERE `username` = '小强' AND `pwd` = 'e10adc3949ba59abbe56e057f20f883e' LIMIT 1   [ RunTime:0.0010s ]
INFO: [ app_end ] --START--
INFO: Run Behavior\ShowPageTraceBehavior [ RunTime:0.002000s ]
INFO: [ app_end ] --END-- [ RunTime:0.002000s ]

[ 2017-05-08T19:32:04+08:00 ] 127.0.0.1 /wenda/api.php/Users/login?username=%E5%B0%8F%E5%BC%BA&pwd=123456
INFO: [ app_init ] --START--
INFO: Run Behavior\BuildLiteBehavior [ RunTime:0.000000s ]
INFO: [ app_init ] --END-- [ RunTime:0.001000s ]
INFO: [ app_begin ] --START--
INFO: Run Behavior\ReadHtmlCacheBehavior [ RunTime:0.000000s ]
INFO: [ app_begin ] --END-- [ RunTime:0.001000s ]
SQL: SHOW COLUMNS FROM `wenda_users` [ RunTime:0.0010s ]
SQL: SELECT * FROM `wenda_users` WHERE `username` = '小强' AND `pwd` = 'e10adc3949ba59abbe56e057f20f883e' LIMIT 1   [ RunTime:0.0010s ]
INFO: [ app_end ] --START--
INFO: Run Behavior\ShowPageTraceBehavior [ RunTime:0.002000s ]
INFO: [ app_end ] --END-- [ RunTime:0.002000s ]

[ 2017-05-08T19:35:07+08:00 ] 127.0.0.1 /wenda/api.php/Users/login?username=%E5%B0%8F%E5%BC%BA&pwd=123456
INFO: [ app_init ] --START--
INFO: Run Behavior\BuildLiteBehavior [ RunTime:0.000000s ]
INFO: [ app_init ] --END-- [ RunTime:0.001000s ]
INFO: [ app_begin ] --START--
INFO: Run Behavior\ReadHtmlCacheBehavior [ RunTime:0.002000s ]
INFO: [ app_begin ] --END-- [ RunTime:0.002000s ]

[ 2017-05-08T19:35:16+08:00 ] 127.0.0.1 /wenda/api.php/Users/login?username=%E5%B0%8F%E5%BC%BA&pwd=123456
INFO: [ app_init ] --START--
INFO: Run Behavior\BuildLiteBehavior [ RunTime:0.000000s ]
INFO: [ app_init ] --END-- [ RunTime:0.002000s ]
INFO: [ app_begin ] --START--
INFO: Run Behavior\ReadHtmlCacheBehavior [ RunTime:0.001000s ]
INFO: [ app_begin ] --END-- [ RunTime:0.001000s ]
SQL: SHOW COLUMNS FROM `wenda_users` [ RunTime:0.0020s ]
SQL: SELECT * FROM `wenda_users` WHERE `username` = '小强' AND `pwd` = 'e10adc3949ba59abbe56e057f20f883e' LIMIT 1   [ RunTime:0.0010s ]
INFO: [ app_end ] --START--
INFO: Run Behavior\ShowPageTraceBehavior [ RunTime:0.001000s ]
INFO: [ app_end ] --END-- [ RunTime:0.001000s ]

[ 2017-05-08T19:35:16+08:00 ] 127.0.0.1 /wenda/api.php/Users/login?username=%E5%B0%8F%E5%BC%BA&pwd=123456
INFO: [ app_init ] --START--
INFO: Run Behavior\BuildLiteBehavior [ RunTime:0.000000s ]
INFO: [ app_init ] --END-- [ RunTime:0.002001s ]
INFO: [ app_begin ] --START--
INFO: Run Behavior\ReadHtmlCacheBehavior [ RunTime:0.002000s ]
INFO: [ app_begin ] --END-- [ RunTime:0.002000s ]
SQL: SHOW COLUMNS FROM `wenda_users` [ RunTime:0.0030s ]
SQL: SELECT * FROM `wenda_users` WHERE `username` = '小强' AND `pwd` = 'e10adc3949ba59abbe56e057f20f883e' LIMIT 1   [ RunTime:0.0020s ]
INFO: [ app_end ] --START--
INFO: Run Behavior\ShowPageTraceBehavior [ RunTime:0.002000s ]
INFO: [ app_end ] --END-- [ RunTime:0.002000s ]

[ 2017-05-08T19:35:27+08:00 ] 127.0.0.1 /wenda/api.php/Users/login?username=%E5%B0%8F%E5%BC%BA&pwd=123456
INFO: [ app_init ] --START--
INFO: Run Behavior\BuildLiteBehavior [ RunTime:0.000000s ]
INFO: [ app_init ] --END-- [ RunTime:0.001000s ]
INFO: [ app_begin ] --START--
INFO: Run Behavior\ReadHtmlCacheBehavior [ RunTime:0.002000s ]
INFO: [ app_begin ] --END-- [ RunTime:0.002000s ]
SQL: SHOW COLUMNS FROM `wenda_users` [ RunTime:0.0020s ]
SQL: SELECT * FROM `wenda_users` WHERE `username` = '小强' AND `pwd` = 'e10adc3949ba59abbe56e057f20f883e' LIMIT 1   [ RunTime:0.0010s ]
INFO: [ app_end ] --START--
INFO: Run Behavior\ShowPageTraceBehavior [ RunTime:0.001000s ]
INFO: [ app_end ] --END-- [ RunTime:0.001000s ]

[ 2017-05-08T19:39:01+08:00 ] 127.0.0.1 /wenda/api.php/Users/login?username=%E5%B0%8F%E5%BC%BA&pwd=123456
INFO: [ app_init ] --START--
INFO: Run Behavior\BuildLiteBehavior [ RunTime:0.000000s ]
INFO: [ app_init ] --END-- [ RunTime:0.001000s ]
INFO: [ app_begin ] --START--
INFO: Run Behavior\ReadHtmlCacheBehavior [ RunTime:0.001000s ]
INFO: [ app_begin ] --END-- [ RunTime:0.001000s ]
SQL: SHOW COLUMNS FROM `wenda_users` [ RunTime:0.0010s ]
SQL: SELECT * FROM `wenda_users` WHERE `username` = '小强' AND `pwd` = 'e10adc3949ba59abbe56e057f20f883e' LIMIT 1   [ RunTime:0.0010s ]
INFO: [ app_end ] --START--
INFO: Run Behavior\ShowPageTraceBehavior [ RunTime:0.001000s ]
INFO: [ app_end ] --END-- [ RunTime:0.001000s ]

[ 2017-05-08T19:43:21+08:00 ] 127.0.0.1 /wenda/api.php/Users/login?username=%E5%B0%8F%E5%BC%BA&pwd=123456
INFO: [ app_init ] --START--
INFO: Run Behavior\BuildLiteBehavior [ RunTime:0.000000s ]
INFO: [ app_init ] --END-- [ RunTime:0.001000s ]
INFO: [ app_begin ] --START--
INFO: Run Behavior\ReadHtmlCacheBehavior [ RunTime:0.000000s ]
INFO: [ app_begin ] --END-- [ RunTime:0.001000s ]
SQL: SHOW COLUMNS FROM `wenda_users` [ RunTime:0.0010s ]
SQL: SELECT * FROM `wenda_users` WHERE `username` = '小强' AND `pwd` = 'e10adc3949ba59abbe56e057f20f883e' LIMIT 1   [ RunTime:0.0010s ]
INFO: [ app_end ] --START--
INFO: Run Behavior\ShowPageTraceBehavior [ RunTime:0.001000s ]
INFO: [ app_end ] --END-- [ RunTime:0.002000s ]

[ 2017-05-08T19:43:30+08:00 ] 127.0.0.1 /wenda/api.php/Users/login
INFO: [ app_init ] --START--
INFO: Run Behavior\BuildLiteBehavior [ RunTime:0.000000s ]
INFO: [ app_init ] --END-- [ RunTime:0.002000s ]
INFO: [ app_begin ] --START--
INFO: Run Behavior\ReadHtmlCacheBehavior [ RunTime:0.001000s ]
INFO: [ app_begin ] --END-- [ RunTime:0.002000s ]
NOTIC: [8] Undefined index: username D:\wamp64\www\wenda\Application\API\Controller\UsersController.class.php 第 11 行.
NOTIC: [8] Undefined index: pwd D:\wamp64\www\wenda\Application\API\Controller\UsersController.class.php 第 12 行.

[ 2017-05-08T19:43:50+08:00 ] 127.0.0.1 /wenda/api.php/Users/login
INFO: [ app_init ] --START--
INFO: Run Behavior\BuildLiteBehavior [ RunTime:0.000000s ]
INFO: [ app_init ] --END-- [ RunTime:0.001000s ]
INFO: [ app_begin ] --START--
INFO: Run Behavior\ReadHtmlCacheBehavior [ RunTime:0.002000s ]
INFO: [ app_begin ] --END-- [ RunTime:0.003000s ]
NOTIC: [8] Undefined index: username D:\wamp64\www\wenda\Application\API\Controller\UsersController.class.php 第 11 行.
NOTIC: [8] Undefined index: pwd D:\wamp64\www\wenda\Application\API\Controller\UsersController.class.php 第 12 行.

[ 2017-05-08T19:43:50+08:00 ] 127.0.0.1 /wenda/api.php/Users/login
INFO: [ app_init ] --START--
INFO: Run Behavior\BuildLiteBehavior [ RunTime:0.000000s ]
INFO: [ app_init ] --END-- [ RunTime:0.001000s ]
INFO: [ app_begin ] --START--
INFO: Run Behavior\ReadHtmlCacheBehavior [ RunTime:0.001000s ]
INFO: [ app_begin ] --END-- [ RunTime:0.001000s ]
NOTIC: [8] Undefined index: username D:\wamp64\www\wenda\Application\API\Controller\UsersController.class.php 第 11 行.
NOTIC: [8] Undefined index: pwd D:\wamp64\www\wenda\Application\API\Controller\UsersController.class.php 第 12 行.

[ 2017-05-08T19:43:51+08:00 ] 127.0.0.1 /wenda/api.php/Users/login
INFO: [ app_init ] --START--
INFO: Run Behavior\BuildLiteBehavior [ RunTime:0.000000s ]
INFO: [ app_init ] --END-- [ RunTime:0.001000s ]
INFO: [ app_begin ] --START--
INFO: Run Behavior\ReadHtmlCacheBehavior [ RunTime:0.001000s ]
INFO: [ app_begin ] --END-- [ RunTime:0.002000s ]
NOTIC: [8] Undefined index: username D:\wamp64\www\wenda\Application\API\Controller\UsersController.class.php 第 11 行.
NOTIC: [8] Undefined index: pwd D:\wamp64\www\wenda\Application\API\Controller\UsersController.class.php 第 12 行.

[ 2017-05-08T19:43:51+08:00 ] 127.0.0.1 /wenda/api.php/Users/login
INFO: [ app_init ] --START--
INFO: Run Behavior\BuildLiteBehavior [ RunTime:0.000000s ]
INFO: [ app_init ] --END-- [ RunTime:0.000000s ]
INFO: [ app_begin ] --START--
INFO: Run Behavior\ReadHtmlCacheBehavior [ RunTime:0.001000s ]
INFO: [ app_begin ] --END-- [ RunTime:0.001000s ]
NOTIC: [8] Undefined index: username D:\wamp64\www\wenda\Application\API\Controller\UsersController.class.php 第 11 行.
NOTIC: [8] Undefined index: pwd D:\wamp64\www\wenda\Application\API\Controller\UsersController.class.php 第 12 行.

[ 2017-05-08T19:43:51+08:00 ] 127.0.0.1 /wenda/api.php/Users/login
INFO: [ app_init ] --START--
INFO: Run Behavior\BuildLiteBehavior [ RunTime:0.001000s ]
INFO: [ app_init ] --END-- [ RunTime:0.003000s ]
INFO: [ app_begin ] --START--
INFO: Run Behavior\ReadHtmlCacheBehavior [ RunTime:0.001000s ]
INFO: [ app_begin ] --END-- [ RunTime:0.001000s ]
NOTIC: [8] Undefined index: username D:\wamp64\www\wenda\Application\API\Controller\UsersController.class.php 第 11 行.
NOTIC: [8] Undefined index: pwd D:\wamp64\www\wenda\Application\API\Controller\UsersController.class.php 第 12 行.

[ 2017-05-08T19:43:52+08:00 ] 127.0.0.1 /wenda/api.php/Users/login
INFO: [ app_init ] --START--
INFO: Run Behavior\BuildLiteBehavior [ RunTime:0.000000s ]
INFO: [ app_init ] --END-- [ RunTime:0.001000s ]
INFO: [ app_begin ] --START--
INFO: Run Behavior\ReadHtmlCacheBehavior [ RunTime:0.001000s ]
INFO: [ app_begin ] --END-- [ RunTime:0.001000s ]
NOTIC: [8] Undefined index: username D:\wamp64\www\wenda\Application\API\Controller\UsersController.class.php 第 11 行.
NOTIC: [8] Undefined index: pwd D:\wamp64\www\wenda\Application\API\Controller\UsersController.class.php 第 12 行.

[ 2017-05-08T19:43:52+08:00 ] 127.0.0.1 /wenda/api.php/Users/login
INFO: [ app_init ] --START--
INFO: Run Behavior\BuildLiteBehavior [ RunTime:0.000000s ]
INFO: [ app_init ] --END-- [ RunTime:0.001000s ]
INFO: [ app_begin ] --START--
INFO: Run Behavior\ReadHtmlCacheBehavior [ RunTime:0.001000s ]
INFO: [ app_begin ] --END-- [ RunTime:0.001000s ]
NOTIC: [8] Undefined index: username D:\wamp64\www\wenda\Application\API\Controller\UsersController.class.php 第 11 行.
NOTIC: [8] Undefined index: pwd D:\wamp64\www\wenda\Application\API\Controller\UsersController.class.php 第 12 行.

[ 2017-05-08T19:43:53+08:00 ] 127.0.0.1 /wenda/api.php/Users/login
INFO: [ app_init ] --START--
INFO: Run Behavior\BuildLiteBehavior [ RunTime:0.000000s ]
INFO: [ app_init ] --END-- [ RunTime:0.002000s ]
INFO: [ app_begin ] --START--
INFO: Run Behavior\ReadHtmlCacheBehavior [ RunTime:0.001001s ]
INFO: [ app_begin ] --END-- [ RunTime:0.001001s ]
NOTIC: [8] Undefined index: username D:\wamp64\www\wenda\Application\API\Controller\UsersController.class.php 第 11 行.
NOTIC: [8] Undefined index: pwd D:\wamp64\www\wenda\Application\API\Controller\UsersController.class.php 第 12 行.

[ 2017-05-08T19:43:56+08:00 ] 127.0.0.1 /wenda/api.php/Users/login?username=%E5%B0%8F%E5%BC%BA&pwd=123456
INFO: [ app_init ] --START--
INFO: Run Behavior\BuildLiteBehavior [ RunTime:0.000000s ]
INFO: [ app_init ] --END-- [ RunTime:0.001000s ]
INFO: [ app_begin ] --START--
INFO: Run Behavior\ReadHtmlCacheBehavior [ RunTime:0.000000s ]
INFO: [ app_begin ] --END-- [ RunTime:0.001000s ]
SQL: SHOW COLUMNS FROM `wenda_users` [ RunTime:0.0010s ]
SQL: SELECT * FROM `wenda_users` WHERE `username` = '小强' AND `pwd` = 'e10adc3949ba59abbe56e057f20f883e' LIMIT 1   [ RunTime:0.0010s ]
INFO: [ app_end ] --START--
INFO: Run Behavior\ShowPageTraceBehavior [ RunTime:0.002000s ]
INFO: [ app_end ] --END-- [ RunTime:0.002000s ]

[ 2017-05-08T19:44:01+08:00 ] 127.0.0.1 /wenda/api.php/Users/login?username=%E5%B0%8F%E5%BC%BA&pwd=0
INFO: [ app_init ] --START--
INFO: Run Behavior\BuildLiteBehavior [ RunTime:0.000000s ]
INFO: [ app_init ] --END-- [ RunTime:0.000000s ]
INFO: [ app_begin ] --START--
INFO: Run Behavior\ReadHtmlCacheBehavior [ RunTime:0.003000s ]
INFO: [ app_begin ] --END-- [ RunTime:0.003000s ]
SQL: SHOW COLUMNS FROM `wenda_users` [ RunTime:0.0020s ]
SQL: SELECT * FROM `wenda_users` WHERE `username` = '小强' AND `pwd` = 'cfcd208495d565ef66e7dff9f98764da' LIMIT 1   [ RunTime:0.0010s ]
INFO: [ app_end ] --START--
INFO: Run Behavior\ShowPageTraceBehavior [ RunTime:0.001000s ]
INFO: [ app_end ] --END-- [ RunTime:0.001000s ]

[ 2017-05-08T19:52:30+08:00 ] 127.0.0.1 /wenda/api.php/Users/login?username=%E5%B0%8F%E5%BC%BA&pwd=0
INFO: [ app_init ] --START--
INFO: Run Behavior\BuildLiteBehavior [ RunTime:0.000000s ]
INFO: [ app_init ] --END-- [ RunTime:0.000000s ]
INFO: [ app_begin ] --START--
INFO: Run Behavior\ReadHtmlCacheBehavior [ RunTime:0.001000s ]
INFO: [ app_begin ] --END-- [ RunTime:0.001000s ]
SQL: SHOW COLUMNS FROM `wenda_users` [ RunTime:0.0010s ]
SQL: SELECT * FROM `wenda_users` WHERE `username` = '小强' AND `pwd` = 'cfcd208495d565ef66e7dff9f98764da' LIMIT 1   [ RunTime:0.0010s ]
INFO: [ app_end ] --START--
INFO: Run Behavior\ShowPageTraceBehavior [ RunTime:0.001000s ]
INFO: [ app_end ] --END-- [ RunTime:0.001000s ]

[ 2017-05-08T19:52:32+08:00 ] 127.0.0.1 /wenda/api.php/Users/login?username=%E5%B0%8F%E5%BC%BA&pwd=0
INFO: [ app_init ] --START--
INFO: Run Behavior\BuildLiteBehavior [ RunTime:0.000000s ]
INFO: [ app_init ] --END-- [ RunTime:0.001000s ]
INFO: [ app_begin ] --START--
INFO: Run Behavior\ReadHtmlCacheBehavior [ RunTime:0.001000s ]
INFO: [ app_begin ] --END-- [ RunTime:0.002000s ]
SQL: SHOW COLUMNS FROM `wenda_users` [ RunTime:0.0000s ]
SQL: SELECT * FROM `wenda_users` WHERE `username` = '小强' AND `pwd` = 'cfcd208495d565ef66e7dff9f98764da' LIMIT 1   [ RunTime:0.0010s ]
INFO: [ app_end ] --START--
INFO: Run Behavior\ShowPageTraceBehavior [ RunTime:0.001000s ]
INFO: [ app_end ] --END-- [ RunTime:0.002001s ]

[ 2017-05-08T19:52:32+08:00 ] 127.0.0.1 /wenda/api.php/Users/login?username=%E5%B0%8F%E5%BC%BA&pwd=0
INFO: [ app_init ] --START--
INFO: Run Behavior\BuildLiteBehavior [ RunTime:0.000000s ]
INFO: [ app_init ] --END-- [ RunTime:0.001001s ]
INFO: [ app_begin ] --START--
INFO: Run Behavior\ReadHtmlCacheBehavior [ RunTime:0.001000s ]
INFO: [ app_begin ] --END-- [ RunTime:0.002000s ]
SQL: SHOW COLUMNS FROM `wenda_users` [ RunTime:0.0020s ]
SQL: SELECT * FROM `wenda_users` WHERE `username` = '小强' AND `pwd` = 'cfcd208495d565ef66e7dff9f98764da' LIMIT 1   [ RunTime:0.0010s ]
INFO: [ app_end ] --START--
INFO: Run Behavior\ShowPageTraceBehavior [ RunTime:0.002000s ]
INFO: [ app_end ] --END-- [ RunTime:0.002000s ]

[ 2017-05-08T19:52:32+08:00 ] 127.0.0.1 /wenda/api.php/Users/login?username=%E5%B0%8F%E5%BC%BA&pwd=0
INFO: [ app_init ] --START--
INFO: Run Behavior\BuildLiteBehavior [ RunTime:0.000000s ]
INFO: [ app_init ] --END-- [ RunTime:0.003000s ]
INFO: [ app_begin ] --START--
INFO: Run Behavior\ReadHtmlCacheBehavior [ RunTime:0.002000s ]
INFO: [ app_begin ] --END-- [ RunTime:0.002000s ]
SQL: SHOW COLUMNS FROM `wenda_users` [ RunTime:0.0010s ]
SQL: SELECT * FROM `wenda_users` WHERE `username` = '小强' AND `pwd` = 'cfcd208495d565ef66e7dff9f98764da' LIMIT 1   [ RunTime:0.0010s ]
INFO: [ app_end ] --START--
INFO: Run Behavior\ShowPageTraceBehavior [ RunTime:0.002000s ]
INFO: [ app_end ] --END-- [ RunTime:0.002000s ]

[ 2017-05-08T19:52:32+08:00 ] 127.0.0.1 /wenda/api.php/Users/login?username=%E5%B0%8F%E5%BC%BA&pwd=0
INFO: [ app_init ] --START--
INFO: Run Behavior\BuildLiteBehavior [ RunTime:0.001000s ]
INFO: [ app_init ] --END-- [ RunTime:0.002000s ]
INFO: [ app_begin ] --START--
INFO: Run Behavior\ReadHtmlCacheBehavior [ RunTime:0.002000s ]
INFO: [ app_begin ] --END-- [ RunTime:0.002000s ]
SQL: SHOW COLUMNS FROM `wenda_users` [ RunTime:0.0010s ]
SQL: SELECT * FROM `wenda_users` WHERE `username` = '小强' AND `pwd` = 'cfcd208495d565ef66e7dff9f98764da' LIMIT 1   [ RunTime:0.0010s ]
INFO: [ app_end ] --START--
INFO: Run Behavior\ShowPageTraceBehavior [ RunTime:0.001000s ]
INFO: [ app_end ] --END-- [ RunTime:0.002001s ]

[ 2017-05-08T19:52:33+08:00 ] 127.0.0.1 /wenda/api.php/Users/login?username=%E5%B0%8F%E5%BC%BA&pwd=0
INFO: [ app_init ] --START--
INFO: Run Behavior\BuildLiteBehavior [ RunTime:0.000000s ]
INFO: [ app_init ] --END-- [ RunTime:0.002000s ]
INFO: [ app_begin ] --START--
INFO: Run Behavior\ReadHtmlCacheBehavior [ RunTime:0.001000s ]
INFO: [ app_begin ] --END-- [ RunTime:0.002000s ]
SQL: SHOW COLUMNS FROM `wenda_users` [ RunTime:0.0010s ]
SQL: SELECT * FROM `wenda_users` WHERE `username` = '小强' AND `pwd` = 'cfcd208495d565ef66e7dff9f98764da' LIMIT 1   [ RunTime:0.0020s ]
INFO: [ app_end ] --START--
INFO: Run Behavior\ShowPageTraceBehavior [ RunTime:0.002000s ]
INFO: [ app_end ] --END-- [ RunTime:0.002000s ]

[ 2017-05-08T20:04:33+08:00 ] 127.0.0.1 /wenda/api.php/Users/login?username=%E5%B0%8F%E5%BC%BA&pwd=0
INFO: [ app_init ] --START--
INFO: Run Behavior\BuildLiteBehavior [ RunTime:0.000000s ]
INFO: [ app_init ] --END-- [ RunTime:0.002000s ]
INFO: [ app_begin ] --START--
INFO: Run Behavior\ReadHtmlCacheBehavior [ RunTime:0.001000s ]
INFO: [ app_begin ] --END-- [ RunTime:0.001000s ]

[ 2017-05-08T20:17:12+08:00 ] ::1 /wenda/api.php/Question/qlist
ERR: Think\Controller:myjson方法不存在！

[ 2017-05-08T20:30:43+08:00 ] ::1 /wenda/api.php/Users/userdata
ERR: 非法操作:userdata

[ 2017-05-08T20:30:59+08:00 ] ::1 /wenda/api.php/Users/userdata
ERR: 非法操作:userdata

